---------------------------------------------------------------
[ 2019-01-03T09:32:19+08:00 ] 219.156.162.11 POST baba.sdshengyixing.com/api/my/info
[运行时间：0.211002s] [吞吐率：4.74req/s] [内存消耗：3,325.37kb] [文件加载：72]
[ info ] [ LANG ] /www/wwwroot/baba/thinkphp/lang/zh-cn.php
[ info ] [ ROUTE ] array (
)
[ info ] [ HEADER ] array (
  'host' => 'baba.sdshengyixing.com',
  'connection' => 'keep-alive',
  'content-length' => '6',
  'accept' => 'application/json, text/javascript, */*; q=0.01',
  'origin' => 'file://',
  'user-agent' => 'Mozilla/5.0 (Linux; Android 7.0; SM-G9208 Build/NRD90M; wv) AppleWebKit/537.36 (KHTML, like Gecko) Version/4.0 Chrome/60.0.3112.116 Mobile Safari/537.36 Html5Plus/1.0 (Immersed/24.0)',
  'content-type' => 'application/x-www-form-urlencoded; charset=UTF-8',
  'accept-encoding' => 'gzip, deflate',
  'accept-language' => 'zh-CN,en-US;q=0.8',
  'x-requested-with' => 'com.bbjf.app',
)
[ info ] [ PARAM ] array (
  'token' => '',
)
---------------------------------------------------------------
[ 2019-01-03T09:32:19+08:00 ] 219.156.162.11 POST baba.sdshengyixing.com/api/my/info
[运行时间：0.209469s] [吞吐率：4.77req/s] [内存消耗：3,325.38kb] [文件加载：72]
[ info ] [ LANG ] /www/wwwroot/baba/thinkphp/lang/zh-cn.php
[ info ] [ ROUTE ] array (
)
[ info ] [ HEADER ] array (
  'host' => 'baba.sdshengyixing.com',
  'connection' => 'keep-alive',
  'content-length' => '6',
  'accept' => 'application/json, text/javascript, */*; q=0.01',
  'origin' => 'file://',
  'user-agent' => 'Mozilla/5.0 (Linux; Android 7.0; SM-G9208 Build/NRD90M; wv) AppleWebKit/537.36 (KHTML, like Gecko) Version/4.0 Chrome/60.0.3112.116 Mobile Safari/537.36 Html5Plus/1.0 (Immersed/24.0)',
  'content-type' => 'application/x-www-form-urlencoded; charset=UTF-8',
  'accept-encoding' => 'gzip, deflate',
  'accept-language' => 'zh-CN,en-US;q=0.8',
  'x-requested-with' => 'com.bbjf.app',
)
[ info ] [ PARAM ] array (
  'token' => '',
)
---------------------------------------------------------------
[ 2019-01-03T09:32:19+08:00 ] 219.156.162.11 POST baba.sdshengyixing.com/api/My/article
[运行时间：0.234813s] [吞吐率：4.26req/s] [内存消耗：3,326.07kb] [文件加载：72]
[ info ] [ LANG ] /www/wwwroot/baba/thinkphp/lang/zh-cn.php
[ info ] [ ROUTE ] array (
)
[ info ] [ HEADER ] array (
  'host' => 'baba.sdshengyixing.com',
  'connection' => 'keep-alive',
  'content-length' => '20',
  'accept' => 'application/json, text/javascript, */*; q=0.01',
  'origin' => 'file://',
  'user-agent' => 'Mozilla/5.0 (Linux; Android 7.0; SM-G9208 Build/NRD90M; wv) AppleWebKit/537.36 (KHTML, like Gecko) Version/4.0 Chrome/60.0.3112.116 Mobile Safari/537.36 Html5Plus/1.0 (Immersed/24.0)',
  'content-type' => 'application/x-www-form-urlencoded; charset=UTF-8',
  'accept-encoding' => 'gzip, deflate',
  'accept-language' => 'zh-CN,en-US;q=0.8',
  'x-requested-with' => 'com.bbjf.app',
)
[ info ] [ PARAM ] array (
  'token' => '',
  'type' => '1',
  'page' => '1',
)
---------------------------------------------------------------
[ 2019-01-03T09:32:19+08:00 ] 219.156.162.11 POST baba.sdshengyixing.com/api/Message/getnumber
[运行时间：0.245468s] [吞吐率：4.07req/s] [内存消耗：3,009.54kb] [文件加载：72]
[ info ] [ LANG ] /www/wwwroot/baba/thinkphp/lang/zh-cn.php
[ info ] [ ROUTE ] array (
)
[ info ] [ HEADER ] array (
  'host' => 'baba.sdshengyixing.com',
  'connection' => 'keep-alive',
  'content-length' => '6',
  'accept' => 'application/json, text/javascript, */*; q=0.01',
  'origin' => 'file://',
  'user-agent' => 'Mozilla/5.0 (Linux; Android 7.0; SM-G9208 Build/NRD90M; wv) AppleWebKit/537.36 (KHTML, like Gecko) Version/4.0 Chrome/60.0.3112.116 Mobile Safari/537.36 Html5Plus/1.0 (Immersed/24.0)',
  'content-type' => 'application/x-www-form-urlencoded; charset=UTF-8',
  'accept-encoding' => 'gzip, deflate',
  'accept-language' => 'zh-CN,en-US;q=0.8',
  'x-requested-with' => 'com.bbjf.app',
)
[ info ] [ PARAM ] array (
  'token' => '',
)
---------------------------------------------------------------
[ 2019-01-03T09:32:19+08:00 ] 219.156.162.11 POST baba.sdshengyixing.com/api/Common/version
[运行时间：0.253759s] [吞吐率：3.94req/s] [内存消耗：4,255.50kb] [文件加载：78]
[ info ] [ LANG ] /www/wwwroot/baba/thinkphp/lang/zh-cn.php
[ info ] [ ROUTE ] array (
)
[ info ] [ HEADER ] array (
  'host' => 'baba.sdshengyixing.com',
  'connection' => 'keep-alive',
  'content-length' => '24',
  'accept' => '*/*',
  'origin' => 'file://',
  'x-requested-with' => 'XMLHttpRequest',
  'user-agent' => 'Mozilla/5.0 (Linux; Android 7.0; SM-G9208 Build/NRD90M; wv) AppleWebKit/537.36 (KHTML, like Gecko) Version/4.0 Chrome/60.0.3112.116 Mobile Safari/537.36 Html5Plus/1.0 (Immersed/24.0)',
  'content-type' => 'application/x-www-form-urlencoded',
  'accept-encoding' => 'gzip, deflate',
  'accept-language' => 'zh-CN,en-US;q=0.8',
)
[ info ] [ PARAM ] array (
  'os' => 'android',
  'version' => '1.0.0',
)
[ info ] [ DB ] INIT mysql
[ sql ] [ DB ] CONNECT:[ UseTime:0.000308s ] mysql:host=127.0.0.1;port=3306;dbname=baba2018;charset=utf8
[ sql ] [ SQL ] SHOW COLUMNS FROM `cc_app_versions` [ RunTime:0.001540s ]
[ sql ] [ SQL ] SELECT * FROM `cc_app_versions` ORDER BY `app_id` DESC LIMIT 1 [ RunTime:0.000247s ]
---------------------------------------------------------------
[ 2019-01-03T09:32:19+08:00 ] 219.156.162.11 GET baba.sdshengyixing.com/api/Img/index?type=2
[运行时间：0.254371s] [吞吐率：3.93req/s] [内存消耗：4,244.44kb] [文件加载：78]
[ info ] [ LANG ] /www/wwwroot/baba/thinkphp/lang/zh-cn.php
[ info ] [ ROUTE ] array (
)
[ info ] [ HEADER ] array (
  'host' => 'baba.sdshengyixing.com',
  'connection' => 'keep-alive',
  'accept' => 'application/json, text/javascript, */*; q=0.01',
  'user-agent' => 'Mozilla/5.0 (Linux; Android 7.0; SM-G9208 Build/NRD90M; wv) AppleWebKit/537.36 (KHTML, like Gecko) Version/4.0 Chrome/60.0.3112.116 Mobile Safari/537.36 Html5Plus/1.0 (Immersed/24.0)',
  'acccpt-encoding' => 'gzip, deflate',
  'accept-language' => 'zh-CN,en-US;q=0.8',
  'x-requested-with' => 'com.bbjf.app',
  'content-type' => '',
  'content-length' => '',
)
[ info ] [ PARAM ] array (
  'type' => '2',
)
[ info ] [ DB ] INIT mysql
[ sql ] [ DB ] CONNECT:[ UseTime:0.000329s ] mysql:host=127.0.0.1;port=3306;dbname=baba2018;charset=utf8
[ sql ] [ SQL ] SHOW COLUMNS FROM `cc_img` [ RunTime:0.003326s ]
[ sql ] [ SQL ] SELECT * FROM `cc_img` WHERE  `img_start_switch` = 1  AND `img_type` = 2 ORDER BY `img_sort` ASC [ RunTime:0.000784s ]
---------------------------------------------------------------
[ 2019-01-03T09:32:19+08:00 ] 219.156.162.11 POST baba.sdshengyixing.com/api/my/index
[运行时间：0.028035s] [吞吐率：35.67req/s] [内存消耗：3,325.48kb] [文件加载：72]
[ info ] [ LANG ] /www/wwwroot/baba/thinkphp/lang/zh-cn.php
[ info ] [ ROUTE ] array (
)
[ info ] [ HEADER ] array (
  'host' => 'baba.sdshengyixing.com',
  'connection' => 'keep-alive',
  'content-length' => '6',
  'accept' => 'application/json, text/javascript, */*; q=0.01',
  'origin' => 'file://',
  'user-agent' => 'Mozilla/5.0 (Linux; Android 7.0; SM-G9208 Build/NRD90M; wv) AppleWebKit/537.36 (KHTML, like Gecko) Version/4.0 Chrome/60.0.3112.116 Mobile Safari/537.36 Html5Plus/1.0 (Immersed/24.0)',
  'content-type' => 'application/x-www-form-urlencoded; charset=UTF-8',
  'accept-encoding' => 'gzip, deflate',
  'accept-language' => 'zh-CN,en-US;q=0.8',
  'x-requested-with' => 'com.bbjf.app',
)
[ info ] [ PARAM ] array (
  'token' => '',
)
---------------------------------------------------------------
[ 2019-01-03T09:32:20+08:00 ] 219.156.162.11 GET baba.sdshengyixing.com/api/Bank_Apply/getBank?_=1546479138775
[运行时间：0.360541s] [吞吐率：2.77req/s] [内存消耗：4,407.55kb] [文件加载：82]
[ info ] [ LANG ] /www/wwwroot/baba/thinkphp/lang/zh-cn.php
[ info ] [ ROUTE ] array (
)
[ info ] [ HEADER ] array (
  'host' => 'baba.sdshengyixing.com',
  'connection' => 'keep-alive',
  'accept' => '*/*',
  'user-agent' => 'Mozilla/5.0 (Linux; Android 7.0; SM-G9208 Build/NRD90M; wv) AppleWebKit/537.36 (KHTML, like Gecko) Version/4.0 Chrome/60.0.3112.116 Mobile Safari/537.36 Html5Plus/1.0 (Immersed/24.0)',
  'accopt-encoding' => 'gzip, deflate',
  'accept-language' => 'zh-CN,en-US;q=0.8',
  'x-requested-with' => 'com.bbjf.app',
  'content-type' => '',
  'content-length' => '',
)
[ info ] [ PARAM ] array (
  '_' => '1546479138775',
)
[ info ] [ DB ] INIT mysql
[ sql ] [ DB ] CONNECT:[ UseTime:0.000535s ] mysql:host=127.0.0.1;port=3306;dbname=baba2018;charset=utf8
[ sql ] [ SQL ] SHOW COLUMNS FROM `cc_bank_apply` [ RunTime:0.001616s ]
[ sql ] [ SQL ] SELECT * FROM `cc_bank_apply` WHERE  `apply_type` = 1  AND `apply_use` = 1 LIMIT 1 [ RunTime:0.000324s ]
---------------------------------------------------------------
[ 2019-01-03T09:32:20+08:00 ] 219.156.162.11 GET baba.sdshengyixing.com/api/Bank_Apply/banklist?id=928519625187000320&page=1&_=1546479139242
[运行时间：0.442037s] [吞吐率：2.26req/s] [内存消耗：4,408.62kb] [文件加载：82]
[ info ] [ LANG ] /www/wwwroot/baba/thinkphp/lang/zh-cn.php
[ info ] [ ROUTE ] array (
)
[ info ] [ HEADER ] array (
  'host' => 'baba.sdshengyixing.com',
  'connection' => 'keep-alive',
  'accept' => '*/*',
  'user-agent' => 'Mozilla/5.0 (Linux; Android 7.0; SM-G9208 Build/NRD90M; wv) AppleWebKit/537.36 (KHTML, like Gecko) Version/4.0 Chrome/60.0.3112.116 Mobile Safari/537.36 Html5Plus/1.0 (Immersed/24.0)',
  'accept-enooding' => 'gzip, deflate',
  'accept-language' => 'zh-CN,en-US;q=0.8',
  'x-requested-with' => 'com.bbjf.app',
  'content-type' => '',
  'content-length' => '',
)
[ info ] [ PARAM ] array (
  'id' => '928519625187000320',
  'page' => '1',
  '_' => '1546479139242',
)
[ info ] [ DB ] INIT mysql
[ sql ] [ DB ] CONNECT:[ UseTime:0.000442s ] mysql:host=127.0.0.1;port=3306;dbname=baba2018;charset=utf8
[ sql ] [ SQL ] SHOW COLUMNS FROM `cc_bank_apply` [ RunTime:0.001572s ]
[ sql ] [ SQL ] SELECT * FROM `cc_bank_apply` WHERE  `apply_type` = 1  AND `apply_use` = 1 LIMIT 1 [ RunTime:0.000603s ]
---------------------------------------------------------------
[ 2019-01-03T09:32:28+08:00 ] 219.156.162.11 POST baba.sdshengyixing.com/api/my/index
[运行时间：0.027521s] [吞吐率：36.34req/s] [内存消耗：3,325.48kb] [文件加载：72]
[ info ] [ LANG ] /www/wwwroot/baba/thinkphp/lang/zh-cn.php
[ info ] [ ROUTE ] array (
)
[ info ] [ HEADER ] array (
  'host' => 'baba.sdshengyixing.com',
  'connection' => 'keep-alive',
  'content-length' => '6',
  'accept' => 'application/json, text/javascript, */*; q=0.01',
  'origin' => 'file://',
  'user-agent' => 'Mozilla/5.0 (Linux; Android 7.0; SM-G9208 Build/NRD90M; wv) AppleWebKit/537.36 (KHTML, like Gecko) Version/4.0 Chrome/60.0.3112.116 Mobile Safari/537.36 Html5Plus/1.0 (Immersed/24.0)',
  'content-type' => 'application/x-www-form-urlencoded; charset=UTF-8',
  'accept-encoding' => 'gzip, deflate',
  'accept-language' => 'zh-CN,en-US;q=0.8',
  'x-requested-with' => 'com.bbjf.app',
)
[ info ] [ PARAM ] array (
  'token' => '',
)
---------------------------------------------------------------
[ 2019-01-03T09:33:18+08:00 ] 219.156.162.11 POST baba.sdshengyixing.com/api/Main/login
[运行时间：0.044414s] [吞吐率：22.52req/s] [内存消耗：4,352.86kb] [文件加载：78]
[ info ] [ LANG ] /www/wwwroot/baba/thinkphp/lang/zh-cn.php
[ info ] [ ROUTE ] array (
)
[ info ] [ HEADER ] array (
  'host' => 'baba.sdshengyixing.com',
  'connection' => 'keep-alive',
  'content-length' => '43',
  'accept' => 'application/json, text/javascript, */*; q=0.01',
  'origin' => 'file://',
  'user-agent' => 'Mozilla/5.0 (Linux; Android 7.0; SM-G9208 Build/NRD90M; wv) AppleWebKit/537.36 (KHTML, like Gecko) Version/4.0 Chrome/60.0.3112.116 Mobile Safari/537.36 Html5Plus/1.0 (Immersed/24.0)',
  'content-type' => 'application/x-www-form-urlencoded; charset=UTF-8',
  'accept-encoding' => 'gzip, deflate',
  'accept-language' => 'zh-CN,en-US;q=0.8',
  'x-requested-with' => 'com.bbjf.app',
)
[ info ] [ PARAM ] array (
  'phone' => '15737708825',
  'password' => '012508wyw',
  'type' => '2',
)
[ info ] [ DB ] INIT mysql
[ sql ] [ DB ] CONNECT:[ UseTime:0.000361s ] mysql:host=127.0.0.1;port=3306;dbname=baba2018;charset=utf8
[ sql ] [ SQL ] SHOW COLUMNS FROM `cc_user` [ RunTime:0.001789s ]
[ sql ] [ SQL ] SELECT * FROM `cc_user` WHERE  `user_phone` = '15737708825'  AND `user_state` = 0 LIMIT 1 [ RunTime:0.000427s ]
[ sql ] [ SQL ] UPDATE `cc_user`  SET `user_login_time` = 1546479198 , `user_token` = '762f24a2b1ca636f0b38e4c0816b0c34'  WHERE  `user_id` = 408 [ RunTime:0.004060s ]
[ sql ] [ SQL ] SHOW COLUMNS FROM `cc_user_log` [ RunTime:0.001685s ]
[ sql ] [ SQL ] INSERT INTO `cc_user_log` (`log_uid` , `log_ip` , `log_time`) VALUES (408 , '219.156.162.11' , 1546479198) [ RunTime:0.000289s ]
---------------------------------------------------------------
[ 2019-01-03T09:33:18+08:00 ] 219.156.162.11 POST baba.sdshengyixing.com/api/my/index
[运行时间：0.039478s] [吞吐率：25.33req/s] [内存消耗：4,656.11kb] [文件加载：79]
[ info ] [ LANG ] /www/wwwroot/baba/thinkphp/lang/zh-cn.php
[ info ] [ ROUTE ] array (
)
[ info ] [ HEADER ] array (
  'host' => 'baba.sdshengyixing.com',
  'connection' => 'keep-alive',
  'content-length' => '38',
  'accept' => 'application/json, text/javascript, */*; q=0.01',
  'origin' => 'file://',
  'user-agent' => 'Mozilla/5.0 (Linux; Android 7.0; SM-G9208 Build/NRD90M; wv) AppleWebKit/537.36 (KHTML, like Gecko) Version/4.0 Chrome/60.0.3112.116 Mobile Safari/537.36 Html5Plus/1.0 (Immersed/24.0)',
  'content-type' => 'application/x-www-form-urlencoded; charset=UTF-8',
  'accept-encoding' => 'gzip, deflate',
  'accept-language' => 'zh-CN,en-US;q=0.8',
  'x-requested-with' => 'com.bbjf.app',
)
[ info ] [ PARAM ] array (
  'token' => '762f24a2b1ca636f0b38e4c0816b0c34',
)
[ info ] [ DB ] INIT mysql
[ sql ] [ DB ] CONNECT:[ UseTime:0.000338s ] mysql:host=127.0.0.1;port=3306;dbname=baba2018;charset=utf8
[ sql ] [ SQL ] SHOW COLUMNS FROM `cc_user` [ RunTime:0.001527s ]
[ sql ] [ SQL ] SELECT * FROM `cc_user` WHERE  `user_token` = '762f24a2b1ca636f0b38e4c0816b0c34' LIMIT 1 [ RunTime:0.000411s ]
[ sql ] [ SQL ] SHOW COLUMNS FROM `cc_user_card` [ RunTime:0.001317s ]
[ sql ] [ SQL ] SELECT COUNT(*) AS tp_count FROM `cc_user_card` WHERE  `card_uid` = 408  AND `card_type` = 1  AND `card_blocked` = 0 ORDER BY `card_state` DESC LIMIT 1 [ RunTime:0.000535s ]
---------------------------------------------------------------
[ 2019-01-03T09:33:18+08:00 ] 219.156.162.11 POST baba.sdshengyixing.com/api/my/info
[运行时间：0.048515s] [吞吐率：20.61req/s] [内存消耗：4,665.98kb] [文件加载：80]
[ info ] [ LANG ] /www/wwwroot/baba/thinkphp/lang/zh-cn.php
[ info ] [ ROUTE ] array (
)
[ info ] [ HEADER ] array (
  'host' => 'baba.sdshengyixing.com',
  'connection' => 'keep-alive',
  'content-length' => '38',
  'accept' => 'application/json, text/javascript, */*; q=0.01',
  'origin' => 'file://',
  'user-agent' => 'Mozilla/5.0 (Linux; Android 7.0; SM-G9208 Build/NRD90M; wv) AppleWebKit/537.36 (KHTML, like Gecko) Version/4.0 Chrome/60.0.3112.116 Mobile Safari/537.36 Html5Plus/1.0 (Immersed/24.0)',
  'content-type' => 'application/x-www-form-urlencoded; charset=UTF-8',
  'accept-encoding' => 'gzip, deflate',
  'accept-language' => 'zh-CN,en-US;q=0.8',
  'x-requested-with' => 'com.bbjf.app',
)
[ info ] [ PARAM ] array (
  'token' => '762f24a2b1ca636f0b38e4c0816b0c34',
)
[ info ] [ DB ] INIT mysql
[ sql ] [ DB ] CONNECT:[ UseTime:0.000333s ] mysql:host=127.0.0.1;port=3306;dbname=baba2018;charset=utf8
[ sql ] [ SQL ] SHOW COLUMNS FROM `cc_user` [ RunTime:0.001477s ]
[ sql ] [ SQL ] SELECT * FROM `cc_user` WHERE  `user_token` = '762f24a2b1ca636f0b38e4c0816b0c34' LIMIT 1 [ RunTime:0.000386s ]
[ sql ] [ SQL ] SELECT * FROM cc_user as u INNER JOIN `cc_user_type` `t` ON `u`.`user_type_id`=`t`.`type_id` WHERE  `u`.`user_id` = '408' LIMIT 1 [ RunTime:0.000821s ]
---------------------------------------------------------------
[ 2019-01-03T09:33:33+08:00 ] 219.156.162.11 GET baba.sdshengyixing.com/api/Img/index?type=2
[运行时间：0.036943s] [吞吐率：27.07req/s] [内存消耗：4,244.44kb] [文件加载：78]
[ info ] [ LANG ] /www/wwwroot/baba/thinkphp/lang/zh-cn.php
[ info ] [ ROUTE ] array (
)
[ info ] [ HEADER ] array (
  'host' => 'baba.sdshengyixing.com',
  'connection' => 'keep-alive',
  'accept' => 'application/json, text/javascript, */*; q=0.01',
  'user-agent' => 'Mozilla/5.0 (Linux; Android 7.0; SM-G9208 Build/NRD90M; wv) AppleWebKit/537.36 (KHTML, like Gecko) Version/4.0 Chrome/60.0.3112.116 Mobile Safari/537.36 Html5Plus/1.0 (Immersed/24.0)',
  'accept-encoding' => 'gzip, deflate',
  'accept-language' => 'zh-CN,en-US;q=0.8',
  'x-requested-with' => 'com.bbjf.app',
  'content-type' => '',
  'content-length' => '',
)
[ info ] [ PARAM ] array (
  'type' => '2',
)
[ info ] [ DB ] INIT mysql
[ sql ] [ DB ] CONNECT:[ UseTime:0.000327s ] mysql:host=127.0.0.1;port=3306;dbname=baba2018;charset=utf8
[ sql ] [ SQL ] SHOW COLUMNS FROM `cc_img` [ RunTime:0.001447s ]
[ sql ] [ SQL ] SELECT * FROM `cc_img` WHERE  `img_start_switch` = 1  AND `img_type` = 2 ORDER BY `img_sort` ASC [ RunTime:0.000333s ]
---------------------------------------------------------------
[ 2019-01-03T09:33:33+08:00 ] 219.156.162.11 POST baba.sdshengyixing.com/api/Message/getnumber
[运行时间：0.041254s] [吞吐率：24.24req/s] [内存消耗：4,330.95kb] [文件加载：79]
[ info ] [ LANG ] /www/wwwroot/baba/thinkphp/lang/zh-cn.php
[ info ] [ ROUTE ] array (
)
[ info ] [ HEADER ] array (
  'host' => 'baba.sdshengyixing.com',
  'connection' => 'keep-alive',
  'content-length' => '38',
  'accept' => 'application/json, text/javascript, */*; q=0.01',
  'origin' => 'file://',
  'user-agent' => 'Mozilla/5.0 (Linux; Android 7.0; SM-G9208 Build/NRD90M; wv) AppleWebKit/537.36 (KHTML, like Gecko) Version/4.0 Chrome/60.0.3112.116 Mobile Safari/537.36 Html5Plus/1.0 (Immersed/24.0)',
  'content-type' => 'application/x-www-form-urlencoded; charset=UTF-8',
  'accept-encoding' => 'gzip, deflate',
  'accept-language' => 'zh-CN,en-US;q=0.8',
  'x-requested-with' => 'com.bbjf.app',
)
[ info ] [ PARAM ] array (
  'token' => '762f24a2b1ca636f0b38e4c0816b0c34',
)
[ info ] [ DB ] INIT mysql
[ sql ] [ DB ] CONNECT:[ UseTime:0.000334s ] mysql:host=127.0.0.1;port=3306;dbname=baba2018;charset=utf8
[ sql ] [ SQL ] SHOW COLUMNS FROM `cc_user` [ RunTime:0.001511s ]
[ sql ] [ SQL ] SELECT * FROM `cc_user` WHERE  `user_token` = '762f24a2b1ca636f0b38e4c0816b0c34' LIMIT 1 [ RunTime:0.000467s ]
[ sql ] [ SQL ] SHOW COLUMNS FROM `cc_message` [ RunTime:0.001406s ]
[ sql ] [ SQL ] SELECT COUNT(*) AS tp_count FROM `cc_message` WHERE  `message_uid` = 408  AND `message_read` = 0 LIMIT 1 [ RunTime:0.000406s ]
---------------------------------------------------------------
[ 2019-01-03T09:33:33+08:00 ] 219.156.162.11 POST baba.sdshengyixing.com/api/My/article
[运行时间：0.045446s] [吞吐率：22.00req/s] [内存消耗：4,837.75kb] [文件加载：82]
[ info ] [ LANG ] /www/wwwroot/baba/thinkphp/lang/zh-cn.php
[ info ] [ ROUTE ] array (
)
[ info ] [ HEADER ] array (
  'host' => 'baba.sdshengyixing.com',
  'connection' => 'keep-alive',
  'content-length' => '52',
  'accept' => 'application/json, text/javascript, */*; q=0.01',
  'origin' => 'file://',
  'user-agent' => 'Mozilla/5.0 (Linux; Android 7.0; SM-G9208 Build/NRD90M; wv) AppleWebKit/537.36 (KHTML, like Gecko) Version/4.0 Chrome/60.0.3112.116 Mobile Safari/537.36 Html5Plus/1.0 (Immersed/24.0)',
  'content-type' => 'application/x-www-form-urlencoded; charset=UTF-8',
  'accept-encoding' => 'gzip, deflate',
  'accept-language' => 'zh-CN,en-US;q=0.8',
  'x-requested-with' => 'com.bbjf.app',
)
[ info ] [ PARAM ] array (
  'token' => '762f24a2b1ca636f0b38e4c0816b0c34',
  'type' => '1',
  'page' => '1',
)
[ info ] [ DB ] INIT mysql
[ sql ] [ DB ] CONNECT:[ UseTime:0.000340s ] mysql:host=127.0.0.1;port=3306;dbname=baba2018;charset=utf8
[ sql ] [ SQL ] SHOW COLUMNS FROM `cc_user` [ RunTime:0.001614s ]
[ sql ] [ SQL ] SELECT * FROM `cc_user` WHERE  `user_token` = '762f24a2b1ca636f0b38e4c0816b0c34' LIMIT 1 [ RunTime:0.000480s ]
[ sql ] [ SQL ] SHOW COLUMNS FROM `cc_article` [ RunTime:0.001370s ]
[ sql ] [ SQL ] SELECT COUNT(*) AS tp_count FROM `cc_article` WHERE  `article_type` = 1  AND `article_use` = 1 LIMIT 1 [ RunTime:0.000334s ]
[ sql ] [ SQL ] SELECT `article_id`,`article_title`,`article_type`,`article_img`,`article_time` FROM `cc_article` WHERE  `article_type` = 1  AND `article_use` = 1 LIMIT 0,10 [ RunTime:0.000225s ]
---------------------------------------------------------------
[ 2019-01-03T09:33:33+08:00 ] 219.156.162.11 POST baba.sdshengyixing.com/api/Common/version
[运行时间：0.067656s] [吞吐率：14.78req/s] [内存消耗：4,255.50kb] [文件加载：78]
[ info ] [ LANG ] /www/wwwroot/baba/thinkphp/lang/zh-cn.php
[ info ] [ ROUTE ] array (
)
[ info ] [ HEADER ] array (
  'host' => 'baba.sdshengyixing.com',
  'connection' => 'keep-alive',
  'content-length' => '24',
  'accept' => '*/*',
  'origin' => 'file://',
  'x-requested-with' => 'XMLHttpRequest',
  'user-agent' => 'Mozilla/5.0 (Linux; Android 7.0; SM-G9208 Build/NRD90M; wv) AppleWebKit/537.36 (KHTML, like Gecko) Version/4.0 Chrome/60.0.3112.116 Mobile Safari/537.36 Html5Plus/1.0 (Immersed/24.0)',
  'content-type' => 'application/x-www-form-urlencoded',
  'accept-encoding' => 'gzip, deflate',
  'accept-language' => 'zh-CN,en-US;q=0.8',
)
[ info ] [ PARAM ] array (
  'os' => 'android',
  'version' => '1.0.0',
)
[ info ] [ DB ] INIT mysql
[ sql ] [ DB ] CONNECT:[ UseTime:0.000350s ] mysql:host=127.0.0.1;port=3306;dbname=baba2018;charset=utf8
[ sql ] [ SQL ] SHOW COLUMNS FROM `cc_app_versions` [ RunTime:0.001381s ]
[ sql ] [ SQL ] SELECT * FROM `cc_app_versions` ORDER BY `app_id` DESC LIMIT 1 [ RunTime:0.000260s ]
---------------------------------------------------------------
[ 2019-01-03T09:33:33+08:00 ] 219.156.162.11 POST baba.sdshengyixing.com/api/my/info
[运行时间：0.062264s] [吞吐率：16.06req/s] [内存消耗：4,665.98kb] [文件加载：80]
[ info ] [ LANG ] /www/wwwroot/baba/thinkphp/lang/zh-cn.php
[ info ] [ ROUTE ] array (
)
[ info ] [ HEADER ] array (
  'host' => 'baba.sdshengyixing.com',
  'connection' => 'keep-alive',
  'content-length' => '38',
  'accept' => 'application/json, text/javascript, */*; q=0.01',
  'origin' => 'file://',
  'user-agent' => 'Mozilla/5.0 (Linux; Android 7.0; SM-G9208 Build/NRD90M; wv) AppleWebKit/537.36 (KHTML, like Gecko) Version/4.0 Chrome/60.0.3112.116 Mobile Safari/537.36 Html5Plus/1.0 (Immersed/24.0)',
  'content-type' => 'application/x-www-form-urlencoded; charset=UTF-8',
  'accept-encoding' => 'gzip, deflate',
  'accept-language' => 'zh-CN,en-US;q=0.8',
  'x-requested-with' => 'com.bbjf.app',
)
[ info ] [ PARAM ] array (
  'token' => '762f24a2b1ca636f0b38e4c0816b0c34',
)
[ info ] [ DB ] INIT mysql
[ sql ] [ DB ] CONNECT:[ UseTime:0.000361s ] mysql:host=127.0.0.1;port=3306;dbname=baba2018;charset=utf8
[ sql ] [ SQL ] SHOW COLUMNS FROM `cc_user` [ RunTime:0.001451s ]
[ sql ] [ SQL ] SELECT * FROM `cc_user` WHERE  `user_token` = '762f24a2b1ca636f0b38e4c0816b0c34' LIMIT 1 [ RunTime:0.000505s ]
[ sql ] [ SQL ] SELECT * FROM cc_user as u INNER JOIN `cc_user_type` `t` ON `u`.`user_type_id`=`t`.`type_id` WHERE  `u`.`user_id` = '408' LIMIT 1 [ RunTime:0.000496s ]
---------------------------------------------------------------
[ 2019-01-03T09:33:49+08:00 ] 219.156.162.11 POST baba.sdshengyixing.com/api/Message/getnumber
[运行时间：0.095646s] [吞吐率：10.46req/s] [内存消耗：4,330.95kb] [文件加载：79]
[ info ] [ LANG ] /www/wwwroot/baba/thinkphp/lang/zh-cn.php
[ info ] [ ROUTE ] array (
)
[ info ] [ HEADER ] array (
  'host' => 'baba.sdshengyixing.com',
  'connection' => 'keep-alive',
  'content-length' => '38',
  'accept' => 'application/json, text/javascript, */*; q=0.01',
  'origin' => 'file://',
  'user-agent' => 'Mozilla/5.0 (Linux; Android 7.0; SM-G9208 Build/NRD90M; wv) AppleWebKit/537.36 (KHTML, like Gecko) Version/4.0 Chrome/60.0.3112.116 Mobile Safari/537.36 Html5Plus/1.0 (Immersed/24.0)',
  'content-type' => 'application/x-www-form-urlencoded; charset=UTF-8',
  'accept-encoding' => 'gzip, deflate',
  'accept-language' => 'zh-CN,en-US;q=0.8',
  'x-requested-with' => 'com.bbjf.app',
)
[ info ] [ PARAM ] array (
  'token' => '762f24a2b1ca636f0b38e4c0816b0c34',
)
[ info ] [ DB ] INIT mysql
[ sql ] [ DB ] CONNECT:[ UseTime:0.004148s ] mysql:host=127.0.0.1;port=3306;dbname=baba2018;charset=utf8
[ sql ] [ SQL ] SHOW COLUMNS FROM `cc_user` [ RunTime:0.009165s ]
[ sql ] [ SQL ] SELECT * FROM `cc_user` WHERE  `user_token` = '762f24a2b1ca636f0b38e4c0816b0c34' LIMIT 1 [ RunTime:0.000507s ]
[ sql ] [ SQL ] SHOW COLUMNS FROM `cc_message` [ RunTime:0.003387s ]
[ sql ] [ SQL ] SELECT COUNT(*) AS tp_count FROM `cc_message` WHERE  `message_uid` = 408  AND `message_read` = 0 LIMIT 1 [ RunTime:0.000222s ]
---------------------------------------------------------------
[ 2019-01-03T09:33:49+08:00 ] 219.156.162.11 POST baba.sdshengyixing.com/api/My/article
[运行时间：0.096208s] [吞吐率：10.39req/s] [内存消耗：4,837.75kb] [文件加载：82]
[ info ] [ LANG ] /www/wwwroot/baba/thinkphp/lang/zh-cn.php
[ info ] [ ROUTE ] array (
)
[ info ] [ HEADER ] array (
  'host' => 'baba.sdshengyixing.com',
  'connection' => 'keep-alive',
  'content-length' => '52',
  'accept' => 'application/json, text/javascript, */*; q=0.01',
  'origin' => 'file://',
  'user-agent' => 'Mozilla/5.0 (Linux; Android 7.0; SM-G9208 Build/NRD90M; wv) AppleWebKit/537.36 (KHTML, like Gecko) Version/4.0 Chrome/60.0.3112.116 Mobile Safari/537.36 Html5Plus/1.0 (Immersed/24.0)',
  'content-type' => 'application/x-www-form-urlencoded; charset=UTF-8',
  'accept-encoding' => 'gzip, deflate',
  'accept-language' => 'zh-CN,en-US;q=0.8',
  'x-requested-with' => 'com.bbjf.app',
)
[ info ] [ PARAM ] array (
  'token' => '762f24a2b1ca636f0b38e4c0816b0c34',
  'type' => '1',
  'page' => '1',
)
[ info ] [ DB ] INIT mysql
[ sql ] [ DB ] CONNECT:[ UseTime:0.011835s ] mysql:host=127.0.0.1;port=3306;dbname=baba2018;charset=utf8
[ sql ] [ SQL ] SHOW COLUMNS FROM `cc_user` [ RunTime:0.001227s ]
[ sql ] [ SQL ] SELECT * FROM `cc_user` WHERE  `user_token` = '762f24a2b1ca636f0b38e4c0816b0c34' LIMIT 1 [ RunTime:0.002446s ]
[ sql ] [ SQL ] SHOW COLUMNS FROM `cc_article` [ RunTime:0.007818s ]
[ sql ] [ SQL ] SELECT COUNT(*) AS tp_count FROM `cc_article` WHERE  `article_type` = 1  AND `article_use` = 1 LIMIT 1 [ RunTime:0.000292s ]
[ sql ] [ SQL ] SELECT `article_id`,`article_title`,`article_type`,`article_img`,`article_time` FROM `cc_article` WHERE  `article_type` = 1  AND `article_use` = 1 LIMIT 0,10 [ RunTime:0.000225s ]
---------------------------------------------------------------
[ 2019-01-03T09:33:50+08:00 ] 219.156.162.11 POST baba.sdshengyixing.com/api/my/info
[运行时间：0.059079s] [吞吐率：16.93req/s] [内存消耗：4,665.98kb] [文件加载：80]
[ info ] [ LANG ] /www/wwwroot/baba/thinkphp/lang/zh-cn.php
[ info ] [ ROUTE ] array (
)
[ info ] [ HEADER ] array (
  'host' => 'baba.sdshengyixing.com',
  'connection' => 'keep-alive',
  'content-length' => '38',
  'accept' => 'application/json, text/javascript, */*; q=0.01',
  'origin' => 'file://',
  'user-agent' => 'Mozilla/5.0 (Linux; Android 7.0; SM-G9208 Build/NRD90M; wv) AppleWebKit/537.36 (KHTML, like Gecko) Version/4.0 Chrome/60.0.3112.116 Mobile Safari/537.36 Html5Plus/1.0 (Immersed/24.0)',
  'content-type' => 'application/x-www-form-urlencoded; charset=UTF-8',
  'accept-encoding' => 'gzip, deflate',
  'accept-language' => 'zh-CN,en-US;q=0.8',
  'x-requested-with' => 'com.bbjf.app',
)
[ info ] [ PARAM ] array (
  'token' => '762f24a2b1ca636f0b38e4c0816b0c34',
)
[ info ] [ DB ] INIT mysql
[ sql ] [ DB ] CONNECT:[ UseTime:0.000359s ] mysql:host=127.0.0.1;port=3306;dbname=baba2018;charset=utf8
[ sql ] [ SQL ] SHOW COLUMNS FROM `cc_user` [ RunTime:0.001602s ]
[ sql ] [ SQL ] SELECT * FROM `cc_user` WHERE  `user_token` = '762f24a2b1ca636f0b38e4c0816b0c34' LIMIT 1 [ RunTime:0.000526s ]
[ sql ] [ SQL ] SELECT * FROM cc_user as u INNER JOIN `cc_user_type` `t` ON `u`.`user_type_id`=`t`.`type_id` WHERE  `u`.`user_id` = '408' LIMIT 1 [ RunTime:0.000390s ]
---------------------------------------------------------------
[ 2019-01-03T09:33:50+08:00 ] 219.156.162.11 GET baba.sdshengyixing.com/api/Img/index?type=2
[运行时间：0.126773s] [吞吐率：7.89req/s] [内存消耗：4,244.44kb] [文件加载：78]
[ info ] [ LANG ] /www/wwwroot/baba/thinkphp/lang/zh-cn.php
[ info ] [ ROUTE ] array (
)
[ info ] [ HEADER ] array (
  'host' => 'baba.sdshengyixing.com',
  'connection' => 'keep-alive',
  'accept' => 'application/json, text/javascript, */*; q=0.01',
  'user-agent' => 'Mozilla/5.0 (Linux; Android 7.0; SM-G9208 Build/NRD90M; wv) AppleWebKit/537.36 (KHTML, like Gecko) Version/4.0 Chrome/60.0.3112.116 Mobile Safari/537.36 Html5Plus/1.0 (Immersed/24.0)',
  'accept-encoding' => 'gzip, deflate',
  'accept-language' => 'zh-CN,en-US;q=0.8',
  'x-requested-with' => 'com.bbjf.app',
  'content-type' => '',
  'content-length' => '',
)
[ info ] [ PARAM ] array (
  'type' => '2',
)
[ info ] [ DB ] INIT mysql
[ sql ] [ DB ] CONNECT:[ UseTime:0.000640s ] mysql:host=127.0.0.1;port=3306;dbname=baba2018;charset=utf8
[ sql ] [ SQL ] SHOW COLUMNS FROM `cc_img` [ RunTime:0.001325s ]
[ sql ] [ SQL ] SELECT * FROM `cc_img` WHERE  `img_start_switch` = 1  AND `img_type` = 2 ORDER BY `img_sort` ASC [ RunTime:0.000391s ]
---------------------------------------------------------------
[ 2019-01-03T09:33:50+08:00 ] 219.156.162.11 POST baba.sdshengyixing.com/api/Common/version
[运行时间：0.129510s] [吞吐率：7.72req/s] [内存消耗：4,255.50kb] [文件加载：78]
[ info ] [ LANG ] /www/wwwroot/baba/thinkphp/lang/zh-cn.php
[ info ] [ ROUTE ] array (
)
[ info ] [ HEADER ] array (
  'host' => 'baba.sdshengyixing.com',
  'connection' => 'keep-alive',
  'content-length' => '24',
  'accept' => '*/*',
  'origin' => 'file://',
  'x-requested-with' => 'XMLHttpRequest',
  'user-agent' => 'Mozilla/5.0 (Linux; Android 7.0; SM-G9208 Build/NRD90M; wv) AppleWebKit/537.36 (KHTML, like Gecko) Version/4.0 Chrome/60.0.3112.116 Mobile Safari/537.36 Html5Plus/1.0 (Immersed/24.0)',
  'content-type' => 'application/x-www-form-urlencoded',
  'accept-encoding' => 'gzip, deflate',
  'accept-language' => 'zh-CN,en-US;q=0.8',
)
[ info ] [ PARAM ] array (
  'os' => 'android',
  'version' => '1.0.0',
)
[ info ] [ DB ] INIT mysql
[ sql ] [ DB ] CONNECT:[ UseTime:0.004796s ] mysql:host=127.0.0.1;port=3306;dbname=baba2018;charset=utf8
[ sql ] [ SQL ] SHOW COLUMNS FROM `cc_app_versions` [ RunTime:0.001167s ]
[ sql ] [ SQL ] SELECT * FROM `cc_app_versions` ORDER BY `app_id` DESC LIMIT 1 [ RunTime:0.000238s ]
---------------------------------------------------------------
[ 2019-01-03T09:33:50+08:00 ] 219.156.162.11 POST baba.sdshengyixing.com/api/my/info
[运行时间：0.119794s] [吞吐率：8.35req/s] [内存消耗：4,665.98kb] [文件加载：80]
[ info ] [ LANG ] /www/wwwroot/baba/thinkphp/lang/zh-cn.php
[ info ] [ ROUTE ] array (
)
[ info ] [ HEADER ] array (
  'host' => 'baba.sdshengyixing.com',
  'connection' => 'keep-alive',
  'content-length' => '38',
  'accept' => 'application/json, text/javascript, */*; q=0.01',
  'origin' => 'file://',
  'user-agent' => 'Mozilla/5.0 (Linux; Android 7.0; SM-G9208 Build/NRD90M; wv) AppleWebKit/537.36 (KHTML, like Gecko) Version/4.0 Chrome/60.0.3112.116 Mobile Safari/537.36 Html5Plus/1.0 (Immersed/24.0)',
  'content-type' => 'application/x-www-form-urlencoded; charset=UTF-8',
  'accept-encoding' => 'gzip, deflate',
  'accept-language' => 'zh-CN,en-US;q=0.8',
  'x-requested-with' => 'com.bbjf.app',
)
[ info ] [ PARAM ] array (
  'token' => '762f24a2b1ca636f0b38e4c0816b0c34',
)
[ info ] [ DB ] INIT mysql
[ sql ] [ DB ] CONNECT:[ UseTime:0.002660s ] mysql:host=127.0.0.1;port=3306;dbname=baba2018;charset=utf8
[ sql ] [ SQL ] SHOW COLUMNS FROM `cc_user` [ RunTime:0.001365s ]
[ sql ] [ SQL ] SELECT * FROM `cc_user` WHERE  `user_token` = '762f24a2b1ca636f0b38e4c0816b0c34' LIMIT 1 [ RunTime:0.000379s ]
[ sql ] [ SQL ] SELECT * FROM cc_user as u INNER JOIN `cc_user_type` `t` ON `u`.`user_type_id`=`t`.`type_id` WHERE  `u`.`user_id` = '408' LIMIT 1 [ RunTime:0.000501s ]
---------------------------------------------------------------
[ 2019-01-03T09:33:50+08:00 ] 219.156.162.11 POST baba.sdshengyixing.com/api/my/index
[运行时间：0.045956s] [吞吐率：21.76req/s] [内存消耗：4,656.11kb] [文件加载：79]
[ info ] [ LANG ] /www/wwwroot/baba/thinkphp/lang/zh-cn.php
[ info ] [ ROUTE ] array (
)
[ info ] [ HEADER ] array (
  'host' => 'baba.sdshengyixing.com',
  'connection' => 'keep-alive',
  'content-length' => '38',
  'accept' => 'application/json, text/javascript, */*; q=0.01',
  'origin' => 'file://',
  'user-agent' => 'Mozilla/5.0 (Linux; Android 7.0; SM-G9208 Build/NRD90M; wv) AppleWebKit/537.36 (KHTML, like Gecko) Version/4.0 Chrome/60.0.3112.116 Mobile Safari/537.36 Html5Plus/1.0 (Immersed/24.0)',
  'content-type' => 'application/x-www-form-urlencoded; charset=UTF-8',
  'accept-encoding' => 'gzip, deflate',
  'accept-language' => 'zh-CN,en-US;q=0.8',
  'x-requested-with' => 'com.bbjf.app',
)
[ info ] [ PARAM ] array (
  'token' => '762f24a2b1ca636f0b38e4c0816b0c34',
)
[ info ] [ DB ] INIT mysql
[ sql ] [ DB ] CONNECT:[ UseTime:0.000346s ] mysql:host=127.0.0.1;port=3306;dbname=baba2018;charset=utf8
[ sql ] [ SQL ] SHOW COLUMNS FROM `cc_user` [ RunTime:0.001602s ]
[ sql ] [ SQL ] SELECT * FROM `cc_user` WHERE  `user_token` = '762f24a2b1ca636f0b38e4c0816b0c34' LIMIT 1 [ RunTime:0.000434s ]
[ sql ] [ SQL ] SHOW COLUMNS FROM `cc_user_card` [ RunTime:0.001131s ]
[ sql ] [ SQL ] SELECT COUNT(*) AS tp_count FROM `cc_user_card` WHERE  `card_uid` = 408  AND `card_type` = 1  AND `card_blocked` = 0 ORDER BY `card_state` DESC LIMIT 1 [ RunTime:0.000280s ]
---------------------------------------------------------------
[ 2019-01-03T09:33:50+08:00 ] 219.156.162.11 POST baba.sdshengyixing.com/api/my/info
[运行时间：0.067892s] [吞吐率：14.73req/s] [内存消耗：4,665.98kb] [文件加载：80]
[ info ] [ LANG ] /www/wwwroot/baba/thinkphp/lang/zh-cn.php
[ info ] [ ROUTE ] array (
)
[ info ] [ HEADER ] array (
  'host' => 'baba.sdshengyixing.com',
  'connection' => 'keep-alive',
  'content-length' => '38',
  'accept' => 'application/json, text/javascript, */*; q=0.01',
  'origin' => 'file://',
  'user-agent' => 'Mozilla/5.0 (Linux; Android 7.0; SM-G9208 Build/NRD90M; wv) AppleWebKit/537.36 (KHTML, like Gecko) Version/4.0 Chrome/60.0.3112.116 Mobile Safari/537.36 Html5Plus/1.0 (Immersed/24.0)',
  'content-type' => 'application/x-www-form-urlencoded; charset=UTF-8',
  'accept-encoding' => 'gzip, deflate',
  'accept-language' => 'zh-CN,en-US;q=0.8',
  'x-requested-with' => 'com.bbjf.app',
)
[ info ] [ PARAM ] array (
  'token' => '762f24a2b1ca636f0b38e4c0816b0c34',
)
[ info ] [ DB ] INIT mysql
[ sql ] [ DB ] CONNECT:[ UseTime:0.000376s ] mysql:host=127.0.0.1;port=3306;dbname=baba2018;charset=utf8
[ sql ] [ SQL ] SHOW COLUMNS FROM `cc_user` [ RunTime:0.001672s ]
[ sql ] [ SQL ] SELECT * FROM `cc_user` WHERE  `user_token` = '762f24a2b1ca636f0b38e4c0816b0c34' LIMIT 1 [ RunTime:0.000457s ]
[ sql ] [ SQL ] SELECT * FROM cc_user as u INNER JOIN `cc_user_type` `t` ON `u`.`user_type_id`=`t`.`type_id` WHERE  `u`.`user_id` = '408' LIMIT 1 [ RunTime:0.000411s ]
---------------------------------------------------------------
[ 2019-01-03T09:33:50+08:00 ] 219.156.162.11 POST baba.sdshengyixing.com/api/Make/index
[运行时间：0.069621s] [吞吐率：14.36req/s] [内存消耗：4,491.38kb] [文件加载：83]
[ info ] [ LANG ] /www/wwwroot/baba/thinkphp/lang/zh-cn.php
[ info ] [ ROUTE ] array (
)
[ info ] [ HEADER ] array (
  'host' => 'baba.sdshengyixing.com',
  'connection' => 'keep-alive',
  'content-length' => '38',
  'accept' => 'application/json, text/javascript, */*; q=0.01',
  'origin' => 'file://',
  'user-agent' => 'Mozilla/5.0 (Linux; Android 7.0; SM-G9208 Build/NRD90M; wv) AppleWebKit/537.36 (KHTML, like Gecko) Version/4.0 Chrome/60.0.3112.116 Mobile Safari/537.36 Html5Plus/1.0 (Immersed/24.0)',
  'content-type' => 'application/x-www-form-urlencoded; charset=UTF-8',
  'accept-encoding' => 'gzip, deflate',
  'accept-language' => 'zh-CN,en-US;q=0.8',
  'x-requested-with' => 'com.bbjf.app',
)
[ info ] [ PARAM ] array (
  'token' => '762f24a2b1ca636f0b38e4c0816b0c34',
)
[ info ] [ DB ] INIT mysql
[ sql ] [ DB ] CONNECT:[ UseTime:0.000238s ] mysql:host=127.0.0.1;port=3306;dbname=baba2018;charset=utf8
[ sql ] [ SQL ] SHOW COLUMNS FROM `cc_user` [ RunTime:0.001203s ]
[ sql ] [ SQL ] SELECT * FROM `cc_user` WHERE  `user_token` = '762f24a2b1ca636f0b38e4c0816b0c34' LIMIT 1 [ RunTime:0.000404s ]
[ sql ] [ SQL ] SHOW COLUMNS FROM `cc_user_card` [ RunTime:0.001226s ]
[ sql ] [ SQL ] SELECT * FROM `cc_user_card` WHERE  `card_uid` = 408  AND `card_type` = 1 LIMIT 1 [ RunTime:0.000278s ]
[ sql ] [ SQL ] SHOW COLUMNS FROM `cc_mission` [ RunTime:0.001379s ]
[ sql ] [ SQL ] SELECT * FROM `cc_mission` WHERE  `mission_uid` = 408  AND `mission_state` = 2 LIMIT 1 [ RunTime:0.000357s ]
[ sql ] [ SQL ] SHOW COLUMNS FROM `cc_pay_records` [ RunTime:0.001451s ]
[ sql ] [ SQL ] SELECT * FROM `cc_pay_records` WHERE  `records_uid` = 408  AND `records_state` = 5 LIMIT 1 [ RunTime:0.000388s ]
[ sql ] [ SQL ] SHOW COLUMNS FROM `cc_user_type` [ RunTime:0.001132s ]
[ sql ] [ SQL ] SELECT * FROM `cc_user_type` WHERE  `type_fee` = 0  AND `type_state` = 0 ORDER BY `type_sort` ASC [ RunTime:0.000312s ]
[ sql ] [ SQL ] SELECT COUNT(*) AS tp_count FROM `cc_user` WHERE  `user_pid` = 408  AND `user_state` = 0 LIMIT 1 [ RunTime:0.000276s ]
[ sql ] [ SQL ] SELECT * FROM `cc_user_type` WHERE  `type_id` = 1 LIMIT 1 [ RunTime:0.000221s ]
[ sql ] [ SQL ] SHOW COLUMNS FROM `cc_rate` [ RunTime:0.001327s ]
[ sql ] [ SQL ] SELECT * FROM `cc_rate` WHERE  `rate_type_id` = 1  AND `rate_type` = 1 LIMIT 1 [ RunTime:0.000268s ]
[ sql ] [ SQL ] SELECT * FROM `cc_rate` WHERE  `rate_type_id` = 1  AND `rate_type` = 2 LIMIT 1 [ RunTime:0.000245s ]
[ error ] [8]未定义数组下标: 4[/www/wwwroot/baba/application/api/controller/Make.php:197]
---------------------------------------------------------------
[ 2019-01-03T09:33:50+08:00 ] 219.156.162.11 GET baba.sdshengyixing.com/api/Bank_Apply/getBank?_=1546479228908
[运行时间：0.461215s] [吞吐率：2.17req/s] [内存消耗：4,407.55kb] [文件加载：82]
[ info ] [ LANG ] /www/wwwroot/baba/thinkphp/lang/zh-cn.php
[ info ] [ ROUTE ] array (
)
[ info ] [ HEADER ] array (
  'host' => 'baba.sdshengyixing.com',
  'connection' => 'keep-alive',
  'accept' => '*/*',
  'user-agent' => 'Mozilla/5.0 (Linux; Android 7.0; SM-G9208 Build/NRD90M; wv) AppleWebKit/537.36 (KHTML, like Gecko) Version/4.0 Chrome/60.0.3112.116 Mobile Safari/537.36 Html5Plus/1.0 (Immersed/24.0)',
  'accept-encoding' => 'gzip, deflate',
  'accept-language' => 'zh-CN,en-US;q=0.8',
  'x-requested-with' => 'com.bbjf.app',
  'content-type' => '',
  'content-length' => '',
)
[ info ] [ PARAM ] array (
  '_' => '1546479228908',
)
[ info ] [ DB ] INIT mysql
[ sql ] [ DB ] CONNECT:[ UseTime:0.000268s ] mysql:host=127.0.0.1;port=3306;dbname=baba2018;charset=utf8
[ sql ] [ SQL ] SHOW COLUMNS FROM `cc_bank_apply` [ RunTime:0.001401s ]
[ sql ] [ SQL ] SELECT * FROM `cc_bank_apply` WHERE  `apply_type` = 1  AND `apply_use` = 1 LIMIT 1 [ RunTime:0.000327s ]
---------------------------------------------------------------
[ 2019-01-03T09:33:50+08:00 ] 219.156.162.11 GET baba.sdshengyixing.com/api/Bank_Apply/banklist?id=928519625187000320&page=1&_=1546479229520
[运行时间：0.451843s] [吞吐率：2.21req/s] [内存消耗：4,408.57kb] [文件加载：82]
[ info ] [ LANG ] /www/wwwroot/baba/thinkphp/lang/zh-cn.php
[ info ] [ ROUTE ] array (
)
[ info ] [ HEADER ] array (
  'host' => 'baba.sdshengyixing.com',
  'connection' => 'keep-alive',
  'accept' => '*/*',
  'user-agent' => 'Mozilla/5.0 (Linux; Android 7.0; SM-G9208 Build/NRD90M; wv) AppleWebKit/537.36 (KHTML, like Gecko) Version/4.0 Chrome/60.0.3112.116 Mobile Safari/537.36 Html5Plus/1.0 (Immersed/24.0)',
  'accept-encoding' => 'gzip, deflate',
  'accept-language' => 'zh-CN,en-US;q=0.8',
  'x-requested-with' => 'com.bbjf.app',
  'content-type' => '',
  'content-length' => '',
)
[ info ] [ PARAM ] array (
  'id' => '928519625187000320',
  'page' => '1',
  '_' => '1546479229520',
)
[ info ] [ DB ] INIT mysql
[ sql ] [ DB ] CONNECT:[ UseTime:0.000481s ] mysql:host=127.0.0.1;port=3306;dbname=baba2018;charset=utf8
[ sql ] [ SQL ] SHOW COLUMNS FROM `cc_bank_apply` [ RunTime:0.001456s ]
[ sql ] [ SQL ] SELECT * FROM `cc_bank_apply` WHERE  `apply_type` = 1  AND `apply_use` = 1 LIMIT 1 [ RunTime:0.000327s ]
---------------------------------------------------------------
[ 2019-01-03T09:33:58+08:00 ] 219.156.162.11 POST baba.sdshengyixing.com/api/message/index
[运行时间：0.039913s] [吞吐率：25.05req/s] [内存消耗：4,518.01kb] [文件加载：82]
[ info ] [ LANG ] /www/wwwroot/baba/thinkphp/lang/zh-cn.php
[ info ] [ ROUTE ] array (
)
[ info ] [ HEADER ] array (
  'host' => 'baba.sdshengyixing.com',
  'connection' => 'keep-alive',
  'content-length' => '45',
  'accept' => 'application/json, text/javascript, */*; q=0.01',
  'origin' => 'file://',
  'user-agent' => 'Mozilla/5.0 (Linux; Android 7.0; SM-G9208 Build/NRD90M; wv) AppleWebKit/537.36 (KHTML, like Gecko) Version/4.0 Chrome/60.0.3112.116 Mobile Safari/537.36 Html5Plus/1.0 (Immersed/24.0)',
  'content-type' => 'application/x-www-form-urlencoded; charset=UTF-8',
  'accept-encoding' => 'gzip, deflate',
  'accept-language' => 'zh-CN,en-US;q=0.8',
  'x-requested-with' => 'com.bbjf.app',
)
[ info ] [ PARAM ] array (
  'token' => '762f24a2b1ca636f0b38e4c0816b0c34',
  'page' => '1',
)
[ info ] [ DB ] INIT mysql
[ sql ] [ DB ] CONNECT:[ UseTime:0.000518s ] mysql:host=127.0.0.1;port=3306;dbname=baba2018;charset=utf8
[ sql ] [ SQL ] SHOW COLUMNS FROM `cc_user` [ RunTime:0.001517s ]
[ sql ] [ SQL ] SELECT * FROM `cc_user` WHERE  `user_token` = '762f24a2b1ca636f0b38e4c0816b0c34' LIMIT 1 [ RunTime:0.000503s ]
[ sql ] [ SQL ] SHOW COLUMNS FROM `cc_message` [ RunTime:0.001169s ]
[ sql ] [ SQL ] SELECT COUNT(*) AS tp_count FROM `cc_message` WHERE  `message_uid` = 408 LIMIT 1 [ RunTime:0.000252s ]
[ sql ] [ SQL ] SELECT * FROM `cc_message` WHERE  `message_uid` = 408 ORDER BY `message_time` DESC LIMIT 0,10 [ RunTime:0.000250s ]
---------------------------------------------------------------
[ 2019-01-03T09:33:59+08:00 ] 219.156.162.11 POST baba.sdshengyixing.com/api/Message/getnumber
[运行时间：0.037521s] [吞吐率：26.65req/s] [内存消耗：4,330.95kb] [文件加载：79]
[ info ] [ LANG ] /www/wwwroot/baba/thinkphp/lang/zh-cn.php
[ info ] [ ROUTE ] array (
)
[ info ] [ HEADER ] array (
  'host' => 'baba.sdshengyixing.com',
  'connection' => 'keep-alive',
  'content-length' => '38',
  'accept' => 'application/json, text/javascript, */*; q=0.01',
  'origin' => 'file://',
  'user-agent' => 'Mozilla/5.0 (Linux; Android 7.0; SM-G9208 Build/NRD90M; wv) AppleWebKit/537.36 (KHTML, like Gecko) Version/4.0 Chrome/60.0.3112.116 Mobile Safari/537.36 Html5Plus/1.0 (Immersed/24.0)',
  'content-type' => 'application/x-www-form-urlencoded; charset=UTF-8',
  'accept-encoding' => 'gzip, deflate',
  'accept-language' => 'zh-CN,en-US;q=0.8',
  'x-requested-with' => 'com.bbjf.app',
)
[ info ] [ PARAM ] array (
  'token' => '762f24a2b1ca636f0b38e4c0816b0c34',
)
[ info ] [ DB ] INIT mysql
[ sql ] [ DB ] CONNECT:[ UseTime:0.000605s ] mysql:host=127.0.0.1;port=3306;dbname=baba2018;charset=utf8
[ sql ] [ SQL ] SHOW COLUMNS FROM `cc_user` [ RunTime:0.001667s ]
[ sql ] [ SQL ] SELECT * FROM `cc_user` WHERE  `user_token` = '762f24a2b1ca636f0b38e4c0816b0c34' LIMIT 1 [ RunTime:0.000684s ]
[ sql ] [ SQL ] SHOW COLUMNS FROM `cc_message` [ RunTime:0.001106s ]
[ sql ] [ SQL ] SELECT COUNT(*) AS tp_count FROM `cc_message` WHERE  `message_uid` = 408  AND `message_read` = 0 LIMIT 1 [ RunTime:0.000243s ]
---------------------------------------------------------------
[ 2019-01-03T09:34:02+08:00 ] 219.156.162.11 POST baba.sdshengyixing.com/api/My/hotproblems
[运行时间：0.050702s] [吞吐率：19.72req/s] [内存消耗：4,649.47kb] [文件加载：79]
[ info ] [ LANG ] /www/wwwroot/baba/thinkphp/lang/zh-cn.php
[ info ] [ ROUTE ] array (
)
[ info ] [ HEADER ] array (
  'host' => 'baba.sdshengyixing.com',
  'connection' => 'keep-alive',
  'content-length' => '38',
  'accept' => 'application/json, text/javascript, */*; q=0.01',
  'origin' => 'file://',
  'user-agent' => 'Mozilla/5.0 (Linux; Android 7.0; SM-G9208 Build/NRD90M; wv) AppleWebKit/537.36 (KHTML, like Gecko) Version/4.0 Chrome/60.0.3112.116 Mobile Safari/537.36 Html5Plus/1.0 (Immersed/24.0)',
  'content-type' => 'application/x-www-form-urlencoded; charset=UTF-8',
  'accept-encoding' => 'gzip, deflate',
  'accept-language' => 'zh-CN,en-US;q=0.8',
  'x-requested-with' => 'com.bbjf.app',
)
[ info ] [ PARAM ] array (
  'token' => '762f24a2b1ca636f0b38e4c0816b0c34',
)
[ info ] [ DB ] INIT mysql
[ sql ] [ DB ] CONNECT:[ UseTime:0.000316s ] mysql:host=127.0.0.1;port=3306;dbname=baba2018;charset=utf8
[ sql ] [ SQL ] SHOW COLUMNS FROM `cc_user` [ RunTime:0.001456s ]
[ sql ] [ SQL ] SELECT * FROM `cc_user` WHERE  `user_token` = '762f24a2b1ca636f0b38e4c0816b0c34' LIMIT 1 [ RunTime:0.000394s ]
[ sql ] [ SQL ] SHOW COLUMNS FROM `cc_article` [ RunTime:0.001084s ]
[ sql ] [ SQL ] SELECT `article_id`,`article_title` FROM `cc_article` WHERE  `article_use` = 1 ORDER BY `article_click` DESC LIMIT 10 [ RunTime:0.000240s ]
---------------------------------------------------------------
[ 2019-01-03T09:34:02+08:00 ] 219.156.162.11 POST baba.sdshengyixing.com/api/My/article_type
[运行时间：0.077186s] [吞吐率：12.96req/s] [内存消耗：4,644.01kb] [文件加载：79]
[ info ] [ LANG ] /www/wwwroot/baba/thinkphp/lang/zh-cn.php
[ info ] [ ROUTE ] array (
)
[ info ] [ HEADER ] array (
  'host' => 'baba.sdshengyixing.com',
  'connection' => 'keep-alive',
  'content-length' => '38',
  'accept' => 'application/json, text/javascript, */*; q=0.01',
  'origin' => 'file://',
  'user-agent' => 'Mozilla/5.0 (Linux; Android 7.0; SM-G9208 Build/NRD90M; wv) AppleWebKit/537.36 (KHTML, like Gecko) Version/4.0 Chrome/60.0.3112.116 Mobile Safari/537.36 Html5Plus/1.0 (Immersed/24.0)',
  'content-type' => 'application/x-www-form-urlencoded; charset=UTF-8',
  'accept-encoding' => 'gzip, deflate',
  'accept-language' => 'zh-CN,en-US;q=0.8',
  'x-requested-with' => 'com.bbjf.app',
)
[ info ] [ PARAM ] array (
  'token' => '762f24a2b1ca636f0b38e4c0816b0c34',
)
[ info ] [ DB ] INIT mysql
[ sql ] [ DB ] CONNECT:[ UseTime:0.000234s ] mysql:host=127.0.0.1;port=3306;dbname=baba2018;charset=utf8
[ sql ] [ SQL ] SHOW COLUMNS FROM `cc_user` [ RunTime:0.001639s ]
[ sql ] [ SQL ] SELECT * FROM `cc_user` WHERE  `user_token` = '762f24a2b1ca636f0b38e4c0816b0c34' LIMIT 1 [ RunTime:0.000381s ]
[ sql ] [ SQL ] SHOW COLUMNS FROM `cc_article_type` [ RunTime:0.021106s ]
[ sql ] [ SQL ] SELECT `type_id`,`type_name` FROM `cc_article_type` [ RunTime:0.011758s ]
---------------------------------------------------------------
[ 2019-01-03T09:34:11+08:00 ] 219.156.162.11 POST baba.sdshengyixing.com/api/my/info
[运行时间：0.041257s] [吞吐率：24.24req/s] [内存消耗：4,665.98kb] [文件加载：80]
[ info ] [ LANG ] /www/wwwroot/baba/thinkphp/lang/zh-cn.php
[ info ] [ ROUTE ] array (
)
[ info ] [ HEADER ] array (
  'host' => 'baba.sdshengyixing.com',
  'connection' => 'keep-alive',
  'content-length' => '38',
  'accept' => 'application/json, text/javascript, */*; q=0.01',
  'origin' => 'file://',
  'user-agent' => 'Mozilla/5.0 (Linux; Android 7.0; SM-G9208 Build/NRD90M; wv) AppleWebKit/537.36 (KHTML, like Gecko) Version/4.0 Chrome/60.0.3112.116 Mobile Safari/537.36 Html5Plus/1.0 (Immersed/24.0)',
  'content-type' => 'application/x-www-form-urlencoded; charset=UTF-8',
  'accept-encoding' => 'gzip, deflate',
  'accept-language' => 'zh-CN,en-US;q=0.8',
  'x-requested-with' => 'com.bbjf.app',
)
[ info ] [ PARAM ] array (
  'token' => '762f24a2b1ca636f0b38e4c0816b0c34',
)
[ info ] [ DB ] INIT mysql
[ sql ] [ DB ] CONNECT:[ UseTime:0.000460s ] mysql:host=127.0.0.1;port=3306;dbname=baba2018;charset=utf8
[ sql ] [ SQL ] SHOW COLUMNS FROM `cc_user` [ RunTime:0.001491s ]
[ sql ] [ SQL ] SELECT * FROM `cc_user` WHERE  `user_token` = '762f24a2b1ca636f0b38e4c0816b0c34' LIMIT 1 [ RunTime:0.000425s ]
[ sql ] [ SQL ] SELECT * FROM cc_user as u INNER JOIN `cc_user_type` `t` ON `u`.`user_type_id`=`t`.`type_id` WHERE  `u`.`user_id` = '408' LIMIT 1 [ RunTime:0.000379s ]
---------------------------------------------------------------
[ 2019-01-03T09:34:11+08:00 ] 219.156.162.11 POST baba.sdshengyixing.com/api/my/Membership
[运行时间：0.043358s] [吞吐率：23.06req/s] [内存消耗：4,735.13kb] [文件加载：82]
[ info ] [ LANG ] /www/wwwroot/baba/thinkphp/lang/zh-cn.php
[ info ] [ ROUTE ] array (
)
[ info ] [ HEADER ] array (
  'host' => 'baba.sdshengyixing.com',
  'connection' => 'keep-alive',
  'content-length' => '38',
  'accept' => 'application/json, text/javascript, */*; q=0.01',
  'origin' => 'file://',
  'user-agent' => 'Mozilla/5.0 (Linux; Android 7.0; SM-G9208 Build/NRD90M; wv) AppleWebKit/537.36 (KHTML, like Gecko) Version/4.0 Chrome/60.0.3112.116 Mobile Safari/537.36 Html5Plus/1.0 (Immersed/24.0)',
  'content-type' => 'application/x-www-form-urlencoded; charset=UTF-8',
  'accept-encoding' => 'gzip, deflate',
  'accept-language' => 'zh-CN,en-US;q=0.8',
  'x-requested-with' => 'com.bbjf.app',
)
[ info ] [ PARAM ] array (
  'token' => '762f24a2b1ca636f0b38e4c0816b0c34',
)
[ info ] [ DB ] INIT mysql
[ sql ] [ DB ] CONNECT:[ UseTime:0.000339s ] mysql:host=127.0.0.1;port=3306;dbname=baba2018;charset=utf8
[ sql ] [ SQL ] SHOW COLUMNS FROM `cc_user` [ RunTime:0.001633s ]
[ sql ] [ SQL ] SELECT * FROM `cc_user` WHERE  `user_token` = '762f24a2b1ca636f0b38e4c0816b0c34' LIMIT 1 [ RunTime:0.000516s ]
[ sql ] [ SQL ] SHOW COLUMNS FROM `cc_user_type` [ RunTime:0.001145s ]
[ sql ] [ SQL ] SELECT * FROM cc_user_type as u INNER JOIN `cc_rate` `r` ON `u`.`type_id`=`r`.`rate_type_id` WHERE  `u`.`type_state` = '0' [ RunTime:0.000343s ]
[ error ] [8]未定义变量: val[/www/wwwroot/baba/application/api/controller/My.php:1451]
[ error ] [8]未定义变量: val[/www/wwwroot/baba/application/api/controller/My.php:1452]
[ error ] [8]未定义变量: val[/www/wwwroot/baba/application/api/controller/My.php:1454]
[ error ] [8]未定义变量: val[/www/wwwroot/baba/application/api/controller/My.php:1458]
[ error ] [8]未定义变量: val[/www/wwwroot/baba/application/api/controller/My.php:1451]
[ error ] [8]未定义变量: val[/www/wwwroot/baba/application/api/controller/My.php:1452]
[ error ] [8]未定义变量: val[/www/wwwroot/baba/application/api/controller/My.php:1454]
[ error ] [8]未定义变量: val[/www/wwwroot/baba/application/api/controller/My.php:1458]
---------------------------------------------------------------
[ 2019-01-03T09:34:11+08:00 ] 219.156.162.11 POST baba.sdshengyixing.com/api/repayment/membergetchannel
[运行时间：0.059382s] [吞吐率：16.84req/s] [内存消耗：4,709.55kb] [文件加载：79]
[ info ] [ LANG ] /www/wwwroot/baba/thinkphp/lang/zh-cn.php
[ info ] [ ROUTE ] array (
)
[ info ] [ HEADER ] array (
  'host' => 'baba.sdshengyixing.com',
  'connection' => 'keep-alive',
  'content-length' => '38',
  'accept' => 'application/json, text/javascript, */*; q=0.01',
  'origin' => 'file://',
  'user-agent' => 'Mozilla/5.0 (Linux; Android 7.0; SM-G9208 Build/NRD90M; wv) AppleWebKit/537.36 (KHTML, like Gecko) Version/4.0 Chrome/60.0.3112.116 Mobile Safari/537.36 Html5Plus/1.0 (Immersed/24.0)',
  'content-type' => 'application/x-www-form-urlencoded; charset=UTF-8',
  'accept-encoding' => 'gzip, deflate',
  'accept-language' => 'zh-CN,en-US;q=0.8',
  'x-requested-with' => 'com.bbjf.app',
)
[ info ] [ PARAM ] array (
  'token' => '762f24a2b1ca636f0b38e4c0816b0c34',
)
[ info ] [ DB ] INIT mysql
[ sql ] [ DB ] CONNECT:[ UseTime:0.000437s ] mysql:host=127.0.0.1;port=3306;dbname=baba2018;charset=utf8
[ sql ] [ SQL ] SHOW COLUMNS FROM `cc_user` [ RunTime:0.001799s ]
[ sql ] [ SQL ] SELECT * FROM `cc_user` WHERE  `user_token` = '762f24a2b1ca636f0b38e4c0816b0c34' LIMIT 1 [ RunTime:0.000412s ]
[ sql ] [ SQL ] SHOW COLUMNS FROM `cc_payment_channel` [ RunTime:0.001468s ]
[ sql ] [ SQL ] SELECT * FROM `cc_payment_channel` WHERE  `channel_use` = 1 [ RunTime:0.000399s ]
[ sql ] [ SQL ] SHOW COLUMNS FROM `cc_payment` [ RunTime:0.002217s ]
[ sql ] [ SQL ] SELECT * FROM `cc_payment` WHERE  `payment_channel_id` = 1  AND `payment_type` = 4  AND `payment_use` = 1 LIMIT 1 [ RunTime:0.000373s ]
[ sql ] [ SQL ] SELECT * FROM `cc_payment` WHERE  `payment_channel_id` = 2  AND `payment_type` = 4  AND `payment_use` = 1 LIMIT 1 [ RunTime:0.000372s ]
---------------------------------------------------------------
[ 2019-01-03T09:34:24+08:00 ] 219.156.162.11 POST baba.sdshengyixing.com/api/my/card_list
[运行时间：0.064132s] [吞吐率：15.59req/s] [内存消耗：4,691.25kb] [文件加载：79]
[ info ] [ LANG ] /www/wwwroot/baba/thinkphp/lang/zh-cn.php
[ info ] [ ROUTE ] array (
)
[ info ] [ HEADER ] array (
  'host' => 'baba.sdshengyixing.com',
  'connection' => 'keep-alive',
  'content-length' => '38',
  'accept' => 'application/json, text/javascript, */*; q=0.01',
  'origin' => 'file://',
  'user-agent' => 'Mozilla/5.0 (Linux; Android 7.0; SM-G9208 Build/NRD90M; wv) AppleWebKit/537.36 (KHTML, like Gecko) Version/4.0 Chrome/60.0.3112.116 Mobile Safari/537.36 Html5Plus/1.0 (Immersed/24.0)',
  'content-type' => 'application/x-www-form-urlencoded; charset=UTF-8',
  'accept-encoding' => 'gzip, deflate',
  'accept-language' => 'zh-CN,en-US;q=0.8',
  'x-requested-with' => 'com.bbjf.app',
)
[ info ] [ PARAM ] array (
  'token' => '762f24a2b1ca636f0b38e4c0816b0c34',
)
[ info ] [ DB ] INIT mysql
[ sql ] [ DB ] CONNECT:[ UseTime:0.000435s ] mysql:host=127.0.0.1;port=3306;dbname=baba2018;charset=utf8
[ sql ] [ SQL ] SHOW COLUMNS FROM `cc_user` [ RunTime:0.001597s ]
[ sql ] [ SQL ] SELECT * FROM `cc_user` WHERE  `user_token` = '762f24a2b1ca636f0b38e4c0816b0c34' LIMIT 1 [ RunTime:0.000471s ]
[ sql ] [ SQL ] SHOW COLUMNS FROM `cc_user_card` [ RunTime:0.001211s ]
[ sql ] [ SQL ] SELECT `card_id`,`card_uid`,`card_bank_id`,`card_no`,`card_repayment_day`,`card_state`,`list_name`,`list_code`,`list_logo` FROM `cc_user_card` `c` LEFT JOIN `cc_bank_list` `b` ON `b`.`list_id`=`c`.`card_bank_id` WHERE  `card_uid` = 408  AND `card_type` = 1  AND `card_blocked` = 0 ORDER BY `card_state` DESC [ RunTime:0.017970s ]
[ sql ] [ SQL ] SHOW COLUMNS FROM `cc_mission` [ RunTime:0.001730s ]
[ sql ] [ SQL ] SELECT * FROM `cc_mission` WHERE  `mission_cid` = 464  AND `mission_state` = 1 ORDER BY `mission_id` DESC LIMIT 1 [ RunTime:0.000481s ]
[ sql ] [ SQL ] SELECT * FROM `cc_mission` WHERE  `mission_cid` = 465  AND `mission_state` = 1 ORDER BY `mission_id` DESC LIMIT 1 [ RunTime:0.000673s ]
[ sql ] [ SQL ] SELECT * FROM `cc_mission` WHERE  `mission_cid` = 466  AND `mission_state` = 1 ORDER BY `mission_id` DESC LIMIT 1 [ RunTime:0.000727s ]
---------------------------------------------------------------
[ 2019-01-03T09:34:26+08:00 ] 219.156.162.11 POST baba.sdshengyixing.com/api/repayment/index
[运行时间：0.044059s] [吞吐率：22.70req/s] [内存消耗：4,882.88kb] [文件加载：82]
[ info ] [ LANG ] /www/wwwroot/baba/thinkphp/lang/zh-cn.php
[ info ] [ ROUTE ] array (
)
[ info ] [ HEADER ] array (
  'host' => 'baba.sdshengyixing.com',
  'connection' => 'keep-alive',
  'content-length' => '53',
  'accept' => 'application/json, text/javascript, */*; q=0.01',
  'origin' => 'file://',
  'user-agent' => 'Mozilla/5.0 (Linux; Android 7.0; SM-G9208 Build/NRD90M; wv) AppleWebKit/537.36 (KHTML, like Gecko) Version/4.0 Chrome/60.0.3112.116 Mobile Safari/537.36 Html5Plus/1.0 (Immersed/24.0)',
  'content-type' => 'application/x-www-form-urlencoded; charset=UTF-8',
  'accept-encoding' => 'gzip, deflate',
  'accept-language' => 'zh-CN,en-US;q=0.8',
  'x-requested-with' => 'com.bbjf.app',
)
[ info ] [ PARAM ] array (
  'token' => '762f24a2b1ca636f0b38e4c0816b0c34',
  'cid' => '466',
  'page' => '1',
)
[ info ] [ DB ] INIT mysql
[ sql ] [ DB ] CONNECT:[ UseTime:0.000375s ] mysql:host=127.0.0.1;port=3306;dbname=baba2018;charset=utf8
[ sql ] [ SQL ] SHOW COLUMNS FROM `cc_user` [ RunTime:0.001602s ]
[ sql ] [ SQL ] SELECT * FROM `cc_user` WHERE  `user_token` = '762f24a2b1ca636f0b38e4c0816b0c34' LIMIT 1 [ RunTime:0.000416s ]
[ sql ] [ SQL ] SHOW COLUMNS FROM `cc_mission` [ RunTime:0.001362s ]
[ sql ] [ SQL ] SELECT COUNT(*) AS tp_count FROM `cc_mission` WHERE  `mission_uid` = 408  AND `mission_cid` = 466 LIMIT 1 [ RunTime:0.000316s ]
[ sql ] [ SQL ] SELECT * FROM `cc_mission` WHERE  `mission_uid` = 408  AND `mission_cid` = 466 ORDER BY `mission_id` DESC LIMIT 0,10 [ RunTime:0.000289s ]
---------------------------------------------------------------
[ 2019-01-03T09:34:26+08:00 ] 219.156.162.11 POST baba.sdshengyixing.com/api/my/card_info
[运行时间：0.039101s] [吞吐率：25.57req/s] [内存消耗：4,675.92kb] [文件加载：79]
[ info ] [ LANG ] /www/wwwroot/baba/thinkphp/lang/zh-cn.php
[ info ] [ ROUTE ] array (
)
[ info ] [ HEADER ] array (
  'host' => 'baba.sdshengyixing.com',
  'connection' => 'keep-alive',
  'content-length' => '53',
  'accept' => 'application/json, text/javascript, */*; q=0.01',
  'origin' => 'file://',
  'user-agent' => 'Mozilla/5.0 (Linux; Android 7.0; SM-G9208 Build/NRD90M; wv) AppleWebKit/537.36 (KHTML, like Gecko) Version/4.0 Chrome/60.0.3112.116 Mobile Safari/537.36 Html5Plus/1.0 (Immersed/24.0)',
  'content-type' => 'application/x-www-form-urlencoded; charset=UTF-8',
  'accept-encoding' => 'gzip, deflate',
  'accept-language' => 'zh-CN,en-US;q=0.8',
  'x-requested-with' => 'com.bbjf.app',
)
[ info ] [ PARAM ] array (
  'token' => '762f24a2b1ca636f0b38e4c0816b0c34',
  'cid' => '466',
  'type' => '1',
)
[ info ] [ DB ] INIT mysql
[ sql ] [ DB ] CONNECT:[ UseTime:0.000262s ] mysql:host=127.0.0.1;port=3306;dbname=baba2018;charset=utf8
[ sql ] [ SQL ] SHOW COLUMNS FROM `cc_user` [ RunTime:0.001336s ]
[ sql ] [ SQL ] SELECT * FROM `cc_user` WHERE  `user_token` = '762f24a2b1ca636f0b38e4c0816b0c34' LIMIT 1 [ RunTime:0.000364s ]
[ sql ] [ SQL ] SHOW COLUMNS FROM `cc_user_card` [ RunTime:0.001202s ]
[ sql ] [ SQL ] SELECT * FROM `cc_user_card` `c` LEFT JOIN `cc_bank_list` `b` ON `b`.`list_id`=`c`.`card_bank_id` WHERE  `card_id` = 466  AND `card_uid` = 408 LIMIT 1 [ RunTime:0.000367s ]
---------------------------------------------------------------
[ 2019-01-03T09:34:28+08:00 ] 219.156.162.11 POST baba.sdshengyixing.com/api/my/card_list
[运行时间：0.042604s] [吞吐率：23.47req/s] [内存消耗：4,691.25kb] [文件加载：79]
[ info ] [ LANG ] /www/wwwroot/baba/thinkphp/lang/zh-cn.php
[ info ] [ ROUTE ] array (
)
[ info ] [ HEADER ] array (
  'host' => 'baba.sdshengyixing.com',
  'connection' => 'keep-alive',
  'content-length' => '38',
  'accept' => 'application/json, text/javascript, */*; q=0.01',
  'origin' => 'file://',
  'user-agent' => 'Mozilla/5.0 (Linux; Android 7.0; SM-G9208 Build/NRD90M; wv) AppleWebKit/537.36 (KHTML, like Gecko) Version/4.0 Chrome/60.0.3112.116 Mobile Safari/537.36 Html5Plus/1.0 (Immersed/24.0)',
  'content-type' => 'application/x-www-form-urlencoded; charset=UTF-8',
  'accept-encoding' => 'gzip, deflate',
  'accept-language' => 'zh-CN,en-US;q=0.8',
  'x-requested-with' => 'com.bbjf.app',
)
[ info ] [ PARAM ] array (
  'token' => '762f24a2b1ca636f0b38e4c0816b0c34',
)
[ info ] [ DB ] INIT mysql
[ sql ] [ DB ] CONNECT:[ UseTime:0.000715s ] mysql:host=127.0.0.1;port=3306;dbname=baba2018;charset=utf8
[ sql ] [ SQL ] SHOW COLUMNS FROM `cc_user` [ RunTime:0.001537s ]
[ sql ] [ SQL ] SELECT * FROM `cc_user` WHERE  `user_token` = '762f24a2b1ca636f0b38e4c0816b0c34' LIMIT 1 [ RunTime:0.000427s ]
[ sql ] [ SQL ] SHOW COLUMNS FROM `cc_user_card` [ RunTime:0.001077s ]
[ sql ] [ SQL ] SELECT `card_id`,`card_uid`,`card_bank_id`,`card_no`,`card_repayment_day`,`card_state`,`list_name`,`list_code`,`list_logo` FROM `cc_user_card` `c` LEFT JOIN `cc_bank_list` `b` ON `b`.`list_id`=`c`.`card_bank_id` WHERE  `card_uid` = 408  AND `card_type` = 1  AND `card_blocked` = 0 ORDER BY `card_state` DESC [ RunTime:0.000377s ]
[ sql ] [ SQL ] SHOW COLUMNS FROM `cc_mission` [ RunTime:0.001119s ]
[ sql ] [ SQL ] SELECT * FROM `cc_mission` WHERE  `mission_cid` = 464  AND `mission_state` = 1 ORDER BY `mission_id` DESC LIMIT 1 [ RunTime:0.000356s ]
[ sql ] [ SQL ] SELECT * FROM `cc_mission` WHERE  `mission_cid` = 465  AND `mission_state` = 1 ORDER BY `mission_id` DESC LIMIT 1 [ RunTime:0.000308s ]
[ sql ] [ SQL ] SELECT * FROM `cc_mission` WHERE  `mission_cid` = 466  AND `mission_state` = 1 ORDER BY `mission_id` DESC LIMIT 1 [ RunTime:0.000551s ]
---------------------------------------------------------------
[ 2019-01-03T09:34:30+08:00 ] 219.156.162.11 POST baba.sdshengyixing.com/api/repayment/index
[运行时间：0.042689s] [吞吐率：23.43req/s] [内存消耗：4,886.68kb] [文件加载：82]
[ info ] [ LANG ] /www/wwwroot/baba/thinkphp/lang/zh-cn.php
[ info ] [ ROUTE ] array (
)
[ info ] [ HEADER ] array (
  'host' => 'baba.sdshengyixing.com',
  'connection' => 'keep-alive',
  'content-length' => '53',
  'accept' => 'application/json, text/javascript, */*; q=0.01',
  'origin' => 'file://',
  'user-agent' => 'Mozilla/5.0 (Linux; Android 7.0; SM-G9208 Build/NRD90M; wv) AppleWebKit/537.36 (KHTML, like Gecko) Version/4.0 Chrome/60.0.3112.116 Mobile Safari/537.36 Html5Plus/1.0 (Immersed/24.0)',
  'content-type' => 'application/x-www-form-urlencoded; charset=UTF-8',
  'accept-encoding' => 'gzip, deflate',
  'accept-language' => 'zh-CN,en-US;q=0.8',
  'x-requested-with' => 'com.bbjf.app',
)
[ info ] [ PARAM ] array (
  'token' => '762f24a2b1ca636f0b38e4c0816b0c34',
  'cid' => '464',
  'page' => '1',
)
[ info ] [ DB ] INIT mysql
[ sql ] [ DB ] CONNECT:[ UseTime:0.000427s ] mysql:host=127.0.0.1;port=3306;dbname=baba2018;charset=utf8
[ sql ] [ SQL ] SHOW COLUMNS FROM `cc_user` [ RunTime:0.001690s ]
[ sql ] [ SQL ] SELECT * FROM `cc_user` WHERE  `user_token` = '762f24a2b1ca636f0b38e4c0816b0c34' LIMIT 1 [ RunTime:0.000432s ]
[ sql ] [ SQL ] SHOW COLUMNS FROM `cc_mission` [ RunTime:0.001370s ]
[ sql ] [ SQL ] SELECT COUNT(*) AS tp_count FROM `cc_mission` WHERE  `mission_uid` = 408  AND `mission_cid` = 464 LIMIT 1 [ RunTime:0.000359s ]
[ sql ] [ SQL ] SELECT * FROM `cc_mission` WHERE  `mission_uid` = 408  AND `mission_cid` = 464 ORDER BY `mission_id` DESC LIMIT 0,10 [ RunTime:0.000343s ]
---------------------------------------------------------------
[ 2019-01-03T09:34:30+08:00 ] 219.156.162.11 POST baba.sdshengyixing.com/api/my/card_info
[运行时间：0.041717s] [吞吐率：23.97req/s] [内存消耗：4,675.88kb] [文件加载：79]
[ info ] [ LANG ] /www/wwwroot/baba/thinkphp/lang/zh-cn.php
[ info ] [ ROUTE ] array (
)
[ info ] [ HEADER ] array (
  'host' => 'baba.sdshengyixing.com',
  'connection' => 'keep-alive',
  'content-length' => '53',
  'accept' => 'application/json, text/javascript, */*; q=0.01',
  'origin' => 'file://',
  'user-agent' => 'Mozilla/5.0 (Linux; Android 7.0; SM-G9208 Build/NRD90M; wv) AppleWebKit/537.36 (KHTML, like Gecko) Version/4.0 Chrome/60.0.3112.116 Mobile Safari/537.36 Html5Plus/1.0 (Immersed/24.0)',
  'content-type' => 'application/x-www-form-urlencoded; charset=UTF-8',
  'accept-encoding' => 'gzip, deflate',
  'accept-language' => 'zh-CN,en-US;q=0.8',
  'x-requested-with' => 'com.bbjf.app',
)
[ info ] [ PARAM ] array (
  'token' => '762f24a2b1ca636f0b38e4c0816b0c34',
  'cid' => '464',
  'type' => '1',
)
[ info ] [ DB ] INIT mysql
[ sql ] [ DB ] CONNECT:[ UseTime:0.000313s ] mysql:host=127.0.0.1;port=3306;dbname=baba2018;charset=utf8
[ sql ] [ SQL ] SHOW COLUMNS FROM `cc_user` [ RunTime:0.001477s ]
[ sql ] [ SQL ] SELECT * FROM `cc_user` WHERE  `user_token` = '762f24a2b1ca636f0b38e4c0816b0c34' LIMIT 1 [ RunTime:0.000395s ]
[ sql ] [ SQL ] SHOW COLUMNS FROM `cc_user_card` [ RunTime:0.001249s ]
[ sql ] [ SQL ] SELECT * FROM `cc_user_card` `c` LEFT JOIN `cc_bank_list` `b` ON `b`.`list_id`=`c`.`card_bank_id` WHERE  `card_id` = 464  AND `card_uid` = 408 LIMIT 1 [ RunTime:0.000794s ]
---------------------------------------------------------------
[ 2019-01-03T11:18:52+08:00 ] 140.250.239.241 GET baba.sdshengyixing.com/_login_ba
[运行时间：0.062716s] [吞吐率：15.94req/s] [内存消耗：3,055.46kb] [文件加载：76]
[ info ] [ LANG ] /www/wwwroot/baba/thinkphp/lang/zh-cn.php
[ info ] [ ROUTE ] array (
  'rule' => '_login_ba',
  'route' => 'Admin/Main/login',
  'option' => 
  array (
    'merge_rule_regex' => false,
  ),
  'var' => 
  array (
  ),
)
[ info ] [ HEADER ] array (
  'host' => 'baba.sdshengyixing.com',
  'connection' => 'keep-alive',
  'user-agent' => 'Mozilla/5.0 (Windows NT 6.1; WOW64) AppleWebKit/537.36 (KHTML, like Gecko) Chrome/63.0.3239.26 Safari/537.36 Core/1.63.6788.400 QQBrowser/10.3.2843.400',
  'upgrade-insecure-requests' => '1',
  'accept' => 'text/html,application/xhtml+xml,application/xml;q=0.9,image/webp,image/apng,*/*;q=0.8',
  'accept-encoding' => 'gzip, deflate',
  'accept-language' => 'zh-CN,zh;q=0.9',
  'content-type' => '',
  'content-length' => '',
)
[ info ] [ PARAM ] array (
)
[ info ] [ VIEW ] ../Theme/adminsys/main/login.html [ array (
  0 => 'config',
) ]
---------------------------------------------------------------
[ 2019-01-03T11:18:53+08:00 ] 140.250.239.241 GET baba.sdshengyixing.com/captcha.html
[运行时间：0.023965s] [吞吐率：41.73req/s] [内存消耗：2,394.12kb] [文件加载：61]
[ info ] [ LANG ] /www/wwwroot/baba/thinkphp/lang/zh-cn.php
[ info ] [ ROUTE ] array (
  'rule' => 'captcha/<id?>',
  'route' => '\\think\\captcha\\CaptchaController@index',
  'option' => 
  array (
    'merge_rule_regex' => false,
  ),
  'var' => 
  array (
  ),
)
[ info ] [ HEADER ] array (
  'host' => 'baba.sdshengyixing.com',
  'connection' => 'keep-alive',
  'user-agent' => 'Mozilla/5.0 (Windows NT 6.1; WOW64) AppleWebKit/537.36 (KHTML, like Gecko) Chrome/63.0.3239.26 Safari/537.36 Core/1.63.6788.400 QQBrowser/10.3.2843.400',
  'accept' => 'image/webp,image/apng,image/*,*/*;q=0.8',
  'referer' => 'http://baba.sdshengyixing.com/_login_ba',
  'accept-encoding' => 'gzip, deflate',
  'accept-language' => 'zh-CN,zh;q=0.9',
  'cookie' => 'PHPSESSID=m5mnblkegn86if2goli242a756',
  'content-type' => '',
  'content-length' => '',
)
[ info ] [ PARAM ] array (
)
---------------------------------------------------------------
[ 2019-01-03T11:18:53+08:00 ] 140.250.239.241 GET baba.sdshengyixing.com/static/admin/images/loginsj.png
[运行时间：0.022195s] [吞吐率：45.06req/s] [内存消耗：2,416.09kb] [文件加载：61]
[ info ] [ LANG ] /www/wwwroot/baba/thinkphp/lang/zh-cn.php
---------------------------------------------------------------
[ 2019-01-03T11:19:52+08:00 ] 101.91.60.104 GET baba.sdshengyixing.com/_login_ba
[运行时间：0.026445s] [吞吐率：37.81req/s] [内存消耗：3,054.99kb] [文件加载：76]
[ info ] [ LANG ] /www/wwwroot/baba/thinkphp/lang/zh-cn.php
[ info ] [ ROUTE ] array (
  'rule' => '_login_ba',
  'route' => 'Admin/Main/login',
  'option' => 
  array (
    'merge_rule_regex' => false,
  ),
  'var' => 
  array (
  ),
)
[ info ] [ HEADER ] array (
  'user-agent' => 'Mozilla/5.0 (Macintosh; Intel Mac OS X 10_12_4) AppleWebKit/537.36 (KHTML, like Gecko) 			Chrome/55.0.2883.95 Safari/537.36',
  'accept' => '*/*',
  'referer' => 'blank',
  'accept-language' => 'zh-CN,zh;q=0.8,en-US;q=0.6,en;q=0.4',
  'host' => 'baba.sdshengyixing.com',
  'connection' => 'keep-alive',
  'content-type' => '',
  'content-length' => '',
)
[ info ] [ PARAM ] array (
)
[ info ] [ VIEW ] ../Theme/adminsys/main/login.html [ array (
  0 => 'config',
) ]
---------------------------------------------------------------
[ 2019-01-03T16:45:30+08:00 ] 182.46.204.121 GET baba.sdshengyixing.com/_login_ba.html
[运行时间：0.048831s] [吞吐率：20.48req/s] [内存消耗：3,055.17kb] [文件加载：76]
[ info ] [ LANG ] /www/wwwroot/baba/thinkphp/lang/zh-cn.php
[ info ] [ ROUTE ] array (
  'rule' => '_login_ba',
  'route' => 'Admin/Main/login',
  'option' => 
  array (
    'merge_rule_regex' => false,
  ),
  'var' => 
  array (
  ),
)
[ info ] [ HEADER ] array (
  'host' => 'baba.sdshengyixing.com',
  'connection' => 'keep-alive',
  'upgrade-insecure-requests' => '1',
  'user-agent' => 'Mozilla/5.0 (Windows NT 10.0; WOW64) AppleWebKit/537.36 (KHTML, like Gecko) Chrome/70.0.3538.102 Safari/537.36',
  'accept' => 'text/html,application/xhtml+xml,application/xml;q=0.9,image/webp,image/apng,*/*;q=0.8',
  'accept-encoding' => 'gzip, deflate',
  'accept-language' => 'zh-CN,zh;q=0.9',
  'content-type' => '',
  'content-length' => '',
)
[ info ] [ PARAM ] array (
)
[ info ] [ VIEW ] ../Theme/adminsys/main/login.html [ array (
  0 => 'config',
) ]
---------------------------------------------------------------
[ 2019-01-03T16:45:30+08:00 ] 182.46.204.121 GET baba.sdshengyixing.com/captcha.html
[运行时间：0.023653s] [吞吐率：42.28req/s] [内存消耗：2,394.05kb] [文件加载：61]
[ info ] [ LANG ] /www/wwwroot/baba/thinkphp/lang/zh-cn.php
[ info ] [ ROUTE ] array (
  'rule' => 'captcha/<id?>',
  'route' => '\\think\\captcha\\CaptchaController@index',
  'option' => 
  array (
    'merge_rule_regex' => false,
  ),
  'var' => 
  array (
  ),
)
[ info ] [ HEADER ] array (
  'host' => 'baba.sdshengyixing.com',
  'connection' => 'keep-alive',
  'user-agent' => 'Mozilla/5.0 (Windows NT 10.0; WOW64) AppleWebKit/537.36 (KHTML, like Gecko) Chrome/70.0.3538.102 Safari/537.36',
  'accept' => 'image/webp,image/apng,image/*,*/*;q=0.8',
  'referer' => 'http://baba.sdshengyixing.com/_login_ba.html',
  'accept-encoding' => 'gzip, deflate',
  'accept-language' => 'zh-CN,zh;q=0.9',
  'cookie' => 'PHPSESSID=lj14hu59lg06g54so40taussv4',
  'content-type' => '',
  'content-length' => '',
)
[ info ] [ PARAM ] array (
)
---------------------------------------------------------------
[ 2019-01-03T16:45:30+08:00 ] 182.46.204.121 GET baba.sdshengyixing.com/static/admin/images/loginsj.png
[运行时间：0.021406s] [吞吐率：46.72req/s] [内存消耗：2,416.41kb] [文件加载：61]
[ info ] [ LANG ] /www/wwwroot/baba/thinkphp/lang/zh-cn.php
---------------------------------------------------------------
[ 2019-01-03T16:46:29+08:00 ] 58.247.206.140 GET baba.sdshengyixing.com/_login_ba.html
[运行时间：0.026760s] [吞吐率：37.37req/s] [内存消耗：3,054.45kb] [文件加载：76]
[ info ] [ LANG ] /www/wwwroot/baba/thinkphp/lang/zh-cn.php
[ info ] [ ROUTE ] array (
  'rule' => '_login_ba',
  'route' => 'Admin/Main/login',
  'option' => 
  array (
    'merge_rule_regex' => false,
  ),
  'var' => 
  array (
  ),
)
[ info ] [ HEADER ] array (
  'user-agent' => 'Mozilla/5.0 (Windows NT 6.1; WOW64; rv:50.0) Gecko/20100101 Firefox/50.0',
  'accept' => '*/*',
  'accept-language' => 'zh-CN,zh;q=0.8,en-US;q=0.6,en;q=0.4',
  'host' => 'baba.sdshengyixing.com',
  'connection' => 'keep-alive',
  'content-type' => '',
  'content-length' => '',
)
[ info ] [ PARAM ] array (
)
[ info ] [ VIEW ] ../Theme/adminsys/main/login.html [ array (
  0 => 'config',
) ]
---------------------------------------------------------------
[ 2019-01-03T16:46:30+08:00 ] 61.151.207.141 GET baba.sdshengyixing.com/captcha.html
[运行时间：0.020679s] [吞吐率：48.36req/s] [内存消耗：2,393.74kb] [文件加载：61]
[ info ] [ LANG ] /www/wwwroot/baba/thinkphp/lang/zh-cn.php
[ info ] [ ROUTE ] array (
  'rule' => 'captcha/<id?>',
  'route' => '\\think\\captcha\\CaptchaController@index',
  'option' => 
  array (
    'merge_rule_regex' => false,
  ),
  'var' => 
  array (
  ),
)
[ info ] [ HEADER ] array (
  'user-agent' => 'Mozilla/5.0 (Windows NT 6.1; WOW64) AppleWebKit/537.36 (KHTML, like Gecko) Chrome/56.0.2924.87 Safari/537.36',
  'accept' => '*/*',
  'referer' => 'http://baba.sdshengyixing.com/_login_ba.html',
  'accept-language' => 'zh-CN,zh;q=0.8,en-US;q=0.6,en;q=0.4',
  'host' => 'baba.sdshengyixing.com',
  'connection' => 'keep-alive',
  'content-type' => '',
  'content-length' => '',
)
[ info ] [ PARAM ] array (
)
