---------------------------------------------------------------
[ 2019-01-12T09:05:31+08:00 ] 140.250.239.241 POST app.babadao.com/api/Message/getnumber
[运行时间：0.115674s] [吞吐率：8.64req/s] [内存消耗：3,009.85kb] [文件加载：72]
[ info ] [ LANG ] /www/wwwroot/huanka/thinkphp/lang/zh-cn.php
[ info ] [ ROUTE ] array (
)
[ info ] [ HEADER ] array (
  'host' => 'app.babadao.com',
  'connection' => 'keep-alive',
  'accept' => 'application/json, text/javascript, */*; q=0.01',
  'origin' => 'file://',
  'user-agent' => 'Mozilla/5.0 (Linux; Android 8.0.0; HWI-AL00 Build/HUAWEIHWI-AL00; wv) AppleWebKit/537.36 (KHTML, like Gecko) Version/4.0 Chrome/68.0.3440.91 Mobile Safari/537.36 Html5Plus/1.0 (Immersed/24.0)',
  'accept-encoding' => 'gzip, deflate',
  'accept-language' => 'zh-CN,en-US;q=0.9',
  'x-requested-with' => 'com.bbjf.app',
  'content-type' => 'application/x-www-form-urlencoded; charset=UTF-8',
  'content-length' => '6',
)
[ info ] [ PARAM ] array (
  '/api/Message/getnumber' => '',
  'token' => '',
)
---------------------------------------------------------------
[ 2019-01-12T09:05:31+08:00 ] 140.250.239.241 POST app.babadao.com/api/my/info
[运行时间：0.118261s] [吞吐率：8.46req/s] [内存消耗：3,347.31kb] [文件加载：72]
[ info ] [ LANG ] /www/wwwroot/huanka/thinkphp/lang/zh-cn.php
[ info ] [ ROUTE ] array (
)
[ info ] [ HEADER ] array (
  'host' => 'app.babadao.com',
  'connection' => 'keep-alive',
  'accept' => 'application/json, text/javascript, */*; q=0.01',
  'origin' => 'file://',
  'user-agent' => 'Mozilla/5.0 (Linux; Android 8.0.0; HWI-AL00 Build/HUAWEIHWI-AL00; wv) AppleWebKit/537.36 (KHTML, like Gecko) Version/4.0 Chrome/68.0.3440.91 Mobile Safari/537.36 Html5Plus/1.0 (Immersed/24.0)',
  'accept-encoding' => 'gzip, deflate',
  'accept-language' => 'zh-CN,en-US;q=0.9',
  'x-requested-with' => 'com.bbjf.app',
  'content-type' => 'application/x-www-form-urlencoded; charset=UTF-8',
  'content-length' => '6',
)
[ info ] [ PARAM ] array (
  '/api/my/info' => '',
  'token' => '',
)
---------------------------------------------------------------
[ 2019-01-12T09:05:31+08:00 ] 140.250.239.241 POST app.babadao.com/api/Common/version
[运行时间：0.145325s] [吞吐率：6.88req/s] [内存消耗：4,255.52kb] [文件加载：78]
[ info ] [ LANG ] /www/wwwroot/huanka/thinkphp/lang/zh-cn.php
[ info ] [ ROUTE ] array (
)
[ info ] [ HEADER ] array (
  'host' => 'app.babadao.com',
  'connection' => 'keep-alive',
  'accept' => '*/*',
  'origin' => 'file://',
  'x-requested-with' => 'XMLHttpRequest',
  'user-agent' => 'Mozilla/5.0 (Linux; Android 8.0.0; HWI-AL00 Build/HUAWEIHWI-AL00; wv) AppleWebKit/537.36 (KHTML, like Gecko) Version/4.0 Chrome/68.0.3440.91 Mobile Safari/537.36 Html5Plus/1.0 (Immersed/24.0)',
  'accept-encoding' => 'gzip, deflate',
  'accept-language' => 'zh-CN,en-US;q=0.9',
  'content-type' => 'application/x-www-form-urlencoded',
  'content-length' => '24',
)
[ info ] [ PARAM ] array (
  '/api/Common/version' => '',
  'os' => 'android',
  'version' => '1.0.0',
)
[ info ] [ DB ] INIT mysql
[ sql ] [ DB ] CONNECT:[ UseTime:0.006525s ] mysql:host=127.0.0.1;port=3306;dbname=babadaohk;charset=utf8
[ sql ] [ SQL ] SHOW COLUMNS FROM `cc_app_versions` [ RunTime:0.003484s ]
[ sql ] [ SQL ] SELECT * FROM `cc_app_versions` ORDER BY `app_id` DESC LIMIT 1 [ RunTime:0.000368s ]
---------------------------------------------------------------
[ 2019-01-12T09:05:31+08:00 ] 140.250.239.241 POST app.babadao.com/api/My/article
[运行时间：0.143036s] [吞吐率：6.99req/s] [内存消耗：3,348.05kb] [文件加载：72]
[ info ] [ LANG ] /www/wwwroot/huanka/thinkphp/lang/zh-cn.php
[ info ] [ ROUTE ] array (
)
[ info ] [ HEADER ] array (
  'host' => 'app.babadao.com',
  'connection' => 'keep-alive',
  'accept' => 'application/json, text/javascript, */*; q=0.01',
  'origin' => 'file://',
  'user-agent' => 'Mozilla/5.0 (Linux; Android 8.0.0; HWI-AL00 Build/HUAWEIHWI-AL00; wv) AppleWebKit/537.36 (KHTML, like Gecko) Version/4.0 Chrome/68.0.3440.91 Mobile Safari/537.36 Html5Plus/1.0 (Immersed/24.0)',
  'accept-encoding' => 'gzip, deflate',
  'accept-language' => 'zh-CN,en-US;q=0.9',
  'x-requested-with' => 'com.bbjf.app',
  'content-type' => 'application/x-www-form-urlencoded; charset=UTF-8',
  'content-length' => '20',
)
[ info ] [ PARAM ] array (
  '/api/My/article' => '',
  'token' => '',
  'type' => '1',
  'page' => '1',
)
---------------------------------------------------------------
[ 2019-01-12T09:05:31+08:00 ] 140.250.239.241 POST app.babadao.com/api/my/info
[运行时间：0.146602s] [吞吐率：6.82req/s] [内存消耗：3,347.31kb] [文件加载：72]
[ info ] [ LANG ] /www/wwwroot/huanka/thinkphp/lang/zh-cn.php
[ info ] [ ROUTE ] array (
)
[ info ] [ HEADER ] array (
  'host' => 'app.babadao.com',
  'connection' => 'keep-alive',
  'accept' => 'application/json, text/javascript, */*; q=0.01',
  'origin' => 'file://',
  'user-agent' => 'Mozilla/5.0 (Linux; Android 8.0.0; HWI-AL00 Build/HUAWEIHWI-AL00; wv) AppleWebKit/537.36 (KHTML, like Gecko) Version/4.0 Chrome/68.0.3440.91 Mobile Safari/537.36 Html5Plus/1.0 (Immersed/24.0)',
  'accept-encoding' => 'gzip, deflate',
  'accept-language' => 'zh-CN,en-US;q=0.9',
  'x-requested-with' => 'com.bbjf.app',
  'content-type' => 'application/x-www-form-urlencoded; charset=UTF-8',
  'content-length' => '6',
)
[ info ] [ PARAM ] array (
  '/api/my/info' => '',
  'token' => '',
)
---------------------------------------------------------------
[ 2019-01-12T09:05:31+08:00 ] 140.250.239.241 GET app.babadao.com/api/Bank_Apply/getBank?_=1547255129988
[运行时间：0.176087s] [吞吐率：5.68req/s] [内存消耗：4,486.77kb] [文件加载：86]
[ info ] [ LANG ] /www/wwwroot/huanka/thinkphp/lang/zh-cn.php
[ info ] [ ROUTE ] array (
)
[ info ] [ HEADER ] array (
  'host' => 'app.babadao.com',
  'connection' => 'keep-alive',
  'accept' => '*/*',
  'user-agent' => 'Mozilla/5.0 (Linux; Android 8.0.0; HWI-AL00 Build/HUAWEIHWI-AL00; wv) AppleWebKit/537.36 (KHTML, like Gecko) Version/4.0 Chrome/68.0.3440.91 Mobile Safari/537.36 Html5Plus/1.0 (Immersed/24.0)',
  'accept-encoding' => 'gzip, deflate',
  'accept-language' => 'zh-CN,en-US;q=0.9',
  'x-requested-with' => 'com.bbjf.app',
)
[ info ] [ PARAM ] array (
  '/api/Bank_Apply/getBank' => '',
  '_' => '1547255129988',
)
[ info ] [ DB ] INIT mysql
[ sql ] [ DB ] CONNECT:[ UseTime:0.000379s ] mysql:host=127.0.0.1;port=3306;dbname=babadaohk;charset=utf8
[ sql ] [ SQL ] SHOW COLUMNS FROM `cc_bank_apply` [ RunTime:0.000910s ]
[ sql ] [ SQL ] SELECT * FROM `cc_bank_apply` WHERE  `apply_type` = 1  AND `apply_use` = 1 LIMIT 1 [ RunTime:0.000421s ]
[ error ] [2]file_get_contents(/www/wwwroot/baba/extend/zhongkong/publicKey.pem): failed to open stream: No such file or directory[/www/wwwroot/huanka/application/bank/controller/BankZk.php:13]
---------------------------------------------------------------
[ 2019-01-12T09:05:31+08:00 ] 140.250.239.241 GET app.babadao.com/api/Img/index?type=2
[运行时间：0.166984s] [吞吐率：5.99req/s] [内存消耗：4,244.02kb] [文件加载：78]
[ info ] [ LANG ] /www/wwwroot/huanka/thinkphp/lang/zh-cn.php
[ info ] [ ROUTE ] array (
)
[ info ] [ HEADER ] array (
  'host' => 'app.babadao.com',
  'connection' => 'keep-alive',
  'accept' => 'application/json, text/javascript, */*; q=0.01',
  'user-agent' => 'Mozilla/5.0 (Linux; Android 8.0.0; HWI-AL00 Build/HUAWEIHWI-AL00; wv) AppleWebKit/537.36 (KHTML, like Gecko) Version/4.0 Chrome/68.0.3440.91 Mobile Safari/537.36 Html5Plus/1.0 (Immersed/24.0)',
  'accept-encoding' => 'gzip, deflate',
  'accept-language' => 'zh-CN,en-US;q=0.9',
  'x-requested-with' => 'com.bbjf.app',
)
[ info ] [ PARAM ] array (
  '/api/Img/index' => '',
  'type' => '2',
)
[ info ] [ DB ] INIT mysql
[ sql ] [ DB ] CONNECT:[ UseTime:0.000348s ] mysql:host=127.0.0.1;port=3306;dbname=babadaohk;charset=utf8
[ sql ] [ SQL ] SHOW COLUMNS FROM `cc_img` [ RunTime:0.000626s ]
[ sql ] [ SQL ] SELECT * FROM `cc_img` WHERE  `img_start_switch` = 1  AND `img_type` = 2 ORDER BY `img_sort` ASC [ RunTime:0.000402s ]
---------------------------------------------------------------
[ 2019-01-12T09:05:31+08:00 ] 140.250.239.241 POST app.babadao.com/api/my/index
[运行时间：0.026012s] [吞吐率：38.44req/s] [内存消耗：3,347.48kb] [文件加载：72]
[ info ] [ LANG ] /www/wwwroot/huanka/thinkphp/lang/zh-cn.php
[ info ] [ ROUTE ] array (
)
[ info ] [ HEADER ] array (
  'host' => 'app.babadao.com',
  'connection' => 'keep-alive',
  'accept' => 'application/json, text/javascript, */*; q=0.01',
  'origin' => 'file://',
  'user-agent' => 'Mozilla/5.0 (Linux; Android 8.0.0; HWI-AL00 Build/HUAWEIHWI-AL00; wv) AppleWebKit/537.36 (KHTML, like Gecko) Version/4.0 Chrome/68.0.3440.91 Mobile Safari/537.36 Html5Plus/1.0 (Immersed/24.0)',
  'accept-encoding' => 'gzip, deflate',
  'accept-language' => 'zh-CN,en-US;q=0.9',
  'x-requested-with' => 'com.bbjf.app',
  'content-type' => 'application/x-www-form-urlencoded; charset=UTF-8',
  'content-length' => '6',
)
[ info ] [ PARAM ] array (
  '/api/my/index' => '',
  'token' => '',
)
---------------------------------------------------------------
[ 2019-01-12T09:05:32+08:00 ] 140.250.239.241 POST app.babadao.com/api/my/index
[运行时间：0.026393s] [吞吐率：37.89req/s] [内存消耗：3,347.48kb] [文件加载：72]
[ info ] [ LANG ] /www/wwwroot/huanka/thinkphp/lang/zh-cn.php
[ info ] [ ROUTE ] array (
)
[ info ] [ HEADER ] array (
  'host' => 'app.babadao.com',
  'connection' => 'keep-alive',
  'accept' => 'application/json, text/javascript, */*; q=0.01',
  'origin' => 'file://',
  'user-agent' => 'Mozilla/5.0 (Linux; Android 8.0.0; HWI-AL00 Build/HUAWEIHWI-AL00; wv) AppleWebKit/537.36 (KHTML, like Gecko) Version/4.0 Chrome/68.0.3440.91 Mobile Safari/537.36 Html5Plus/1.0 (Immersed/24.0)',
  'accept-encoding' => 'gzip, deflate',
  'accept-language' => 'zh-CN,en-US;q=0.9',
  'x-requested-with' => 'com.bbjf.app',
  'content-type' => 'application/x-www-form-urlencoded; charset=UTF-8',
  'content-length' => '6',
)
[ info ] [ PARAM ] array (
  '/api/my/index' => '',
  'token' => '',
)
---------------------------------------------------------------
[ 2019-01-12T09:05:42+08:00 ] 140.250.239.241 POST app.babadao.com/api/Main/login
[运行时间：0.038972s] [吞吐率：25.66req/s] [内存消耗：4,353.25kb] [文件加载：78]
[ info ] [ LANG ] /www/wwwroot/huanka/thinkphp/lang/zh-cn.php
[ info ] [ ROUTE ] array (
)
[ info ] [ HEADER ] array (
  'host' => 'app.babadao.com',
  'connection' => 'keep-alive',
  'accept' => 'application/json, text/javascript, */*; q=0.01',
  'origin' => 'file://',
  'user-agent' => 'Mozilla/5.0 (Linux; Android 8.0.0; HWI-AL00 Build/HUAWEIHWI-AL00; wv) AppleWebKit/537.36 (KHTML, like Gecko) Version/4.0 Chrome/68.0.3440.91 Mobile Safari/537.36 Html5Plus/1.0 (Immersed/24.0)',
  'accept-encoding' => 'gzip, deflate',
  'accept-language' => 'zh-CN,en-US;q=0.9',
  'x-requested-with' => 'com.bbjf.app',
  'content-type' => 'application/x-www-form-urlencoded; charset=UTF-8',
  'content-length' => '40',
)
[ info ] [ PARAM ] array (
  '/api/Main/login' => '',
  'phone' => '15563746366',
  'password' => '123456',
  'type' => '2',
)
[ info ] [ DB ] INIT mysql
[ sql ] [ DB ] CONNECT:[ UseTime:0.000445s ] mysql:host=127.0.0.1;port=3306;dbname=babadaohk;charset=utf8
[ sql ] [ SQL ] SHOW COLUMNS FROM `cc_user` [ RunTime:0.000867s ]
[ sql ] [ SQL ] SELECT * FROM `cc_user` WHERE  `user_phone` = '15563746366'  AND `user_state` = 0 LIMIT 1 [ RunTime:0.000530s ]
[ sql ] [ SQL ] UPDATE `cc_user`  SET `user_login_time` = 1547255142 , `user_token` = '9e724e7721ee874dece851d347adf372'  WHERE  `user_id` = 409 [ RunTime:0.002957s ]
[ sql ] [ SQL ] SHOW COLUMNS FROM `cc_user_log` [ RunTime:0.000536s ]
[ sql ] [ SQL ] INSERT INTO `cc_user_log` (`log_uid` , `log_ip` , `log_time`) VALUES (409 , '140.250.239.241' , 1547255142) [ RunTime:0.000329s ]
---------------------------------------------------------------
[ 2019-01-12T09:05:43+08:00 ] 140.250.239.241 POST app.babadao.com/api/my/info
[运行时间：0.056519s] [吞吐率：17.69req/s] [内存消耗：4,688.46kb] [文件加载：80]
[ info ] [ LANG ] /www/wwwroot/huanka/thinkphp/lang/zh-cn.php
[ info ] [ ROUTE ] array (
)
[ info ] [ HEADER ] array (
  'host' => 'app.babadao.com',
  'connection' => 'keep-alive',
  'accept' => 'application/json, text/javascript, */*; q=0.01',
  'origin' => 'file://',
  'user-agent' => 'Mozilla/5.0 (Linux; Android 8.0.0; HWI-AL00 Build/HUAWEIHWI-AL00; wv) AppleWebKit/537.36 (KHTML, like Gecko) Version/4.0 Chrome/68.0.3440.91 Mobile Safari/537.36 Html5Plus/1.0 (Immersed/24.0)',
  'accept-encoding' => 'gzip, deflate',
  'accept-language' => 'zh-CN,en-US;q=0.9',
  'x-requested-with' => 'com.bbjf.app',
  'content-type' => 'application/x-www-form-urlencoded; charset=UTF-8',
  'content-length' => '38',
)
[ info ] [ PARAM ] array (
  '/api/my/info' => '',
  'token' => '9e724e7721ee874dece851d347adf372',
)
[ info ] [ DB ] INIT mysql
[ sql ] [ DB ] CONNECT:[ UseTime:0.000437s ] mysql:host=127.0.0.1;port=3306;dbname=babadaohk;charset=utf8
[ sql ] [ SQL ] SHOW COLUMNS FROM `cc_user` [ RunTime:0.001164s ]
[ sql ] [ SQL ] SELECT * FROM `cc_user` WHERE  `user_token` = '9e724e7721ee874dece851d347adf372' LIMIT 1 [ RunTime:0.000539s ]
[ sql ] [ SQL ] SELECT * FROM cc_user as u INNER JOIN `cc_user_type` `t` ON `u`.`user_type_id`=`t`.`type_id` WHERE  `u`.`user_id` = '409' LIMIT 1 [ RunTime:0.000543s ]
---------------------------------------------------------------
[ 2019-01-12T09:05:43+08:00 ] 140.250.239.241 POST app.babadao.com/api/my/index
[运行时间：0.055910s] [吞吐率：17.89req/s] [内存消耗：4,678.84kb] [文件加载：79]
[ info ] [ LANG ] /www/wwwroot/huanka/thinkphp/lang/zh-cn.php
[ info ] [ ROUTE ] array (
)
[ info ] [ HEADER ] array (
  'host' => 'app.babadao.com',
  'connection' => 'keep-alive',
  'accept' => 'application/json, text/javascript, */*; q=0.01',
  'origin' => 'file://',
  'user-agent' => 'Mozilla/5.0 (Linux; Android 8.0.0; HWI-AL00 Build/HUAWEIHWI-AL00; wv) AppleWebKit/537.36 (KHTML, like Gecko) Version/4.0 Chrome/68.0.3440.91 Mobile Safari/537.36 Html5Plus/1.0 (Immersed/24.0)',
  'accept-encoding' => 'gzip, deflate',
  'accept-language' => 'zh-CN,en-US;q=0.9',
  'x-requested-with' => 'com.bbjf.app',
  'content-type' => 'application/x-www-form-urlencoded; charset=UTF-8',
  'content-length' => '38',
)
[ info ] [ PARAM ] array (
  '/api/my/index' => '',
  'token' => '9e724e7721ee874dece851d347adf372',
)
[ info ] [ DB ] INIT mysql
[ sql ] [ DB ] CONNECT:[ UseTime:0.000437s ] mysql:host=127.0.0.1;port=3306;dbname=babadaohk;charset=utf8
[ sql ] [ SQL ] SHOW COLUMNS FROM `cc_user` [ RunTime:0.001175s ]
[ sql ] [ SQL ] SELECT * FROM `cc_user` WHERE  `user_token` = '9e724e7721ee874dece851d347adf372' LIMIT 1 [ RunTime:0.000539s ]
[ sql ] [ SQL ] SHOW COLUMNS FROM `cc_user_card` [ RunTime:0.000887s ]
[ sql ] [ SQL ] SELECT COUNT(*) AS tp_count FROM `cc_user_card` WHERE  `card_uid` = 409  AND `card_type` = 1  AND `card_blocked` = 0 ORDER BY `card_state` DESC LIMIT 1 [ RunTime:0.000395s ]
---------------------------------------------------------------
[ 2019-01-12T09:05:45+08:00 ] 140.250.239.241 POST app.babadao.com/api/my/info
[运行时间：0.088445s] [吞吐率：11.31req/s] [内存消耗：4,688.46kb] [文件加载：80]
[ info ] [ LANG ] /www/wwwroot/huanka/thinkphp/lang/zh-cn.php
[ info ] [ ROUTE ] array (
)
[ info ] [ HEADER ] array (
  'host' => 'app.babadao.com',
  'connection' => 'keep-alive',
  'accept' => 'application/json, text/javascript, */*; q=0.01',
  'origin' => 'file://',
  'user-agent' => 'Mozilla/5.0 (Linux; Android 8.0.0; HWI-AL00 Build/HUAWEIHWI-AL00; wv) AppleWebKit/537.36 (KHTML, like Gecko) Version/4.0 Chrome/68.0.3440.91 Mobile Safari/537.36 Html5Plus/1.0 (Immersed/24.0)',
  'accept-encoding' => 'gzip, deflate',
  'accept-language' => 'zh-CN,en-US;q=0.9',
  'x-requested-with' => 'com.bbjf.app',
  'content-type' => 'application/x-www-form-urlencoded; charset=UTF-8',
  'content-length' => '38',
)
[ info ] [ PARAM ] array (
  '/api/my/info' => '',
  'token' => '9e724e7721ee874dece851d347adf372',
)
[ info ] [ DB ] INIT mysql
[ sql ] [ DB ] CONNECT:[ UseTime:0.002939s ] mysql:host=127.0.0.1;port=3306;dbname=babadaohk;charset=utf8
[ sql ] [ SQL ] SHOW COLUMNS FROM `cc_user` [ RunTime:0.000993s ]
[ sql ] [ SQL ] SELECT * FROM `cc_user` WHERE  `user_token` = '9e724e7721ee874dece851d347adf372' LIMIT 1 [ RunTime:0.000498s ]
[ sql ] [ SQL ] SELECT * FROM cc_user as u INNER JOIN `cc_user_type` `t` ON `u`.`user_type_id`=`t`.`type_id` WHERE  `u`.`user_id` = '409' LIMIT 1 [ RunTime:0.000570s ]
---------------------------------------------------------------
[ 2019-01-12T09:05:45+08:00 ] 140.250.239.241 POST app.babadao.com/api/repayment/membergetchannel
[运行时间：0.074767s] [吞吐率：13.37req/s] [内存消耗：4,712.61kb] [文件加载：79]
[ info ] [ LANG ] /www/wwwroot/huanka/thinkphp/lang/zh-cn.php
[ info ] [ ROUTE ] array (
)
[ info ] [ HEADER ] array (
  'host' => 'app.babadao.com',
  'connection' => 'keep-alive',
  'accept' => 'application/json, text/javascript, */*; q=0.01',
  'origin' => 'file://',
  'user-agent' => 'Mozilla/5.0 (Linux; Android 8.0.0; HWI-AL00 Build/HUAWEIHWI-AL00; wv) AppleWebKit/537.36 (KHTML, like Gecko) Version/4.0 Chrome/68.0.3440.91 Mobile Safari/537.36 Html5Plus/1.0 (Immersed/24.0)',
  'accept-encoding' => 'gzip, deflate',
  'accept-language' => 'zh-CN,en-US;q=0.9',
  'x-requested-with' => 'com.bbjf.app',
  'content-type' => 'application/x-www-form-urlencoded; charset=UTF-8',
  'content-length' => '38',
)
[ info ] [ PARAM ] array (
  '/api/repayment/membergetchannel' => '',
  'token' => '9e724e7721ee874dece851d347adf372',
)
[ info ] [ DB ] INIT mysql
[ sql ] [ DB ] CONNECT:[ UseTime:0.000449s ] mysql:host=127.0.0.1;port=3306;dbname=babadaohk;charset=utf8
[ sql ] [ SQL ] SHOW COLUMNS FROM `cc_user` [ RunTime:0.001218s ]
[ sql ] [ SQL ] SELECT * FROM `cc_user` WHERE  `user_token` = '9e724e7721ee874dece851d347adf372' LIMIT 1 [ RunTime:0.000568s ]
[ sql ] [ SQL ] SHOW COLUMNS FROM `cc_payment_channel` [ RunTime:0.000754s ]
[ sql ] [ SQL ] SELECT * FROM `cc_payment_channel` WHERE  `channel_use` = 1 [ RunTime:0.000309s ]
[ sql ] [ SQL ] SHOW COLUMNS FROM `cc_payment` [ RunTime:0.000992s ]
[ sql ] [ SQL ] SELECT * FROM `cc_payment` WHERE  `payment_channel_id` = 1  AND `payment_type` = 4  AND `payment_use` = 1 LIMIT 1 [ RunTime:0.008064s ]
[ sql ] [ SQL ] SELECT * FROM `cc_payment` WHERE  `payment_channel_id` = 2  AND `payment_type` = 4  AND `payment_use` = 1 LIMIT 1 [ RunTime:0.000492s ]
[ sql ] [ SQL ] SELECT * FROM `cc_payment` WHERE  `payment_channel_id` = 3  AND `payment_type` = 4  AND `payment_use` = 1 LIMIT 1 [ RunTime:0.000476s ]
---------------------------------------------------------------
[ 2019-01-12T09:05:45+08:00 ] 140.250.239.241 POST app.babadao.com/api/my/Membership
[运行时间：0.082252s] [吞吐率：12.16req/s] [内存消耗：4,762.57kb] [文件加载：83]
[ info ] [ LANG ] /www/wwwroot/huanka/thinkphp/lang/zh-cn.php
[ info ] [ ROUTE ] array (
)
[ info ] [ HEADER ] array (
  'host' => 'app.babadao.com',
  'connection' => 'keep-alive',
  'accept' => 'application/json, text/javascript, */*; q=0.01',
  'origin' => 'file://',
  'user-agent' => 'Mozilla/5.0 (Linux; Android 8.0.0; HWI-AL00 Build/HUAWEIHWI-AL00; wv) AppleWebKit/537.36 (KHTML, like Gecko) Version/4.0 Chrome/68.0.3440.91 Mobile Safari/537.36 Html5Plus/1.0 (Immersed/24.0)',
  'accept-encoding' => 'gzip, deflate',
  'accept-language' => 'zh-CN,en-US;q=0.9',
  'x-requested-with' => 'com.bbjf.app',
  'content-type' => 'application/x-www-form-urlencoded; charset=UTF-8',
  'content-length' => '38',
)
[ info ] [ PARAM ] array (
  '/api/my/Membership' => '',
  'token' => '9e724e7721ee874dece851d347adf372',
)
[ info ] [ DB ] INIT mysql
[ sql ] [ DB ] CONNECT:[ UseTime:0.000405s ] mysql:host=127.0.0.1;port=3306;dbname=babadaohk;charset=utf8
[ sql ] [ SQL ] SHOW COLUMNS FROM `cc_user` [ RunTime:0.000819s ]
[ sql ] [ SQL ] SELECT * FROM `cc_user` WHERE  `user_token` = '9e724e7721ee874dece851d347adf372' LIMIT 1 [ RunTime:0.000472s ]
[ sql ] [ SQL ] SHOW COLUMNS FROM `cc_user_type` [ RunTime:0.000567s ]
[ sql ] [ SQL ] SELECT * FROM cc_user_type as u INNER JOIN `cc_rate` `r` ON `u`.`type_id`=`r`.`rate_type_id` WHERE  `u`.`type_state` = '0' [ RunTime:0.000403s ]
[ error ] [8]未定义变量: val[/www/wwwroot/huanka/application/api/controller/My.php:1452]
[ error ] [8]未定义变量: val[/www/wwwroot/huanka/application/api/controller/My.php:1453]
[ error ] [8]未定义变量: val[/www/wwwroot/huanka/application/api/controller/My.php:1514]
[ error ] [8]未定义变量: val[/www/wwwroot/huanka/application/api/controller/My.php:1541]
[ error ] [8]未定义数组索引: rate_type[/www/wwwroot/huanka/application/api/controller/My.php:1574]
[ error ] [8]未定义数组索引: rate_type[/www/wwwroot/huanka/application/api/controller/My.php:1578]
[ error ] [8]未定义变量: val[/www/wwwroot/huanka/application/api/controller/My.php:1452]
[ error ] [8]未定义变量: val[/www/wwwroot/huanka/application/api/controller/My.php:1453]
[ error ] [8]未定义变量: val[/www/wwwroot/huanka/application/api/controller/My.php:1514]
[ error ] [8]未定义变量: val[/www/wwwroot/huanka/application/api/controller/My.php:1541]
[ error ] [8]未定义数组索引: rate_type[/www/wwwroot/huanka/application/api/controller/My.php:1574]
[ error ] [8]未定义数组索引: rate_type[/www/wwwroot/huanka/application/api/controller/My.php:1578]
---------------------------------------------------------------
[ 2019-01-12T09:05:47+08:00 ] 140.250.239.241 POST app.babadao.com/api/payrecords/memberupgrade
[运行时间：0.300629s] [吞吐率：3.33req/s] [内存消耗：4,875.34kb] [文件加载：82]
[ info ] [ LANG ] /www/wwwroot/huanka/thinkphp/lang/zh-cn.php
[ info ] [ ROUTE ] array (
)
[ info ] [ HEADER ] array (
  'host' => 'app.babadao.com',
  'connection' => 'keep-alive',
  'accept' => 'application/json, text/javascript, */*; q=0.01',
  'origin' => 'file://',
  'user-agent' => 'Mozilla/5.0 (Linux; Android 8.0.0; HWI-AL00 Build/HUAWEIHWI-AL00; wv) AppleWebKit/537.36 (KHTML, like Gecko) Version/4.0 Chrome/68.0.3440.91 Mobile Safari/537.36 Html5Plus/1.0 (Immersed/24.0)',
  'accept-encoding' => 'gzip, deflate',
  'accept-language' => 'zh-CN,en-US;q=0.9',
  'x-requested-with' => 'com.bbjf.app',
  'content-type' => 'application/x-www-form-urlencoded; charset=UTF-8',
  'content-length' => '73',
)
[ info ] [ PARAM ] array (
  '/api/payrecords/memberupgrade' => '',
  'token' => '9e724e7721ee874dece851d347adf372',
  'price' => '99.00',
  'chennel_id' => '3',
  'type_id' => '2',
)
[ info ] [ DB ] INIT mysql
[ sql ] [ DB ] CONNECT:[ UseTime:0.000448s ] mysql:host=127.0.0.1;port=3306;dbname=babadaohk;charset=utf8
[ sql ] [ SQL ] SHOW COLUMNS FROM `cc_user` [ RunTime:0.000937s ]
[ sql ] [ SQL ] SELECT * FROM `cc_user` WHERE  `user_token` = '9e724e7721ee874dece851d347adf372' LIMIT 1 [ RunTime:0.000464s ]
[ sql ] [ SQL ] SHOW COLUMNS FROM `cc_user_type` [ RunTime:0.000556s ]
[ sql ] [ SQL ] SELECT * FROM `cc_user_type` WHERE  `type_id` = 2 LIMIT 1 [ RunTime:0.000318s ]
[ sql ] [ SQL ] SHOW COLUMNS FROM `cc_payment` [ RunTime:0.000654s ]
[ sql ] [ SQL ] SELECT * FROM `cc_payment` WHERE  `payment_type` = 4  AND `payment_use` = 1  AND `payment_channel_id` = 3 LIMIT 1 [ RunTime:0.000422s ]
[ sql ] [ SQL ] SHOW COLUMNS FROM `cc_pay_upgrade` [ RunTime:0.000587s ]
[ sql ] [ SQL ] INSERT INTO `cc_pay_upgrade` (`upgrade_uid` , `upgrade_pay_id` , `upgrade_form_no` , `upgrade_money` , `upgrade_type_id` , `upgrade_state` , `upgrade_time`) VALUES (409 , 5 , '40977511547255146' , 99 , 2 , 0 , 1547255146) [ RunTime:0.000360s ]
[ sql ] [ SQL ] SELECT * FROM `cc_pay_upgrade` WHERE  `upgrade_form_no` = '40977511547255146'  AND `upgrade_state` = 0 LIMIT 1 [ RunTime:0.000401s ]
[ sql ] [ SQL ] SELECT * FROM `cc_payment` WHERE  `payment_id` = 5 LIMIT 1 [ RunTime:0.000374s ]
---------------------------------------------------------------
[ 2019-01-12T09:05:51+08:00 ] 140.250.239.241 POST app.babadao.com/api/my/info
[运行时间：0.046412s] [吞吐率：21.55req/s] [内存消耗：4,688.46kb] [文件加载：80]
[ info ] [ LANG ] /www/wwwroot/huanka/thinkphp/lang/zh-cn.php
[ info ] [ ROUTE ] array (
)
[ info ] [ HEADER ] array (
  'host' => 'app.babadao.com',
  'connection' => 'keep-alive',
  'accept' => 'application/json, text/javascript, */*; q=0.01',
  'origin' => 'file://',
  'user-agent' => 'Mozilla/5.0 (Linux; Android 8.0.0; HWI-AL00 Build/HUAWEIHWI-AL00; wv) AppleWebKit/537.36 (KHTML, like Gecko) Version/4.0 Chrome/68.0.3440.91 Mobile Safari/537.36 Html5Plus/1.0 (Immersed/24.0)',
  'accept-encoding' => 'gzip, deflate',
  'accept-language' => 'zh-CN,en-US;q=0.9',
  'x-requested-with' => 'com.bbjf.app',
  'content-type' => 'application/x-www-form-urlencoded; charset=UTF-8',
  'content-length' => '38',
)
[ info ] [ PARAM ] array (
  '/api/my/info' => '',
  'token' => '9e724e7721ee874dece851d347adf372',
)
[ info ] [ DB ] INIT mysql
[ sql ] [ DB ] CONNECT:[ UseTime:0.000434s ] mysql:host=127.0.0.1;port=3306;dbname=babadaohk;charset=utf8
[ sql ] [ SQL ] SHOW COLUMNS FROM `cc_user` [ RunTime:0.001215s ]
[ sql ] [ SQL ] SELECT * FROM `cc_user` WHERE  `user_token` = '9e724e7721ee874dece851d347adf372' LIMIT 1 [ RunTime:0.000555s ]
[ sql ] [ SQL ] SELECT * FROM cc_user as u INNER JOIN `cc_user_type` `t` ON `u`.`user_type_id`=`t`.`type_id` WHERE  `u`.`user_id` = '409' LIMIT 1 [ RunTime:0.000532s ]
---------------------------------------------------------------
[ 2019-01-12T09:05:51+08:00 ] 140.250.239.241 POST app.babadao.com/api/my/index
[运行时间：0.045328s] [吞吐率：22.06req/s] [内存消耗：4,678.84kb] [文件加载：79]
[ info ] [ LANG ] /www/wwwroot/huanka/thinkphp/lang/zh-cn.php
[ info ] [ ROUTE ] array (
)
[ info ] [ HEADER ] array (
  'host' => 'app.babadao.com',
  'connection' => 'keep-alive',
  'accept' => 'application/json, text/javascript, */*; q=0.01',
  'origin' => 'file://',
  'user-agent' => 'Mozilla/5.0 (Linux; Android 8.0.0; HWI-AL00 Build/HUAWEIHWI-AL00; wv) AppleWebKit/537.36 (KHTML, like Gecko) Version/4.0 Chrome/68.0.3440.91 Mobile Safari/537.36 Html5Plus/1.0 (Immersed/24.0)',
  'accept-encoding' => 'gzip, deflate',
  'accept-language' => 'zh-CN,en-US;q=0.9',
  'x-requested-with' => 'com.bbjf.app',
  'content-type' => 'application/x-www-form-urlencoded; charset=UTF-8',
  'content-length' => '38',
)
[ info ] [ PARAM ] array (
  '/api/my/index' => '',
  'token' => '9e724e7721ee874dece851d347adf372',
)
[ info ] [ DB ] INIT mysql
[ sql ] [ DB ] CONNECT:[ UseTime:0.000374s ] mysql:host=127.0.0.1;port=3306;dbname=babadaohk;charset=utf8
[ sql ] [ SQL ] SHOW COLUMNS FROM `cc_user` [ RunTime:0.000820s ]
[ sql ] [ SQL ] SELECT * FROM `cc_user` WHERE  `user_token` = '9e724e7721ee874dece851d347adf372' LIMIT 1 [ RunTime:0.000444s ]
[ sql ] [ SQL ] SHOW COLUMNS FROM `cc_user_card` [ RunTime:0.000657s ]
[ sql ] [ SQL ] SELECT COUNT(*) AS tp_count FROM `cc_user_card` WHERE  `card_uid` = 409  AND `card_type` = 1  AND `card_blocked` = 0 ORDER BY `card_state` DESC LIMIT 1 [ RunTime:0.000354s ]
---------------------------------------------------------------
[ 2019-01-12T11:46:56+08:00 ] 120.77.213.254 GET app.babadao.com/
[运行时间：0.024655s] [吞吐率：40.56req/s] [内存消耗：3,083.69kb] [文件加载：77]
[ info ] [ LANG ] /www/wwwroot/huanka/thinkphp/lang/zh-cn.php
[ info ] [ ROUTE ] array (
)
[ info ] [ HEADER ] array (
  'user-agent' => 'Mozilla/5.0 (Linux; Android 4.1.1; Nexus 7 Build/JRO03D))',
  'host' => 'app.babadao.com',
  'accept' => 'text/html, image/gif, image/jpeg, *; q=.2, */*; q=.2',
  'connection' => 'keep-alive',
)
[ info ] [ PARAM ] array (
)
[ info ] [ VIEW ] ../Theme/index/index/register.html [ array (
  0 => 'id',
) ]
---------------------------------------------------------------
[ 2019-01-12T12:37:59+08:00 ] 47.97.216.82 GET app.babadao.com/
[运行时间：0.025113s] [吞吐率：39.82req/s] [内存消耗：3,083.69kb] [文件加载：77]
[ info ] [ LANG ] /www/wwwroot/huanka/thinkphp/lang/zh-cn.php
[ info ] [ ROUTE ] array (
)
[ info ] [ HEADER ] array (
  'user-agent' => 'Mozilla/5.0 (Linux; Android 4.1.1; Nexus 7 Build/JRO03D))',
  'host' => 'app.babadao.com',
  'accept' => 'text/html, image/gif, image/jpeg, *; q=.2, */*; q=.2',
  'connection' => 'keep-alive',
)
[ info ] [ PARAM ] array (
)
[ info ] [ VIEW ] ../Theme/index/index/register.html [ array (
  0 => 'id',
) ]
---------------------------------------------------------------
[ 2019-01-12T14:17:03+08:00 ] 182.46.204.121 GET app.babadao.com/_login_ba
[运行时间：0.025298s] [吞吐率：39.53req/s] [内存消耗：3,055.75kb] [文件加载：76]
[ info ] [ LANG ] /www/wwwroot/huanka/thinkphp/lang/zh-cn.php
[ info ] [ ROUTE ] array (
  'rule' => '_login_ba',
  'route' => 'Admin/Main/login',
  'option' => 
  array (
    'merge_rule_regex' => false,
  ),
  'var' => 
  array (
  ),
)
[ info ] [ HEADER ] array (
  'host' => 'app.babadao.com',
  'connection' => 'keep-alive',
  'upgrade-insecure-requests' => '1',
  'user-agent' => 'Mozilla/5.0 (Windows NT 10.0; Win64; x64) AppleWebKit/537.36 (KHTML, like Gecko) Chrome/71.0.3578.98 Safari/537.36',
  'accept' => 'text/html,application/xhtml+xml,application/xml;q=0.9,image/webp,image/apng,*/*;q=0.8',
  'accept-encoding' => 'gzip, deflate',
  'accept-language' => 'zh-CN,zh;q=0.9',
)
[ info ] [ PARAM ] array (
  '/_login_ba' => '',
)
[ info ] [ VIEW ] ../Theme/adminsys/main/login.html [ array (
  0 => 'config',
) ]
---------------------------------------------------------------
[ 2019-01-12T14:17:04+08:00 ] 182.46.204.121 GET app.babadao.com/captcha.html
[运行时间：0.024993s] [吞吐率：40.01req/s] [内存消耗：2,393.76kb] [文件加载：61]
[ info ] [ LANG ] /www/wwwroot/huanka/thinkphp/lang/zh-cn.php
[ info ] [ ROUTE ] array (
  'rule' => 'captcha/<id?>',
  'route' => '\\think\\captcha\\CaptchaController@index',
  'option' => 
  array (
    'merge_rule_regex' => false,
  ),
  'var' => 
  array (
  ),
)
[ info ] [ HEADER ] array (
  'host' => 'app.babadao.com',
  'connection' => 'keep-alive',
  'user-agent' => 'Mozilla/5.0 (Windows NT 10.0; Win64; x64) AppleWebKit/537.36 (KHTML, like Gecko) Chrome/71.0.3578.98 Safari/537.36',
  'accept' => 'image/webp,image/apng,image/*,*/*;q=0.8',
  'referer' => 'http://app.babadao.com/_login_ba',
  'accept-encoding' => 'gzip, deflate',
  'accept-language' => 'zh-CN,zh;q=0.9',
  'cookie' => 'PHPSESSID=fi2t6t0er3s9thd3q09dpc6ip4',
)
[ info ] [ PARAM ] array (
  '/captcha_html' => '',
)
---------------------------------------------------------------
[ 2019-01-12T14:17:04+08:00 ] 182.46.204.121 GET app.babadao.com/static/admin/images/loginsj.png
[运行时间：0.023316s] [吞吐率：42.89req/s] [内存消耗：2,416.07kb] [文件加载：61]
[ info ] [ LANG ] /www/wwwroot/huanka/thinkphp/lang/zh-cn.php
