---------------------------------------------------------------
[ 2019-01-17T09:33:52+08:00 ] 223.104.107.129 POST app.babadao.com/api/my/info
[运行时间：0.026008s] [吞吐率：38.45req/s] [内存消耗：3,348.56kb] [文件加载：72]
[ info ] [ LANG ] /www/wwwroot/huanka/thinkphp/lang/zh-cn.php
[ info ] [ ROUTE ] array (
)
[ info ] [ HEADER ] array (
  'host' => 'app.babadao.com',
  'origin' => 'file://',
  'cookie' => 'Hm_lvt_eb4073c51838ac84ef6048bff63869ca=1547633027',
  'connection' => 'keep-alive',
  'accept' => 'application/json, text/javascript, */*; q=0.01',
  'user-agent' => 'Mozilla/5.0 (iPhone; CPU iPhone OS 12_1_2 like Mac OS X) AppleWebKit/605.1.15 (KHTML, like Gecko) Mobile/16C101 Html5Plus/1.0 (Immersed/20)',
  'accept-language' => 'zh-cn',
  'accept-encoding' => 'gzip, deflate',
  'content-type' => 'application/x-www-form-urlencoded; charset=UTF-8',
  'content-length' => '6',
)
[ info ] [ PARAM ] array (
  '/api/my/info' => '',
  'token' => '',
)
---------------------------------------------------------------
[ 2019-01-17T09:33:52+08:00 ] 223.104.107.129 POST app.babadao.com/api/Common/version
[运行时间：0.033675s] [吞吐率：29.70req/s] [内存消耗：4,256.82kb] [文件加载：78]
[ info ] [ LANG ] /www/wwwroot/huanka/thinkphp/lang/zh-cn.php
[ info ] [ ROUTE ] array (
)
[ info ] [ HEADER ] array (
  'host' => 'app.babadao.com',
  'origin' => 'file://',
  'cookie' => 'Hm_lvt_eb4073c51838ac84ef6048bff63869ca=1547633027',
  'connection' => 'keep-alive',
  'accept' => '*/*',
  'user-agent' => 'Mozilla/5.0 (iPhone; CPU iPhone OS 12_1_2 like Mac OS X) AppleWebKit/605.1.15 (KHTML, like Gecko) Mobile/16C101 Html5Plus/1.0 (Immersed/20)',
  'accept-language' => 'zh-cn',
  'accept-encoding' => 'gzip, deflate',
  'x-requested-with' => 'XMLHttpRequest',
  'content-type' => 'application/x-www-form-urlencoded',
  'content-length' => '20',
)
[ info ] [ PARAM ] array (
  '/api/Common/version' => '',
  'os' => 'ios',
  'version' => '1.0.1',
)
[ info ] [ DB ] INIT mysql
[ sql ] [ DB ] CONNECT:[ UseTime:0.000426s ] mysql:host=127.0.0.1;port=3306;dbname=babadaohk;charset=utf8
[ sql ] [ SQL ] SHOW COLUMNS FROM `cc_app_versions` [ RunTime:0.000726s ]
[ sql ] [ SQL ] SELECT * FROM `cc_app_versions` ORDER BY `app_id` DESC LIMIT 1 [ RunTime:0.000321s ]
---------------------------------------------------------------
[ 2019-01-17T09:33:52+08:00 ] 223.104.107.129 POST app.babadao.com/api/My/article
[运行时间：0.084174s] [吞吐率：11.88req/s] [内存消耗：3,349.04kb] [文件加载：72]
[ info ] [ LANG ] /www/wwwroot/huanka/thinkphp/lang/zh-cn.php
[ info ] [ ROUTE ] array (
)
[ info ] [ HEADER ] array (
  'host' => 'app.babadao.com',
  'origin' => 'file://',
  'cookie' => 'Hm_lvt_eb4073c51838ac84ef6048bff63869ca=1547633027',
  'connection' => 'keep-alive',
  'accept' => 'application/json, text/javascript, */*; q=0.01',
  'user-agent' => 'Mozilla/5.0 (iPhone; CPU iPhone OS 12_1_2 like Mac OS X) AppleWebKit/605.1.15 (KHTML, like Gecko) Mobile/16C101 Html5Plus/1.0 (Immersed/20)',
  'accept-language' => 'zh-cn',
  'accept-encoding' => 'gzip, deflate',
  'content-type' => 'application/x-www-form-urlencoded; charset=UTF-8',
  'content-length' => '20',
)
[ info ] [ PARAM ] array (
  '/api/My/article' => '',
  'token' => '',
  'type' => '1',
  'page' => '1',
)
---------------------------------------------------------------
[ 2019-01-17T09:33:52+08:00 ] 223.104.107.129 POST app.babadao.com/api/Message/getnumber
[运行时间：0.080587s] [吞吐率：12.41req/s] [内存消耗：3,010.55kb] [文件加载：72]
[ info ] [ LANG ] /www/wwwroot/huanka/thinkphp/lang/zh-cn.php
[ info ] [ ROUTE ] array (
)
[ info ] [ HEADER ] array (
  'host' => 'app.babadao.com',
  'origin' => 'file://',
  'cookie' => 'Hm_lvt_eb4073c51838ac84ef6048bff63869ca=1547633027',
  'connection' => 'keep-alive',
  'accept' => 'application/json, text/javascript, */*; q=0.01',
  'user-agent' => 'Mozilla/5.0 (iPhone; CPU iPhone OS 12_1_2 like Mac OS X) AppleWebKit/605.1.15 (KHTML, like Gecko) Mobile/16C101 Html5Plus/1.0 (Immersed/20)',
  'accept-language' => 'zh-cn',
  'accept-encoding' => 'gzip, deflate',
  'content-type' => 'application/x-www-form-urlencoded; charset=UTF-8',
  'content-length' => '6',
)
[ info ] [ PARAM ] array (
  '/api/Message/getnumber' => '',
  'token' => '',
)
---------------------------------------------------------------
[ 2019-01-17T09:33:52+08:00 ] 223.104.107.129 POST app.babadao.com/api/my/info
[运行时间：0.077804s] [吞吐率：12.85req/s] [内存消耗：3,348.57kb] [文件加载：72]
[ info ] [ LANG ] /www/wwwroot/huanka/thinkphp/lang/zh-cn.php
[ info ] [ ROUTE ] array (
)
[ info ] [ HEADER ] array (
  'host' => 'app.babadao.com',
  'origin' => 'file://',
  'cookie' => 'Hm_lvt_eb4073c51838ac84ef6048bff63869ca=1547633027',
  'connection' => 'keep-alive',
  'accept' => 'application/json, text/javascript, */*; q=0.01',
  'user-agent' => 'Mozilla/5.0 (iPhone; CPU iPhone OS 12_1_2 like Mac OS X) AppleWebKit/605.1.15 (KHTML, like Gecko) Mobile/16C101 Html5Plus/1.0 (Immersed/20)',
  'accept-language' => 'zh-cn',
  'accept-encoding' => 'gzip, deflate',
  'content-type' => 'application/x-www-form-urlencoded; charset=UTF-8',
  'content-length' => '6',
)
[ info ] [ PARAM ] array (
  '/api/my/info' => '',
  'token' => '',
)
---------------------------------------------------------------
[ 2019-01-17T09:33:52+08:00 ] 223.104.107.129 GET app.babadao.com/api/Img/index?type=2
[运行时间：0.091272s] [吞吐率：10.96req/s] [内存消耗：4,244.90kb] [文件加载：78]
[ info ] [ LANG ] /www/wwwroot/huanka/thinkphp/lang/zh-cn.php
[ info ] [ ROUTE ] array (
)
[ info ] [ HEADER ] array (
  'host' => 'app.babadao.com',
  'accept' => 'application/json, text/javascript, */*; q=0.01',
  'cookie' => 'Hm_lvt_eb4073c51838ac84ef6048bff63869ca=1547633027',
  'user-agent' => 'Mozilla/5.0 (iPhone; CPU iPhone OS 12_1_2 like Mac OS X) AppleWebKit/605.1.15 (KHTML, like Gecko) Mobile/16C101 Html5Plus/1.0 (Immersed/20)',
  'accept-language' => 'zh-cn',
  'accept-encoding' => 'gzip, deflate',
  'connection' => 'keep-alive',
)
[ info ] [ PARAM ] array (
  '/api/Img/index' => '',
  'type' => '2',
)
[ info ] [ DB ] INIT mysql
[ sql ] [ DB ] CONNECT:[ UseTime:0.000391s ] mysql:host=127.0.0.1;port=3306;dbname=babadaohk;charset=utf8
[ sql ] [ SQL ] SHOW COLUMNS FROM `cc_img` [ RunTime:0.000728s ]
[ sql ] [ SQL ] SELECT * FROM `cc_img` WHERE  `img_start_switch` = 1  AND `img_type` = 2 ORDER BY `img_sort` ASC [ RunTime:0.000416s ]
---------------------------------------------------------------
[ 2019-01-17T09:33:53+08:00 ] 223.104.107.129 POST app.babadao.com/api/my/index
[运行时间：0.025092s] [吞吐率：39.85req/s] [内存消耗：3,348.49kb] [文件加载：72]
[ info ] [ LANG ] /www/wwwroot/huanka/thinkphp/lang/zh-cn.php
[ info ] [ ROUTE ] array (
)
[ info ] [ HEADER ] array (
  'host' => 'app.babadao.com',
  'origin' => 'file://',
  'cookie' => 'Hm_lvt_eb4073c51838ac84ef6048bff63869ca=1547633027',
  'connection' => 'keep-alive',
  'accept' => 'application/json, text/javascript, */*; q=0.01',
  'user-agent' => 'Mozilla/5.0 (iPhone; CPU iPhone OS 12_1_2 like Mac OS X) AppleWebKit/605.1.15 (KHTML, like Gecko) Mobile/16C101 Html5Plus/1.0 (Immersed/20)',
  'accept-language' => 'zh-cn',
  'cache-control' => 'max-age=0',
  'accept-encoding' => 'gzip, deflate',
  'content-type' => 'application/x-www-form-urlencoded; charset=UTF-8',
  'content-length' => '6',
)
[ info ] [ PARAM ] array (
  '/api/my/index' => '',
  'token' => '',
)
---------------------------------------------------------------
[ 2019-01-17T09:33:53+08:00 ] 223.104.107.129 GET app.babadao.com/api/Bank_Apply/getBank?_=1547688832311
[运行时间：0.330309s] [吞吐率：3.03req/s] [内存消耗：4,407.83kb] [文件加载：82]
[ info ] [ LANG ] /www/wwwroot/huanka/thinkphp/lang/zh-cn.php
[ info ] [ ROUTE ] array (
)
[ info ] [ HEADER ] array (
  'host' => 'app.babadao.com',
  'accept' => '*/*',
  'cookie' => 'Hm_lvt_eb4073c51838ac84ef6048bff63869ca=1547633027',
  'user-agent' => 'Mozilla/5.0 (iPhone; CPU iPhone OS 12_1_2 like Mac OS X) AppleWebKit/605.1.15 (KHTML, like Gecko) Mobile/16C101 Html5Plus/1.0 (Immersed/20)',
  'accept-language' => 'zh-cn',
  'accept-encoding' => 'gzip, deflate',
  'connection' => 'keep-alive',
)
[ info ] [ PARAM ] array (
  '/api/Bank_Apply/getBank' => '',
  '_' => '1547688832311',
)
[ info ] [ DB ] INIT mysql
[ sql ] [ DB ] CONNECT:[ UseTime:0.000453s ] mysql:host=127.0.0.1;port=3306;dbname=babadaohk;charset=utf8
[ sql ] [ SQL ] SHOW COLUMNS FROM `cc_bank_apply` [ RunTime:0.001063s ]
[ sql ] [ SQL ] SELECT * FROM `cc_bank_apply` WHERE  `apply_type` = 1  AND `apply_use` = 1 LIMIT 1 [ RunTime:0.000447s ]
---------------------------------------------------------------
[ 2019-01-17T09:33:53+08:00 ] 223.104.107.129 GET app.babadao.com/api/Bank_Apply/banklist?id=928519625187000320&page=1&_=1547688833231
[运行时间：0.451299s] [吞吐率：2.22req/s] [内存消耗：4,408.74kb] [文件加载：82]
[ info ] [ LANG ] /www/wwwroot/huanka/thinkphp/lang/zh-cn.php
[ info ] [ ROUTE ] array (
)
[ info ] [ HEADER ] array (
  'host' => 'app.babadao.com',
  'accept' => '*/*',
  'cookie' => 'Hm_lvt_eb4073c51838ac84ef6048bff63869ca=1547633027',
  'user-agent' => 'Mozilla/5.0 (iPhone; CPU iPhone OS 12_1_2 like Mac OS X) AppleWebKit/605.1.15 (KHTML, like Gecko) Mobile/16C101 Html5Plus/1.0 (Immersed/20)',
  'accept-language' => 'zh-cn',
  'accept-encoding' => 'gzip, deflate',
  'connection' => 'keep-alive',
)
[ info ] [ PARAM ] array (
  '/api/Bank_Apply/banklist' => '',
  'id' => '928519625187000320',
  'page' => '1',
  '_' => '1547688833231',
)
[ info ] [ DB ] INIT mysql
[ sql ] [ DB ] CONNECT:[ UseTime:0.000423s ] mysql:host=127.0.0.1;port=3306;dbname=babadaohk;charset=utf8
[ sql ] [ SQL ] SHOW COLUMNS FROM `cc_bank_apply` [ RunTime:0.000771s ]
[ sql ] [ SQL ] SELECT * FROM `cc_bank_apply` WHERE  `apply_type` = 1  AND `apply_use` = 1 LIMIT 1 [ RunTime:0.000399s ]
---------------------------------------------------------------
[ 2019-01-17T09:34:13+08:00 ] 223.104.107.129 POST app.babadao.com/api/Main/login
[运行时间：0.039186s] [吞吐率：25.52req/s] [内存消耗：4,353.70kb] [文件加载：78]
[ info ] [ LANG ] /www/wwwroot/huanka/thinkphp/lang/zh-cn.php
[ info ] [ ROUTE ] array (
)
[ info ] [ HEADER ] array (
  'host' => 'app.babadao.com',
  'origin' => 'file://',
  'cookie' => 'Hm_lvt_eb4073c51838ac84ef6048bff63869ca=1547633027',
  'connection' => 'keep-alive',
  'accept' => 'application/json, text/javascript, */*; q=0.01',
  'user-agent' => 'Mozilla/5.0 (iPhone; CPU iPhone OS 12_1_2 like Mac OS X) AppleWebKit/605.1.15 (KHTML, like Gecko) Mobile/16C101 Html5Plus/1.0 (Immersed/20)',
  'accept-language' => 'zh-cn',
  'accept-encoding' => 'gzip, deflate',
  'content-type' => 'application/x-www-form-urlencoded; charset=UTF-8',
  'content-length' => '43',
)
[ info ] [ PARAM ] array (
  '/api/Main/login' => '',
  'phone' => '15737708825',
  'password' => '012508wyw',
  'type' => '2',
)
[ info ] [ DB ] INIT mysql
[ sql ] [ DB ] CONNECT:[ UseTime:0.000458s ] mysql:host=127.0.0.1;port=3306;dbname=babadaohk;charset=utf8
[ sql ] [ SQL ] SHOW COLUMNS FROM `cc_user` [ RunTime:0.000873s ]
[ sql ] [ SQL ] SELECT * FROM `cc_user` WHERE  `user_phone` = '15737708825'  AND `user_state` = 0 LIMIT 1 [ RunTime:0.000595s ]
[ sql ] [ SQL ] UPDATE `cc_user`  SET `user_login_time` = 1547688853 , `user_token` = '0a31b3f0e003eb4663c50ea860a2646f'  WHERE  `user_id` = 408 [ RunTime:0.003189s ]
[ sql ] [ SQL ] SHOW COLUMNS FROM `cc_user_log` [ RunTime:0.000542s ]
[ sql ] [ SQL ] INSERT INTO `cc_user_log` (`log_uid` , `log_ip` , `log_time`) VALUES (408 , '223.104.107.129' , 1547688853) [ RunTime:0.000335s ]
---------------------------------------------------------------
[ 2019-01-17T09:34:13+08:00 ] 223.104.107.129 POST app.babadao.com/api/my/info
[运行时间：0.046192s] [吞吐率：21.65req/s] [内存消耗：4,689.52kb] [文件加载：80]
[ info ] [ LANG ] /www/wwwroot/huanka/thinkphp/lang/zh-cn.php
[ info ] [ ROUTE ] array (
)
[ info ] [ HEADER ] array (
  'host' => 'app.babadao.com',
  'origin' => 'file://',
  'cookie' => 'Hm_lvt_eb4073c51838ac84ef6048bff63869ca=1547633027',
  'connection' => 'keep-alive',
  'accept' => 'application/json, text/javascript, */*; q=0.01',
  'user-agent' => 'Mozilla/5.0 (iPhone; CPU iPhone OS 12_1_2 like Mac OS X) AppleWebKit/605.1.15 (KHTML, like Gecko) Mobile/16C101 Html5Plus/1.0 (Immersed/20)',
  'accept-language' => 'zh-cn',
  'cache-control' => 'max-age=0',
  'accept-encoding' => 'gzip, deflate',
  'content-type' => 'application/x-www-form-urlencoded; charset=UTF-8',
  'content-length' => '38',
)
[ info ] [ PARAM ] array (
  '/api/my/info' => '',
  'token' => '0a31b3f0e003eb4663c50ea860a2646f',
)
[ info ] [ DB ] INIT mysql
[ sql ] [ DB ] CONNECT:[ UseTime:0.000399s ] mysql:host=127.0.0.1;port=3306;dbname=babadaohk;charset=utf8
[ sql ] [ SQL ] SHOW COLUMNS FROM `cc_user` [ RunTime:0.001210s ]
[ sql ] [ SQL ] SELECT * FROM `cc_user` WHERE  `user_token` = '0a31b3f0e003eb4663c50ea860a2646f' LIMIT 1 [ RunTime:0.000566s ]
[ sql ] [ SQL ] SELECT * FROM cc_user as u INNER JOIN `cc_user_type` `t` ON `u`.`user_type_id`=`t`.`type_id` WHERE  `u`.`user_id` = '408' LIMIT 1 [ RunTime:0.000570s ]
---------------------------------------------------------------
[ 2019-01-17T09:34:13+08:00 ] 223.104.107.129 POST app.babadao.com/api/my/index
[运行时间：0.045215s] [吞吐率：22.12req/s] [内存消耗：4,679.55kb] [文件加载：79]
[ info ] [ LANG ] /www/wwwroot/huanka/thinkphp/lang/zh-cn.php
[ info ] [ ROUTE ] array (
)
[ info ] [ HEADER ] array (
  'host' => 'app.babadao.com',
  'origin' => 'file://',
  'cookie' => 'Hm_lvt_eb4073c51838ac84ef6048bff63869ca=1547633027',
  'connection' => 'keep-alive',
  'accept' => 'application/json, text/javascript, */*; q=0.01',
  'user-agent' => 'Mozilla/5.0 (iPhone; CPU iPhone OS 12_1_2 like Mac OS X) AppleWebKit/605.1.15 (KHTML, like Gecko) Mobile/16C101 Html5Plus/1.0 (Immersed/20)',
  'accept-language' => 'zh-cn',
  'cache-control' => 'max-age=0',
  'accept-encoding' => 'gzip, deflate',
  'content-type' => 'application/x-www-form-urlencoded; charset=UTF-8',
  'content-length' => '38',
)
[ info ] [ PARAM ] array (
  '/api/my/index' => '',
  'token' => '0a31b3f0e003eb4663c50ea860a2646f',
)
[ info ] [ DB ] INIT mysql
[ sql ] [ DB ] CONNECT:[ UseTime:0.000376s ] mysql:host=127.0.0.1;port=3306;dbname=babadaohk;charset=utf8
[ sql ] [ SQL ] SHOW COLUMNS FROM `cc_user` [ RunTime:0.000794s ]
[ sql ] [ SQL ] SELECT * FROM `cc_user` WHERE  `user_token` = '0a31b3f0e003eb4663c50ea860a2646f' LIMIT 1 [ RunTime:0.000440s ]
[ sql ] [ SQL ] SHOW COLUMNS FROM `cc_user_card` [ RunTime:0.000598s ]
[ sql ] [ SQL ] SELECT COUNT(*) AS tp_count FROM `cc_user_card` WHERE  `card_uid` = 408  AND `card_type` = 1  AND `card_blocked` = 0 ORDER BY `card_state` DESC LIMIT 1 [ RunTime:0.000349s ]
---------------------------------------------------------------
[ 2019-01-17T09:34:19+08:00 ] 223.104.107.129 POST app.babadao.com/api/my/card_list
[运行时间：0.040311s] [吞吐率：24.81req/s] [内存消耗：4,715.12kb] [文件加载：79]
[ info ] [ LANG ] /www/wwwroot/huanka/thinkphp/lang/zh-cn.php
[ info ] [ ROUTE ] array (
)
[ info ] [ HEADER ] array (
  'host' => 'app.babadao.com',
  'origin' => 'file://',
  'cookie' => 'Hm_lvt_eb4073c51838ac84ef6048bff63869ca=1547633027',
  'connection' => 'keep-alive',
  'accept' => 'application/json, text/javascript, */*; q=0.01',
  'user-agent' => 'Mozilla/5.0 (iPhone; CPU iPhone OS 12_1_2 like Mac OS X) AppleWebKit/605.1.15 (KHTML, like Gecko) Mobile/16C101 Html5Plus/1.0 (Immersed/20)',
  'accept-language' => 'zh-cn',
  'accept-encoding' => 'gzip, deflate',
  'content-type' => 'application/x-www-form-urlencoded; charset=UTF-8',
  'content-length' => '38',
)
[ info ] [ PARAM ] array (
  '/api/my/card_list' => '',
  'token' => '0a31b3f0e003eb4663c50ea860a2646f',
)
[ info ] [ DB ] INIT mysql
[ sql ] [ DB ] CONNECT:[ UseTime:0.000444s ] mysql:host=127.0.0.1;port=3306;dbname=babadaohk;charset=utf8
[ sql ] [ SQL ] SHOW COLUMNS FROM `cc_user` [ RunTime:0.000880s ]
[ sql ] [ SQL ] SELECT * FROM `cc_user` WHERE  `user_token` = '0a31b3f0e003eb4663c50ea860a2646f' LIMIT 1 [ RunTime:0.000503s ]
[ sql ] [ SQL ] SHOW COLUMNS FROM `cc_user_card` [ RunTime:0.000635s ]
[ sql ] [ SQL ] SELECT `card_id`,`card_uid`,`card_bank_id`,`card_no`,`card_repayment_day`,`card_state`,`list_name`,`list_code`,`list_logo` FROM `cc_user_card` `c` LEFT JOIN `cc_bank_list` `b` ON `b`.`list_id`=`c`.`card_bank_id` WHERE  `card_uid` = 408  AND `card_type` = 1  AND `card_blocked` = 0 ORDER BY `card_state` DESC [ RunTime:0.000449s ]
[ sql ] [ SQL ] SHOW COLUMNS FROM `cc_mission` [ RunTime:0.000632s ]
[ sql ] [ SQL ] SELECT * FROM `cc_mission` WHERE  `mission_cid` = 464  AND `mission_state` = 1 ORDER BY `mission_id` DESC LIMIT 1 [ RunTime:0.000401s ]
[ sql ] [ SQL ] SELECT * FROM `cc_mission` WHERE  `mission_cid` = 465  AND `mission_state` = 1 ORDER BY `mission_id` DESC LIMIT 1 [ RunTime:0.000410s ]
[ sql ] [ SQL ] SELECT * FROM `cc_mission` WHERE  `mission_cid` = 466  AND `mission_state` = 1 ORDER BY `mission_id` DESC LIMIT 1 [ RunTime:0.000362s ]
---------------------------------------------------------------
[ 2019-01-17T09:34:22+08:00 ] 223.104.107.129 POST app.babadao.com/api/my/index
[运行时间：0.057249s] [吞吐率：17.47req/s] [内存消耗：4,679.55kb] [文件加载：79]
[ info ] [ LANG ] /www/wwwroot/huanka/thinkphp/lang/zh-cn.php
[ info ] [ ROUTE ] array (
)
[ info ] [ HEADER ] array (
  'host' => 'app.babadao.com',
  'origin' => 'file://',
  'cookie' => 'Hm_lvt_eb4073c51838ac84ef6048bff63869ca=1547633027',
  'connection' => 'keep-alive',
  'accept' => 'application/json, text/javascript, */*; q=0.01',
  'user-agent' => 'Mozilla/5.0 (iPhone; CPU iPhone OS 12_1_2 like Mac OS X) AppleWebKit/605.1.15 (KHTML, like Gecko) Mobile/16C101 Html5Plus/1.0 (Immersed/20)',
  'accept-language' => 'zh-cn',
  'cache-control' => 'max-age=0',
  'accept-encoding' => 'gzip, deflate',
  'content-type' => 'application/x-www-form-urlencoded; charset=UTF-8',
  'content-length' => '38',
)
[ info ] [ PARAM ] array (
  '/api/my/index' => '',
  'token' => '0a31b3f0e003eb4663c50ea860a2646f',
)
[ info ] [ DB ] INIT mysql
[ sql ] [ DB ] CONNECT:[ UseTime:0.000477s ] mysql:host=127.0.0.1;port=3306;dbname=babadaohk;charset=utf8
[ sql ] [ SQL ] SHOW COLUMNS FROM `cc_user` [ RunTime:0.001221s ]
[ sql ] [ SQL ] SELECT * FROM `cc_user` WHERE  `user_token` = '0a31b3f0e003eb4663c50ea860a2646f' LIMIT 1 [ RunTime:0.000546s ]
[ sql ] [ SQL ] SHOW COLUMNS FROM `cc_user_card` [ RunTime:0.000882s ]
[ sql ] [ SQL ] SELECT COUNT(*) AS tp_count FROM `cc_user_card` WHERE  `card_uid` = 408  AND `card_type` = 1  AND `card_blocked` = 0 ORDER BY `card_state` DESC LIMIT 1 [ RunTime:0.000376s ]
---------------------------------------------------------------
[ 2019-01-17T09:34:22+08:00 ] 223.104.107.129 POST app.babadao.com/api/my/info
[运行时间：0.056323s] [吞吐率：17.75req/s] [内存消耗：4,689.52kb] [文件加载：80]
[ info ] [ LANG ] /www/wwwroot/huanka/thinkphp/lang/zh-cn.php
[ info ] [ ROUTE ] array (
)
[ info ] [ HEADER ] array (
  'host' => 'app.babadao.com',
  'origin' => 'file://',
  'cookie' => 'Hm_lvt_eb4073c51838ac84ef6048bff63869ca=1547633027',
  'connection' => 'keep-alive',
  'accept' => 'application/json, text/javascript, */*; q=0.01',
  'user-agent' => 'Mozilla/5.0 (iPhone; CPU iPhone OS 12_1_2 like Mac OS X) AppleWebKit/605.1.15 (KHTML, like Gecko) Mobile/16C101 Html5Plus/1.0 (Immersed/20)',
  'accept-language' => 'zh-cn',
  'cache-control' => 'max-age=0',
  'accept-encoding' => 'gzip, deflate',
  'content-type' => 'application/x-www-form-urlencoded; charset=UTF-8',
  'content-length' => '38',
)
[ info ] [ PARAM ] array (
  '/api/my/info' => '',
  'token' => '0a31b3f0e003eb4663c50ea860a2646f',
)
[ info ] [ DB ] INIT mysql
[ sql ] [ DB ] CONNECT:[ UseTime:0.000303s ] mysql:host=127.0.0.1;port=3306;dbname=babadaohk;charset=utf8
[ sql ] [ SQL ] SHOW COLUMNS FROM `cc_user` [ RunTime:0.000920s ]
[ sql ] [ SQL ] SELECT * FROM `cc_user` WHERE  `user_token` = '0a31b3f0e003eb4663c50ea860a2646f' LIMIT 1 [ RunTime:0.000465s ]
[ sql ] [ SQL ] SELECT * FROM cc_user as u INNER JOIN `cc_user_type` `t` ON `u`.`user_type_id`=`t`.`type_id` WHERE  `u`.`user_id` = '408' LIMIT 1 [ RunTime:0.000522s ]
---------------------------------------------------------------
[ 2019-01-17T09:34:24+08:00 ] 223.104.107.129 POST app.babadao.com/api/my/Membership
[运行时间：0.066173s] [吞吐率：15.11req/s] [内存消耗：4,763.53kb] [文件加载：83]
[ info ] [ LANG ] /www/wwwroot/huanka/thinkphp/lang/zh-cn.php
[ info ] [ ROUTE ] array (
)
[ info ] [ HEADER ] array (
  'host' => 'app.babadao.com',
  'origin' => 'file://',
  'cookie' => 'Hm_lvt_eb4073c51838ac84ef6048bff63869ca=1547633027',
  'connection' => 'keep-alive',
  'accept' => 'application/json, text/javascript, */*; q=0.01',
  'user-agent' => 'Mozilla/5.0 (iPhone; CPU iPhone OS 12_1_2 like Mac OS X) AppleWebKit/605.1.15 (KHTML, like Gecko) Mobile/16C101 Html5Plus/1.0 (Immersed/20)',
  'accept-language' => 'zh-cn',
  'accept-encoding' => 'gzip, deflate',
  'content-type' => 'application/x-www-form-urlencoded; charset=UTF-8',
  'content-length' => '38',
)
[ info ] [ PARAM ] array (
  '/api/my/Membership' => '',
  'token' => '0a31b3f0e003eb4663c50ea860a2646f',
)
[ info ] [ DB ] INIT mysql
[ sql ] [ DB ] CONNECT:[ UseTime:0.006301s ] mysql:host=127.0.0.1;port=3306;dbname=babadaohk;charset=utf8
[ sql ] [ SQL ] SHOW COLUMNS FROM `cc_user` [ RunTime:0.001156s ]
[ sql ] [ SQL ] SELECT * FROM `cc_user` WHERE  `user_token` = '0a31b3f0e003eb4663c50ea860a2646f' LIMIT 1 [ RunTime:0.000535s ]
[ sql ] [ SQL ] SHOW COLUMNS FROM `cc_user_type` [ RunTime:0.000735s ]
[ sql ] [ SQL ] SELECT * FROM cc_user_type as u INNER JOIN `cc_rate` `r` ON `u`.`type_id`=`r`.`rate_type_id` WHERE  `u`.`type_state` = '0' [ RunTime:0.000470s ]
[ error ] [8]未定义变量: val[/www/wwwroot/huanka/application/api/controller/My.php:1452]
[ error ] [8]未定义变量: val[/www/wwwroot/huanka/application/api/controller/My.php:1453]
[ error ] [8]未定义变量: val[/www/wwwroot/huanka/application/api/controller/My.php:1514]
[ error ] [8]未定义变量: val[/www/wwwroot/huanka/application/api/controller/My.php:1541]
[ error ] [8]未定义数组索引: rate_type[/www/wwwroot/huanka/application/api/controller/My.php:1574]
[ error ] [8]未定义数组索引: rate_type[/www/wwwroot/huanka/application/api/controller/My.php:1578]
[ error ] [8]未定义变量: val[/www/wwwroot/huanka/application/api/controller/My.php:1452]
[ error ] [8]未定义变量: val[/www/wwwroot/huanka/application/api/controller/My.php:1453]
[ error ] [8]未定义变量: val[/www/wwwroot/huanka/application/api/controller/My.php:1514]
[ error ] [8]未定义变量: val[/www/wwwroot/huanka/application/api/controller/My.php:1541]
[ error ] [8]未定义数组索引: rate_type[/www/wwwroot/huanka/application/api/controller/My.php:1574]
[ error ] [8]未定义数组索引: rate_type[/www/wwwroot/huanka/application/api/controller/My.php:1578]
---------------------------------------------------------------
[ 2019-01-17T09:34:24+08:00 ] 223.104.107.129 POST app.babadao.com/api/my/info
[运行时间：0.085264s] [吞吐率：11.73req/s] [内存消耗：4,688.97kb] [文件加载：80]
[ info ] [ LANG ] /www/wwwroot/huanka/thinkphp/lang/zh-cn.php
[ info ] [ ROUTE ] array (
)
[ info ] [ HEADER ] array (
  'host' => 'app.babadao.com',
  'origin' => 'file://',
  'cookie' => 'Hm_lvt_eb4073c51838ac84ef6048bff63869ca=1547633027',
  'connection' => 'keep-alive',
  'accept' => 'application/json, text/javascript, */*; q=0.01',
  'user-agent' => 'Mozilla/5.0 (iPhone; CPU iPhone OS 12_1_2 like Mac OS X) AppleWebKit/605.1.15 (KHTML, like Gecko) Mobile/16C101 Html5Plus/1.0 (Immersed/20)',
  'accept-language' => 'zh-cn',
  'accept-encoding' => 'gzip, deflate',
  'content-type' => 'application/x-www-form-urlencoded; charset=UTF-8',
  'content-length' => '38',
)
[ info ] [ PARAM ] array (
  '/api/my/info' => '',
  'token' => '0a31b3f0e003eb4663c50ea860a2646f',
)
[ info ] [ DB ] INIT mysql
[ sql ] [ DB ] CONNECT:[ UseTime:0.000416s ] mysql:host=127.0.0.1;port=3306;dbname=babadaohk;charset=utf8
[ sql ] [ SQL ] SHOW COLUMNS FROM `cc_user` [ RunTime:0.001169s ]
[ sql ] [ SQL ] SELECT * FROM `cc_user` WHERE  `user_token` = '0a31b3f0e003eb4663c50ea860a2646f' LIMIT 1 [ RunTime:0.000548s ]
[ sql ] [ SQL ] SELECT * FROM cc_user as u INNER JOIN `cc_user_type` `t` ON `u`.`user_type_id`=`t`.`type_id` WHERE  `u`.`user_id` = '408' LIMIT 1 [ RunTime:0.000562s ]
---------------------------------------------------------------
[ 2019-01-17T09:34:24+08:00 ] 223.104.107.129 POST app.babadao.com/api/repayment/membergetchannel
[运行时间：0.101065s] [吞吐率：9.89req/s] [内存消耗：4,711.45kb] [文件加载：79]
[ info ] [ LANG ] /www/wwwroot/huanka/thinkphp/lang/zh-cn.php
[ info ] [ ROUTE ] array (
)
[ info ] [ HEADER ] array (
  'host' => 'app.babadao.com',
  'origin' => 'file://',
  'cookie' => 'Hm_lvt_eb4073c51838ac84ef6048bff63869ca=1547633027',
  'connection' => 'keep-alive',
  'accept' => 'application/json, text/javascript, */*; q=0.01',
  'user-agent' => 'Mozilla/5.0 (iPhone; CPU iPhone OS 12_1_2 like Mac OS X) AppleWebKit/605.1.15 (KHTML, like Gecko) Mobile/16C101 Html5Plus/1.0 (Immersed/20)',
  'accept-language' => 'zh-cn',
  'accept-encoding' => 'gzip, deflate',
  'content-type' => 'application/x-www-form-urlencoded; charset=UTF-8',
  'content-length' => '38',
)
[ info ] [ PARAM ] array (
  '/api/repayment/membergetchannel' => '',
  'token' => '0a31b3f0e003eb4663c50ea860a2646f',
)
[ info ] [ DB ] INIT mysql
[ sql ] [ DB ] CONNECT:[ UseTime:0.000389s ] mysql:host=127.0.0.1;port=3306;dbname=babadaohk;charset=utf8
[ sql ] [ SQL ] SHOW COLUMNS FROM `cc_user` [ RunTime:0.000732s ]
[ sql ] [ SQL ] SELECT * FROM `cc_user` WHERE  `user_token` = '0a31b3f0e003eb4663c50ea860a2646f' LIMIT 1 [ RunTime:0.000415s ]
[ sql ] [ SQL ] SHOW COLUMNS FROM `cc_payment_channel` [ RunTime:0.000546s ]
[ sql ] [ SQL ] SELECT * FROM `cc_payment_channel` WHERE  `channel_use` = 1 [ RunTime:0.000332s ]
[ sql ] [ SQL ] SHOW COLUMNS FROM `cc_payment` [ RunTime:0.000654s ]
[ sql ] [ SQL ] SELECT * FROM `cc_payment` WHERE  `payment_channel_id` = 1  AND `payment_type` = 4  AND `payment_use` = 1 LIMIT 1 [ RunTime:0.000414s ]
[ sql ] [ SQL ] SELECT * FROM `cc_payment` WHERE  `payment_channel_id` = 2  AND `payment_type` = 4  AND `payment_use` = 1 LIMIT 1 [ RunTime:0.000388s ]
[ sql ] [ SQL ] SELECT * FROM `cc_payment` WHERE  `payment_channel_id` = 3  AND `payment_type` = 4  AND `payment_use` = 1 LIMIT 1 [ RunTime:0.000377s ]
---------------------------------------------------------------
[ 2019-01-17T09:35:24+08:00 ] 223.104.107.129 POST app.babadao.com/api/my/info
[运行时间：0.054835s] [吞吐率：18.24req/s] [内存消耗：4,689.52kb] [文件加载：80]
[ info ] [ LANG ] /www/wwwroot/huanka/thinkphp/lang/zh-cn.php
[ info ] [ ROUTE ] array (
)
[ info ] [ HEADER ] array (
  'host' => 'app.babadao.com',
  'origin' => 'file://',
  'cookie' => 'Hm_lvt_eb4073c51838ac84ef6048bff63869ca=1547633027',
  'connection' => 'keep-alive',
  'accept' => 'application/json, text/javascript, */*; q=0.01',
  'user-agent' => 'Mozilla/5.0 (iPhone; CPU iPhone OS 12_1_2 like Mac OS X) AppleWebKit/605.1.15 (KHTML, like Gecko) Mobile/16C101 Html5Plus/1.0 (Immersed/20)',
  'accept-language' => 'zh-cn',
  'cache-control' => 'max-age=0',
  'accept-encoding' => 'gzip, deflate',
  'content-type' => 'application/x-www-form-urlencoded; charset=UTF-8',
  'content-length' => '38',
)
[ info ] [ PARAM ] array (
  '/api/my/info' => '',
  'token' => '0a31b3f0e003eb4663c50ea860a2646f',
)
[ info ] [ DB ] INIT mysql
[ sql ] [ DB ] CONNECT:[ UseTime:0.000424s ] mysql:host=127.0.0.1;port=3306;dbname=babadaohk;charset=utf8
[ sql ] [ SQL ] SHOW COLUMNS FROM `cc_user` [ RunTime:0.001165s ]
[ sql ] [ SQL ] SELECT * FROM `cc_user` WHERE  `user_token` = '0a31b3f0e003eb4663c50ea860a2646f' LIMIT 1 [ RunTime:0.000513s ]
[ sql ] [ SQL ] SELECT * FROM cc_user as u INNER JOIN `cc_user_type` `t` ON `u`.`user_type_id`=`t`.`type_id` WHERE  `u`.`user_id` = '408' LIMIT 1 [ RunTime:0.000524s ]
---------------------------------------------------------------
[ 2019-01-17T09:35:24+08:00 ] 223.104.107.129 POST app.babadao.com/api/my/index
[运行时间：0.055261s] [吞吐率：18.10req/s] [内存消耗：4,679.55kb] [文件加载：79]
[ info ] [ LANG ] /www/wwwroot/huanka/thinkphp/lang/zh-cn.php
[ info ] [ ROUTE ] array (
)
[ info ] [ HEADER ] array (
  'host' => 'app.babadao.com',
  'origin' => 'file://',
  'cookie' => 'Hm_lvt_eb4073c51838ac84ef6048bff63869ca=1547633027',
  'connection' => 'keep-alive',
  'accept' => 'application/json, text/javascript, */*; q=0.01',
  'user-agent' => 'Mozilla/5.0 (iPhone; CPU iPhone OS 12_1_2 like Mac OS X) AppleWebKit/605.1.15 (KHTML, like Gecko) Mobile/16C101 Html5Plus/1.0 (Immersed/20)',
  'accept-language' => 'zh-cn',
  'cache-control' => 'max-age=0',
  'accept-encoding' => 'gzip, deflate',
  'content-type' => 'application/x-www-form-urlencoded; charset=UTF-8',
  'content-length' => '38',
)
[ info ] [ PARAM ] array (
  '/api/my/index' => '',
  'token' => '0a31b3f0e003eb4663c50ea860a2646f',
)
[ info ] [ DB ] INIT mysql
[ sql ] [ DB ] CONNECT:[ UseTime:0.000424s ] mysql:host=127.0.0.1;port=3306;dbname=babadaohk;charset=utf8
[ sql ] [ SQL ] SHOW COLUMNS FROM `cc_user` [ RunTime:0.001165s ]
[ sql ] [ SQL ] SELECT * FROM `cc_user` WHERE  `user_token` = '0a31b3f0e003eb4663c50ea860a2646f' LIMIT 1 [ RunTime:0.000513s ]
[ sql ] [ SQL ] SHOW COLUMNS FROM `cc_user_card` [ RunTime:0.000859s ]
[ sql ] [ SQL ] SELECT COUNT(*) AS tp_count FROM `cc_user_card` WHERE  `card_uid` = 408  AND `card_type` = 1  AND `card_blocked` = 0 ORDER BY `card_state` DESC LIMIT 1 [ RunTime:0.000377s ]
---------------------------------------------------------------
[ 2019-01-17T09:35:26+08:00 ] 223.104.107.129 POST app.babadao.com/api/Common/version
[运行时间：0.033564s] [吞吐率：29.79req/s] [内存消耗：4,256.92kb] [文件加载：78]
[ info ] [ LANG ] /www/wwwroot/huanka/thinkphp/lang/zh-cn.php
[ info ] [ ROUTE ] array (
)
[ info ] [ HEADER ] array (
  'host' => 'app.babadao.com',
  'accept' => '*/*',
  'x-requested-with' => 'XMLHttpRequest',
  'accept-encoding' => 'gzip, deflate',
  'accept-language' => 'zh-cn',
  'cache-control' => 'max-age=0',
  'origin' => 'file://',
  'connection' => 'keep-alive',
  'user-agent' => 'Mozilla/5.0 (iPhone; CPU iPhone OS 12_1_2 like Mac OS X) AppleWebKit/605.1.15 (KHTML, like Gecko) Mobile/16C101 Html5Plus/1.0 (Immersed/20)',
  'cookie' => 'Hm_lvt_eb4073c51838ac84ef6048bff63869ca=1547633027',
  'content-type' => 'application/x-www-form-urlencoded',
  'content-length' => '20',
)
[ info ] [ PARAM ] array (
  '/api/Common/version' => '',
  'os' => 'ios',
  'version' => '1.0.1',
)
[ info ] [ DB ] INIT mysql
[ sql ] [ DB ] CONNECT:[ UseTime:0.000411s ] mysql:host=127.0.0.1;port=3306;dbname=babadaohk;charset=utf8
[ sql ] [ SQL ] SHOW COLUMNS FROM `cc_app_versions` [ RunTime:0.000757s ]
[ sql ] [ SQL ] SELECT * FROM `cc_app_versions` ORDER BY `app_id` DESC LIMIT 1 [ RunTime:0.000348s ]
---------------------------------------------------------------
[ 2019-01-17T09:35:26+08:00 ] 223.104.107.129 GET app.babadao.com/api/Img/index?type=2
[运行时间：0.033049s] [吞吐率：30.26req/s] [内存消耗：4,244.30kb] [文件加载：78]
[ info ] [ LANG ] /www/wwwroot/huanka/thinkphp/lang/zh-cn.php
[ info ] [ ROUTE ] array (
)
[ info ] [ HEADER ] array (
  'host' => 'app.babadao.com',
  'accept' => 'application/json, text/javascript, */*; q=0.01',
  'connection' => 'keep-alive',
  'cookie' => 'Hm_lvt_eb4073c51838ac84ef6048bff63869ca=1547633027',
  'user-agent' => 'Mozilla/5.0 (iPhone; CPU iPhone OS 12_1_2 like Mac OS X) AppleWebKit/605.1.15 (KHTML, like Gecko) Mobile/16C101 Html5Plus/1.0 (Immersed/20)',
  'accept-language' => 'zh-cn',
  'cache-control' => 'max-age=0',
  'accept-encoding' => 'gzip, deflate',
)
[ info ] [ PARAM ] array (
  '/api/Img/index' => '',
  'type' => '2',
)
[ info ] [ DB ] INIT mysql
[ sql ] [ DB ] CONNECT:[ UseTime:0.000389s ] mysql:host=127.0.0.1;port=3306;dbname=babadaohk;charset=utf8
[ sql ] [ SQL ] SHOW COLUMNS FROM `cc_img` [ RunTime:0.001148s ]
[ sql ] [ SQL ] SELECT * FROM `cc_img` WHERE  `img_start_switch` = 1  AND `img_type` = 2 ORDER BY `img_sort` ASC [ RunTime:0.000408s ]
---------------------------------------------------------------
[ 2019-01-17T09:35:26+08:00 ] 223.104.107.129 POST app.babadao.com/api/Message/getnumber
[运行时间：0.057898s] [吞吐率：17.27req/s] [内存消耗：4,332.16kb] [文件加载：79]
[ info ] [ LANG ] /www/wwwroot/huanka/thinkphp/lang/zh-cn.php
[ info ] [ ROUTE ] array (
)
[ info ] [ HEADER ] array (
  'host' => 'app.babadao.com',
  'origin' => 'file://',
  'cookie' => 'Hm_lvt_eb4073c51838ac84ef6048bff63869ca=1547633027',
  'connection' => 'keep-alive',
  'accept' => 'application/json, text/javascript, */*; q=0.01',
  'user-agent' => 'Mozilla/5.0 (iPhone; CPU iPhone OS 12_1_2 like Mac OS X) AppleWebKit/605.1.15 (KHTML, like Gecko) Mobile/16C101 Html5Plus/1.0 (Immersed/20)',
  'accept-language' => 'zh-cn',
  'cache-control' => 'max-age=0',
  'accept-encoding' => 'gzip, deflate',
  'content-type' => 'application/x-www-form-urlencoded; charset=UTF-8',
  'content-length' => '38',
)
[ info ] [ PARAM ] array (
  '/api/Message/getnumber' => '',
  'token' => '0a31b3f0e003eb4663c50ea860a2646f',
)
[ info ] [ DB ] INIT mysql
[ sql ] [ DB ] CONNECT:[ UseTime:0.005525s ] mysql:host=127.0.0.1;port=3306;dbname=babadaohk;charset=utf8
[ sql ] [ SQL ] SHOW COLUMNS FROM `cc_user` [ RunTime:0.001129s ]
[ sql ] [ SQL ] SELECT * FROM `cc_user` WHERE  `user_token` = '0a31b3f0e003eb4663c50ea860a2646f' LIMIT 1 [ RunTime:0.000558s ]
[ sql ] [ SQL ] SHOW COLUMNS FROM `cc_message` [ RunTime:0.000733s ]
[ sql ] [ SQL ] SELECT COUNT(*) AS tp_count FROM `cc_message` WHERE  `message_uid` = 408  AND `message_read` = 0 LIMIT 1 [ RunTime:0.000308s ]
---------------------------------------------------------------
[ 2019-01-17T09:35:26+08:00 ] 223.104.107.129 POST app.babadao.com/api/my/info
[运行时间：0.080020s] [吞吐率：12.50req/s] [内存消耗：4,689.52kb] [文件加载：80]
[ info ] [ LANG ] /www/wwwroot/huanka/thinkphp/lang/zh-cn.php
[ info ] [ ROUTE ] array (
)
[ info ] [ HEADER ] array (
  'host' => 'app.babadao.com',
  'origin' => 'file://',
  'cookie' => 'Hm_lvt_eb4073c51838ac84ef6048bff63869ca=1547633027',
  'connection' => 'keep-alive',
  'accept' => 'application/json, text/javascript, */*; q=0.01',
  'user-agent' => 'Mozilla/5.0 (iPhone; CPU iPhone OS 12_1_2 like Mac OS X) AppleWebKit/605.1.15 (KHTML, like Gecko) Mobile/16C101 Html5Plus/1.0 (Immersed/20)',
  'accept-language' => 'zh-cn',
  'cache-control' => 'max-age=0',
  'accept-encoding' => 'gzip, deflate',
  'content-type' => 'application/x-www-form-urlencoded; charset=UTF-8',
  'content-length' => '38',
)
[ info ] [ PARAM ] array (
  '/api/my/info' => '',
  'token' => '0a31b3f0e003eb4663c50ea860a2646f',
)
[ info ] [ DB ] INIT mysql
[ sql ] [ DB ] CONNECT:[ UseTime:0.000305s ] mysql:host=127.0.0.1;port=3306;dbname=babadaohk;charset=utf8
[ sql ] [ SQL ] SHOW COLUMNS FROM `cc_user` [ RunTime:0.001055s ]
[ sql ] [ SQL ] SELECT * FROM `cc_user` WHERE  `user_token` = '0a31b3f0e003eb4663c50ea860a2646f' LIMIT 1 [ RunTime:0.000503s ]
[ sql ] [ SQL ] SELECT * FROM cc_user as u INNER JOIN `cc_user_type` `t` ON `u`.`user_type_id`=`t`.`type_id` WHERE  `u`.`user_id` = '408' LIMIT 1 [ RunTime:0.000609s ]
---------------------------------------------------------------
[ 2019-01-17T09:35:26+08:00 ] 223.104.107.129 POST app.babadao.com/api/My/article
[运行时间：0.093291s] [吞吐率：10.72req/s] [内存消耗：4,860.65kb] [文件加载：82]
[ info ] [ LANG ] /www/wwwroot/huanka/thinkphp/lang/zh-cn.php
[ info ] [ ROUTE ] array (
)
[ info ] [ HEADER ] array (
  'host' => 'app.babadao.com',
  'origin' => 'file://',
  'cookie' => 'Hm_lvt_eb4073c51838ac84ef6048bff63869ca=1547633027',
  'connection' => 'keep-alive',
  'accept' => 'application/json, text/javascript, */*; q=0.01',
  'user-agent' => 'Mozilla/5.0 (iPhone; CPU iPhone OS 12_1_2 like Mac OS X) AppleWebKit/605.1.15 (KHTML, like Gecko) Mobile/16C101 Html5Plus/1.0 (Immersed/20)',
  'accept-language' => 'zh-cn',
  'cache-control' => 'max-age=0',
  'accept-encoding' => 'gzip, deflate',
  'content-type' => 'application/x-www-form-urlencoded; charset=UTF-8',
  'content-length' => '52',
)
[ info ] [ PARAM ] array (
  '/api/My/article' => '',
  'token' => '0a31b3f0e003eb4663c50ea860a2646f',
  'type' => '1',
  'page' => '1',
)
[ info ] [ DB ] INIT mysql
[ sql ] [ DB ] CONNECT:[ UseTime:0.000257s ] mysql:host=127.0.0.1;port=3306;dbname=babadaohk;charset=utf8
[ sql ] [ SQL ] SHOW COLUMNS FROM `cc_user` [ RunTime:0.000969s ]
[ sql ] [ SQL ] SELECT * FROM `cc_user` WHERE  `user_token` = '0a31b3f0e003eb4663c50ea860a2646f' LIMIT 1 [ RunTime:0.000476s ]
[ sql ] [ SQL ] SHOW COLUMNS FROM `cc_article` [ RunTime:0.000774s ]
[ sql ] [ SQL ] SELECT COUNT(*) AS tp_count FROM `cc_article` WHERE  `article_type` = 1  AND `article_use` = 1 LIMIT 1 [ RunTime:0.000327s ]
[ sql ] [ SQL ] SELECT `article_id`,`article_title`,`article_type`,`article_img`,`article_time` FROM `cc_article` WHERE  `article_type` = 1  AND `article_use` = 1 LIMIT 0,10 [ RunTime:0.000340s ]
---------------------------------------------------------------
[ 2019-01-17T09:35:31+08:00 ] 223.104.107.129 POST app.babadao.com/api/my/info
[运行时间：0.036494s] [吞吐率：27.40req/s] [内存消耗：4,689.52kb] [文件加载：80]
[ info ] [ LANG ] /www/wwwroot/huanka/thinkphp/lang/zh-cn.php
[ info ] [ ROUTE ] array (
)
[ info ] [ HEADER ] array (
  'host' => 'app.babadao.com',
  'origin' => 'file://',
  'cookie' => 'Hm_lvt_eb4073c51838ac84ef6048bff63869ca=1547633027',
  'connection' => 'keep-alive',
  'accept' => 'application/json, text/javascript, */*; q=0.01',
  'user-agent' => 'Mozilla/5.0 (iPhone; CPU iPhone OS 12_1_2 like Mac OS X) AppleWebKit/605.1.15 (KHTML, like Gecko) Mobile/16C101 Html5Plus/1.0 (Immersed/20)',
  'accept-language' => 'zh-cn',
  'cache-control' => 'max-age=0',
  'accept-encoding' => 'gzip, deflate',
  'content-type' => 'application/x-www-form-urlencoded; charset=UTF-8',
  'content-length' => '38',
)
[ info ] [ PARAM ] array (
  '/api/my/info' => '',
  'token' => '0a31b3f0e003eb4663c50ea860a2646f',
)
[ info ] [ DB ] INIT mysql
[ sql ] [ DB ] CONNECT:[ UseTime:0.000423s ] mysql:host=127.0.0.1;port=3306;dbname=babadaohk;charset=utf8
[ sql ] [ SQL ] SHOW COLUMNS FROM `cc_user` [ RunTime:0.000869s ]
[ sql ] [ SQL ] SELECT * FROM `cc_user` WHERE  `user_token` = '0a31b3f0e003eb4663c50ea860a2646f' LIMIT 1 [ RunTime:0.000462s ]
[ sql ] [ SQL ] SELECT * FROM cc_user as u INNER JOIN `cc_user_type` `t` ON `u`.`user_type_id`=`t`.`type_id` WHERE  `u`.`user_id` = '408' LIMIT 1 [ RunTime:0.000439s ]
---------------------------------------------------------------
[ 2019-01-17T09:35:31+08:00 ] 223.104.107.129 POST app.babadao.com/api/Make/index
[运行时间：0.045501s] [吞吐率：21.98req/s] [内存消耗：4,493.59kb] [文件加载：83]
[ info ] [ LANG ] /www/wwwroot/huanka/thinkphp/lang/zh-cn.php
[ info ] [ ROUTE ] array (
)
[ info ] [ HEADER ] array (
  'host' => 'app.babadao.com',
  'origin' => 'file://',
  'cookie' => 'Hm_lvt_eb4073c51838ac84ef6048bff63869ca=1547633027',
  'connection' => 'keep-alive',
  'accept' => 'application/json, text/javascript, */*; q=0.01',
  'user-agent' => 'Mozilla/5.0 (iPhone; CPU iPhone OS 12_1_2 like Mac OS X) AppleWebKit/605.1.15 (KHTML, like Gecko) Mobile/16C101 Html5Plus/1.0 (Immersed/20)',
  'accept-language' => 'zh-cn',
  'accept-encoding' => 'gzip, deflate',
  'content-type' => 'application/x-www-form-urlencoded; charset=UTF-8',
  'content-length' => '38',
)
[ info ] [ PARAM ] array (
  '/api/Make/index' => '',
  'token' => '0a31b3f0e003eb4663c50ea860a2646f',
)
[ info ] [ DB ] INIT mysql
[ sql ] [ DB ] CONNECT:[ UseTime:0.000455s ] mysql:host=127.0.0.1;port=3306;dbname=babadaohk;charset=utf8
[ sql ] [ SQL ] SHOW COLUMNS FROM `cc_user` [ RunTime:0.000882s ]
[ sql ] [ SQL ] SELECT * FROM `cc_user` WHERE  `user_token` = '0a31b3f0e003eb4663c50ea860a2646f' LIMIT 1 [ RunTime:0.000497s ]
[ sql ] [ SQL ] SHOW COLUMNS FROM `cc_user_card` [ RunTime:0.000636s ]
[ sql ] [ SQL ] SELECT * FROM `cc_user_card` WHERE  `card_uid` = 408  AND `card_type` = 1 LIMIT 1 [ RunTime:0.000356s ]
[ sql ] [ SQL ] SHOW COLUMNS FROM `cc_mission` [ RunTime:0.000641s ]
[ sql ] [ SQL ] SELECT * FROM `cc_mission` WHERE  `mission_uid` = 408  AND `mission_state` = 2 LIMIT 1 [ RunTime:0.000405s ]
[ sql ] [ SQL ] SHOW COLUMNS FROM `cc_pay_records` [ RunTime:0.000606s ]
[ sql ] [ SQL ] SELECT * FROM `cc_pay_records` WHERE  `records_uid` = 408  AND `records_state` = 5 LIMIT 1 [ RunTime:0.000356s ]
[ sql ] [ SQL ] SHOW COLUMNS FROM `cc_user_type` [ RunTime:0.000574s ]
[ sql ] [ SQL ] SELECT * FROM `cc_user_type` WHERE  `type_fee` = 0  AND `type_state` = 0 ORDER BY `type_sort` ASC [ RunTime:0.000342s ]
[ sql ] [ SQL ] SELECT COUNT(*) AS tp_count FROM `cc_user` WHERE  `user_pid` = 408  AND `user_state` = 0 LIMIT 1 [ RunTime:0.000299s ]
[ sql ] [ SQL ] SELECT * FROM `cc_user_type` WHERE  `type_id` = 1 LIMIT 1 [ RunTime:0.000303s ]
[ sql ] [ SQL ] SHOW COLUMNS FROM `cc_rate` [ RunTime:0.000551s ]
[ sql ] [ SQL ] SELECT * FROM `cc_rate` WHERE  `rate_type_id` = 1  AND `rate_type` = 1 LIMIT 1 [ RunTime:0.000308s ]
[ sql ] [ SQL ] SELECT * FROM `cc_rate` WHERE  `rate_type_id` = 1  AND `rate_type` = 2 LIMIT 1 [ RunTime:0.000319s ]
[ error ] [8]未定义数组下标: 4[/www/wwwroot/huanka/application/api/controller/Make.php:197]
[ error ] [8]未定义数组下标: 4[/www/wwwroot/huanka/application/api/controller/Make.php:197]
[ error ] [8]未定义数组下标: 7[/www/wwwroot/huanka/application/api/controller/Make.php:197]
---------------------------------------------------------------
[ 2019-01-17T09:48:53+08:00 ] 106.14.114.244 GET app.babadao.com/
[运行时间：0.024951s] [吞吐率：40.08req/s] [内存消耗：3,084.55kb] [文件加载：77]
[ info ] [ LANG ] /www/wwwroot/huanka/thinkphp/lang/zh-cn.php
[ info ] [ ROUTE ] array (
)
[ info ] [ HEADER ] array (
  'user-agent' => 'Mozilla/5.0 (Linux; Android 4.1.1; Nexus 7 Build/JRO03D))',
  'host' => 'app.babadao.com',
  'accept' => 'text/html, image/gif, image/jpeg, *; q=.2, */*; q=.2',
  'connection' => 'keep-alive',
)
[ info ] [ PARAM ] array (
)
[ info ] [ VIEW ] ../Theme/index/index/register.html [ array (
  0 => 'id',
) ]
---------------------------------------------------------------
[ 2019-01-17T09:48:53+08:00 ] 106.14.114.244 GET app.babadao.com/Admin/agent/addent.html
[运行时间：0.026314s] [吞吐率：38.00req/s] [内存消耗：3,352.38kb] [文件加载：79]
[ info ] [ LANG ] /www/wwwroot/huanka/thinkphp/lang/zh-cn.php
[ info ] [ ROUTE ] array (
)
[ info ] [ HEADER ] array (
  'user-agent' => 'Mozilla/5.0 (Linux; Android 4.1.1; Nexus 7 Build/JRO03D))',
  'host' => 'app.babadao.com',
  'accept' => 'text/html, image/gif, image/jpeg, *; q=.2, */*; q=.2',
  'connection' => 'keep-alive',
)
[ info ] [ PARAM ] array (
  '/Admin/agent/addent_html' => '',
)
[ info ] [ VIEW ] /www/wwwroot/huanka/thinkphp/tpl/dispatch_jump.tpl [ array (
  0 => 'code',
  1 => 'msg',
  2 => 'data',
  3 => 'url',
  4 => 'wait',
) ]
---------------------------------------------------------------
[ 2019-01-17T11:05:09+08:00 ] 223.104.107.129 POST app.babadao.com/api/Common/version
[运行时间：0.033521s] [吞吐率：29.83req/s] [内存消耗：4,256.82kb] [文件加载：78]
[ info ] [ LANG ] /www/wwwroot/huanka/thinkphp/lang/zh-cn.php
[ info ] [ ROUTE ] array (
)
[ info ] [ HEADER ] array (
  'host' => 'app.babadao.com',
  'origin' => 'file://',
  'cookie' => 'Hm_lvt_eb4073c51838ac84ef6048bff63869ca=1547633027',
  'connection' => 'keep-alive',
  'accept' => '*/*',
  'user-agent' => 'Mozilla/5.0 (iPhone; CPU iPhone OS 12_1_2 like Mac OS X) AppleWebKit/605.1.15 (KHTML, like Gecko) Mobile/16C101 Html5Plus/1.0 (Immersed/20)',
  'accept-language' => 'zh-cn',
  'accept-encoding' => 'gzip, deflate',
  'x-requested-with' => 'XMLHttpRequest',
  'content-type' => 'application/x-www-form-urlencoded',
  'content-length' => '20',
)
[ info ] [ PARAM ] array (
  '/api/Common/version' => '',
  'os' => 'ios',
  'version' => '1.0.1',
)
[ info ] [ DB ] INIT mysql
[ sql ] [ DB ] CONNECT:[ UseTime:0.000457s ] mysql:host=127.0.0.1;port=3306;dbname=babadaohk;charset=utf8
[ sql ] [ SQL ] SHOW COLUMNS FROM `cc_app_versions` [ RunTime:0.000752s ]
[ sql ] [ SQL ] SELECT * FROM `cc_app_versions` ORDER BY `app_id` DESC LIMIT 1 [ RunTime:0.000344s ]
---------------------------------------------------------------
[ 2019-01-17T11:05:10+08:00 ] 223.104.107.129 GET app.babadao.com/api/Img/index?type=2
[运行时间：0.107398s] [吞吐率：9.31req/s] [内存消耗：4,244.90kb] [文件加载：78]
[ info ] [ LANG ] /www/wwwroot/huanka/thinkphp/lang/zh-cn.php
[ info ] [ ROUTE ] array (
)
[ info ] [ HEADER ] array (
  'host' => 'app.babadao.com',
  'accept' => 'application/json, text/javascript, */*; q=0.01',
  'cookie' => 'Hm_lvt_eb4073c51838ac84ef6048bff63869ca=1547633027',
  'user-agent' => 'Mozilla/5.0 (iPhone; CPU iPhone OS 12_1_2 like Mac OS X) AppleWebKit/605.1.15 (KHTML, like Gecko) Mobile/16C101 Html5Plus/1.0 (Immersed/20)',
  'accept-language' => 'zh-cn',
  'accept-encoding' => 'gzip, deflate',
  'connection' => 'keep-alive',
)
[ info ] [ PARAM ] array (
  '/api/Img/index' => '',
  'type' => '2',
)
[ info ] [ DB ] INIT mysql
[ sql ] [ DB ] CONNECT:[ UseTime:0.006050s ] mysql:host=127.0.0.1;port=3306;dbname=babadaohk;charset=utf8
[ sql ] [ SQL ] SHOW COLUMNS FROM `cc_img` [ RunTime:0.001033s ]
[ sql ] [ SQL ] SELECT * FROM `cc_img` WHERE  `img_start_switch` = 1  AND `img_type` = 2 ORDER BY `img_sort` ASC [ RunTime:0.000484s ]
---------------------------------------------------------------
[ 2019-01-17T11:05:10+08:00 ] 223.104.107.129 POST app.babadao.com/api/Message/getnumber
[运行时间：0.102173s] [吞吐率：9.79req/s] [内存消耗：4,332.39kb] [文件加载：79]
[ info ] [ LANG ] /www/wwwroot/huanka/thinkphp/lang/zh-cn.php
[ info ] [ ROUTE ] array (
)
[ info ] [ HEADER ] array (
  'host' => 'app.babadao.com',
  'origin' => 'file://',
  'cookie' => 'Hm_lvt_eb4073c51838ac84ef6048bff63869ca=1547633027',
  'connection' => 'keep-alive',
  'accept' => 'application/json, text/javascript, */*; q=0.01',
  'user-agent' => 'Mozilla/5.0 (iPhone; CPU iPhone OS 12_1_2 like Mac OS X) AppleWebKit/605.1.15 (KHTML, like Gecko) Mobile/16C101 Html5Plus/1.0 (Immersed/20)',
  'accept-language' => 'zh-cn',
  'accept-encoding' => 'gzip, deflate',
  'content-type' => 'application/x-www-form-urlencoded; charset=UTF-8',
  'content-length' => '38',
)
[ info ] [ PARAM ] array (
  '/api/Message/getnumber' => '',
  'token' => '0a31b3f0e003eb4663c50ea860a2646f',
)
[ info ] [ DB ] INIT mysql
[ sql ] [ DB ] CONNECT:[ UseTime:0.000321s ] mysql:host=127.0.0.1;port=3306;dbname=babadaohk;charset=utf8
[ sql ] [ SQL ] SHOW COLUMNS FROM `cc_user` [ RunTime:0.000993s ]
[ sql ] [ SQL ] SELECT * FROM `cc_user` WHERE  `user_token` = '0a31b3f0e003eb4663c50ea860a2646f' LIMIT 1 [ RunTime:0.000522s ]
[ sql ] [ SQL ] SHOW COLUMNS FROM `cc_message` [ RunTime:0.000748s ]
[ sql ] [ SQL ] SELECT COUNT(*) AS tp_count FROM `cc_message` WHERE  `message_uid` = 408  AND `message_read` = 0 LIMIT 1 [ RunTime:0.001030s ]
---------------------------------------------------------------
[ 2019-01-17T11:05:10+08:00 ] 223.104.107.129 POST app.babadao.com/api/my/info
[运行时间：0.107578s] [吞吐率：9.30req/s] [内存消耗：4,688.97kb] [文件加载：80]
[ info ] [ LANG ] /www/wwwroot/huanka/thinkphp/lang/zh-cn.php
[ info ] [ ROUTE ] array (
)
[ info ] [ HEADER ] array (
  'host' => 'app.babadao.com',
  'origin' => 'file://',
  'cookie' => 'Hm_lvt_eb4073c51838ac84ef6048bff63869ca=1547633027',
  'connection' => 'keep-alive',
  'accept' => 'application/json, text/javascript, */*; q=0.01',
  'user-agent' => 'Mozilla/5.0 (iPhone; CPU iPhone OS 12_1_2 like Mac OS X) AppleWebKit/605.1.15 (KHTML, like Gecko) Mobile/16C101 Html5Plus/1.0 (Immersed/20)',
  'accept-language' => 'zh-cn',
  'accept-encoding' => 'gzip, deflate',
  'content-type' => 'application/x-www-form-urlencoded; charset=UTF-8',
  'content-length' => '38',
)
[ info ] [ PARAM ] array (
  '/api/my/info' => '',
  'token' => '0a31b3f0e003eb4663c50ea860a2646f',
)
[ info ] [ DB ] INIT mysql
[ sql ] [ DB ] CONNECT:[ UseTime:0.000282s ] mysql:host=127.0.0.1;port=3306;dbname=babadaohk;charset=utf8
[ sql ] [ SQL ] SHOW COLUMNS FROM `cc_user` [ RunTime:0.000940s ]
[ sql ] [ SQL ] SELECT * FROM `cc_user` WHERE  `user_token` = '0a31b3f0e003eb4663c50ea860a2646f' LIMIT 1 [ RunTime:0.000457s ]
[ sql ] [ SQL ] SELECT * FROM cc_user as u INNER JOIN `cc_user_type` `t` ON `u`.`user_type_id`=`t`.`type_id` WHERE  `u`.`user_id` = '408' LIMIT 1 [ RunTime:0.000559s ]
---------------------------------------------------------------
[ 2019-01-17T11:05:10+08:00 ] 223.104.107.129 POST app.babadao.com/api/My/article
[运行时间：0.116621s] [吞吐率：8.57req/s] [内存消耗：4,860.67kb] [文件加载：82]
[ info ] [ LANG ] /www/wwwroot/huanka/thinkphp/lang/zh-cn.php
[ info ] [ ROUTE ] array (
)
[ info ] [ HEADER ] array (
  'host' => 'app.babadao.com',
  'origin' => 'file://',
  'cookie' => 'Hm_lvt_eb4073c51838ac84ef6048bff63869ca=1547633027',
  'connection' => 'keep-alive',
  'accept' => 'application/json, text/javascript, */*; q=0.01',
  'user-agent' => 'Mozilla/5.0 (iPhone; CPU iPhone OS 12_1_2 like Mac OS X) AppleWebKit/605.1.15 (KHTML, like Gecko) Mobile/16C101 Html5Plus/1.0 (Immersed/20)',
  'accept-language' => 'zh-cn',
  'accept-encoding' => 'gzip, deflate',
  'content-type' => 'application/x-www-form-urlencoded; charset=UTF-8',
  'content-length' => '52',
)
[ info ] [ PARAM ] array (
  '/api/My/article' => '',
  'token' => '0a31b3f0e003eb4663c50ea860a2646f',
  'type' => '1',
  'page' => '1',
)
[ info ] [ DB ] INIT mysql
[ sql ] [ DB ] CONNECT:[ UseTime:0.000274s ] mysql:host=127.0.0.1;port=3306;dbname=babadaohk;charset=utf8
[ sql ] [ SQL ] SHOW COLUMNS FROM `cc_user` [ RunTime:0.001322s ]
[ sql ] [ SQL ] SELECT * FROM `cc_user` WHERE  `user_token` = '0a31b3f0e003eb4663c50ea860a2646f' LIMIT 1 [ RunTime:0.002777s ]
[ sql ] [ SQL ] SHOW COLUMNS FROM `cc_article` [ RunTime:0.000594s ]
[ sql ] [ SQL ] SELECT COUNT(*) AS tp_count FROM `cc_article` WHERE  `article_type` = 1  AND `article_use` = 1 LIMIT 1 [ RunTime:0.000344s ]
[ sql ] [ SQL ] SELECT `article_id`,`article_title`,`article_type`,`article_img`,`article_time` FROM `cc_article` WHERE  `article_type` = 1  AND `article_use` = 1 LIMIT 0,10 [ RunTime:0.000298s ]
---------------------------------------------------------------
[ 2019-01-17T11:05:10+08:00 ] 223.104.107.129 POST app.babadao.com/api/my/info
[运行时间：0.114788s] [吞吐率：8.71req/s] [内存消耗：4,688.97kb] [文件加载：80]
[ info ] [ LANG ] /www/wwwroot/huanka/thinkphp/lang/zh-cn.php
[ info ] [ ROUTE ] array (
)
[ info ] [ HEADER ] array (
  'host' => 'app.babadao.com',
  'origin' => 'file://',
  'cookie' => 'Hm_lvt_eb4073c51838ac84ef6048bff63869ca=1547633027',
  'connection' => 'keep-alive',
  'accept' => 'application/json, text/javascript, */*; q=0.01',
  'user-agent' => 'Mozilla/5.0 (iPhone; CPU iPhone OS 12_1_2 like Mac OS X) AppleWebKit/605.1.15 (KHTML, like Gecko) Mobile/16C101 Html5Plus/1.0 (Immersed/20)',
  'accept-language' => 'zh-cn',
  'accept-encoding' => 'gzip, deflate',
  'content-type' => 'application/x-www-form-urlencoded; charset=UTF-8',
  'content-length' => '38',
)
[ info ] [ PARAM ] array (
  '/api/my/info' => '',
  'token' => '0a31b3f0e003eb4663c50ea860a2646f',
)
[ info ] [ DB ] INIT mysql
[ sql ] [ DB ] CONNECT:[ UseTime:0.007196s ] mysql:host=127.0.0.1;port=3306;dbname=babadaohk;charset=utf8
[ sql ] [ SQL ] SHOW COLUMNS FROM `cc_user` [ RunTime:0.000934s ]
[ sql ] [ SQL ] SELECT * FROM `cc_user` WHERE  `user_token` = '0a31b3f0e003eb4663c50ea860a2646f' LIMIT 1 [ RunTime:0.000501s ]
[ sql ] [ SQL ] SELECT * FROM cc_user as u INNER JOIN `cc_user_type` `t` ON `u`.`user_type_id`=`t`.`type_id` WHERE  `u`.`user_id` = '408' LIMIT 1 [ RunTime:0.000529s ]
---------------------------------------------------------------
[ 2019-01-17T11:05:10+08:00 ] 223.104.107.129 POST app.babadao.com/api/my/index
[运行时间：0.109888s] [吞吐率：9.10req/s] [内存消耗：4,679.16kb] [文件加载：79]
[ info ] [ LANG ] /www/wwwroot/huanka/thinkphp/lang/zh-cn.php
[ info ] [ ROUTE ] array (
)
[ info ] [ HEADER ] array (
  'host' => 'app.babadao.com',
  'origin' => 'file://',
  'cookie' => 'Hm_lvt_eb4073c51838ac84ef6048bff63869ca=1547633027',
  'connection' => 'keep-alive',
  'accept' => 'application/json, text/javascript, */*; q=0.01',
  'user-agent' => 'Mozilla/5.0 (iPhone; CPU iPhone OS 12_1_2 like Mac OS X) AppleWebKit/605.1.15 (KHTML, like Gecko) Mobile/16C101 Html5Plus/1.0 (Immersed/20)',
  'accept-language' => 'zh-cn',
  'accept-encoding' => 'gzip, deflate',
  'content-type' => 'application/x-www-form-urlencoded; charset=UTF-8',
  'content-length' => '38',
)
[ info ] [ PARAM ] array (
  '/api/my/index' => '',
  'token' => '0a31b3f0e003eb4663c50ea860a2646f',
)
[ info ] [ DB ] INIT mysql
[ sql ] [ DB ] CONNECT:[ UseTime:0.000275s ] mysql:host=127.0.0.1;port=3306;dbname=babadaohk;charset=utf8
[ sql ] [ SQL ] SHOW COLUMNS FROM `cc_user` [ RunTime:0.000921s ]
[ sql ] [ SQL ] SELECT * FROM `cc_user` WHERE  `user_token` = '0a31b3f0e003eb4663c50ea860a2646f' LIMIT 1 [ RunTime:0.002452s ]
[ sql ] [ SQL ] SHOW COLUMNS FROM `cc_user_card` [ RunTime:0.002022s ]
[ sql ] [ SQL ] SELECT COUNT(*) AS tp_count FROM `cc_user_card` WHERE  `card_uid` = 408  AND `card_type` = 1  AND `card_blocked` = 0 ORDER BY `card_state` DESC LIMIT 1 [ RunTime:0.000422s ]
---------------------------------------------------------------
[ 2019-01-17T11:05:10+08:00 ] 223.104.107.129 POST app.babadao.com/api/my/info
[运行时间：0.113823s] [吞吐率：8.79req/s] [内存消耗：4,688.97kb] [文件加载：80]
[ info ] [ LANG ] /www/wwwroot/huanka/thinkphp/lang/zh-cn.php
[ info ] [ ROUTE ] array (
)
[ info ] [ HEADER ] array (
  'host' => 'app.babadao.com',
  'origin' => 'file://',
  'cookie' => 'Hm_lvt_eb4073c51838ac84ef6048bff63869ca=1547633027',
  'connection' => 'keep-alive',
  'accept' => 'application/json, text/javascript, */*; q=0.01',
  'user-agent' => 'Mozilla/5.0 (iPhone; CPU iPhone OS 12_1_2 like Mac OS X) AppleWebKit/605.1.15 (KHTML, like Gecko) Mobile/16C101 Html5Plus/1.0 (Immersed/20)',
  'accept-language' => 'zh-cn',
  'accept-encoding' => 'gzip, deflate',
  'content-type' => 'application/x-www-form-urlencoded; charset=UTF-8',
  'content-length' => '38',
)
[ info ] [ PARAM ] array (
  '/api/my/info' => '',
  'token' => '0a31b3f0e003eb4663c50ea860a2646f',
)
[ info ] [ DB ] INIT mysql
[ sql ] [ DB ] CONNECT:[ UseTime:0.002887s ] mysql:host=127.0.0.1;port=3306;dbname=babadaohk;charset=utf8
[ sql ] [ SQL ] SHOW COLUMNS FROM `cc_user` [ RunTime:0.001041s ]
[ sql ] [ SQL ] SELECT * FROM `cc_user` WHERE  `user_token` = '0a31b3f0e003eb4663c50ea860a2646f' LIMIT 1 [ RunTime:0.001534s ]
[ sql ] [ SQL ] SELECT * FROM cc_user as u INNER JOIN `cc_user_type` `t` ON `u`.`user_type_id`=`t`.`type_id` WHERE  `u`.`user_id` = '408' LIMIT 1 [ RunTime:0.003095s ]
---------------------------------------------------------------
[ 2019-01-17T11:05:10+08:00 ] 223.104.107.129 GET app.babadao.com/api/Bank_Apply/getBank?_=1547694310050
[运行时间：0.396920s] [吞吐率：2.52req/s] [内存消耗：4,407.83kb] [文件加载：82]
[ info ] [ LANG ] /www/wwwroot/huanka/thinkphp/lang/zh-cn.php
[ info ] [ ROUTE ] array (
)
[ info ] [ HEADER ] array (
  'host' => 'app.babadao.com',
  'accept' => '*/*',
  'cookie' => 'Hm_lvt_eb4073c51838ac84ef6048bff63869ca=1547633027',
  'user-agent' => 'Mozilla/5.0 (iPhone; CPU iPhone OS 12_1_2 like Mac OS X) AppleWebKit/605.1.15 (KHTML, like Gecko) Mobile/16C101 Html5Plus/1.0 (Immersed/20)',
  'accept-language' => 'zh-cn',
  'accept-encoding' => 'gzip, deflate',
  'connection' => 'keep-alive',
)
[ info ] [ PARAM ] array (
  '/api/Bank_Apply/getBank' => '',
  '_' => '1547694310050',
)
[ info ] [ DB ] INIT mysql
[ sql ] [ DB ] CONNECT:[ UseTime:0.000291s ] mysql:host=127.0.0.1;port=3306;dbname=babadaohk;charset=utf8
[ sql ] [ SQL ] SHOW COLUMNS FROM `cc_bank_apply` [ RunTime:0.001038s ]
[ sql ] [ SQL ] SELECT * FROM `cc_bank_apply` WHERE  `apply_type` = 1  AND `apply_use` = 1 LIMIT 1 [ RunTime:0.000478s ]
---------------------------------------------------------------
[ 2019-01-17T11:05:11+08:00 ] 223.104.107.129 POST app.babadao.com/api/Make/index
[运行时间：0.043933s] [吞吐率：22.76req/s] [内存消耗：4,492.95kb] [文件加载：83]
[ info ] [ LANG ] /www/wwwroot/huanka/thinkphp/lang/zh-cn.php
[ info ] [ ROUTE ] array (
)
[ info ] [ HEADER ] array (
  'host' => 'app.babadao.com',
  'origin' => 'file://',
  'cookie' => 'Hm_lvt_eb4073c51838ac84ef6048bff63869ca=1547633027',
  'connection' => 'keep-alive',
  'accept' => 'application/json, text/javascript, */*; q=0.01',
  'user-agent' => 'Mozilla/5.0 (iPhone; CPU iPhone OS 12_1_2 like Mac OS X) AppleWebKit/605.1.15 (KHTML, like Gecko) Mobile/16C101 Html5Plus/1.0 (Immersed/20)',
  'accept-language' => 'zh-cn',
  'accept-encoding' => 'gzip, deflate',
  'content-type' => 'application/x-www-form-urlencoded; charset=UTF-8',
  'content-length' => '38',
)
[ info ] [ PARAM ] array (
  '/api/Make/index' => '',
  'token' => '0a31b3f0e003eb4663c50ea860a2646f',
)
[ info ] [ DB ] INIT mysql
[ sql ] [ DB ] CONNECT:[ UseTime:0.000406s ] mysql:host=127.0.0.1;port=3306;dbname=babadaohk;charset=utf8
[ sql ] [ SQL ] SHOW COLUMNS FROM `cc_user` [ RunTime:0.000875s ]
[ sql ] [ SQL ] SELECT * FROM `cc_user` WHERE  `user_token` = '0a31b3f0e003eb4663c50ea860a2646f' LIMIT 1 [ RunTime:0.000472s ]
[ sql ] [ SQL ] SHOW COLUMNS FROM `cc_user_card` [ RunTime:0.000647s ]
[ sql ] [ SQL ] SELECT * FROM `cc_user_card` WHERE  `card_uid` = 408  AND `card_type` = 1 LIMIT 1 [ RunTime:0.000364s ]
[ sql ] [ SQL ] SHOW COLUMNS FROM `cc_mission` [ RunTime:0.000651s ]
[ sql ] [ SQL ] SELECT * FROM `cc_mission` WHERE  `mission_uid` = 408  AND `mission_state` = 2 LIMIT 1 [ RunTime:0.000403s ]
[ sql ] [ SQL ] SHOW COLUMNS FROM `cc_pay_records` [ RunTime:0.000620s ]
[ sql ] [ SQL ] SELECT * FROM `cc_pay_records` WHERE  `records_uid` = 408  AND `records_state` = 5 LIMIT 1 [ RunTime:0.000358s ]
[ sql ] [ SQL ] SHOW COLUMNS FROM `cc_user_type` [ RunTime:0.000554s ]
[ sql ] [ SQL ] SELECT * FROM `cc_user_type` WHERE  `type_fee` = 0  AND `type_state` = 0 ORDER BY `type_sort` ASC [ RunTime:0.000373s ]
[ sql ] [ SQL ] SELECT COUNT(*) AS tp_count FROM `cc_user` WHERE  `user_pid` = 408  AND `user_state` = 0 LIMIT 1 [ RunTime:0.000310s ]
[ sql ] [ SQL ] SELECT * FROM `cc_user_type` WHERE  `type_id` = 1 LIMIT 1 [ RunTime:0.000326s ]
[ sql ] [ SQL ] SHOW COLUMNS FROM `cc_rate` [ RunTime:0.000546s ]
[ sql ] [ SQL ] SELECT * FROM `cc_rate` WHERE  `rate_type_id` = 1  AND `rate_type` = 1 LIMIT 1 [ RunTime:0.000321s ]
[ sql ] [ SQL ] SELECT * FROM `cc_rate` WHERE  `rate_type_id` = 1  AND `rate_type` = 2 LIMIT 1 [ RunTime:0.000292s ]
[ error ] [8]未定义数组下标: 4[/www/wwwroot/huanka/application/api/controller/Make.php:197]
[ error ] [8]未定义数组下标: 4[/www/wwwroot/huanka/application/api/controller/Make.php:197]
---------------------------------------------------------------
[ 2019-01-17T11:05:11+08:00 ] 223.104.107.129 GET app.babadao.com/api/Bank_Apply/banklist?id=928519625187000320&page=1&_=1547694310946
[运行时间：0.507832s] [吞吐率：1.97req/s] [内存消耗：4,408.74kb] [文件加载：82]
[ info ] [ LANG ] /www/wwwroot/huanka/thinkphp/lang/zh-cn.php
[ info ] [ ROUTE ] array (
)
[ info ] [ HEADER ] array (
  'host' => 'app.babadao.com',
  'accept' => '*/*',
  'cookie' => 'Hm_lvt_eb4073c51838ac84ef6048bff63869ca=1547633027',
  'user-agent' => 'Mozilla/5.0 (iPhone; CPU iPhone OS 12_1_2 like Mac OS X) AppleWebKit/605.1.15 (KHTML, like Gecko) Mobile/16C101 Html5Plus/1.0 (Immersed/20)',
  'accept-language' => 'zh-cn',
  'accept-encoding' => 'gzip, deflate',
  'connection' => 'keep-alive',
)
[ info ] [ PARAM ] array (
  '/api/Bank_Apply/banklist' => '',
  'id' => '928519625187000320',
  'page' => '1',
  '_' => '1547694310946',
)
[ info ] [ DB ] INIT mysql
[ sql ] [ DB ] CONNECT:[ UseTime:0.000421s ] mysql:host=127.0.0.1;port=3306;dbname=babadaohk;charset=utf8
[ sql ] [ SQL ] SHOW COLUMNS FROM `cc_bank_apply` [ RunTime:0.000775s ]
[ sql ] [ SQL ] SELECT * FROM `cc_bank_apply` WHERE  `apply_type` = 1  AND `apply_use` = 1 LIMIT 1 [ RunTime:0.000428s ]
---------------------------------------------------------------
[ 2019-01-17T12:38:48+08:00 ] 223.104.107.129 POST app.babadao.com/api/Common/version
[运行时间：0.032978s] [吞吐率：30.32req/s] [内存消耗：4,256.82kb] [文件加载：78]
[ info ] [ LANG ] /www/wwwroot/huanka/thinkphp/lang/zh-cn.php
[ info ] [ ROUTE ] array (
)
[ info ] [ HEADER ] array (
  'host' => 'app.babadao.com',
  'origin' => 'file://',
  'cookie' => 'Hm_lvt_eb4073c51838ac84ef6048bff63869ca=1547633027',
  'connection' => 'keep-alive',
  'accept' => '*/*',
  'user-agent' => 'Mozilla/5.0 (iPhone; CPU iPhone OS 12_1_2 like Mac OS X) AppleWebKit/605.1.15 (KHTML, like Gecko) Mobile/16C101 Html5Plus/1.0 (Immersed/20)',
  'accept-language' => 'zh-cn',
  'accept-encoding' => 'gzip, deflate',
  'x-requested-with' => 'XMLHttpRequest',
  'content-type' => 'application/x-www-form-urlencoded',
  'content-length' => '20',
)
[ info ] [ PARAM ] array (
  '/api/Common/version' => '',
  'os' => 'ios',
  'version' => '1.0.1',
)
[ info ] [ DB ] INIT mysql
[ sql ] [ DB ] CONNECT:[ UseTime:0.000430s ] mysql:host=127.0.0.1;port=3306;dbname=babadaohk;charset=utf8
[ sql ] [ SQL ] SHOW COLUMNS FROM `cc_app_versions` [ RunTime:0.000735s ]
[ sql ] [ SQL ] SELECT * FROM `cc_app_versions` ORDER BY `app_id` DESC LIMIT 1 [ RunTime:0.000352s ]
---------------------------------------------------------------
[ 2019-01-17T12:38:48+08:00 ] 223.104.107.129 GET app.babadao.com/api/Img/index?type=2
[运行时间：0.051867s] [吞吐率：19.28req/s] [内存消耗：4,244.90kb] [文件加载：78]
[ info ] [ LANG ] /www/wwwroot/huanka/thinkphp/lang/zh-cn.php
[ info ] [ ROUTE ] array (
)
[ info ] [ HEADER ] array (
  'host' => 'app.babadao.com',
  'accept' => 'application/json, text/javascript, */*; q=0.01',
  'cookie' => 'Hm_lvt_eb4073c51838ac84ef6048bff63869ca=1547633027',
  'user-agent' => 'Mozilla/5.0 (iPhone; CPU iPhone OS 12_1_2 like Mac OS X) AppleWebKit/605.1.15 (KHTML, like Gecko) Mobile/16C101 Html5Plus/1.0 (Immersed/20)',
  'accept-language' => 'zh-cn',
  'accept-encoding' => 'gzip, deflate',
  'connection' => 'keep-alive',
)
[ info ] [ PARAM ] array (
  '/api/Img/index' => '',
  'type' => '2',
)
[ info ] [ DB ] INIT mysql
[ sql ] [ DB ] CONNECT:[ UseTime:0.000443s ] mysql:host=127.0.0.1;port=3306;dbname=babadaohk;charset=utf8
[ sql ] [ SQL ] SHOW COLUMNS FROM `cc_img` [ RunTime:0.001010s ]
[ sql ] [ SQL ] SELECT * FROM `cc_img` WHERE  `img_start_switch` = 1  AND `img_type` = 2 ORDER BY `img_sort` ASC [ RunTime:0.000465s ]
---------------------------------------------------------------
[ 2019-01-17T12:38:48+08:00 ] 223.104.107.129 POST app.babadao.com/api/My/article
[运行时间：0.096050s] [吞吐率：10.41req/s] [内存消耗：4,860.67kb] [文件加载：82]
[ info ] [ LANG ] /www/wwwroot/huanka/thinkphp/lang/zh-cn.php
[ info ] [ ROUTE ] array (
)
[ info ] [ HEADER ] array (
  'host' => 'app.babadao.com',
  'origin' => 'file://',
  'cookie' => 'Hm_lvt_eb4073c51838ac84ef6048bff63869ca=1547633027',
  'connection' => 'keep-alive',
  'accept' => 'application/json, text/javascript, */*; q=0.01',
  'user-agent' => 'Mozilla/5.0 (iPhone; CPU iPhone OS 12_1_2 like Mac OS X) AppleWebKit/605.1.15 (KHTML, like Gecko) Mobile/16C101 Html5Plus/1.0 (Immersed/20)',
  'accept-language' => 'zh-cn',
  'accept-encoding' => 'gzip, deflate',
  'content-type' => 'application/x-www-form-urlencoded; charset=UTF-8',
  'content-length' => '52',
)
[ info ] [ PARAM ] array (
  '/api/My/article' => '',
  'token' => '0a31b3f0e003eb4663c50ea860a2646f',
  'type' => '1',
  'page' => '1',
)
[ info ] [ DB ] INIT mysql
[ sql ] [ DB ] CONNECT:[ UseTime:0.004361s ] mysql:host=127.0.0.1;port=3306;dbname=babadaohk;charset=utf8
[ sql ] [ SQL ] SHOW COLUMNS FROM `cc_user` [ RunTime:0.001152s ]
[ sql ] [ SQL ] SELECT * FROM `cc_user` WHERE  `user_token` = '0a31b3f0e003eb4663c50ea860a2646f' LIMIT 1 [ RunTime:0.000555s ]
[ sql ] [ SQL ] SHOW COLUMNS FROM `cc_article` [ RunTime:0.000711s ]
[ sql ] [ SQL ] SELECT COUNT(*) AS tp_count FROM `cc_article` WHERE  `article_type` = 1  AND `article_use` = 1 LIMIT 1 [ RunTime:0.000349s ]
[ sql ] [ SQL ] SELECT `article_id`,`article_title`,`article_type`,`article_img`,`article_time` FROM `cc_article` WHERE  `article_type` = 1  AND `article_use` = 1 LIMIT 0,10 [ RunTime:0.000327s ]
---------------------------------------------------------------
[ 2019-01-17T12:38:48+08:00 ] 223.104.107.129 POST app.babadao.com/api/Message/getnumber
[运行时间：0.120124s] [吞吐率：8.32req/s] [内存消耗：4,332.39kb] [文件加载：79]
[ info ] [ LANG ] /www/wwwroot/huanka/thinkphp/lang/zh-cn.php
[ info ] [ ROUTE ] array (
)
[ info ] [ HEADER ] array (
  'host' => 'app.babadao.com',
  'origin' => 'file://',
  'cookie' => 'Hm_lvt_eb4073c51838ac84ef6048bff63869ca=1547633027',
  'connection' => 'keep-alive',
  'accept' => 'application/json, text/javascript, */*; q=0.01',
  'user-agent' => 'Mozilla/5.0 (iPhone; CPU iPhone OS 12_1_2 like Mac OS X) AppleWebKit/605.1.15 (KHTML, like Gecko) Mobile/16C101 Html5Plus/1.0 (Immersed/20)',
  'accept-language' => 'zh-cn',
  'accept-encoding' => 'gzip, deflate',
  'content-type' => 'application/x-www-form-urlencoded; charset=UTF-8',
  'content-length' => '38',
)
[ info ] [ PARAM ] array (
  '/api/Message/getnumber' => '',
  'token' => '0a31b3f0e003eb4663c50ea860a2646f',
)
[ info ] [ DB ] INIT mysql
[ sql ] [ DB ] CONNECT:[ UseTime:0.000323s ] mysql:host=127.0.0.1;port=3306;dbname=babadaohk;charset=utf8
[ sql ] [ SQL ] SHOW COLUMNS FROM `cc_user` [ RunTime:0.001032s ]
[ sql ] [ SQL ] SELECT * FROM `cc_user` WHERE  `user_token` = '0a31b3f0e003eb4663c50ea860a2646f' LIMIT 1 [ RunTime:0.000531s ]
[ sql ] [ SQL ] SHOW COLUMNS FROM `cc_message` [ RunTime:0.000761s ]
[ sql ] [ SQL ] SELECT COUNT(*) AS tp_count FROM `cc_message` WHERE  `message_uid` = 408  AND `message_read` = 0 LIMIT 1 [ RunTime:0.000295s ]
---------------------------------------------------------------
[ 2019-01-17T12:38:48+08:00 ] 223.104.107.129 POST app.babadao.com/api/my/info
[运行时间：0.107424s] [吞吐率：9.31req/s] [内存消耗：4,688.97kb] [文件加载：80]
[ info ] [ LANG ] /www/wwwroot/huanka/thinkphp/lang/zh-cn.php
[ info ] [ ROUTE ] array (
)
[ info ] [ HEADER ] array (
  'host' => 'app.babadao.com',
  'origin' => 'file://',
  'cookie' => 'Hm_lvt_eb4073c51838ac84ef6048bff63869ca=1547633027',
  'connection' => 'keep-alive',
  'accept' => 'application/json, text/javascript, */*; q=0.01',
  'user-agent' => 'Mozilla/5.0 (iPhone; CPU iPhone OS 12_1_2 like Mac OS X) AppleWebKit/605.1.15 (KHTML, like Gecko) Mobile/16C101 Html5Plus/1.0 (Immersed/20)',
  'accept-language' => 'zh-cn',
  'accept-encoding' => 'gzip, deflate',
  'content-type' => 'application/x-www-form-urlencoded; charset=UTF-8',
  'content-length' => '38',
)
[ info ] [ PARAM ] array (
  '/api/my/info' => '',
  'token' => '0a31b3f0e003eb4663c50ea860a2646f',
)
[ info ] [ DB ] INIT mysql
[ sql ] [ DB ] CONNECT:[ UseTime:0.000282s ] mysql:host=127.0.0.1;port=3306;dbname=babadaohk;charset=utf8
[ sql ] [ SQL ] SHOW COLUMNS FROM `cc_user` [ RunTime:0.000944s ]
[ sql ] [ SQL ] SELECT * FROM `cc_user` WHERE  `user_token` = '0a31b3f0e003eb4663c50ea860a2646f' LIMIT 1 [ RunTime:0.000476s ]
[ sql ] [ SQL ] SELECT * FROM cc_user as u INNER JOIN `cc_user_type` `t` ON `u`.`user_type_id`=`t`.`type_id` WHERE  `u`.`user_id` = '408' LIMIT 1 [ RunTime:0.000518s ]
---------------------------------------------------------------
[ 2019-01-17T12:38:49+08:00 ] 223.104.107.129 POST app.babadao.com/api/my/info
[运行时间：0.114434s] [吞吐率：8.74req/s] [内存消耗：4,688.97kb] [文件加载：80]
[ info ] [ LANG ] /www/wwwroot/huanka/thinkphp/lang/zh-cn.php
[ info ] [ ROUTE ] array (
)
[ info ] [ HEADER ] array (
  'host' => 'app.babadao.com',
  'origin' => 'file://',
  'cookie' => 'Hm_lvt_eb4073c51838ac84ef6048bff63869ca=1547633027',
  'connection' => 'keep-alive',
  'accept' => 'application/json, text/javascript, */*; q=0.01',
  'user-agent' => 'Mozilla/5.0 (iPhone; CPU iPhone OS 12_1_2 like Mac OS X) AppleWebKit/605.1.15 (KHTML, like Gecko) Mobile/16C101 Html5Plus/1.0 (Immersed/20)',
  'accept-language' => 'zh-cn',
  'accept-encoding' => 'gzip, deflate',
  'content-type' => 'application/x-www-form-urlencoded; charset=UTF-8',
  'content-length' => '38',
)
[ info ] [ PARAM ] array (
  '/api/my/info' => '',
  'token' => '0a31b3f0e003eb4663c50ea860a2646f',
)
[ info ] [ DB ] INIT mysql
[ sql ] [ DB ] CONNECT:[ UseTime:0.000308s ] mysql:host=127.0.0.1;port=3306;dbname=babadaohk;charset=utf8
[ sql ] [ SQL ] SHOW COLUMNS FROM `cc_user` [ RunTime:0.000995s ]
[ sql ] [ SQL ] SELECT * FROM `cc_user` WHERE  `user_token` = '0a31b3f0e003eb4663c50ea860a2646f' LIMIT 1 [ RunTime:0.000510s ]
[ sql ] [ SQL ] SELECT * FROM cc_user as u INNER JOIN `cc_user_type` `t` ON `u`.`user_type_id`=`t`.`type_id` WHERE  `u`.`user_id` = '408' LIMIT 1 [ RunTime:0.000546s ]
---------------------------------------------------------------
[ 2019-01-17T12:38:49+08:00 ] 223.104.107.129 POST app.babadao.com/api/my/info
[运行时间：0.127320s] [吞吐率：7.85req/s] [内存消耗：4,688.97kb] [文件加载：80]
[ info ] [ LANG ] /www/wwwroot/huanka/thinkphp/lang/zh-cn.php
[ info ] [ ROUTE ] array (
)
[ info ] [ HEADER ] array (
  'host' => 'app.babadao.com',
  'origin' => 'file://',
  'cookie' => 'Hm_lvt_eb4073c51838ac84ef6048bff63869ca=1547633027',
  'connection' => 'keep-alive',
  'accept' => 'application/json, text/javascript, */*; q=0.01',
  'user-agent' => 'Mozilla/5.0 (iPhone; CPU iPhone OS 12_1_2 like Mac OS X) AppleWebKit/605.1.15 (KHTML, like Gecko) Mobile/16C101 Html5Plus/1.0 (Immersed/20)',
  'accept-language' => 'zh-cn',
  'accept-encoding' => 'gzip, deflate',
  'content-type' => 'application/x-www-form-urlencoded; charset=UTF-8',
  'content-length' => '38',
)
[ info ] [ PARAM ] array (
  '/api/my/info' => '',
  'token' => '0a31b3f0e003eb4663c50ea860a2646f',
)
[ info ] [ DB ] INIT mysql
[ sql ] [ DB ] CONNECT:[ UseTime:0.000352s ] mysql:host=127.0.0.1;port=3306;dbname=babadaohk;charset=utf8
[ sql ] [ SQL ] SHOW COLUMNS FROM `cc_user` [ RunTime:0.001143s ]
[ sql ] [ SQL ] SELECT * FROM `cc_user` WHERE  `user_token` = '0a31b3f0e003eb4663c50ea860a2646f' LIMIT 1 [ RunTime:0.000534s ]
[ sql ] [ SQL ] SELECT * FROM cc_user as u INNER JOIN `cc_user_type` `t` ON `u`.`user_type_id`=`t`.`type_id` WHERE  `u`.`user_id` = '408' LIMIT 1 [ RunTime:0.000522s ]
---------------------------------------------------------------
[ 2019-01-17T12:38:49+08:00 ] 223.104.107.129 POST app.babadao.com/api/my/index
[运行时间：0.134358s] [吞吐率：7.44req/s] [内存消耗：4,679.16kb] [文件加载：79]
[ info ] [ LANG ] /www/wwwroot/huanka/thinkphp/lang/zh-cn.php
[ info ] [ ROUTE ] array (
)
[ info ] [ HEADER ] array (
  'host' => 'app.babadao.com',
  'origin' => 'file://',
  'cookie' => 'Hm_lvt_eb4073c51838ac84ef6048bff63869ca=1547633027',
  'connection' => 'keep-alive',
  'accept' => 'application/json, text/javascript, */*; q=0.01',
  'user-agent' => 'Mozilla/5.0 (iPhone; CPU iPhone OS 12_1_2 like Mac OS X) AppleWebKit/605.1.15 (KHTML, like Gecko) Mobile/16C101 Html5Plus/1.0 (Immersed/20)',
  'accept-language' => 'zh-cn',
  'accept-encoding' => 'gzip, deflate',
  'content-type' => 'application/x-www-form-urlencoded; charset=UTF-8',
  'content-length' => '38',
)
[ info ] [ PARAM ] array (
  '/api/my/index' => '',
  'token' => '0a31b3f0e003eb4663c50ea860a2646f',
)
[ info ] [ DB ] INIT mysql
[ sql ] [ DB ] CONNECT:[ UseTime:0.000259s ] mysql:host=127.0.0.1;port=3306;dbname=babadaohk;charset=utf8
[ sql ] [ SQL ] SHOW COLUMNS FROM `cc_user` [ RunTime:0.000974s ]
[ sql ] [ SQL ] SELECT * FROM `cc_user` WHERE  `user_token` = '0a31b3f0e003eb4663c50ea860a2646f' LIMIT 1 [ RunTime:0.000449s ]
[ sql ] [ SQL ] SHOW COLUMNS FROM `cc_user_card` [ RunTime:0.000803s ]
[ sql ] [ SQL ] SELECT COUNT(*) AS tp_count FROM `cc_user_card` WHERE  `card_uid` = 408  AND `card_type` = 1  AND `card_blocked` = 0 ORDER BY `card_state` DESC LIMIT 1 [ RunTime:0.000340s ]
---------------------------------------------------------------
[ 2019-01-17T12:38:49+08:00 ] 223.104.107.129 GET app.babadao.com/api/Bank_Apply/getBank?_=1547699928682
[运行时间：0.380089s] [吞吐率：2.63req/s] [内存消耗：4,407.83kb] [文件加载：82]
[ info ] [ LANG ] /www/wwwroot/huanka/thinkphp/lang/zh-cn.php
[ info ] [ ROUTE ] array (
)
[ info ] [ HEADER ] array (
  'host' => 'app.babadao.com',
  'accept' => '*/*',
  'cookie' => 'Hm_lvt_eb4073c51838ac84ef6048bff63869ca=1547633027',
  'user-agent' => 'Mozilla/5.0 (iPhone; CPU iPhone OS 12_1_2 like Mac OS X) AppleWebKit/605.1.15 (KHTML, like Gecko) Mobile/16C101 Html5Plus/1.0 (Immersed/20)',
  'accept-language' => 'zh-cn',
  'accept-encoding' => 'gzip, deflate',
  'connection' => 'keep-alive',
)
[ info ] [ PARAM ] array (
  '/api/Bank_Apply/getBank' => '',
  '_' => '1547699928682',
)
[ info ] [ DB ] INIT mysql
[ sql ] [ DB ] CONNECT:[ UseTime:0.005706s ] mysql:host=127.0.0.1;port=3306;dbname=babadaohk;charset=utf8
[ sql ] [ SQL ] SHOW COLUMNS FROM `cc_bank_apply` [ RunTime:0.001047s ]
[ sql ] [ SQL ] SELECT * FROM `cc_bank_apply` WHERE  `apply_type` = 1  AND `apply_use` = 1 LIMIT 1 [ RunTime:0.000448s ]
---------------------------------------------------------------
[ 2019-01-17T12:38:49+08:00 ] 223.104.107.129 POST app.babadao.com/api/Make/index
[运行时间：0.062536s] [吞吐率：15.99req/s] [内存消耗：4,495.24kb] [文件加载：83]
[ info ] [ LANG ] /www/wwwroot/huanka/thinkphp/lang/zh-cn.php
[ info ] [ ROUTE ] array (
)
[ info ] [ HEADER ] array (
  'host' => 'app.babadao.com',
  'origin' => 'file://',
  'cookie' => 'Hm_lvt_eb4073c51838ac84ef6048bff63869ca=1547633027',
  'connection' => 'keep-alive',
  'accept' => 'application/json, text/javascript, */*; q=0.01',
  'user-agent' => 'Mozilla/5.0 (iPhone; CPU iPhone OS 12_1_2 like Mac OS X) AppleWebKit/605.1.15 (KHTML, like Gecko) Mobile/16C101 Html5Plus/1.0 (Immersed/20)',
  'accept-language' => 'zh-cn',
  'accept-encoding' => 'gzip, deflate',
  'content-type' => 'application/x-www-form-urlencoded; charset=UTF-8',
  'content-length' => '38',
)
[ info ] [ PARAM ] array (
  '/api/Make/index' => '',
  'token' => '0a31b3f0e003eb4663c50ea860a2646f',
)
[ info ] [ DB ] INIT mysql
[ sql ] [ DB ] CONNECT:[ UseTime:0.000445s ] mysql:host=127.0.0.1;port=3306;dbname=babadaohk;charset=utf8
[ sql ] [ SQL ] SHOW COLUMNS FROM `cc_user` [ RunTime:0.001215s ]
[ sql ] [ SQL ] SELECT * FROM `cc_user` WHERE  `user_token` = '0a31b3f0e003eb4663c50ea860a2646f' LIMIT 1 [ RunTime:0.000569s ]
[ sql ] [ SQL ] SHOW COLUMNS FROM `cc_user_card` [ RunTime:0.000879s ]
[ sql ] [ SQL ] SELECT * FROM `cc_user_card` WHERE  `card_uid` = 408  AND `card_type` = 1 LIMIT 1 [ RunTime:0.000404s ]
[ sql ] [ SQL ] SHOW COLUMNS FROM `cc_mission` [ RunTime:0.000932s ]
[ sql ] [ SQL ] SELECT * FROM `cc_mission` WHERE  `mission_uid` = 408  AND `mission_state` = 2 LIMIT 1 [ RunTime:0.000447s ]
[ sql ] [ SQL ] SHOW COLUMNS FROM `cc_pay_records` [ RunTime:0.000872s ]
[ sql ] [ SQL ] SELECT * FROM `cc_pay_records` WHERE  `records_uid` = 408  AND `records_state` = 5 LIMIT 1 [ RunTime:0.000400s ]
[ sql ] [ SQL ] SHOW COLUMNS FROM `cc_user_type` [ RunTime:0.000785s ]
[ sql ] [ SQL ] SELECT * FROM `cc_user_type` WHERE  `type_fee` = 0  AND `type_state` = 0 ORDER BY `type_sort` ASC [ RunTime:0.000389s ]
[ sql ] [ SQL ] SELECT COUNT(*) AS tp_count FROM `cc_user` WHERE  `user_pid` = 408  AND `user_state` = 0 LIMIT 1 [ RunTime:0.000328s ]
[ sql ] [ SQL ] SELECT * FROM `cc_user_type` WHERE  `type_id` = 1 LIMIT 1 [ RunTime:0.000341s ]
[ sql ] [ SQL ] SHOW COLUMNS FROM `cc_rate` [ RunTime:0.000756s ]
[ sql ] [ SQL ] SELECT * FROM `cc_rate` WHERE  `rate_type_id` = 1  AND `rate_type` = 1 LIMIT 1 [ RunTime:0.000323s ]
[ sql ] [ SQL ] SELECT * FROM `cc_rate` WHERE  `rate_type_id` = 1  AND `rate_type` = 2 LIMIT 1 [ RunTime:0.000331s ]
[ error ] [8]未定义数组下标: 4[/www/wwwroot/huanka/application/api/controller/Make.php:197]
[ error ] [8]未定义数组下标: 4[/www/wwwroot/huanka/application/api/controller/Make.php:197]
[ error ] [8]未定义数组下标: 4[/www/wwwroot/huanka/application/api/controller/Make.php:197]
[ error ] [8]未定义数组下标: 7[/www/wwwroot/huanka/application/api/controller/Make.php:197]
[ error ] [8]未定义数组下标: 7[/www/wwwroot/huanka/application/api/controller/Make.php:197]
[ error ] [8]未定义数组下标: 4[/www/wwwroot/huanka/application/api/controller/Make.php:197]
---------------------------------------------------------------
[ 2019-01-17T12:38:50+08:00 ] 223.104.107.129 GET app.babadao.com/api/Bank_Apply/banklist?id=928519625187000320&page=1&_=1547699929585
[运行时间：0.420975s] [吞吐率：2.38req/s] [内存消耗：4,408.74kb] [文件加载：82]
[ info ] [ LANG ] /www/wwwroot/huanka/thinkphp/lang/zh-cn.php
[ info ] [ ROUTE ] array (
)
[ info ] [ HEADER ] array (
  'host' => 'app.babadao.com',
  'accept' => '*/*',
  'cookie' => 'Hm_lvt_eb4073c51838ac84ef6048bff63869ca=1547633027',
  'user-agent' => 'Mozilla/5.0 (iPhone; CPU iPhone OS 12_1_2 like Mac OS X) AppleWebKit/605.1.15 (KHTML, like Gecko) Mobile/16C101 Html5Plus/1.0 (Immersed/20)',
  'accept-language' => 'zh-cn',
  'accept-encoding' => 'gzip, deflate',
  'connection' => 'keep-alive',
)
[ info ] [ PARAM ] array (
  '/api/Bank_Apply/banklist' => '',
  'id' => '928519625187000320',
  'page' => '1',
  '_' => '1547699929585',
)
[ info ] [ DB ] INIT mysql
[ sql ] [ DB ] CONNECT:[ UseTime:0.000351s ] mysql:host=127.0.0.1;port=3306;dbname=babadaohk;charset=utf8
[ sql ] [ SQL ] SHOW COLUMNS FROM `cc_bank_apply` [ RunTime:0.000827s ]
[ sql ] [ SQL ] SELECT * FROM `cc_bank_apply` WHERE  `apply_type` = 1  AND `apply_use` = 1 LIMIT 1 [ RunTime:0.000363s ]
---------------------------------------------------------------
[ 2019-01-17T12:40:36+08:00 ] 47.92.148.120 GET app.babadao.com/
[运行时间：0.024571s] [吞吐率：40.70req/s] [内存消耗：3,084.55kb] [文件加载：77]
[ info ] [ LANG ] /www/wwwroot/huanka/thinkphp/lang/zh-cn.php
[ info ] [ ROUTE ] array (
)
[ info ] [ HEADER ] array (
  'user-agent' => 'Mozilla/5.0 (Linux; Android 4.1.1; Nexus 7 Build/JRO03D))',
  'host' => 'app.babadao.com',
  'accept' => 'text/html, image/gif, image/jpeg, *; q=.2, */*; q=.2',
  'connection' => 'keep-alive',
)
[ info ] [ PARAM ] array (
)
[ info ] [ VIEW ] ../Theme/index/index/register.html [ array (
  0 => 'id',
) ]
---------------------------------------------------------------
[ 2019-01-17T13:13:30+08:00 ] 117.132.183.17 GET app.babadao.com/
[运行时间：0.026125s] [吞吐率：38.28req/s] [内存消耗：3,084.94kb] [文件加载：77]
[ info ] [ LANG ] /www/wwwroot/huanka/thinkphp/lang/zh-cn.php
[ info ] [ ROUTE ] array (
)
[ info ] [ HEADER ] array (
  'user-agent' => 'Mozilla/5.0 (Windows NT 10.0; Win64; x64) AppleWebKit/537.36 (KHTML, like Gecko) Chrome/59.0.3071.104 Safari/537.36',
  'cache-control' => 'no-cache',
  'pragma' => 'no-cache',
  'host' => 'app.babadao.com',
  'accept' => 'text/html, image/gif, image/jpeg, *; q=.2, */*; q=.2',
  'connection' => 'keep-alive',
  'cookie' => '',
)
[ info ] [ PARAM ] array (
)
[ info ] [ VIEW ] ../Theme/index/index/register.html [ array (
  0 => 'id',
) ]
---------------------------------------------------------------
[ 2019-01-17T14:58:21+08:00 ] 223.104.107.129 POST app.babadao.com/api/Common/version
[运行时间：0.033676s] [吞吐率：29.69req/s] [内存消耗：4,256.82kb] [文件加载：78]
[ info ] [ LANG ] /www/wwwroot/huanka/thinkphp/lang/zh-cn.php
[ info ] [ ROUTE ] array (
)
[ info ] [ HEADER ] array (
  'host' => 'app.babadao.com',
  'origin' => 'file://',
  'cookie' => 'Hm_lvt_eb4073c51838ac84ef6048bff63869ca=1547633027',
  'connection' => 'keep-alive',
  'accept' => '*/*',
  'user-agent' => 'Mozilla/5.0 (iPhone; CPU iPhone OS 12_1_2 like Mac OS X) AppleWebKit/605.1.15 (KHTML, like Gecko) Mobile/16C101 Html5Plus/1.0 (Immersed/20)',
  'accept-language' => 'zh-cn',
  'accept-encoding' => 'gzip, deflate',
  'x-requested-with' => 'XMLHttpRequest',
  'content-type' => 'application/x-www-form-urlencoded',
  'content-length' => '20',
)
[ info ] [ PARAM ] array (
  '/api/Common/version' => '',
  'os' => 'ios',
  'version' => '1.0.1',
)
[ info ] [ DB ] INIT mysql
[ sql ] [ DB ] CONNECT:[ UseTime:0.000476s ] mysql:host=127.0.0.1;port=3306;dbname=babadaohk;charset=utf8
[ sql ] [ SQL ] SHOW COLUMNS FROM `cc_app_versions` [ RunTime:0.000761s ]
[ sql ] [ SQL ] SELECT * FROM `cc_app_versions` ORDER BY `app_id` DESC LIMIT 1 [ RunTime:0.000326s ]
---------------------------------------------------------------
[ 2019-01-17T14:58:22+08:00 ] 223.104.107.129 GET app.babadao.com/api/Img/index?type=2
[运行时间：0.099526s] [吞吐率：10.05req/s] [内存消耗：4,244.90kb] [文件加载：78]
[ info ] [ LANG ] /www/wwwroot/huanka/thinkphp/lang/zh-cn.php
[ info ] [ ROUTE ] array (
)
[ info ] [ HEADER ] array (
  'host' => 'app.babadao.com',
  'accept' => 'application/json, text/javascript, */*; q=0.01',
  'cookie' => 'Hm_lvt_eb4073c51838ac84ef6048bff63869ca=1547633027',
  'user-agent' => 'Mozilla/5.0 (iPhone; CPU iPhone OS 12_1_2 like Mac OS X) AppleWebKit/605.1.15 (KHTML, like Gecko) Mobile/16C101 Html5Plus/1.0 (Immersed/20)',
  'accept-language' => 'zh-cn',
  'accept-encoding' => 'gzip, deflate',
  'connection' => 'keep-alive',
)
[ info ] [ PARAM ] array (
  '/api/Img/index' => '',
  'type' => '2',
)
[ info ] [ DB ] INIT mysql
[ sql ] [ DB ] CONNECT:[ UseTime:0.006287s ] mysql:host=127.0.0.1;port=3306;dbname=babadaohk;charset=utf8
[ sql ] [ SQL ] SHOW COLUMNS FROM `cc_img` [ RunTime:0.001034s ]
[ sql ] [ SQL ] SELECT * FROM `cc_img` WHERE  `img_start_switch` = 1  AND `img_type` = 2 ORDER BY `img_sort` ASC [ RunTime:0.000493s ]
---------------------------------------------------------------
[ 2019-01-17T14:58:22+08:00 ] 223.104.107.129 POST app.babadao.com/api/Message/getnumber
[运行时间：0.102562s] [吞吐率：9.75req/s] [内存消耗：4,332.39kb] [文件加载：79]
[ info ] [ LANG ] /www/wwwroot/huanka/thinkphp/lang/zh-cn.php
[ info ] [ ROUTE ] array (
)
[ info ] [ HEADER ] array (
  'host' => 'app.babadao.com',
  'origin' => 'file://',
  'cookie' => 'Hm_lvt_eb4073c51838ac84ef6048bff63869ca=1547633027',
  'connection' => 'keep-alive',
  'accept' => 'application/json, text/javascript, */*; q=0.01',
  'user-agent' => 'Mozilla/5.0 (iPhone; CPU iPhone OS 12_1_2 like Mac OS X) AppleWebKit/605.1.15 (KHTML, like Gecko) Mobile/16C101 Html5Plus/1.0 (Immersed/20)',
  'accept-language' => 'zh-cn',
  'accept-encoding' => 'gzip, deflate',
  'content-type' => 'application/x-www-form-urlencoded; charset=UTF-8',
  'content-length' => '38',
)
[ info ] [ PARAM ] array (
  '/api/Message/getnumber' => '',
  'token' => '0a31b3f0e003eb4663c50ea860a2646f',
)
[ info ] [ DB ] INIT mysql
[ sql ] [ DB ] CONNECT:[ UseTime:0.003024s ] mysql:host=127.0.0.1;port=3306;dbname=babadaohk;charset=utf8
[ sql ] [ SQL ] SHOW COLUMNS FROM `cc_user` [ RunTime:0.001177s ]
[ sql ] [ SQL ] SELECT * FROM `cc_user` WHERE  `user_token` = '0a31b3f0e003eb4663c50ea860a2646f' LIMIT 1 [ RunTime:0.000540s ]
[ sql ] [ SQL ] SHOW COLUMNS FROM `cc_message` [ RunTime:0.000690s ]
[ sql ] [ SQL ] SELECT COUNT(*) AS tp_count FROM `cc_message` WHERE  `message_uid` = 408  AND `message_read` = 0 LIMIT 1 [ RunTime:0.000316s ]
---------------------------------------------------------------
[ 2019-01-17T14:58:22+08:00 ] 223.104.107.129 POST app.babadao.com/api/my/info
[运行时间：0.108343s] [吞吐率：9.23req/s] [内存消耗：4,688.97kb] [文件加载：80]
[ info ] [ LANG ] /www/wwwroot/huanka/thinkphp/lang/zh-cn.php
[ info ] [ ROUTE ] array (
)
[ info ] [ HEADER ] array (
  'host' => 'app.babadao.com',
  'origin' => 'file://',
  'cookie' => 'Hm_lvt_eb4073c51838ac84ef6048bff63869ca=1547633027',
  'connection' => 'keep-alive',
  'accept' => 'application/json, text/javascript, */*; q=0.01',
  'user-agent' => 'Mozilla/5.0 (iPhone; CPU iPhone OS 12_1_2 like Mac OS X) AppleWebKit/605.1.15 (KHTML, like Gecko) Mobile/16C101 Html5Plus/1.0 (Immersed/20)',
  'accept-language' => 'zh-cn',
  'accept-encoding' => 'gzip, deflate',
  'content-type' => 'application/x-www-form-urlencoded; charset=UTF-8',
  'content-length' => '38',
)
[ info ] [ PARAM ] array (
  '/api/my/info' => '',
  'token' => '0a31b3f0e003eb4663c50ea860a2646f',
)
[ info ] [ DB ] INIT mysql
[ sql ] [ DB ] CONNECT:[ UseTime:0.000277s ] mysql:host=127.0.0.1;port=3306;dbname=babadaohk;charset=utf8
[ sql ] [ SQL ] SHOW COLUMNS FROM `cc_user` [ RunTime:0.000936s ]
[ sql ] [ SQL ] SELECT * FROM `cc_user` WHERE  `user_token` = '0a31b3f0e003eb4663c50ea860a2646f' LIMIT 1 [ RunTime:0.000493s ]
[ sql ] [ SQL ] SELECT * FROM cc_user as u INNER JOIN `cc_user_type` `t` ON `u`.`user_type_id`=`t`.`type_id` WHERE  `u`.`user_id` = '408' LIMIT 1 [ RunTime:0.000518s ]
---------------------------------------------------------------
[ 2019-01-17T14:58:22+08:00 ] 223.104.107.129 POST app.babadao.com/api/My/article
[运行时间：0.104337s] [吞吐率：9.58req/s] [内存消耗：4,860.67kb] [文件加载：82]
[ info ] [ LANG ] /www/wwwroot/huanka/thinkphp/lang/zh-cn.php
[ info ] [ ROUTE ] array (
)
[ info ] [ HEADER ] array (
  'host' => 'app.babadao.com',
  'origin' => 'file://',
  'cookie' => 'Hm_lvt_eb4073c51838ac84ef6048bff63869ca=1547633027',
  'connection' => 'keep-alive',
  'accept' => 'application/json, text/javascript, */*; q=0.01',
  'user-agent' => 'Mozilla/5.0 (iPhone; CPU iPhone OS 12_1_2 like Mac OS X) AppleWebKit/605.1.15 (KHTML, like Gecko) Mobile/16C101 Html5Plus/1.0 (Immersed/20)',
  'accept-language' => 'zh-cn',
  'accept-encoding' => 'gzip, deflate',
  'content-type' => 'application/x-www-form-urlencoded; charset=UTF-8',
  'content-length' => '52',
)
[ info ] [ PARAM ] array (
  '/api/My/article' => '',
  'token' => '0a31b3f0e003eb4663c50ea860a2646f',
  'type' => '1',
  'page' => '1',
)
[ info ] [ DB ] INIT mysql
[ sql ] [ DB ] CONNECT:[ UseTime:0.001706s ] mysql:host=127.0.0.1;port=3306;dbname=babadaohk;charset=utf8
[ sql ] [ SQL ] SHOW COLUMNS FROM `cc_user` [ RunTime:0.001099s ]
[ sql ] [ SQL ] SELECT * FROM `cc_user` WHERE  `user_token` = '0a31b3f0e003eb4663c50ea860a2646f' LIMIT 1 [ RunTime:0.000515s ]
[ sql ] [ SQL ] SHOW COLUMNS FROM `cc_article` [ RunTime:0.000779s ]
[ sql ] [ SQL ] SELECT COUNT(*) AS tp_count FROM `cc_article` WHERE  `article_type` = 1  AND `article_use` = 1 LIMIT 1 [ RunTime:0.000328s ]
[ sql ] [ SQL ] SELECT `article_id`,`article_title`,`article_type`,`article_img`,`article_time` FROM `cc_article` WHERE  `article_type` = 1  AND `article_use` = 1 LIMIT 0,10 [ RunTime:0.000361s ]
---------------------------------------------------------------
[ 2019-01-17T14:58:22+08:00 ] 223.104.107.129 POST app.babadao.com/api/my/info
[运行时间：0.106130s] [吞吐率：9.42req/s] [内存消耗：4,688.97kb] [文件加载：80]
[ info ] [ LANG ] /www/wwwroot/huanka/thinkphp/lang/zh-cn.php
[ info ] [ ROUTE ] array (
)
[ info ] [ HEADER ] array (
  'host' => 'app.babadao.com',
  'origin' => 'file://',
  'cookie' => 'Hm_lvt_eb4073c51838ac84ef6048bff63869ca=1547633027',
  'connection' => 'keep-alive',
  'accept' => 'application/json, text/javascript, */*; q=0.01',
  'user-agent' => 'Mozilla/5.0 (iPhone; CPU iPhone OS 12_1_2 like Mac OS X) AppleWebKit/605.1.15 (KHTML, like Gecko) Mobile/16C101 Html5Plus/1.0 (Immersed/20)',
  'accept-language' => 'zh-cn',
  'accept-encoding' => 'gzip, deflate',
  'content-type' => 'application/x-www-form-urlencoded; charset=UTF-8',
  'content-length' => '38',
)
[ info ] [ PARAM ] array (
  '/api/my/info' => '',
  'token' => '0a31b3f0e003eb4663c50ea860a2646f',
)
[ info ] [ DB ] INIT mysql
[ sql ] [ DB ] CONNECT:[ UseTime:0.003106s ] mysql:host=127.0.0.1;port=3306;dbname=babadaohk;charset=utf8
[ sql ] [ SQL ] SHOW COLUMNS FROM `cc_user` [ RunTime:0.000952s ]
[ sql ] [ SQL ] SELECT * FROM `cc_user` WHERE  `user_token` = '0a31b3f0e003eb4663c50ea860a2646f' LIMIT 1 [ RunTime:0.000441s ]
[ sql ] [ SQL ] SELECT * FROM cc_user as u INNER JOIN `cc_user_type` `t` ON `u`.`user_type_id`=`t`.`type_id` WHERE  `u`.`user_id` = '408' LIMIT 1 [ RunTime:0.000557s ]
---------------------------------------------------------------
[ 2019-01-17T14:58:22+08:00 ] 223.104.107.129 POST app.babadao.com/api/my/index
[运行时间：0.102346s] [吞吐率：9.77req/s] [内存消耗：4,679.16kb] [文件加载：79]
[ info ] [ LANG ] /www/wwwroot/huanka/thinkphp/lang/zh-cn.php
[ info ] [ ROUTE ] array (
)
[ info ] [ HEADER ] array (
  'host' => 'app.babadao.com',
  'origin' => 'file://',
  'cookie' => 'Hm_lvt_eb4073c51838ac84ef6048bff63869ca=1547633027',
  'connection' => 'keep-alive',
  'accept' => 'application/json, text/javascript, */*; q=0.01',
  'user-agent' => 'Mozilla/5.0 (iPhone; CPU iPhone OS 12_1_2 like Mac OS X) AppleWebKit/605.1.15 (KHTML, like Gecko) Mobile/16C101 Html5Plus/1.0 (Immersed/20)',
  'accept-language' => 'zh-cn',
  'accept-encoding' => 'gzip, deflate',
  'content-type' => 'application/x-www-form-urlencoded; charset=UTF-8',
  'content-length' => '38',
)
[ info ] [ PARAM ] array (
  '/api/my/index' => '',
  'token' => '0a31b3f0e003eb4663c50ea860a2646f',
)
[ info ] [ DB ] INIT mysql
[ sql ] [ DB ] CONNECT:[ UseTime:0.000297s ] mysql:host=127.0.0.1;port=3306;dbname=babadaohk;charset=utf8
[ sql ] [ SQL ] SHOW COLUMNS FROM `cc_user` [ RunTime:0.001267s ]
[ sql ] [ SQL ] SELECT * FROM `cc_user` WHERE  `user_token` = '0a31b3f0e003eb4663c50ea860a2646f' LIMIT 1 [ RunTime:0.000547s ]
[ sql ] [ SQL ] SHOW COLUMNS FROM `cc_user_card` [ RunTime:0.000857s ]
[ sql ] [ SQL ] SELECT COUNT(*) AS tp_count FROM `cc_user_card` WHERE  `card_uid` = 408  AND `card_type` = 1  AND `card_blocked` = 0 ORDER BY `card_state` DESC LIMIT 1 [ RunTime:0.000359s ]
---------------------------------------------------------------
[ 2019-01-17T14:58:22+08:00 ] 223.104.107.129 POST app.babadao.com/api/my/info
[运行时间：0.114226s] [吞吐率：8.75req/s] [内存消耗：4,688.97kb] [文件加载：80]
[ info ] [ LANG ] /www/wwwroot/huanka/thinkphp/lang/zh-cn.php
[ info ] [ ROUTE ] array (
)
[ info ] [ HEADER ] array (
  'host' => 'app.babadao.com',
  'origin' => 'file://',
  'cookie' => 'Hm_lvt_eb4073c51838ac84ef6048bff63869ca=1547633027',
  'connection' => 'keep-alive',
  'accept' => 'application/json, text/javascript, */*; q=0.01',
  'user-agent' => 'Mozilla/5.0 (iPhone; CPU iPhone OS 12_1_2 like Mac OS X) AppleWebKit/605.1.15 (KHTML, like Gecko) Mobile/16C101 Html5Plus/1.0 (Immersed/20)',
  'accept-language' => 'zh-cn',
  'accept-encoding' => 'gzip, deflate',
  'content-type' => 'application/x-www-form-urlencoded; charset=UTF-8',
  'content-length' => '38',
)
[ info ] [ PARAM ] array (
  '/api/my/info' => '',
  'token' => '0a31b3f0e003eb4663c50ea860a2646f',
)
[ info ] [ DB ] INIT mysql
[ sql ] [ DB ] CONNECT:[ UseTime:0.005477s ] mysql:host=127.0.0.1;port=3306;dbname=babadaohk;charset=utf8
[ sql ] [ SQL ] SHOW COLUMNS FROM `cc_user` [ RunTime:0.003641s ]
[ sql ] [ SQL ] SELECT * FROM `cc_user` WHERE  `user_token` = '0a31b3f0e003eb4663c50ea860a2646f' LIMIT 1 [ RunTime:0.000444s ]
[ sql ] [ SQL ] SELECT * FROM cc_user as u INNER JOIN `cc_user_type` `t` ON `u`.`user_type_id`=`t`.`type_id` WHERE  `u`.`user_id` = '408' LIMIT 1 [ RunTime:0.000442s ]
---------------------------------------------------------------
[ 2019-01-17T14:58:22+08:00 ] 223.104.107.129 GET app.babadao.com/api/Bank_Apply/getBank?_=1547708302276
[运行时间：0.361851s] [吞吐率：2.76req/s] [内存消耗：4,407.83kb] [文件加载：82]
[ info ] [ LANG ] /www/wwwroot/huanka/thinkphp/lang/zh-cn.php
[ info ] [ ROUTE ] array (
)
[ info ] [ HEADER ] array (
  'host' => 'app.babadao.com',
  'accept' => '*/*',
  'cookie' => 'Hm_lvt_eb4073c51838ac84ef6048bff63869ca=1547633027',
  'user-agent' => 'Mozilla/5.0 (iPhone; CPU iPhone OS 12_1_2 like Mac OS X) AppleWebKit/605.1.15 (KHTML, like Gecko) Mobile/16C101 Html5Plus/1.0 (Immersed/20)',
  'accept-language' => 'zh-cn',
  'accept-encoding' => 'gzip, deflate',
  'connection' => 'keep-alive',
)
[ info ] [ PARAM ] array (
  '/api/Bank_Apply/getBank' => '',
  '_' => '1547708302276',
)
[ info ] [ DB ] INIT mysql
[ sql ] [ DB ] CONNECT:[ UseTime:0.006211s ] mysql:host=127.0.0.1;port=3306;dbname=babadaohk;charset=utf8
[ sql ] [ SQL ] SHOW COLUMNS FROM `cc_bank_apply` [ RunTime:0.001064s ]
[ sql ] [ SQL ] SELECT * FROM `cc_bank_apply` WHERE  `apply_type` = 1  AND `apply_use` = 1 LIMIT 1 [ RunTime:0.000491s ]
---------------------------------------------------------------
[ 2019-01-17T14:58:23+08:00 ] 223.104.107.129 POST app.babadao.com/api/Make/index
[运行时间：0.043130s] [吞吐率：23.19req/s] [内存消耗：4,494.07kb] [文件加载：83]
[ info ] [ LANG ] /www/wwwroot/huanka/thinkphp/lang/zh-cn.php
[ info ] [ ROUTE ] array (
)
[ info ] [ HEADER ] array (
  'host' => 'app.babadao.com',
  'origin' => 'file://',
  'cookie' => 'Hm_lvt_eb4073c51838ac84ef6048bff63869ca=1547633027',
  'connection' => 'keep-alive',
  'accept' => 'application/json, text/javascript, */*; q=0.01',
  'user-agent' => 'Mozilla/5.0 (iPhone; CPU iPhone OS 12_1_2 like Mac OS X) AppleWebKit/605.1.15 (KHTML, like Gecko) Mobile/16C101 Html5Plus/1.0 (Immersed/20)',
  'accept-language' => 'zh-cn',
  'accept-encoding' => 'gzip, deflate',
  'content-type' => 'application/x-www-form-urlencoded; charset=UTF-8',
  'content-length' => '38',
)
[ info ] [ PARAM ] array (
  '/api/Make/index' => '',
  'token' => '0a31b3f0e003eb4663c50ea860a2646f',
)
[ info ] [ DB ] INIT mysql
[ sql ] [ DB ] CONNECT:[ UseTime:0.000449s ] mysql:host=127.0.0.1;port=3306;dbname=babadaohk;charset=utf8
[ sql ] [ SQL ] SHOW COLUMNS FROM `cc_user` [ RunTime:0.000898s ]
[ sql ] [ SQL ] SELECT * FROM `cc_user` WHERE  `user_token` = '0a31b3f0e003eb4663c50ea860a2646f' LIMIT 1 [ RunTime:0.000459s ]
[ sql ] [ SQL ] SHOW COLUMNS FROM `cc_user_card` [ RunTime:0.000601s ]
[ sql ] [ SQL ] SELECT * FROM `cc_user_card` WHERE  `card_uid` = 408  AND `card_type` = 1 LIMIT 1 [ RunTime:0.000373s ]
[ sql ] [ SQL ] SHOW COLUMNS FROM `cc_mission` [ RunTime:0.000669s ]
[ sql ] [ SQL ] SELECT * FROM `cc_mission` WHERE  `mission_uid` = 408  AND `mission_state` = 2 LIMIT 1 [ RunTime:0.000399s ]
[ sql ] [ SQL ] SHOW COLUMNS FROM `cc_pay_records` [ RunTime:0.000606s ]
[ sql ] [ SQL ] SELECT * FROM `cc_pay_records` WHERE  `records_uid` = 408  AND `records_state` = 5 LIMIT 1 [ RunTime:0.000387s ]
[ sql ] [ SQL ] SHOW COLUMNS FROM `cc_user_type` [ RunTime:0.000542s ]
[ sql ] [ SQL ] SELECT * FROM `cc_user_type` WHERE  `type_fee` = 0  AND `type_state` = 0 ORDER BY `type_sort` ASC [ RunTime:0.000345s ]
[ sql ] [ SQL ] SELECT COUNT(*) AS tp_count FROM `cc_user` WHERE  `user_pid` = 408  AND `user_state` = 0 LIMIT 1 [ RunTime:0.000317s ]
[ sql ] [ SQL ] SELECT * FROM `cc_user_type` WHERE  `type_id` = 1 LIMIT 1 [ RunTime:0.000307s ]
[ sql ] [ SQL ] SHOW COLUMNS FROM `cc_rate` [ RunTime:0.000579s ]
[ sql ] [ SQL ] SELECT * FROM `cc_rate` WHERE  `rate_type_id` = 1  AND `rate_type` = 1 LIMIT 1 [ RunTime:0.000305s ]
[ sql ] [ SQL ] SELECT * FROM `cc_rate` WHERE  `rate_type_id` = 1  AND `rate_type` = 2 LIMIT 1 [ RunTime:0.000307s ]
[ error ] [8]未定义数组下标: 4[/www/wwwroot/huanka/application/api/controller/Make.php:197]
[ error ] [8]未定义数组下标: 4[/www/wwwroot/huanka/application/api/controller/Make.php:197]
[ error ] [8]未定义数组下标: 7[/www/wwwroot/huanka/application/api/controller/Make.php:197]
[ error ] [8]未定义数组下标: 4[/www/wwwroot/huanka/application/api/controller/Make.php:197]
---------------------------------------------------------------
[ 2019-01-17T14:58:24+08:00 ] 223.104.107.129 GET app.babadao.com/api/Bank_Apply/banklist?id=928519625187000320&page=1&_=1547708303185
[运行时间：0.423583s] [吞吐率：2.36req/s] [内存消耗：4,408.74kb] [文件加载：82]
[ info ] [ LANG ] /www/wwwroot/huanka/thinkphp/lang/zh-cn.php
[ info ] [ ROUTE ] array (
)
[ info ] [ HEADER ] array (
  'host' => 'app.babadao.com',
  'accept' => '*/*',
  'cookie' => 'Hm_lvt_eb4073c51838ac84ef6048bff63869ca=1547633027',
  'user-agent' => 'Mozilla/5.0 (iPhone; CPU iPhone OS 12_1_2 like Mac OS X) AppleWebKit/605.1.15 (KHTML, like Gecko) Mobile/16C101 Html5Plus/1.0 (Immersed/20)',
  'accept-language' => 'zh-cn',
  'accept-encoding' => 'gzip, deflate',
  'connection' => 'keep-alive',
)
[ info ] [ PARAM ] array (
  '/api/Bank_Apply/banklist' => '',
  'id' => '928519625187000320',
  'page' => '1',
  '_' => '1547708303185',
)
[ info ] [ DB ] INIT mysql
[ sql ] [ DB ] CONNECT:[ UseTime:0.000435s ] mysql:host=127.0.0.1;port=3306;dbname=babadaohk;charset=utf8
[ sql ] [ SQL ] SHOW COLUMNS FROM `cc_bank_apply` [ RunTime:0.000751s ]
[ sql ] [ SQL ] SELECT * FROM `cc_bank_apply` WHERE  `apply_type` = 1  AND `apply_use` = 1 LIMIT 1 [ RunTime:0.000401s ]
