---------------------------------------------------------------
[ 2019-01-25T10:22:25+08:00 ] 223.104.19.234 POST app.babadao.com/api/Common/version
[运行时间：0.033097s] [吞吐率：30.21req/s] [内存消耗：4,255.57kb] [文件加载：78]
[ info ] [ LANG ] /www/wwwroot/huanka/thinkphp/lang/zh-cn.php
[ info ] [ ROUTE ] array (
)
[ info ] [ HEADER ] array (
  'host' => 'app.babadao.com',
  'origin' => 'file://',
  'connection' => 'keep-alive',
  'accept' => '*/*',
  'user-agent' => 'Mozilla/5.0 (iPhone; CPU iPhone OS 12_1_2 like Mac OS X) AppleWebKit/605.1.15 (KHTML, like Gecko) Mobile/16C101 Html5Plus/1.0 (Immersed/20)',
  'accept-language' => 'zh-cn',
  'accept-encoding' => 'gzip, deflate',
  'x-requested-with' => 'XMLHttpRequest',
  'content-type' => 'application/x-www-form-urlencoded',
  'content-length' => '20',
)
[ info ] [ PARAM ] array (
  '/api/Common/version' => '',
  'os' => 'ios',
  'version' => '1.0.1',
)
[ info ] [ DB ] INIT mysql
[ sql ] [ DB ] CONNECT:[ UseTime:0.000444s ] mysql:host=127.0.0.1;port=3306;dbname=babadaohk;charset=utf8
[ sql ] [ SQL ] SHOW COLUMNS FROM `cc_app_versions` [ RunTime:0.000761s ]
[ sql ] [ SQL ] SELECT * FROM `cc_app_versions` ORDER BY `app_id` DESC LIMIT 1 [ RunTime:0.000337s ]
---------------------------------------------------------------
[ 2019-01-25T10:22:25+08:00 ] 223.104.19.234 GET app.babadao.com/api/Img/index?type=2
[运行时间：0.094111s] [吞吐率：10.63req/s] [内存消耗：4,243.92kb] [文件加载：78]
[ info ] [ LANG ] /www/wwwroot/huanka/thinkphp/lang/zh-cn.php
[ info ] [ ROUTE ] array (
)
[ info ] [ HEADER ] array (
  'host' => 'app.babadao.com',
  'accept' => 'application/json, text/javascript, */*; q=0.01',
  'accept-language' => 'zh-cn',
  'connection' => 'keep-alive',
  'accept-encoding' => 'gzip, deflate',
  'user-agent' => 'Mozilla/5.0 (iPhone; CPU iPhone OS 12_1_2 like Mac OS X) AppleWebKit/605.1.15 (KHTML, like Gecko) Mobile/16C101 Html5Plus/1.0 (Immersed/20)',
)
[ info ] [ PARAM ] array (
  '/api/Img/index' => '',
  'type' => '2',
)
[ info ] [ DB ] INIT mysql
[ sql ] [ DB ] CONNECT:[ UseTime:0.005849s ] mysql:host=127.0.0.1;port=3306;dbname=babadaohk;charset=utf8
[ sql ] [ SQL ] SHOW COLUMNS FROM `cc_img` [ RunTime:0.001033s ]
[ sql ] [ SQL ] SELECT * FROM `cc_img` WHERE  `img_start_switch` = 1  AND `img_type` = 2 ORDER BY `img_sort` ASC [ RunTime:0.000471s ]
---------------------------------------------------------------
[ 2019-01-25T10:22:25+08:00 ] 223.104.19.234 POST app.babadao.com/api/My/article
[运行时间：0.109697s] [吞吐率：9.12req/s] [内存消耗：4,913.69kb] [文件加载：82]
[ info ] [ LANG ] /www/wwwroot/huanka/thinkphp/lang/zh-cn.php
[ info ] [ ROUTE ] array (
)
[ info ] [ HEADER ] array (
  'host' => 'app.babadao.com',
  'origin' => 'file://',
  'connection' => 'keep-alive',
  'accept' => 'application/json, text/javascript, */*; q=0.01',
  'user-agent' => 'Mozilla/5.0 (iPhone; CPU iPhone OS 12_1_2 like Mac OS X) AppleWebKit/605.1.15 (KHTML, like Gecko) Mobile/16C101 Html5Plus/1.0 (Immersed/20)',
  'accept-language' => 'zh-cn',
  'accept-encoding' => 'gzip, deflate',
  'content-type' => 'application/x-www-form-urlencoded; charset=UTF-8',
  'content-length' => '52',
)
[ info ] [ PARAM ] array (
  '/api/My/article' => '',
  'token' => '0a31b3f0e003eb4663c50ea860a2646f',
  'type' => '1',
  'page' => '1',
)
[ info ] [ DB ] INIT mysql
[ sql ] [ DB ] CONNECT:[ UseTime:0.006075s ] mysql:host=127.0.0.1;port=3306;dbname=babadaohk;charset=utf8
[ sql ] [ SQL ] SHOW COLUMNS FROM `cc_user` [ RunTime:0.001138s ]
[ sql ] [ SQL ] SELECT * FROM `cc_user` WHERE  `user_token` = '0a31b3f0e003eb4663c50ea860a2646f' LIMIT 1 [ RunTime:0.000532s ]
[ sql ] [ SQL ] SHOW COLUMNS FROM `cc_article` [ RunTime:0.000792s ]
[ sql ] [ SQL ] SELECT COUNT(*) AS tp_count FROM `cc_article` WHERE  `article_type` = 1  AND `article_use` = 1 LIMIT 1 [ RunTime:0.000361s ]
[ sql ] [ SQL ] SELECT `article_id`,`article_title`,`article_type`,`article_img`,`article_time` FROM `cc_article` WHERE  `article_type` = 1  AND `article_use` = 1 LIMIT 0,10 [ RunTime:0.000370s ]
---------------------------------------------------------------
[ 2019-01-25T10:22:25+08:00 ] 223.104.19.234 POST app.babadao.com/api/my/info
[运行时间：0.101998s] [吞吐率：9.80req/s] [内存消耗：4,742.55kb] [文件加载：80]
[ info ] [ LANG ] /www/wwwroot/huanka/thinkphp/lang/zh-cn.php
[ info ] [ ROUTE ] array (
)
[ info ] [ HEADER ] array (
  'host' => 'app.babadao.com',
  'origin' => 'file://',
  'connection' => 'keep-alive',
  'accept' => 'application/json, text/javascript, */*; q=0.01',
  'user-agent' => 'Mozilla/5.0 (iPhone; CPU iPhone OS 12_1_2 like Mac OS X) AppleWebKit/605.1.15 (KHTML, like Gecko) Mobile/16C101 Html5Plus/1.0 (Immersed/20)',
  'accept-language' => 'zh-cn',
  'accept-encoding' => 'gzip, deflate',
  'content-type' => 'application/x-www-form-urlencoded; charset=UTF-8',
  'content-length' => '38',
)
[ info ] [ PARAM ] array (
  '/api/my/info' => '',
  'token' => '0a31b3f0e003eb4663c50ea860a2646f',
)
[ info ] [ DB ] INIT mysql
[ sql ] [ DB ] CONNECT:[ UseTime:0.004404s ] mysql:host=127.0.0.1;port=3306;dbname=babadaohk;charset=utf8
[ sql ] [ SQL ] SHOW COLUMNS FROM `cc_user` [ RunTime:0.000943s ]
[ sql ] [ SQL ] SELECT * FROM `cc_user` WHERE  `user_token` = '0a31b3f0e003eb4663c50ea860a2646f' LIMIT 1 [ RunTime:0.000476s ]
[ sql ] [ SQL ] SELECT * FROM cc_user as u INNER JOIN `cc_user_type` `t` ON `u`.`user_type_id`=`t`.`type_id` WHERE  `u`.`user_id` = '408' LIMIT 1 [ RunTime:0.000515s ]
---------------------------------------------------------------
[ 2019-01-25T10:22:25+08:00 ] 223.104.19.234 POST app.babadao.com/api/Message/getnumber
[运行时间：0.100404s] [吞吐率：9.96req/s] [内存消耗：4,331.71kb] [文件加载：79]
[ info ] [ LANG ] /www/wwwroot/huanka/thinkphp/lang/zh-cn.php
[ info ] [ ROUTE ] array (
)
[ info ] [ HEADER ] array (
  'host' => 'app.babadao.com',
  'origin' => 'file://',
  'connection' => 'keep-alive',
  'accept' => 'application/json, text/javascript, */*; q=0.01',
  'user-agent' => 'Mozilla/5.0 (iPhone; CPU iPhone OS 12_1_2 like Mac OS X) AppleWebKit/605.1.15 (KHTML, like Gecko) Mobile/16C101 Html5Plus/1.0 (Immersed/20)',
  'accept-language' => 'zh-cn',
  'accept-encoding' => 'gzip, deflate',
  'content-type' => 'application/x-www-form-urlencoded; charset=UTF-8',
  'content-length' => '38',
)
[ info ] [ PARAM ] array (
  '/api/Message/getnumber' => '',
  'token' => '0a31b3f0e003eb4663c50ea860a2646f',
)
[ info ] [ DB ] INIT mysql
[ sql ] [ DB ] CONNECT:[ UseTime:0.004546s ] mysql:host=127.0.0.1;port=3306;dbname=babadaohk;charset=utf8
[ sql ] [ SQL ] SHOW COLUMNS FROM `cc_user` [ RunTime:0.001045s ]
[ sql ] [ SQL ] SELECT * FROM `cc_user` WHERE  `user_token` = '0a31b3f0e003eb4663c50ea860a2646f' LIMIT 1 [ RunTime:0.000437s ]
[ sql ] [ SQL ] SHOW COLUMNS FROM `cc_message` [ RunTime:0.000709s ]
[ sql ] [ SQL ] SELECT COUNT(*) AS tp_count FROM `cc_message` WHERE  `message_uid` = 408  AND `message_read` = 0 LIMIT 1 [ RunTime:0.000280s ]
---------------------------------------------------------------
[ 2019-01-25T10:22:25+08:00 ] 223.104.19.234 POST app.babadao.com/api/my/info
[运行时间：0.037289s] [吞吐率：26.82req/s] [内存消耗：4,742.55kb] [文件加载：80]
[ info ] [ LANG ] /www/wwwroot/huanka/thinkphp/lang/zh-cn.php
[ info ] [ ROUTE ] array (
)
[ info ] [ HEADER ] array (
  'host' => 'app.babadao.com',
  'origin' => 'file://',
  'connection' => 'keep-alive',
  'accept' => 'application/json, text/javascript, */*; q=0.01',
  'user-agent' => 'Mozilla/5.0 (iPhone; CPU iPhone OS 12_1_2 like Mac OS X) AppleWebKit/605.1.15 (KHTML, like Gecko) Mobile/16C101 Html5Plus/1.0 (Immersed/20)',
  'accept-language' => 'zh-cn',
  'accept-encoding' => 'gzip, deflate',
  'content-type' => 'application/x-www-form-urlencoded; charset=UTF-8',
  'content-length' => '38',
)
[ info ] [ PARAM ] array (
  '/api/my/info' => '',
  'token' => '0a31b3f0e003eb4663c50ea860a2646f',
)
[ info ] [ DB ] INIT mysql
[ sql ] [ DB ] CONNECT:[ UseTime:0.000468s ] mysql:host=127.0.0.1;port=3306;dbname=babadaohk;charset=utf8
[ sql ] [ SQL ] SHOW COLUMNS FROM `cc_user` [ RunTime:0.000864s ]
[ sql ] [ SQL ] SELECT * FROM `cc_user` WHERE  `user_token` = '0a31b3f0e003eb4663c50ea860a2646f' LIMIT 1 [ RunTime:0.000461s ]
[ sql ] [ SQL ] SELECT * FROM cc_user as u INNER JOIN `cc_user_type` `t` ON `u`.`user_type_id`=`t`.`type_id` WHERE  `u`.`user_id` = '408' LIMIT 1 [ RunTime:0.000450s ]
---------------------------------------------------------------
[ 2019-01-25T10:22:25+08:00 ] 223.104.19.234 POST app.babadao.com/api/my/index
[运行时间：0.064497s] [吞吐率：15.50req/s] [内存消耗：4,732.27kb] [文件加载：79]
[ info ] [ LANG ] /www/wwwroot/huanka/thinkphp/lang/zh-cn.php
[ info ] [ ROUTE ] array (
)
[ info ] [ HEADER ] array (
  'host' => 'app.babadao.com',
  'origin' => 'file://',
  'connection' => 'keep-alive',
  'accept' => 'application/json, text/javascript, */*; q=0.01',
  'user-agent' => 'Mozilla/5.0 (iPhone; CPU iPhone OS 12_1_2 like Mac OS X) AppleWebKit/605.1.15 (KHTML, like Gecko) Mobile/16C101 Html5Plus/1.0 (Immersed/20)',
  'accept-language' => 'zh-cn',
  'accept-encoding' => 'gzip, deflate',
  'content-type' => 'application/x-www-form-urlencoded; charset=UTF-8',
  'content-length' => '38',
)
[ info ] [ PARAM ] array (
  '/api/my/index' => '',
  'token' => '0a31b3f0e003eb4663c50ea860a2646f',
)
[ info ] [ DB ] INIT mysql
[ sql ] [ DB ] CONNECT:[ UseTime:0.005452s ] mysql:host=127.0.0.1;port=3306;dbname=babadaohk;charset=utf8
[ sql ] [ SQL ] SHOW COLUMNS FROM `cc_user` [ RunTime:0.001145s ]
[ sql ] [ SQL ] SELECT * FROM `cc_user` WHERE  `user_token` = '0a31b3f0e003eb4663c50ea860a2646f' LIMIT 1 [ RunTime:0.000546s ]
[ sql ] [ SQL ] SHOW COLUMNS FROM `cc_user_card` [ RunTime:0.000782s ]
[ sql ] [ SQL ] SELECT COUNT(*) AS tp_count FROM `cc_user_card` WHERE  `card_uid` = 408  AND `card_type` = 1  AND `card_blocked` = 0 ORDER BY `card_state` DESC LIMIT 1 [ RunTime:0.000356s ]
---------------------------------------------------------------
[ 2019-01-25T10:22:25+08:00 ] 223.104.19.234 POST app.babadao.com/api/my/info
[运行时间：0.085665s] [吞吐率：11.67req/s] [内存消耗：4,742.55kb] [文件加载：80]
[ info ] [ LANG ] /www/wwwroot/huanka/thinkphp/lang/zh-cn.php
[ info ] [ ROUTE ] array (
)
[ info ] [ HEADER ] array (
  'host' => 'app.babadao.com',
  'origin' => 'file://',
  'connection' => 'keep-alive',
  'accept' => 'application/json, text/javascript, */*; q=0.01',
  'user-agent' => 'Mozilla/5.0 (iPhone; CPU iPhone OS 12_1_2 like Mac OS X) AppleWebKit/605.1.15 (KHTML, like Gecko) Mobile/16C101 Html5Plus/1.0 (Immersed/20)',
  'accept-language' => 'zh-cn',
  'accept-encoding' => 'gzip, deflate',
  'content-type' => 'application/x-www-form-urlencoded; charset=UTF-8',
  'content-length' => '38',
)
[ info ] [ PARAM ] array (
  '/api/my/info' => '',
  'token' => '0a31b3f0e003eb4663c50ea860a2646f',
)
[ info ] [ DB ] INIT mysql
[ sql ] [ DB ] CONNECT:[ UseTime:0.000482s ] mysql:host=127.0.0.1;port=3306;dbname=babadaohk;charset=utf8
[ sql ] [ SQL ] SHOW COLUMNS FROM `cc_user` [ RunTime:0.001220s ]
[ sql ] [ SQL ] SELECT * FROM `cc_user` WHERE  `user_token` = '0a31b3f0e003eb4663c50ea860a2646f' LIMIT 1 [ RunTime:0.000628s ]
[ sql ] [ SQL ] SELECT * FROM cc_user as u INNER JOIN `cc_user_type` `t` ON `u`.`user_type_id`=`t`.`type_id` WHERE  `u`.`user_id` = '408' LIMIT 1 [ RunTime:0.000549s ]
---------------------------------------------------------------
[ 2019-01-25T10:22:25+08:00 ] 223.104.19.234 POST app.babadao.com/api/Make/index
[运行时间：0.044414s] [吞吐率：22.52req/s] [内存消耗：4,492.89kb] [文件加载：83]
[ info ] [ LANG ] /www/wwwroot/huanka/thinkphp/lang/zh-cn.php
[ info ] [ ROUTE ] array (
)
[ info ] [ HEADER ] array (
  'host' => 'app.babadao.com',
  'origin' => 'file://',
  'connection' => 'keep-alive',
  'accept' => 'application/json, text/javascript, */*; q=0.01',
  'user-agent' => 'Mozilla/5.0 (iPhone; CPU iPhone OS 12_1_2 like Mac OS X) AppleWebKit/605.1.15 (KHTML, like Gecko) Mobile/16C101 Html5Plus/1.0 (Immersed/20)',
  'accept-language' => 'zh-cn',
  'accept-encoding' => 'gzip, deflate',
  'content-type' => 'application/x-www-form-urlencoded; charset=UTF-8',
  'content-length' => '38',
)
[ info ] [ PARAM ] array (
  '/api/Make/index' => '',
  'token' => '0a31b3f0e003eb4663c50ea860a2646f',
)
[ info ] [ DB ] INIT mysql
[ sql ] [ DB ] CONNECT:[ UseTime:0.000402s ] mysql:host=127.0.0.1;port=3306;dbname=babadaohk;charset=utf8
[ sql ] [ SQL ] SHOW COLUMNS FROM `cc_user` [ RunTime:0.000874s ]
[ sql ] [ SQL ] SELECT * FROM `cc_user` WHERE  `user_token` = '0a31b3f0e003eb4663c50ea860a2646f' LIMIT 1 [ RunTime:0.000480s ]
[ sql ] [ SQL ] SHOW COLUMNS FROM `cc_user_card` [ RunTime:0.000636s ]
[ sql ] [ SQL ] SELECT * FROM `cc_user_card` WHERE  `card_uid` = 408  AND `card_type` = 1 LIMIT 1 [ RunTime:0.000358s ]
[ sql ] [ SQL ] SHOW COLUMNS FROM `cc_mission` [ RunTime:0.000625s ]
[ sql ] [ SQL ] SELECT * FROM `cc_mission` WHERE  `mission_uid` = 408  AND `mission_state` = 2 LIMIT 1 [ RunTime:0.000402s ]
[ sql ] [ SQL ] SHOW COLUMNS FROM `cc_pay_records` [ RunTime:0.000583s ]
[ sql ] [ SQL ] SELECT * FROM `cc_pay_records` WHERE  `records_uid` = 408  AND `records_state` = 5 LIMIT 1 [ RunTime:0.000348s ]
[ sql ] [ SQL ] SHOW COLUMNS FROM `cc_user_type` [ RunTime:0.000558s ]
[ sql ] [ SQL ] SELECT * FROM `cc_user_type` WHERE  `type_fee` = 0  AND `type_state` = 0 ORDER BY `type_sort` ASC [ RunTime:0.000330s ]
[ sql ] [ SQL ] SELECT COUNT(*) AS tp_count FROM `cc_user` WHERE  `user_pid` = 408  AND `user_state` = 0 LIMIT 1 [ RunTime:0.000321s ]
[ sql ] [ SQL ] SELECT * FROM `cc_user_type` WHERE  `type_id` = 1 LIMIT 1 [ RunTime:0.000307s ]
[ sql ] [ SQL ] SHOW COLUMNS FROM `cc_rate` [ RunTime:0.000556s ]
[ sql ] [ SQL ] SELECT * FROM `cc_rate` WHERE  `rate_type_id` = 10  AND `rate_type` = 1 LIMIT 1 [ RunTime:0.000298s ]
[ sql ] [ SQL ] SELECT * FROM `cc_rate` WHERE  `rate_type_id` = 10  AND `rate_type` = 2 LIMIT 1 [ RunTime:0.000299s ]
[ error ] [8]未定义数组下标: 4[/www/wwwroot/huanka/application/api/controller/Make.php:197]
[ error ] [8]未定义数组下标: 7[/www/wwwroot/huanka/application/api/controller/Make.php:197]
[ error ] [8]未定义数组下标: 4[/www/wwwroot/huanka/application/api/controller/Make.php:197]
---------------------------------------------------------------
[ 2019-01-25T10:22:26+08:00 ] 223.104.19.234 GET app.babadao.com/api/Bank_Apply/getBank?_=1548382945318
[运行时间：0.338181s] [吞吐率：2.96req/s] [内存消耗：4,407.50kb] [文件加载：82]
[ info ] [ LANG ] /www/wwwroot/huanka/thinkphp/lang/zh-cn.php
[ info ] [ ROUTE ] array (
)
[ info ] [ HEADER ] array (
  'host' => 'app.babadao.com',
  'accept' => '*/*',
  'accept-language' => 'zh-cn',
  'connection' => 'keep-alive',
  'accept-encoding' => 'gzip, deflate',
  'user-agent' => 'Mozilla/5.0 (iPhone; CPU iPhone OS 12_1_2 like Mac OS X) AppleWebKit/605.1.15 (KHTML, like Gecko) Mobile/16C101 Html5Plus/1.0 (Immersed/20)',
)
[ info ] [ PARAM ] array (
  '/api/Bank_Apply/getBank' => '',
  '_' => '1548382945318',
)
[ info ] [ DB ] INIT mysql
[ sql ] [ DB ] CONNECT:[ UseTime:0.000268s ] mysql:host=127.0.0.1;port=3306;dbname=babadaohk;charset=utf8
[ sql ] [ SQL ] SHOW COLUMNS FROM `cc_bank_apply` [ RunTime:0.000783s ]
[ sql ] [ SQL ] SELECT * FROM `cc_bank_apply` WHERE  `apply_type` = 1  AND `apply_use` = 1 LIMIT 1 [ RunTime:0.000375s ]
---------------------------------------------------------------
[ 2019-01-25T10:22:26+08:00 ] 223.104.19.234 GET app.babadao.com/api/Bank_Apply/banklist?id=928519625187000320&page=1&_=1548382946137
[运行时间：0.441297s] [吞吐率：2.27req/s] [内存消耗：4,407.90kb] [文件加载：82]
[ info ] [ LANG ] /www/wwwroot/huanka/thinkphp/lang/zh-cn.php
[ info ] [ ROUTE ] array (
)
[ info ] [ HEADER ] array (
  'host' => 'app.babadao.com',
  'accept' => '*/*',
  'accept-language' => 'zh-cn',
  'connection' => 'keep-alive',
  'accept-encoding' => 'gzip, deflate',
  'user-agent' => 'Mozilla/5.0 (iPhone; CPU iPhone OS 12_1_2 like Mac OS X) AppleWebKit/605.1.15 (KHTML, like Gecko) Mobile/16C101 Html5Plus/1.0 (Immersed/20)',
)
[ info ] [ PARAM ] array (
  '/api/Bank_Apply/banklist' => '',
  'id' => '928519625187000320',
  'page' => '1',
  '_' => '1548382946137',
)
[ info ] [ DB ] INIT mysql
[ sql ] [ DB ] CONNECT:[ UseTime:0.000395s ] mysql:host=127.0.0.1;port=3306;dbname=babadaohk;charset=utf8
[ sql ] [ SQL ] SHOW COLUMNS FROM `cc_bank_apply` [ RunTime:0.000791s ]
[ sql ] [ SQL ] SELECT * FROM `cc_bank_apply` WHERE  `apply_type` = 1  AND `apply_use` = 1 LIMIT 1 [ RunTime:0.000420s ]
---------------------------------------------------------------
[ 2019-01-25T14:45:47+08:00 ] 101.132.97.53 GET app.babadao.com/
[运行时间：0.025004s] [吞吐率：39.99req/s] [内存消耗：3,084.11kb] [文件加载：77]
[ info ] [ LANG ] /www/wwwroot/huanka/thinkphp/lang/zh-cn.php
[ info ] [ ROUTE ] array (
)
[ info ] [ HEADER ] array (
  'user-agent' => 'Mozilla/5.0 (Linux; Android 4.1.1; Nexus 7 Build/JRO03D))',
  'host' => 'app.babadao.com',
  'accept' => 'text/html, image/gif, image/jpeg, *; q=.2, */*; q=.2',
  'connection' => 'keep-alive',
)
[ info ] [ PARAM ] array (
)
[ info ] [ VIEW ] ../Theme/index/index/register.html [ array (
  0 => 'id',
) ]
---------------------------------------------------------------
[ 2019-01-25T15:34:54+08:00 ] 123.11.94.103 POST app.babadao.com/api/Common/version
[运行时间：0.033641s] [吞吐率：29.73req/s] [内存消耗：4,255.59kb] [文件加载：78]
[ info ] [ LANG ] /www/wwwroot/huanka/thinkphp/lang/zh-cn.php
[ info ] [ ROUTE ] array (
)
[ info ] [ HEADER ] array (
  'host' => 'app.babadao.com',
  'origin' => 'file://',
  'connection' => 'keep-alive',
  'accept' => '*/*',
  'user-agent' => 'Mozilla/5.0 (iPhone; CPU iPhone OS 12_1_2 like Mac OS X) AppleWebKit/605.1.15 (KHTML, like Gecko) Mobile/16C101 Html5Plus/1.0 (Immersed/20)',
  'accept-language' => 'zh-cn',
  'accept-encoding' => 'gzip, deflate',
  'x-requested-with' => 'XMLHttpRequest',
  'content-type' => 'application/x-www-form-urlencoded',
  'content-length' => '20',
)
[ info ] [ PARAM ] array (
  '/api/Common/version' => '',
  'os' => 'ios',
  'version' => '1.0.1',
)
[ info ] [ DB ] INIT mysql
[ sql ] [ DB ] CONNECT:[ UseTime:0.000443s ] mysql:host=127.0.0.1;port=3306;dbname=babadaohk;charset=utf8
[ sql ] [ SQL ] SHOW COLUMNS FROM `cc_app_versions` [ RunTime:0.000802s ]
[ sql ] [ SQL ] SELECT * FROM `cc_app_versions` ORDER BY `app_id` DESC LIMIT 1 [ RunTime:0.000338s ]
---------------------------------------------------------------
[ 2019-01-25T15:34:54+08:00 ] 123.11.94.103 GET app.babadao.com/api/Img/index?type=2
[运行时间：0.094131s] [吞吐率：10.62req/s] [内存消耗：4,243.92kb] [文件加载：78]
[ info ] [ LANG ] /www/wwwroot/huanka/thinkphp/lang/zh-cn.php
[ info ] [ ROUTE ] array (
)
[ info ] [ HEADER ] array (
  'host' => 'app.babadao.com',
  'accept' => 'application/json, text/javascript, */*; q=0.01',
  'accept-language' => 'zh-cn',
  'connection' => 'keep-alive',
  'accept-encoding' => 'gzip, deflate',
  'user-agent' => 'Mozilla/5.0 (iPhone; CPU iPhone OS 12_1_2 like Mac OS X) AppleWebKit/605.1.15 (KHTML, like Gecko) Mobile/16C101 Html5Plus/1.0 (Immersed/20)',
)
[ info ] [ PARAM ] array (
  '/api/Img/index' => '',
  'type' => '2',
)
[ info ] [ DB ] INIT mysql
[ sql ] [ DB ] CONNECT:[ UseTime:0.006123s ] mysql:host=127.0.0.1;port=3306;dbname=babadaohk;charset=utf8
[ sql ] [ SQL ] SHOW COLUMNS FROM `cc_img` [ RunTime:0.001001s ]
[ sql ] [ SQL ] SELECT * FROM `cc_img` WHERE  `img_start_switch` = 1  AND `img_type` = 2 ORDER BY `img_sort` ASC [ RunTime:0.000501s ]
---------------------------------------------------------------
[ 2019-01-25T15:34:54+08:00 ] 123.11.94.103 POST app.babadao.com/api/Message/getnumber
[运行时间：0.109365s] [吞吐率：9.14req/s] [内存消耗：4,331.71kb] [文件加载：79]
[ info ] [ LANG ] /www/wwwroot/huanka/thinkphp/lang/zh-cn.php
[ info ] [ ROUTE ] array (
)
[ info ] [ HEADER ] array (
  'host' => 'app.babadao.com',
  'origin' => 'file://',
  'connection' => 'keep-alive',
  'accept' => 'application/json, text/javascript, */*; q=0.01',
  'user-agent' => 'Mozilla/5.0 (iPhone; CPU iPhone OS 12_1_2 like Mac OS X) AppleWebKit/605.1.15 (KHTML, like Gecko) Mobile/16C101 Html5Plus/1.0 (Immersed/20)',
  'accept-language' => 'zh-cn',
  'accept-encoding' => 'gzip, deflate',
  'content-type' => 'application/x-www-form-urlencoded; charset=UTF-8',
  'content-length' => '38',
)
[ info ] [ PARAM ] array (
  '/api/Message/getnumber' => '',
  'token' => '0a31b3f0e003eb4663c50ea860a2646f',
)
[ info ] [ DB ] INIT mysql
[ sql ] [ DB ] CONNECT:[ UseTime:0.000312s ] mysql:host=127.0.0.1;port=3306;dbname=babadaohk;charset=utf8
[ sql ] [ SQL ] SHOW COLUMNS FROM `cc_user` [ RunTime:0.001193s ]
[ sql ] [ SQL ] SELECT * FROM `cc_user` WHERE  `user_token` = '0a31b3f0e003eb4663c50ea860a2646f' LIMIT 1 [ RunTime:0.000518s ]
[ sql ] [ SQL ] SHOW COLUMNS FROM `cc_message` [ RunTime:0.000747s ]
[ sql ] [ SQL ] SELECT COUNT(*) AS tp_count FROM `cc_message` WHERE  `message_uid` = 408  AND `message_read` = 0 LIMIT 1 [ RunTime:0.000320s ]
---------------------------------------------------------------
[ 2019-01-25T15:34:54+08:00 ] 123.11.94.103 POST app.babadao.com/api/My/article
[运行时间：0.109365s] [吞吐率：9.14req/s] [内存消耗：4,918.56kb] [文件加载：82]
[ info ] [ LANG ] /www/wwwroot/huanka/thinkphp/lang/zh-cn.php
[ info ] [ ROUTE ] array (
)
[ info ] [ HEADER ] array (
  'host' => 'app.babadao.com',
  'origin' => 'file://',
  'connection' => 'keep-alive',
  'accept' => 'application/json, text/javascript, */*; q=0.01',
  'user-agent' => 'Mozilla/5.0 (iPhone; CPU iPhone OS 12_1_2 like Mac OS X) AppleWebKit/605.1.15 (KHTML, like Gecko) Mobile/16C101 Html5Plus/1.0 (Immersed/20)',
  'accept-language' => 'zh-cn',
  'accept-encoding' => 'gzip, deflate',
  'content-type' => 'application/x-www-form-urlencoded; charset=UTF-8',
  'content-length' => '52',
)
[ info ] [ PARAM ] array (
  '/api/My/article' => '',
  'token' => '0a31b3f0e003eb4663c50ea860a2646f',
  'type' => '1',
  'page' => '1',
)
[ info ] [ DB ] INIT mysql
[ sql ] [ DB ] CONNECT:[ UseTime:0.003921s ] mysql:host=127.0.0.1;port=3306;dbname=babadaohk;charset=utf8
[ sql ] [ SQL ] SHOW COLUMNS FROM `cc_user` [ RunTime:0.000908s ]
[ sql ] [ SQL ] SELECT * FROM `cc_user` WHERE  `user_token` = '0a31b3f0e003eb4663c50ea860a2646f' LIMIT 1 [ RunTime:0.000464s ]
[ sql ] [ SQL ] SHOW COLUMNS FROM `cc_article` [ RunTime:0.000817s ]
[ sql ] [ SQL ] SELECT COUNT(*) AS tp_count FROM `cc_article` WHERE  `article_type` = 1  AND `article_use` = 1 LIMIT 1 [ RunTime:0.000359s ]
[ sql ] [ SQL ] SELECT `article_id`,`article_title`,`article_type`,`article_img`,`article_time` FROM `cc_article` WHERE  `article_type` = 1  AND `article_use` = 1 LIMIT 0,10 [ RunTime:0.000310s ]
---------------------------------------------------------------
[ 2019-01-25T15:34:54+08:00 ] 123.11.94.103 POST app.babadao.com/api/my/info
[运行时间：0.095812s] [吞吐率：10.44req/s] [内存消耗：4,747.15kb] [文件加载：80]
[ info ] [ LANG ] /www/wwwroot/huanka/thinkphp/lang/zh-cn.php
[ info ] [ ROUTE ] array (
)
[ info ] [ HEADER ] array (
  'host' => 'app.babadao.com',
  'origin' => 'file://',
  'connection' => 'keep-alive',
  'accept' => 'application/json, text/javascript, */*; q=0.01',
  'user-agent' => 'Mozilla/5.0 (iPhone; CPU iPhone OS 12_1_2 like Mac OS X) AppleWebKit/605.1.15 (KHTML, like Gecko) Mobile/16C101 Html5Plus/1.0 (Immersed/20)',
  'accept-language' => 'zh-cn',
  'accept-encoding' => 'gzip, deflate',
  'content-type' => 'application/x-www-form-urlencoded; charset=UTF-8',
  'content-length' => '38',
)
[ info ] [ PARAM ] array (
  '/api/my/info' => '',
  'token' => '0a31b3f0e003eb4663c50ea860a2646f',
)
[ info ] [ DB ] INIT mysql
[ sql ] [ DB ] CONNECT:[ UseTime:0.000397s ] mysql:host=127.0.0.1;port=3306;dbname=babadaohk;charset=utf8
[ sql ] [ SQL ] SHOW COLUMNS FROM `cc_user` [ RunTime:0.000825s ]
[ sql ] [ SQL ] SELECT * FROM `cc_user` WHERE  `user_token` = '0a31b3f0e003eb4663c50ea860a2646f' LIMIT 1 [ RunTime:0.000459s ]
[ sql ] [ SQL ] SELECT * FROM cc_user as u INNER JOIN `cc_user_type` `t` ON `u`.`user_type_id`=`t`.`type_id` WHERE  `u`.`user_id` = '408' LIMIT 1 [ RunTime:0.000445s ]
---------------------------------------------------------------
[ 2019-01-25T15:34:55+08:00 ] 123.11.94.103 POST app.babadao.com/api/my/info
[运行时间：0.091739s] [吞吐率：10.90req/s] [内存消耗：4,747.15kb] [文件加载：80]
[ info ] [ LANG ] /www/wwwroot/huanka/thinkphp/lang/zh-cn.php
[ info ] [ ROUTE ] array (
)
[ info ] [ HEADER ] array (
  'host' => 'app.babadao.com',
  'origin' => 'file://',
  'connection' => 'keep-alive',
  'accept' => 'application/json, text/javascript, */*; q=0.01',
  'user-agent' => 'Mozilla/5.0 (iPhone; CPU iPhone OS 12_1_2 like Mac OS X) AppleWebKit/605.1.15 (KHTML, like Gecko) Mobile/16C101 Html5Plus/1.0 (Immersed/20)',
  'accept-language' => 'zh-cn',
  'accept-encoding' => 'gzip, deflate',
  'content-type' => 'application/x-www-form-urlencoded; charset=UTF-8',
  'content-length' => '38',
)
[ info ] [ PARAM ] array (
  '/api/my/info' => '',
  'token' => '0a31b3f0e003eb4663c50ea860a2646f',
)
[ info ] [ DB ] INIT mysql
[ sql ] [ DB ] CONNECT:[ UseTime:0.000444s ] mysql:host=127.0.0.1;port=3306;dbname=babadaohk;charset=utf8
[ sql ] [ SQL ] SHOW COLUMNS FROM `cc_user` [ RunTime:0.001204s ]
[ sql ] [ SQL ] SELECT * FROM `cc_user` WHERE  `user_token` = '0a31b3f0e003eb4663c50ea860a2646f' LIMIT 1 [ RunTime:0.000537s ]
[ sql ] [ SQL ] SELECT * FROM cc_user as u INNER JOIN `cc_user_type` `t` ON `u`.`user_type_id`=`t`.`type_id` WHERE  `u`.`user_id` = '408' LIMIT 1 [ RunTime:0.000532s ]
---------------------------------------------------------------
[ 2019-01-25T15:34:55+08:00 ] 123.11.94.103 POST app.babadao.com/api/my/info
[运行时间：0.112561s] [吞吐率：8.88req/s] [内存消耗：4,747.15kb] [文件加载：80]
[ info ] [ LANG ] /www/wwwroot/huanka/thinkphp/lang/zh-cn.php
[ info ] [ ROUTE ] array (
)
[ info ] [ HEADER ] array (
  'host' => 'app.babadao.com',
  'origin' => 'file://',
  'connection' => 'keep-alive',
  'accept' => 'application/json, text/javascript, */*; q=0.01',
  'user-agent' => 'Mozilla/5.0 (iPhone; CPU iPhone OS 12_1_2 like Mac OS X) AppleWebKit/605.1.15 (KHTML, like Gecko) Mobile/16C101 Html5Plus/1.0 (Immersed/20)',
  'accept-language' => 'zh-cn',
  'accept-encoding' => 'gzip, deflate',
  'content-type' => 'application/x-www-form-urlencoded; charset=UTF-8',
  'content-length' => '38',
)
[ info ] [ PARAM ] array (
  '/api/my/info' => '',
  'token' => '0a31b3f0e003eb4663c50ea860a2646f',
)
[ info ] [ DB ] INIT mysql
[ sql ] [ DB ] CONNECT:[ UseTime:0.000277s ] mysql:host=127.0.0.1;port=3306;dbname=babadaohk;charset=utf8
[ sql ] [ SQL ] SHOW COLUMNS FROM `cc_user` [ RunTime:0.000975s ]
[ sql ] [ SQL ] SELECT * FROM `cc_user` WHERE  `user_token` = '0a31b3f0e003eb4663c50ea860a2646f' LIMIT 1 [ RunTime:0.000489s ]
[ sql ] [ SQL ] SELECT * FROM cc_user as u INNER JOIN `cc_user_type` `t` ON `u`.`user_type_id`=`t`.`type_id` WHERE  `u`.`user_id` = '408' LIMIT 1 [ RunTime:0.000477s ]
---------------------------------------------------------------
[ 2019-01-25T15:34:55+08:00 ] 123.11.94.103 POST app.babadao.com/api/my/index
[运行时间：0.102800s] [吞吐率：9.73req/s] [内存消耗：4,737.26kb] [文件加载：79]
[ info ] [ LANG ] /www/wwwroot/huanka/thinkphp/lang/zh-cn.php
[ info ] [ ROUTE ] array (
)
[ info ] [ HEADER ] array (
  'host' => 'app.babadao.com',
  'origin' => 'file://',
  'connection' => 'keep-alive',
  'accept' => 'application/json, text/javascript, */*; q=0.01',
  'user-agent' => 'Mozilla/5.0 (iPhone; CPU iPhone OS 12_1_2 like Mac OS X) AppleWebKit/605.1.15 (KHTML, like Gecko) Mobile/16C101 Html5Plus/1.0 (Immersed/20)',
  'accept-language' => 'zh-cn',
  'accept-encoding' => 'gzip, deflate',
  'content-type' => 'application/x-www-form-urlencoded; charset=UTF-8',
  'content-length' => '38',
)
[ info ] [ PARAM ] array (
  '/api/my/index' => '',
  'token' => '0a31b3f0e003eb4663c50ea860a2646f',
)
[ info ] [ DB ] INIT mysql
[ sql ] [ DB ] CONNECT:[ UseTime:0.000273s ] mysql:host=127.0.0.1;port=3306;dbname=babadaohk;charset=utf8
[ sql ] [ SQL ] SHOW COLUMNS FROM `cc_user` [ RunTime:0.000950s ]
[ sql ] [ SQL ] SELECT * FROM `cc_user` WHERE  `user_token` = '0a31b3f0e003eb4663c50ea860a2646f' LIMIT 1 [ RunTime:0.000452s ]
[ sql ] [ SQL ] SHOW COLUMNS FROM `cc_user_card` [ RunTime:0.000800s ]
[ sql ] [ SQL ] SELECT COUNT(*) AS tp_count FROM `cc_user_card` WHERE  `card_uid` = 408  AND `card_type` = 1  AND `card_blocked` = 0 ORDER BY `card_state` DESC LIMIT 1 [ RunTime:0.000352s ]
---------------------------------------------------------------
[ 2019-01-25T15:34:55+08:00 ] 123.11.94.103 POST app.babadao.com/api/Make/index
[运行时间：0.043011s] [吞吐率：23.25req/s] [内存消耗：4,491.74kb] [文件加载：83]
[ info ] [ LANG ] /www/wwwroot/huanka/thinkphp/lang/zh-cn.php
[ info ] [ ROUTE ] array (
)
[ info ] [ HEADER ] array (
  'host' => 'app.babadao.com',
  'origin' => 'file://',
  'connection' => 'keep-alive',
  'accept' => 'application/json, text/javascript, */*; q=0.01',
  'user-agent' => 'Mozilla/5.0 (iPhone; CPU iPhone OS 12_1_2 like Mac OS X) AppleWebKit/605.1.15 (KHTML, like Gecko) Mobile/16C101 Html5Plus/1.0 (Immersed/20)',
  'accept-language' => 'zh-cn',
  'accept-encoding' => 'gzip, deflate',
  'content-type' => 'application/x-www-form-urlencoded; charset=UTF-8',
  'content-length' => '38',
)
[ info ] [ PARAM ] array (
  '/api/Make/index' => '',
  'token' => '0a31b3f0e003eb4663c50ea860a2646f',
)
[ info ] [ DB ] INIT mysql
[ sql ] [ DB ] CONNECT:[ UseTime:0.000426s ] mysql:host=127.0.0.1;port=3306;dbname=babadaohk;charset=utf8
[ sql ] [ SQL ] SHOW COLUMNS FROM `cc_user` [ RunTime:0.000862s ]
[ sql ] [ SQL ] SELECT * FROM `cc_user` WHERE  `user_token` = '0a31b3f0e003eb4663c50ea860a2646f' LIMIT 1 [ RunTime:0.000456s ]
[ sql ] [ SQL ] SHOW COLUMNS FROM `cc_user_card` [ RunTime:0.000594s ]
[ sql ] [ SQL ] SELECT * FROM `cc_user_card` WHERE  `card_uid` = 408  AND `card_type` = 1 LIMIT 1 [ RunTime:0.000342s ]
[ sql ] [ SQL ] SHOW COLUMNS FROM `cc_mission` [ RunTime:0.000646s ]
[ sql ] [ SQL ] SELECT * FROM `cc_mission` WHERE  `mission_uid` = 408  AND `mission_state` = 2 LIMIT 1 [ RunTime:0.000378s ]
[ sql ] [ SQL ] SHOW COLUMNS FROM `cc_pay_records` [ RunTime:0.000605s ]
[ sql ] [ SQL ] SELECT * FROM `cc_pay_records` WHERE  `records_uid` = 408  AND `records_state` = 5 LIMIT 1 [ RunTime:0.000357s ]
[ sql ] [ SQL ] SHOW COLUMNS FROM `cc_user_type` [ RunTime:0.000535s ]
[ sql ] [ SQL ] SELECT * FROM `cc_user_type` WHERE  `type_fee` = 0  AND `type_state` = 0 ORDER BY `type_sort` ASC [ RunTime:0.000359s ]
[ sql ] [ SQL ] SELECT COUNT(*) AS tp_count FROM `cc_user` WHERE  `user_pid` = 408  AND `user_state` = 0 LIMIT 1 [ RunTime:0.000295s ]
[ sql ] [ SQL ] SELECT * FROM `cc_user_type` WHERE  `type_id` = 1 LIMIT 1 [ RunTime:0.000315s ]
[ sql ] [ SQL ] SHOW COLUMNS FROM `cc_rate` [ RunTime:0.000509s ]
[ sql ] [ SQL ] SELECT * FROM `cc_rate` WHERE  `rate_type_id` = 10  AND `rate_type` = 1 LIMIT 1 [ RunTime:0.000296s ]
[ sql ] [ SQL ] SELECT * FROM `cc_rate` WHERE  `rate_type_id` = 10  AND `rate_type` = 2 LIMIT 1 [ RunTime:0.000297s ]
[ error ] [8]未定义数组下标: 4[/www/wwwroot/huanka/application/api/controller/Make.php:197]
---------------------------------------------------------------
[ 2019-01-25T15:34:55+08:00 ] 123.11.94.103 GET app.babadao.com/api/Bank_Apply/getBank?_=1548401695502
[运行时间：0.435258s] [吞吐率：2.30req/s] [内存消耗：4,407.50kb] [文件加载：82]
[ info ] [ LANG ] /www/wwwroot/huanka/thinkphp/lang/zh-cn.php
[ info ] [ ROUTE ] array (
)
[ info ] [ HEADER ] array (
  'host' => 'app.babadao.com',
  'accept' => '*/*',
  'accept-language' => 'zh-cn',
  'connection' => 'keep-alive',
  'accept-encoding' => 'gzip, deflate',
  'user-agent' => 'Mozilla/5.0 (iPhone; CPU iPhone OS 12_1_2 like Mac OS X) AppleWebKit/605.1.15 (KHTML, like Gecko) Mobile/16C101 Html5Plus/1.0 (Immersed/20)',
)
[ info ] [ PARAM ] array (
  '/api/Bank_Apply/getBank' => '',
  '_' => '1548401695502',
)
[ info ] [ DB ] INIT mysql
[ sql ] [ DB ] CONNECT:[ UseTime:0.003007s ] mysql:host=127.0.0.1;port=3306;dbname=babadaohk;charset=utf8
[ sql ] [ SQL ] SHOW COLUMNS FROM `cc_bank_apply` [ RunTime:0.002472s ]
[ sql ] [ SQL ] SELECT * FROM `cc_bank_apply` WHERE  `apply_type` = 1  AND `apply_use` = 1 LIMIT 1 [ RunTime:0.000437s ]
---------------------------------------------------------------
[ 2019-01-25T15:34:56+08:00 ] 123.11.94.103 GET app.babadao.com/api/Bank_Apply/banklist?id=928519625187000320&page=1&_=1548401696018
[运行时间：0.443428s] [吞吐率：2.26req/s] [内存消耗：4,407.90kb] [文件加载：82]
[ info ] [ LANG ] /www/wwwroot/huanka/thinkphp/lang/zh-cn.php
[ info ] [ ROUTE ] array (
)
[ info ] [ HEADER ] array (
  'host' => 'app.babadao.com',
  'accept' => '*/*',
  'accept-language' => 'zh-cn',
  'connection' => 'keep-alive',
  'accept-encoding' => 'gzip, deflate',
  'user-agent' => 'Mozilla/5.0 (iPhone; CPU iPhone OS 12_1_2 like Mac OS X) AppleWebKit/605.1.15 (KHTML, like Gecko) Mobile/16C101 Html5Plus/1.0 (Immersed/20)',
)
[ info ] [ PARAM ] array (
  '/api/Bank_Apply/banklist' => '',
  'id' => '928519625187000320',
  'page' => '1',
  '_' => '1548401696018',
)
[ info ] [ DB ] INIT mysql
[ sql ] [ DB ] CONNECT:[ UseTime:0.000429s ] mysql:host=127.0.0.1;port=3306;dbname=babadaohk;charset=utf8
[ sql ] [ SQL ] SHOW COLUMNS FROM `cc_bank_apply` [ RunTime:0.000778s ]
[ sql ] [ SQL ] SELECT * FROM `cc_bank_apply` WHERE  `apply_type` = 1  AND `apply_use` = 1 LIMIT 1 [ RunTime:0.000389s ]
---------------------------------------------------------------
[ 2019-01-25T15:35:29+08:00 ] 123.11.94.103 GET app.babadao.com/api/Dai_Apply/getBank
[运行时间：0.581636s] [吞吐率：1.72req/s] [内存消耗：4,454.26kb] [文件加载：85]
[ info ] [ LANG ] /www/wwwroot/huanka/thinkphp/lang/zh-cn.php
[ info ] [ ROUTE ] array (
)
[ info ] [ HEADER ] array (
  'host' => 'app.babadao.com',
  'accept' => '*/*',
  'accept-language' => 'zh-cn',
  'connection' => 'keep-alive',
  'accept-encoding' => 'gzip, deflate',
  'user-agent' => 'Mozilla/5.0 (iPhone; CPU iPhone OS 12_1_2 like Mac OS X) AppleWebKit/605.1.15 (KHTML, like Gecko) Mobile/16C101 Html5Plus/1.0 (Immersed/20)',
)
[ info ] [ PARAM ] array (
  '/api/Dai_Apply/getBank' => '',
)
[ info ] [ DB ] INIT mysql
[ sql ] [ DB ] CONNECT:[ UseTime:0.000408s ] mysql:host=127.0.0.1;port=3306;dbname=babadaohk;charset=utf8
[ sql ] [ SQL ] SHOW COLUMNS FROM `cc_bank_apply` [ RunTime:0.000761s ]
[ sql ] [ SQL ] SELECT * FROM `cc_bank_apply` WHERE  `apply_type` = 2  AND `apply_use` = 1 LIMIT 1 [ RunTime:0.000397s ]
[ error ] [8]未定义数组索引: oemChannelId[/www/wwwroot/huanka/application/bank/controller/DaiZk.php:38]
[ error ] [8]未定义数组索引: oemChannelId[/www/wwwroot/huanka/application/bank/controller/DaiZk.php:38]
[ error ] [8]未定义数组索引: oemChannelId[/www/wwwroot/huanka/application/bank/controller/DaiZk.php:38]
[ error ] [8]未定义数组索引: oemChannelId[/www/wwwroot/huanka/application/bank/controller/DaiZk.php:38]
[ error ] [8]未定义数组索引: oemChannelId[/www/wwwroot/huanka/application/bank/controller/DaiZk.php:38]
[ error ] [8]未定义数组索引: oemChannelId[/www/wwwroot/huanka/application/bank/controller/DaiZk.php:38]
[ error ] [8]未定义数组索引: oemChannelId[/www/wwwroot/huanka/application/bank/controller/DaiZk.php:38]
[ error ] [8]未定义数组索引: oemChannelId[/www/wwwroot/huanka/application/bank/controller/DaiZk.php:38]
[ error ] [8]未定义数组索引: oemChannelId[/www/wwwroot/huanka/application/bank/controller/DaiZk.php:38]
[ error ] [8]未定义数组索引: oemChannelId[/www/wwwroot/huanka/application/bank/controller/DaiZk.php:38]
[ error ] [8]未定义数组索引: oemChannelId[/www/wwwroot/huanka/application/bank/controller/DaiZk.php:38]
