---------------------------------------------------------------
[ 2019-01-31T07:13:02+08:00 ] 222.142.129.240 POST app.babadao.com/api/Common/version
[运行时间：0.037716s] [吞吐率：26.51req/s] [内存消耗：4,254.77kb] [文件加载：78]
[ info ] [ LANG ] /www/wwwroot/huanka/thinkphp/lang/zh-cn.php
[ info ] [ ROUTE ] array (
)
[ info ] [ HEADER ] array (
  'host' => 'app.babadao.com',
  'origin' => 'file://',
  'connection' => 'keep-alive',
  'accept' => '*/*',
  'user-agent' => 'Mozilla/5.0 (iPhone; CPU iPhone OS 12_1_2 like Mac OS X) AppleWebKit/605.1.15 (KHTML, like Gecko) Mobile/16C101 Html5Plus/1.0 (Immersed/20)',
  'accept-language' => 'zh-cn',
  'accept-encoding' => 'gzip, deflate',
  'x-requested-with' => 'XMLHttpRequest',
  'content-type' => 'application/x-www-form-urlencoded',
  'content-length' => '20',
)
[ info ] [ PARAM ] array (
  '/api/Common/version' => '',
  'os' => 'ios',
  'version' => '1.0.3',
)
[ info ] [ DB ] INIT mysql
[ sql ] [ DB ] CONNECT:[ UseTime:0.001517s ] mysql:host=127.0.0.1;port=3306;dbname=babadaohk;charset=utf8
[ sql ] [ SQL ] SHOW COLUMNS FROM `cc_app_versions` [ RunTime:0.000767s ]
[ sql ] [ SQL ] SELECT * FROM `cc_app_versions` ORDER BY `app_id` DESC LIMIT 1 [ RunTime:0.000367s ]
---------------------------------------------------------------
[ 2019-01-31T07:13:02+08:00 ] 222.142.129.240 GET app.babadao.com/api/Img/index?type=2
[运行时间：0.105289s] [吞吐率：9.50req/s] [内存消耗：4,242.70kb] [文件加载：78]
[ info ] [ LANG ] /www/wwwroot/huanka/thinkphp/lang/zh-cn.php
[ info ] [ ROUTE ] array (
)
[ info ] [ HEADER ] array (
  'host' => 'app.babadao.com',
  'accept' => 'application/json, text/javascript, */*; q=0.01',
  'accept-language' => 'zh-cn',
  'connection' => 'keep-alive',
  'accept-encoding' => 'gzip, deflate',
  'user-agent' => 'Mozilla/5.0 (iPhone; CPU iPhone OS 12_1_2 like Mac OS X) AppleWebKit/605.1.15 (KHTML, like Gecko) Mobile/16C101 Html5Plus/1.0 (Immersed/20)',
)
[ info ] [ PARAM ] array (
  '/api/Img/index' => '',
  'type' => '2',
)
[ info ] [ DB ] INIT mysql
[ sql ] [ DB ] CONNECT:[ UseTime:0.008430s ] mysql:host=127.0.0.1;port=3306;dbname=babadaohk;charset=utf8
[ sql ] [ SQL ] SHOW COLUMNS FROM `cc_img` [ RunTime:0.001062s ]
[ sql ] [ SQL ] SELECT * FROM `cc_img` WHERE  `img_start_switch` = 1  AND `img_type` = 2 ORDER BY `img_sort` ASC [ RunTime:0.000497s ]
---------------------------------------------------------------
[ 2019-01-31T07:13:02+08:00 ] 222.142.129.240 POST app.babadao.com/api/Message/getnumber
[运行时间：0.117447s] [吞吐率：8.51req/s] [内存消耗：4,330.73kb] [文件加载：79]
[ info ] [ LANG ] /www/wwwroot/huanka/thinkphp/lang/zh-cn.php
[ info ] [ ROUTE ] array (
)
[ info ] [ HEADER ] array (
  'host' => 'app.babadao.com',
  'origin' => 'file://',
  'connection' => 'keep-alive',
  'accept' => 'application/json, text/javascript, */*; q=0.01',
  'user-agent' => 'Mozilla/5.0 (iPhone; CPU iPhone OS 12_1_2 like Mac OS X) AppleWebKit/605.1.15 (KHTML, like Gecko) Mobile/16C101 Html5Plus/1.0 (Immersed/20)',
  'accept-language' => 'zh-cn',
  'accept-encoding' => 'gzip, deflate',
  'content-type' => 'application/x-www-form-urlencoded; charset=UTF-8',
  'content-length' => '38',
)
[ info ] [ PARAM ] array (
  '/api/Message/getnumber' => '',
  'token' => '0a31b3f0e003eb4663c50ea860a2646f',
)
[ info ] [ DB ] INIT mysql
[ sql ] [ DB ] CONNECT:[ UseTime:0.007214s ] mysql:host=127.0.0.1;port=3306;dbname=babadaohk;charset=utf8
[ sql ] [ SQL ] SHOW COLUMNS FROM `cc_user` [ RunTime:0.001166s ]
[ sql ] [ SQL ] SELECT * FROM `cc_user` WHERE  `user_token` = '0a31b3f0e003eb4663c50ea860a2646f' LIMIT 1 [ RunTime:0.000512s ]
[ sql ] [ SQL ] SHOW COLUMNS FROM `cc_message` [ RunTime:0.000778s ]
[ sql ] [ SQL ] SELECT COUNT(*) AS tp_count FROM `cc_message` WHERE  `message_uid` = 408  AND `message_read` = 0 LIMIT 1 [ RunTime:0.000293s ]
---------------------------------------------------------------
[ 2019-01-31T07:13:02+08:00 ] 222.142.129.240 POST app.babadao.com/api/My/article
[运行时间：0.112355s] [吞吐率：8.90req/s] [内存消耗：4,919.16kb] [文件加载：82]
[ info ] [ LANG ] /www/wwwroot/huanka/thinkphp/lang/zh-cn.php
[ info ] [ ROUTE ] array (
)
[ info ] [ HEADER ] array (
  'host' => 'app.babadao.com',
  'origin' => 'file://',
  'connection' => 'keep-alive',
  'accept' => 'application/json, text/javascript, */*; q=0.01',
  'user-agent' => 'Mozilla/5.0 (iPhone; CPU iPhone OS 12_1_2 like Mac OS X) AppleWebKit/605.1.15 (KHTML, like Gecko) Mobile/16C101 Html5Plus/1.0 (Immersed/20)',
  'accept-language' => 'zh-cn',
  'accept-encoding' => 'gzip, deflate',
  'content-type' => 'application/x-www-form-urlencoded; charset=UTF-8',
  'content-length' => '52',
)
[ info ] [ PARAM ] array (
  '/api/My/article' => '',
  'token' => '0a31b3f0e003eb4663c50ea860a2646f',
  'type' => '1',
  'page' => '1',
)
[ info ] [ DB ] INIT mysql
[ sql ] [ DB ] CONNECT:[ UseTime:0.001440s ] mysql:host=127.0.0.1;port=3306;dbname=babadaohk;charset=utf8
[ sql ] [ SQL ] SHOW COLUMNS FROM `cc_user` [ RunTime:0.001166s ]
[ sql ] [ SQL ] SELECT * FROM `cc_user` WHERE  `user_token` = '0a31b3f0e003eb4663c50ea860a2646f' LIMIT 1 [ RunTime:0.000534s ]
[ sql ] [ SQL ] SHOW COLUMNS FROM `cc_article` [ RunTime:0.000786s ]
[ sql ] [ SQL ] SELECT COUNT(*) AS tp_count FROM `cc_article` WHERE  `article_type` = 1  AND `article_use` = 1 LIMIT 1 [ RunTime:0.000339s ]
[ sql ] [ SQL ] SELECT `article_id`,`article_title`,`article_type`,`article_img`,`article_time` FROM `cc_article` WHERE  `article_type` = 1  AND `article_use` = 1 LIMIT 0,10 [ RunTime:0.000328s ]
---------------------------------------------------------------
[ 2019-01-31T07:13:02+08:00 ] 222.142.129.240 POST app.babadao.com/api/my/info
[运行时间：0.115264s] [吞吐率：8.68req/s] [内存消耗：4,748.17kb] [文件加载：80]
[ info ] [ LANG ] /www/wwwroot/huanka/thinkphp/lang/zh-cn.php
[ info ] [ ROUTE ] array (
)
[ info ] [ HEADER ] array (
  'host' => 'app.babadao.com',
  'origin' => 'file://',
  'connection' => 'keep-alive',
  'accept' => 'application/json, text/javascript, */*; q=0.01',
  'user-agent' => 'Mozilla/5.0 (iPhone; CPU iPhone OS 12_1_2 like Mac OS X) AppleWebKit/605.1.15 (KHTML, like Gecko) Mobile/16C101 Html5Plus/1.0 (Immersed/20)',
  'accept-language' => 'zh-cn',
  'accept-encoding' => 'gzip, deflate',
  'content-type' => 'application/x-www-form-urlencoded; charset=UTF-8',
  'content-length' => '38',
)
[ info ] [ PARAM ] array (
  '/api/my/info' => '',
  'token' => '0a31b3f0e003eb4663c50ea860a2646f',
)
[ info ] [ DB ] INIT mysql
[ sql ] [ DB ] CONNECT:[ UseTime:0.001923s ] mysql:host=127.0.0.1;port=3306;dbname=babadaohk;charset=utf8
[ sql ] [ SQL ] SHOW COLUMNS FROM `cc_user` [ RunTime:0.000794s ]
[ sql ] [ SQL ] SELECT * FROM `cc_user` WHERE  `user_token` = '0a31b3f0e003eb4663c50ea860a2646f' LIMIT 1 [ RunTime:0.000451s ]
[ sql ] [ SQL ] SELECT * FROM cc_user as u INNER JOIN `cc_user_type` `t` ON `u`.`user_type_id`=`t`.`type_id` WHERE  `u`.`user_id` = '408' LIMIT 1 [ RunTime:0.000455s ]
---------------------------------------------------------------
[ 2019-01-31T07:13:02+08:00 ] 222.142.129.240 POST app.babadao.com/api/my/info
[运行时间：0.061801s] [吞吐率：16.18req/s] [内存消耗：4,748.17kb] [文件加载：80]
[ info ] [ LANG ] /www/wwwroot/huanka/thinkphp/lang/zh-cn.php
[ info ] [ ROUTE ] array (
)
[ info ] [ HEADER ] array (
  'host' => 'app.babadao.com',
  'origin' => 'file://',
  'connection' => 'keep-alive',
  'accept' => 'application/json, text/javascript, */*; q=0.01',
  'user-agent' => 'Mozilla/5.0 (iPhone; CPU iPhone OS 12_1_2 like Mac OS X) AppleWebKit/605.1.15 (KHTML, like Gecko) Mobile/16C101 Html5Plus/1.0 (Immersed/20)',
  'accept-language' => 'zh-cn',
  'accept-encoding' => 'gzip, deflate',
  'content-type' => 'application/x-www-form-urlencoded; charset=UTF-8',
  'content-length' => '38',
)
[ info ] [ PARAM ] array (
  '/api/my/info' => '',
  'token' => '0a31b3f0e003eb4663c50ea860a2646f',
)
[ info ] [ DB ] INIT mysql
[ sql ] [ DB ] CONNECT:[ UseTime:0.001729s ] mysql:host=127.0.0.1;port=3306;dbname=babadaohk;charset=utf8
[ sql ] [ SQL ] SHOW COLUMNS FROM `cc_user` [ RunTime:0.001231s ]
[ sql ] [ SQL ] SELECT * FROM `cc_user` WHERE  `user_token` = '0a31b3f0e003eb4663c50ea860a2646f' LIMIT 1 [ RunTime:0.000555s ]
[ sql ] [ SQL ] SELECT * FROM cc_user as u INNER JOIN `cc_user_type` `t` ON `u`.`user_type_id`=`t`.`type_id` WHERE  `u`.`user_id` = '408' LIMIT 1 [ RunTime:0.000566s ]
---------------------------------------------------------------
[ 2019-01-31T07:13:03+08:00 ] 222.142.129.240 POST app.babadao.com/api/my/index
[运行时间：0.089175s] [吞吐率：11.21req/s] [内存消耗：4,738.13kb] [文件加载：79]
[ info ] [ LANG ] /www/wwwroot/huanka/thinkphp/lang/zh-cn.php
[ info ] [ ROUTE ] array (
)
[ info ] [ HEADER ] array (
  'host' => 'app.babadao.com',
  'origin' => 'file://',
  'connection' => 'keep-alive',
  'accept' => 'application/json, text/javascript, */*; q=0.01',
  'user-agent' => 'Mozilla/5.0 (iPhone; CPU iPhone OS 12_1_2 like Mac OS X) AppleWebKit/605.1.15 (KHTML, like Gecko) Mobile/16C101 Html5Plus/1.0 (Immersed/20)',
  'accept-language' => 'zh-cn',
  'accept-encoding' => 'gzip, deflate',
  'content-type' => 'application/x-www-form-urlencoded; charset=UTF-8',
  'content-length' => '38',
)
[ info ] [ PARAM ] array (
  '/api/my/index' => '',
  'token' => '0a31b3f0e003eb4663c50ea860a2646f',
)
[ info ] [ DB ] INIT mysql
[ sql ] [ DB ] CONNECT:[ UseTime:0.001348s ] mysql:host=127.0.0.1;port=3306;dbname=babadaohk;charset=utf8
[ sql ] [ SQL ] SHOW COLUMNS FROM `cc_user` [ RunTime:0.001007s ]
[ sql ] [ SQL ] SELECT * FROM `cc_user` WHERE  `user_token` = '0a31b3f0e003eb4663c50ea860a2646f' LIMIT 1 [ RunTime:0.000453s ]
[ sql ] [ SQL ] SHOW COLUMNS FROM `cc_user_card` [ RunTime:0.000831s ]
[ sql ] [ SQL ] SELECT COUNT(*) AS tp_count FROM `cc_user_card` WHERE  `card_uid` = 408  AND `card_type` = 1  AND `card_blocked` = 0 ORDER BY `card_state` DESC LIMIT 1 [ RunTime:0.000351s ]
---------------------------------------------------------------
[ 2019-01-31T07:13:03+08:00 ] 222.142.129.240 POST app.babadao.com/api/my/info
[运行时间：0.045591s] [吞吐率：21.93req/s] [内存消耗：4,748.17kb] [文件加载：80]
[ info ] [ LANG ] /www/wwwroot/huanka/thinkphp/lang/zh-cn.php
[ info ] [ ROUTE ] array (
)
[ info ] [ HEADER ] array (
  'host' => 'app.babadao.com',
  'origin' => 'file://',
  'connection' => 'keep-alive',
  'accept' => 'application/json, text/javascript, */*; q=0.01',
  'user-agent' => 'Mozilla/5.0 (iPhone; CPU iPhone OS 12_1_2 like Mac OS X) AppleWebKit/605.1.15 (KHTML, like Gecko) Mobile/16C101 Html5Plus/1.0 (Immersed/20)',
  'accept-language' => 'zh-cn',
  'accept-encoding' => 'gzip, deflate',
  'content-type' => 'application/x-www-form-urlencoded; charset=UTF-8',
  'content-length' => '38',
)
[ info ] [ PARAM ] array (
  '/api/my/info' => '',
  'token' => '0a31b3f0e003eb4663c50ea860a2646f',
)
[ info ] [ DB ] INIT mysql
[ sql ] [ DB ] CONNECT:[ UseTime:0.001869s ] mysql:host=127.0.0.1;port=3306;dbname=babadaohk;charset=utf8
[ sql ] [ SQL ] SHOW COLUMNS FROM `cc_user` [ RunTime:0.000957s ]
[ sql ] [ SQL ] SELECT * FROM `cc_user` WHERE  `user_token` = '0a31b3f0e003eb4663c50ea860a2646f' LIMIT 1 [ RunTime:0.000485s ]
[ sql ] [ SQL ] SELECT * FROM cc_user as u INNER JOIN `cc_user_type` `t` ON `u`.`user_type_id`=`t`.`type_id` WHERE  `u`.`user_id` = '408' LIMIT 1 [ RunTime:0.000480s ]
---------------------------------------------------------------
[ 2019-01-31T07:13:03+08:00 ] 222.142.129.240 GET app.babadao.com/api/Bank_Apply/getBank?_=1548889982781
[运行时间：0.348109s] [吞吐率：2.87req/s] [内存消耗：4,405.88kb] [文件加载：82]
[ info ] [ LANG ] /www/wwwroot/huanka/thinkphp/lang/zh-cn.php
[ info ] [ ROUTE ] array (
)
[ info ] [ HEADER ] array (
  'host' => 'app.babadao.com',
  'accept' => '*/*',
  'accept-language' => 'zh-cn',
  'connection' => 'keep-alive',
  'accept-encoding' => 'gzip, deflate',
  'user-agent' => 'Mozilla/5.0 (iPhone; CPU iPhone OS 12_1_2 like Mac OS X) AppleWebKit/605.1.15 (KHTML, like Gecko) Mobile/16C101 Html5Plus/1.0 (Immersed/20)',
)
[ info ] [ PARAM ] array (
  '/api/Bank_Apply/getBank' => '',
  '_' => '1548889982781',
)
[ info ] [ DB ] INIT mysql
[ sql ] [ DB ] CONNECT:[ UseTime:0.001871s ] mysql:host=127.0.0.1;port=3306;dbname=babadaohk;charset=utf8
[ sql ] [ SQL ] SHOW COLUMNS FROM `cc_bank_apply` [ RunTime:0.001121s ]
[ sql ] [ SQL ] SELECT * FROM `cc_bank_apply` WHERE  `apply_type` = 1  AND `apply_use` = 1 LIMIT 1 [ RunTime:0.000442s ]
---------------------------------------------------------------
[ 2019-01-31T07:13:03+08:00 ] 222.142.129.240 POST app.babadao.com/api/Make/index
[运行时间：0.048037s] [吞吐率：20.82req/s] [内存消耗：4,492.30kb] [文件加载：83]
[ info ] [ LANG ] /www/wwwroot/huanka/thinkphp/lang/zh-cn.php
[ info ] [ ROUTE ] array (
)
[ info ] [ HEADER ] array (
  'host' => 'app.babadao.com',
  'origin' => 'file://',
  'connection' => 'keep-alive',
  'accept' => 'application/json, text/javascript, */*; q=0.01',
  'user-agent' => 'Mozilla/5.0 (iPhone; CPU iPhone OS 12_1_2 like Mac OS X) AppleWebKit/605.1.15 (KHTML, like Gecko) Mobile/16C101 Html5Plus/1.0 (Immersed/20)',
  'accept-language' => 'zh-cn',
  'accept-encoding' => 'gzip, deflate',
  'content-type' => 'application/x-www-form-urlencoded; charset=UTF-8',
  'content-length' => '38',
)
[ info ] [ PARAM ] array (
  '/api/Make/index' => '',
  'token' => '0a31b3f0e003eb4663c50ea860a2646f',
)
[ info ] [ DB ] INIT mysql
[ sql ] [ DB ] CONNECT:[ UseTime:0.001228s ] mysql:host=127.0.0.1;port=3306;dbname=babadaohk;charset=utf8
[ sql ] [ SQL ] SHOW COLUMNS FROM `cc_user` [ RunTime:0.000867s ]
[ sql ] [ SQL ] SELECT * FROM `cc_user` WHERE  `user_token` = '0a31b3f0e003eb4663c50ea860a2646f' LIMIT 1 [ RunTime:0.000489s ]
[ sql ] [ SQL ] SHOW COLUMNS FROM `cc_user_card` [ RunTime:0.000631s ]
[ sql ] [ SQL ] SELECT * FROM `cc_user_card` WHERE  `card_uid` = 408  AND `card_type` = 1 LIMIT 1 [ RunTime:0.000391s ]
[ sql ] [ SQL ] SHOW COLUMNS FROM `cc_mission` [ RunTime:0.000641s ]
[ sql ] [ SQL ] SELECT * FROM `cc_mission` WHERE  `mission_uid` = 408  AND `mission_state` = 2 LIMIT 1 [ RunTime:0.000404s ]
[ sql ] [ SQL ] SHOW COLUMNS FROM `cc_pay_records` [ RunTime:0.000615s ]
[ sql ] [ SQL ] SELECT * FROM `cc_pay_records` WHERE  `records_uid` = 408  AND `records_state` = 5 LIMIT 1 [ RunTime:0.000345s ]
[ sql ] [ SQL ] SHOW COLUMNS FROM `cc_user_type` [ RunTime:0.000550s ]
[ sql ] [ SQL ] SELECT * FROM `cc_user_type` WHERE  `type_fee` = 0  AND `type_state` = 0 ORDER BY `type_sort` ASC [ RunTime:0.000348s ]
[ sql ] [ SQL ] SELECT COUNT(*) AS tp_count FROM `cc_user` WHERE  `user_pid` = 408  AND `user_state` = 0 LIMIT 1 [ RunTime:0.000324s ]
[ sql ] [ SQL ] SELECT * FROM `cc_user_type` WHERE  `type_id` = 2 LIMIT 1 [ RunTime:0.000306s ]
[ sql ] [ SQL ] SHOW COLUMNS FROM `cc_rate` [ RunTime:0.000555s ]
[ sql ] [ SQL ] SELECT * FROM `cc_rate` WHERE  `rate_type_id` = 10  AND `rate_type` = 1 LIMIT 1 [ RunTime:0.000307s ]
[ sql ] [ SQL ] SELECT * FROM `cc_rate` WHERE  `rate_type_id` = 10  AND `rate_type` = 2 LIMIT 1 [ RunTime:0.000303s ]
[ error ] [8]未定义数组下标: 7[/www/wwwroot/huanka/application/api/controller/Make.php:197]
[ error ] [8]未定义数组下标: 4[/www/wwwroot/huanka/application/api/controller/Make.php:197]
[ error ] [8]未定义数组下标: 7[/www/wwwroot/huanka/application/api/controller/Make.php:197]
---------------------------------------------------------------
[ 2019-01-31T07:13:03+08:00 ] 222.142.129.240 GET app.babadao.com/api/Bank_Apply/banklist?id=928519625187000320&page=1&_=1548889983380
[运行时间：0.475927s] [吞吐率：2.10req/s] [内存消耗：4,407.05kb] [文件加载：82]
[ info ] [ LANG ] /www/wwwroot/huanka/thinkphp/lang/zh-cn.php
[ info ] [ ROUTE ] array (
)
[ info ] [ HEADER ] array (
  'host' => 'app.babadao.com',
  'accept' => '*/*',
  'accept-language' => 'zh-cn',
  'connection' => 'keep-alive',
  'accept-encoding' => 'gzip, deflate',
  'user-agent' => 'Mozilla/5.0 (iPhone; CPU iPhone OS 12_1_2 like Mac OS X) AppleWebKit/605.1.15 (KHTML, like Gecko) Mobile/16C101 Html5Plus/1.0 (Immersed/20)',
)
[ info ] [ PARAM ] array (
  '/api/Bank_Apply/banklist' => '',
  'id' => '928519625187000320',
  'page' => '1',
  '_' => '1548889983380',
)
[ info ] [ DB ] INIT mysql
[ sql ] [ DB ] CONNECT:[ UseTime:0.001311s ] mysql:host=127.0.0.1;port=3306;dbname=babadaohk;charset=utf8
[ sql ] [ SQL ] SHOW COLUMNS FROM `cc_bank_apply` [ RunTime:0.000834s ]
[ sql ] [ SQL ] SELECT * FROM `cc_bank_apply` WHERE  `apply_type` = 1  AND `apply_use` = 1 LIMIT 1 [ RunTime:0.000403s ]
---------------------------------------------------------------
[ 2019-01-31T08:14:21+08:00 ] 219.156.164.225 POST app.babadao.com/api/Common/version
[运行时间：0.036516s] [吞吐率：27.39req/s] [内存消耗：4,254.63kb] [文件加载：78]
[ info ] [ LANG ] /www/wwwroot/huanka/thinkphp/lang/zh-cn.php
[ info ] [ ROUTE ] array (
)
[ info ] [ HEADER ] array (
  'host' => 'app.babadao.com',
  'origin' => 'file://',
  'connection' => 'keep-alive',
  'accept' => '*/*',
  'user-agent' => 'Mozilla/5.0 (iPhone; CPU iPhone OS 11_3 like Mac OS X) AppleWebKit/605.1.15 (KHTML, like Gecko) Mobile/15E216 Html5Plus/1.0 (Immersed/20)',
  'accept-language' => 'zh-cn',
  'accept-encoding' => 'gzip, deflate',
  'x-requested-with' => 'XMLHttpRequest',
  'content-type' => 'application/x-www-form-urlencoded',
  'content-length' => '20',
)
[ info ] [ PARAM ] array (
  '/api/Common/version' => '',
  'os' => 'ios',
  'version' => '1.0.3',
)
[ info ] [ DB ] INIT mysql
[ sql ] [ DB ] CONNECT:[ UseTime:0.001468s ] mysql:host=127.0.0.1;port=3306;dbname=babadaohk;charset=utf8
[ sql ] [ SQL ] SHOW COLUMNS FROM `cc_app_versions` [ RunTime:0.000814s ]
[ sql ] [ SQL ] SELECT * FROM `cc_app_versions` ORDER BY `app_id` DESC LIMIT 1 [ RunTime:0.000342s ]
---------------------------------------------------------------
[ 2019-01-31T08:14:22+08:00 ] 219.156.164.225 POST app.babadao.com/api/Message/getnumber
[运行时间：0.074514s] [吞吐率：13.42req/s] [内存消耗：3,008.80kb] [文件加载：72]
[ info ] [ LANG ] /www/wwwroot/huanka/thinkphp/lang/zh-cn.php
[ info ] [ ROUTE ] array (
)
[ info ] [ HEADER ] array (
  'host' => 'app.babadao.com',
  'origin' => 'file://',
  'connection' => 'keep-alive',
  'accept' => 'application/json, text/javascript, */*; q=0.01',
  'user-agent' => 'Mozilla/5.0 (iPhone; CPU iPhone OS 11_3 like Mac OS X) AppleWebKit/605.1.15 (KHTML, like Gecko) Mobile/15E216 Html5Plus/1.0 (Immersed/20)',
  'accept-language' => 'zh-cn',
  'accept-encoding' => 'gzip, deflate',
  'content-type' => 'application/x-www-form-urlencoded; charset=UTF-8',
  'content-length' => '6',
)
[ info ] [ PARAM ] array (
  '/api/Message/getnumber' => '',
  'token' => '',
)
---------------------------------------------------------------
[ 2019-01-31T08:14:22+08:00 ] 219.156.164.225 POST app.babadao.com/api/My/article
[运行时间：0.083880s] [吞吐率：11.92req/s] [内存消耗：3,407.71kb] [文件加载：72]
[ info ] [ LANG ] /www/wwwroot/huanka/thinkphp/lang/zh-cn.php
[ info ] [ ROUTE ] array (
)
[ info ] [ HEADER ] array (
  'host' => 'app.babadao.com',
  'origin' => 'file://',
  'connection' => 'keep-alive',
  'accept' => 'application/json, text/javascript, */*; q=0.01',
  'user-agent' => 'Mozilla/5.0 (iPhone; CPU iPhone OS 11_3 like Mac OS X) AppleWebKit/605.1.15 (KHTML, like Gecko) Mobile/15E216 Html5Plus/1.0 (Immersed/20)',
  'accept-language' => 'zh-cn',
  'accept-encoding' => 'gzip, deflate',
  'content-type' => 'application/x-www-form-urlencoded; charset=UTF-8',
  'content-length' => '20',
)
[ info ] [ PARAM ] array (
  '/api/My/article' => '',
  'token' => '',
  'type' => '1',
  'page' => '1',
)
---------------------------------------------------------------
[ 2019-01-31T08:14:22+08:00 ] 219.156.164.225 POST app.babadao.com/api/my/info
[运行时间：0.078783s] [吞吐率：12.69req/s] [内存消耗：3,407.03kb] [文件加载：72]
[ info ] [ LANG ] /www/wwwroot/huanka/thinkphp/lang/zh-cn.php
[ info ] [ ROUTE ] array (
)
[ info ] [ HEADER ] array (
  'host' => 'app.babadao.com',
  'origin' => 'file://',
  'connection' => 'keep-alive',
  'accept' => 'application/json, text/javascript, */*; q=0.01',
  'user-agent' => 'Mozilla/5.0 (iPhone; CPU iPhone OS 11_3 like Mac OS X) AppleWebKit/605.1.15 (KHTML, like Gecko) Mobile/15E216 Html5Plus/1.0 (Immersed/20)',
  'accept-language' => 'zh-cn',
  'accept-encoding' => 'gzip, deflate',
  'content-type' => 'application/x-www-form-urlencoded; charset=UTF-8',
  'content-length' => '6',
)
[ info ] [ PARAM ] array (
  '/api/my/info' => '',
  'token' => '',
)
---------------------------------------------------------------
[ 2019-01-31T08:14:22+08:00 ] 219.156.164.225 GET app.babadao.com/api/Img/index?type=2
[运行时间：0.092848s] [吞吐率：10.77req/s] [内存消耗：4,242.57kb] [文件加载：78]
[ info ] [ LANG ] /www/wwwroot/huanka/thinkphp/lang/zh-cn.php
[ info ] [ ROUTE ] array (
)
[ info ] [ HEADER ] array (
  'host' => 'app.babadao.com',
  'accept' => 'application/json, text/javascript, */*; q=0.01',
  'accept-language' => 'zh-cn',
  'connection' => 'keep-alive',
  'accept-encoding' => 'gzip, deflate',
  'user-agent' => 'Mozilla/5.0 (iPhone; CPU iPhone OS 11_3 like Mac OS X) AppleWebKit/605.1.15 (KHTML, like Gecko) Mobile/15E216 Html5Plus/1.0 (Immersed/20)',
)
[ info ] [ PARAM ] array (
  '/api/Img/index' => '',
  'type' => '2',
)
[ info ] [ DB ] INIT mysql
[ sql ] [ DB ] CONNECT:[ UseTime:0.001339s ] mysql:host=127.0.0.1;port=3306;dbname=babadaohk;charset=utf8
[ sql ] [ SQL ] SHOW COLUMNS FROM `cc_img` [ RunTime:0.000773s ]
[ sql ] [ SQL ] SELECT * FROM `cc_img` WHERE  `img_start_switch` = 1  AND `img_type` = 2 ORDER BY `img_sort` ASC [ RunTime:0.000425s ]
---------------------------------------------------------------
[ 2019-01-31T08:14:22+08:00 ] 219.156.164.225 POST app.babadao.com/api/my/info
[运行时间：0.039620s] [吞吐率：25.24req/s] [内存消耗：3,407.03kb] [文件加载：72]
[ info ] [ LANG ] /www/wwwroot/huanka/thinkphp/lang/zh-cn.php
[ info ] [ ROUTE ] array (
)
[ info ] [ HEADER ] array (
  'host' => 'app.babadao.com',
  'origin' => 'file://',
  'connection' => 'keep-alive',
  'accept' => 'application/json, text/javascript, */*; q=0.01',
  'user-agent' => 'Mozilla/5.0 (iPhone; CPU iPhone OS 11_3 like Mac OS X) AppleWebKit/605.1.15 (KHTML, like Gecko) Mobile/15E216 Html5Plus/1.0 (Immersed/20)',
  'accept-language' => 'zh-cn',
  'accept-encoding' => 'gzip, deflate',
  'content-type' => 'application/x-www-form-urlencoded; charset=UTF-8',
  'content-length' => '6',
)
[ info ] [ PARAM ] array (
  '/api/my/info' => '',
  'token' => '',
)
---------------------------------------------------------------
[ 2019-01-31T08:14:22+08:00 ] 219.156.164.225 POST app.babadao.com/api/my/index
[运行时间：0.037474s] [吞吐率：26.69req/s] [内存消耗：3,407.10kb] [文件加载：72]
[ info ] [ LANG ] /www/wwwroot/huanka/thinkphp/lang/zh-cn.php
[ info ] [ ROUTE ] array (
)
[ info ] [ HEADER ] array (
  'host' => 'app.babadao.com',
  'origin' => 'file://',
  'connection' => 'keep-alive',
  'accept' => 'application/json, text/javascript, */*; q=0.01',
  'user-agent' => 'Mozilla/5.0 (iPhone; CPU iPhone OS 11_3 like Mac OS X) AppleWebKit/605.1.15 (KHTML, like Gecko) Mobile/15E216 Html5Plus/1.0 (Immersed/20)',
  'accept-language' => 'zh-cn',
  'accept-encoding' => 'gzip, deflate',
  'content-type' => 'application/x-www-form-urlencoded; charset=UTF-8',
  'content-length' => '6',
)
[ info ] [ PARAM ] array (
  '/api/my/index' => '',
  'token' => '',
)
---------------------------------------------------------------
[ 2019-01-31T08:14:23+08:00 ] 219.156.164.225 GET app.babadao.com/api/Bank_Apply/getBank?_=1548893662263
[运行时间：0.382429s] [吞吐率：2.61req/s] [内存消耗：4,405.88kb] [文件加载：82]
[ info ] [ LANG ] /www/wwwroot/huanka/thinkphp/lang/zh-cn.php
[ info ] [ ROUTE ] array (
)
[ info ] [ HEADER ] array (
  'host' => 'app.babadao.com',
  'accept' => '*/*',
  'accept-language' => 'zh-cn',
  'connection' => 'keep-alive',
  'accept-encoding' => 'gzip, deflate',
  'user-agent' => 'Mozilla/5.0 (iPhone; CPU iPhone OS 11_3 like Mac OS X) AppleWebKit/605.1.15 (KHTML, like Gecko) Mobile/15E216 Html5Plus/1.0 (Immersed/20)',
)
[ info ] [ PARAM ] array (
  '/api/Bank_Apply/getBank' => '',
  '_' => '1548893662263',
)
[ info ] [ DB ] INIT mysql
[ sql ] [ DB ] CONNECT:[ UseTime:0.001342s ] mysql:host=127.0.0.1;port=3306;dbname=babadaohk;charset=utf8
[ sql ] [ SQL ] SHOW COLUMNS FROM `cc_bank_apply` [ RunTime:0.000776s ]
[ sql ] [ SQL ] SELECT * FROM `cc_bank_apply` WHERE  `apply_type` = 1  AND `apply_use` = 1 LIMIT 1 [ RunTime:0.000412s ]
---------------------------------------------------------------
[ 2019-01-31T08:14:24+08:00 ] 219.156.164.225 GET app.babadao.com/api/Bank_Apply/banklist?id=928519625187000320&page=1&_=1548893663887
[运行时间：0.429768s] [吞吐率：2.33req/s] [内存消耗：4,406.84kb] [文件加载：82]
[ info ] [ LANG ] /www/wwwroot/huanka/thinkphp/lang/zh-cn.php
[ info ] [ ROUTE ] array (
)
[ info ] [ HEADER ] array (
  'host' => 'app.babadao.com',
  'accept' => '*/*',
  'accept-language' => 'zh-cn',
  'connection' => 'keep-alive',
  'accept-encoding' => 'gzip, deflate',
  'user-agent' => 'Mozilla/5.0 (iPhone; CPU iPhone OS 11_3 like Mac OS X) AppleWebKit/605.1.15 (KHTML, like Gecko) Mobile/15E216 Html5Plus/1.0 (Immersed/20)',
)
[ info ] [ PARAM ] array (
  '/api/Bank_Apply/banklist' => '',
  'id' => '928519625187000320',
  'page' => '1',
  '_' => '1548893663887',
)
[ info ] [ DB ] INIT mysql
[ sql ] [ DB ] CONNECT:[ UseTime:0.001332s ] mysql:host=127.0.0.1;port=3306;dbname=babadaohk;charset=utf8
[ sql ] [ SQL ] SHOW COLUMNS FROM `cc_bank_apply` [ RunTime:0.000778s ]
[ sql ] [ SQL ] SELECT * FROM `cc_bank_apply` WHERE  `apply_type` = 1  AND `apply_use` = 1 LIMIT 1 [ RunTime:0.000413s ]
---------------------------------------------------------------
[ 2019-01-31T09:34:08+08:00 ] 182.46.204.121 POST app.babadao.com/api/Common/version
[运行时间：0.037082s] [吞吐率：26.97req/s] [内存消耗：4,254.62kb] [文件加载：78]
[ info ] [ LANG ] /www/wwwroot/huanka/thinkphp/lang/zh-cn.php
[ info ] [ ROUTE ] array (
)
[ info ] [ HEADER ] array (
  'host' => 'app.babadao.com',
  'origin' => 'file://',
  'connection' => 'keep-alive',
  'accept' => '*/*',
  'user-agent' => 'Mozilla/5.0 (iPhone; CPU iPhone OS 11_4 like Mac OS X) AppleWebKit/605.1.15 (KHTML, like Gecko) Mobile/15F79 Html5Plus/1.0 (Immersed/20)',
  'accept-language' => 'zh-cn',
  'accept-encoding' => 'gzip, deflate',
  'x-requested-with' => 'XMLHttpRequest',
  'content-type' => 'application/x-www-form-urlencoded',
  'content-length' => '20',
)
[ info ] [ PARAM ] array (
  '/api/Common/version' => '',
  'os' => 'ios',
  'version' => '1.0.3',
)
[ info ] [ DB ] INIT mysql
[ sql ] [ DB ] CONNECT:[ UseTime:0.001400s ] mysql:host=127.0.0.1;port=3306;dbname=babadaohk;charset=utf8
[ sql ] [ SQL ] SHOW COLUMNS FROM `cc_app_versions` [ RunTime:0.000751s ]
[ sql ] [ SQL ] SELECT * FROM `cc_app_versions` ORDER BY `app_id` DESC LIMIT 1 [ RunTime:0.000333s ]
---------------------------------------------------------------
[ 2019-01-31T09:34:09+08:00 ] 182.46.204.121 POST app.babadao.com/api/Message/getnumber
[运行时间：0.083029s] [吞吐率：12.04req/s] [内存消耗：3,008.80kb] [文件加载：72]
[ info ] [ LANG ] /www/wwwroot/huanka/thinkphp/lang/zh-cn.php
[ info ] [ ROUTE ] array (
)
[ info ] [ HEADER ] array (
  'host' => 'app.babadao.com',
  'origin' => 'file://',
  'connection' => 'keep-alive',
  'accept' => 'application/json, text/javascript, */*; q=0.01',
  'user-agent' => 'Mozilla/5.0 (iPhone; CPU iPhone OS 11_4 like Mac OS X) AppleWebKit/605.1.15 (KHTML, like Gecko) Mobile/15F79 Html5Plus/1.0 (Immersed/20)',
  'accept-language' => 'zh-cn',
  'accept-encoding' => 'gzip, deflate',
  'content-type' => 'application/x-www-form-urlencoded; charset=UTF-8',
  'content-length' => '6',
)
[ info ] [ PARAM ] array (
  '/api/Message/getnumber' => '',
  'token' => '',
)
---------------------------------------------------------------
[ 2019-01-31T09:34:09+08:00 ] 182.46.204.121 POST app.babadao.com/api/my/info
[运行时间：0.083414s] [吞吐率：11.99req/s] [内存消耗：3,407.03kb] [文件加载：72]
[ info ] [ LANG ] /www/wwwroot/huanka/thinkphp/lang/zh-cn.php
[ info ] [ ROUTE ] array (
)
[ info ] [ HEADER ] array (
  'host' => 'app.babadao.com',
  'origin' => 'file://',
  'connection' => 'keep-alive',
  'accept' => 'application/json, text/javascript, */*; q=0.01',
  'user-agent' => 'Mozilla/5.0 (iPhone; CPU iPhone OS 11_4 like Mac OS X) AppleWebKit/605.1.15 (KHTML, like Gecko) Mobile/15F79 Html5Plus/1.0 (Immersed/20)',
  'accept-language' => 'zh-cn',
  'accept-encoding' => 'gzip, deflate',
  'content-type' => 'application/x-www-form-urlencoded; charset=UTF-8',
  'content-length' => '6',
)
[ info ] [ PARAM ] array (
  '/api/my/info' => '',
  'token' => '',
)
---------------------------------------------------------------
[ 2019-01-31T09:34:09+08:00 ] 182.46.204.121 POST app.babadao.com/api/My/article
[运行时间：0.080777s] [吞吐率：12.38req/s] [内存消耗：3,407.70kb] [文件加载：72]
[ info ] [ LANG ] /www/wwwroot/huanka/thinkphp/lang/zh-cn.php
[ info ] [ ROUTE ] array (
)
[ info ] [ HEADER ] array (
  'host' => 'app.babadao.com',
  'origin' => 'file://',
  'connection' => 'keep-alive',
  'accept' => 'application/json, text/javascript, */*; q=0.01',
  'user-agent' => 'Mozilla/5.0 (iPhone; CPU iPhone OS 11_4 like Mac OS X) AppleWebKit/605.1.15 (KHTML, like Gecko) Mobile/15F79 Html5Plus/1.0 (Immersed/20)',
  'accept-language' => 'zh-cn',
  'accept-encoding' => 'gzip, deflate',
  'content-type' => 'application/x-www-form-urlencoded; charset=UTF-8',
  'content-length' => '20',
)
[ info ] [ PARAM ] array (
  '/api/My/article' => '',
  'token' => '',
  'type' => '1',
  'page' => '1',
)
---------------------------------------------------------------
[ 2019-01-31T09:34:09+08:00 ] 182.46.204.121 GET app.babadao.com/api/Img/index?type=2
[运行时间：0.092447s] [吞吐率：10.82req/s] [内存消耗：4,242.56kb] [文件加载：78]
[ info ] [ LANG ] /www/wwwroot/huanka/thinkphp/lang/zh-cn.php
[ info ] [ ROUTE ] array (
)
[ info ] [ HEADER ] array (
  'host' => 'app.babadao.com',
  'accept' => 'application/json, text/javascript, */*; q=0.01',
  'accept-language' => 'zh-cn',
  'connection' => 'keep-alive',
  'accept-encoding' => 'gzip, deflate',
  'user-agent' => 'Mozilla/5.0 (iPhone; CPU iPhone OS 11_4 like Mac OS X) AppleWebKit/605.1.15 (KHTML, like Gecko) Mobile/15F79 Html5Plus/1.0 (Immersed/20)',
)
[ info ] [ PARAM ] array (
  '/api/Img/index' => '',
  'type' => '2',
)
[ info ] [ DB ] INIT mysql
[ sql ] [ DB ] CONNECT:[ UseTime:0.001668s ] mysql:host=127.0.0.1;port=3306;dbname=babadaohk;charset=utf8
[ sql ] [ SQL ] SHOW COLUMNS FROM `cc_img` [ RunTime:0.000943s ]
[ sql ] [ SQL ] SELECT * FROM `cc_img` WHERE  `img_start_switch` = 1  AND `img_type` = 2 ORDER BY `img_sort` ASC [ RunTime:0.000406s ]
---------------------------------------------------------------
[ 2019-01-31T09:34:09+08:00 ] 182.46.204.121 POST app.babadao.com/api/my/info
[运行时间：0.031396s] [吞吐率：31.85req/s] [内存消耗：3,407.03kb] [文件加载：72]
[ info ] [ LANG ] /www/wwwroot/huanka/thinkphp/lang/zh-cn.php
[ info ] [ ROUTE ] array (
)
[ info ] [ HEADER ] array (
  'host' => 'app.babadao.com',
  'origin' => 'file://',
  'connection' => 'keep-alive',
  'accept' => 'application/json, text/javascript, */*; q=0.01',
  'user-agent' => 'Mozilla/5.0 (iPhone; CPU iPhone OS 11_4 like Mac OS X) AppleWebKit/605.1.15 (KHTML, like Gecko) Mobile/15F79 Html5Plus/1.0 (Immersed/20)',
  'accept-language' => 'zh-cn',
  'accept-encoding' => 'gzip, deflate',
  'content-type' => 'application/x-www-form-urlencoded; charset=UTF-8',
  'content-length' => '6',
)
[ info ] [ PARAM ] array (
  '/api/my/info' => '',
  'token' => '',
)
---------------------------------------------------------------
[ 2019-01-31T09:34:09+08:00 ] 182.46.204.121 POST app.babadao.com/api/my/index
[运行时间：0.041727s] [吞吐率：23.97req/s] [内存消耗：3,407.10kb] [文件加载：72]
[ info ] [ LANG ] /www/wwwroot/huanka/thinkphp/lang/zh-cn.php
[ info ] [ ROUTE ] array (
)
[ info ] [ HEADER ] array (
  'host' => 'app.babadao.com',
  'origin' => 'file://',
  'connection' => 'keep-alive',
  'accept' => 'application/json, text/javascript, */*; q=0.01',
  'user-agent' => 'Mozilla/5.0 (iPhone; CPU iPhone OS 11_4 like Mac OS X) AppleWebKit/605.1.15 (KHTML, like Gecko) Mobile/15F79 Html5Plus/1.0 (Immersed/20)',
  'accept-language' => 'zh-cn',
  'accept-encoding' => 'gzip, deflate',
  'content-type' => 'application/x-www-form-urlencoded; charset=UTF-8',
  'content-length' => '6',
)
[ info ] [ PARAM ] array (
  '/api/my/index' => '',
  'token' => '',
)
---------------------------------------------------------------
[ 2019-01-31T09:34:09+08:00 ] 182.46.204.121 GET app.babadao.com/api/Bank_Apply/getBank?_=1548898449303
[运行时间：0.331876s] [吞吐率：3.01req/s] [内存消耗：4,405.88kb] [文件加载：82]
[ info ] [ LANG ] /www/wwwroot/huanka/thinkphp/lang/zh-cn.php
[ info ] [ ROUTE ] array (
)
[ info ] [ HEADER ] array (
  'host' => 'app.babadao.com',
  'accept' => '*/*',
  'accept-language' => 'zh-cn',
  'connection' => 'keep-alive',
  'accept-encoding' => 'gzip, deflate',
  'user-agent' => 'Mozilla/5.0 (iPhone; CPU iPhone OS 11_4 like Mac OS X) AppleWebKit/605.1.15 (KHTML, like Gecko) Mobile/15F79 Html5Plus/1.0 (Immersed/20)',
)
[ info ] [ PARAM ] array (
  '/api/Bank_Apply/getBank' => '',
  '_' => '1548898449303',
)
[ info ] [ DB ] INIT mysql
[ sql ] [ DB ] CONNECT:[ UseTime:0.001281s ] mysql:host=127.0.0.1;port=3306;dbname=babadaohk;charset=utf8
[ sql ] [ SQL ] SHOW COLUMNS FROM `cc_bank_apply` [ RunTime:0.000767s ]
[ sql ] [ SQL ] SELECT * FROM `cc_bank_apply` WHERE  `apply_type` = 1  AND `apply_use` = 1 LIMIT 1 [ RunTime:0.000417s ]
---------------------------------------------------------------
[ 2019-01-31T09:34:10+08:00 ] 182.46.204.121 GET app.babadao.com/api/Bank_Apply/banklist?id=928519625187000320&page=1&_=1548898449770
[运行时间：0.441129s] [吞吐率：2.27req/s] [内存消耗：4,406.84kb] [文件加载：82]
[ info ] [ LANG ] /www/wwwroot/huanka/thinkphp/lang/zh-cn.php
[ info ] [ ROUTE ] array (
)
[ info ] [ HEADER ] array (
  'host' => 'app.babadao.com',
  'accept' => '*/*',
  'accept-language' => 'zh-cn',
  'connection' => 'keep-alive',
  'accept-encoding' => 'gzip, deflate',
  'user-agent' => 'Mozilla/5.0 (iPhone; CPU iPhone OS 11_4 like Mac OS X) AppleWebKit/605.1.15 (KHTML, like Gecko) Mobile/15F79 Html5Plus/1.0 (Immersed/20)',
)
[ info ] [ PARAM ] array (
  '/api/Bank_Apply/banklist' => '',
  'id' => '928519625187000320',
  'page' => '1',
  '_' => '1548898449770',
)
[ info ] [ DB ] INIT mysql
[ sql ] [ DB ] CONNECT:[ UseTime:0.001391s ] mysql:host=127.0.0.1;port=3306;dbname=babadaohk;charset=utf8
[ sql ] [ SQL ] SHOW COLUMNS FROM `cc_bank_apply` [ RunTime:0.000802s ]
[ sql ] [ SQL ] SELECT * FROM `cc_bank_apply` WHERE  `apply_type` = 1  AND `apply_use` = 1 LIMIT 1 [ RunTime:0.000417s ]
---------------------------------------------------------------
[ 2019-01-31T09:34:17+08:00 ] 182.46.204.121 POST app.babadao.com/api/my/index
[运行时间：0.026931s] [吞吐率：37.13req/s] [内存消耗：3,407.46kb] [文件加载：72]
[ info ] [ LANG ] /www/wwwroot/huanka/thinkphp/lang/zh-cn.php
[ info ] [ ROUTE ] array (
)
[ info ] [ HEADER ] array (
  'host' => 'app.babadao.com',
  'origin' => 'file://',
  'connection' => 'keep-alive',
  'accept' => 'application/json, text/javascript, */*; q=0.01',
  'user-agent' => 'Mozilla/5.0 (iPhone; CPU iPhone OS 11_4 like Mac OS X) AppleWebKit/605.1.15 (KHTML, like Gecko) Mobile/15F79 Html5Plus/1.0 (Immersed/20)',
  'accept-language' => 'zh-cn',
  'cache-control' => 'max-age=0',
  'accept-encoding' => 'gzip, deflate',
  'content-type' => 'application/x-www-form-urlencoded; charset=UTF-8',
  'content-length' => '6',
)
[ info ] [ PARAM ] array (
  '/api/my/index' => '',
  'token' => '',
)
---------------------------------------------------------------
[ 2019-01-31T19:42:20+08:00 ] 223.104.109.158 POST app.babadao.com/api/Common/version
[运行时间：0.036818s] [吞吐率：27.16req/s] [内存消耗：4,254.77kb] [文件加载：78]
[ info ] [ LANG ] /www/wwwroot/huanka/thinkphp/lang/zh-cn.php
[ info ] [ ROUTE ] array (
)
[ info ] [ HEADER ] array (
  'host' => 'app.babadao.com',
  'origin' => 'file://',
  'connection' => 'keep-alive',
  'accept' => '*/*',
  'user-agent' => 'Mozilla/5.0 (iPhone; CPU iPhone OS 12_1_2 like Mac OS X) AppleWebKit/605.1.15 (KHTML, like Gecko) Mobile/16C101 Html5Plus/1.0 (Immersed/20)',
  'accept-language' => 'zh-cn',
  'accept-encoding' => 'gzip, deflate',
  'x-requested-with' => 'XMLHttpRequest',
  'content-type' => 'application/x-www-form-urlencoded',
  'content-length' => '20',
)
[ info ] [ PARAM ] array (
  '/api/Common/version' => '',
  'os' => 'ios',
  'version' => '1.0.3',
)
[ info ] [ DB ] INIT mysql
[ sql ] [ DB ] CONNECT:[ UseTime:0.001504s ] mysql:host=127.0.0.1;port=3306;dbname=babadaohk;charset=utf8
[ sql ] [ SQL ] SHOW COLUMNS FROM `cc_app_versions` [ RunTime:0.000756s ]
[ sql ] [ SQL ] SELECT * FROM `cc_app_versions` ORDER BY `app_id` DESC LIMIT 1 [ RunTime:0.000329s ]
---------------------------------------------------------------
[ 2019-01-31T19:42:21+08:00 ] 223.104.109.158 POST app.babadao.com/api/Message/getnumber
[运行时间：0.082561s] [吞吐率：12.11req/s] [内存消耗：4,330.73kb] [文件加载：79]
[ info ] [ LANG ] /www/wwwroot/huanka/thinkphp/lang/zh-cn.php
[ info ] [ ROUTE ] array (
)
[ info ] [ HEADER ] array (
  'host' => 'app.babadao.com',
  'origin' => 'file://',
  'connection' => 'keep-alive',
  'accept' => 'application/json, text/javascript, */*; q=0.01',
  'user-agent' => 'Mozilla/5.0 (iPhone; CPU iPhone OS 12_1_2 like Mac OS X) AppleWebKit/605.1.15 (KHTML, like Gecko) Mobile/16C101 Html5Plus/1.0 (Immersed/20)',
  'accept-language' => 'zh-cn',
  'accept-encoding' => 'gzip, deflate',
  'content-type' => 'application/x-www-form-urlencoded; charset=UTF-8',
  'content-length' => '38',
)
[ info ] [ PARAM ] array (
  '/api/Message/getnumber' => '',
  'token' => '0a31b3f0e003eb4663c50ea860a2646f',
)
[ info ] [ DB ] INIT mysql
[ sql ] [ DB ] CONNECT:[ UseTime:0.013171s ] mysql:host=127.0.0.1;port=3306;dbname=babadaohk;charset=utf8
[ sql ] [ SQL ] SHOW COLUMNS FROM `cc_user` [ RunTime:0.001263s ]
[ sql ] [ SQL ] SELECT * FROM `cc_user` WHERE  `user_token` = '0a31b3f0e003eb4663c50ea860a2646f' LIMIT 1 [ RunTime:0.000570s ]
[ sql ] [ SQL ] SHOW COLUMNS FROM `cc_message` [ RunTime:0.000774s ]
[ sql ] [ SQL ] SELECT COUNT(*) AS tp_count FROM `cc_message` WHERE  `message_uid` = 408  AND `message_read` = 0 LIMIT 1 [ RunTime:0.000305s ]
---------------------------------------------------------------
[ 2019-01-31T19:42:21+08:00 ] 223.104.109.158 GET app.babadao.com/api/Img/index?type=2
[运行时间：0.093183s] [吞吐率：10.73req/s] [内存消耗：4,242.70kb] [文件加载：78]
[ info ] [ LANG ] /www/wwwroot/huanka/thinkphp/lang/zh-cn.php
[ info ] [ ROUTE ] array (
)
[ info ] [ HEADER ] array (
  'host' => 'app.babadao.com',
  'accept' => 'application/json, text/javascript, */*; q=0.01',
  'accept-language' => 'zh-cn',
  'connection' => 'keep-alive',
  'accept-encoding' => 'gzip, deflate',
  'user-agent' => 'Mozilla/5.0 (iPhone; CPU iPhone OS 12_1_2 like Mac OS X) AppleWebKit/605.1.15 (KHTML, like Gecko) Mobile/16C101 Html5Plus/1.0 (Immersed/20)',
)
[ info ] [ PARAM ] array (
  '/api/Img/index' => '',
  'type' => '2',
)
[ info ] [ DB ] INIT mysql
[ sql ] [ DB ] CONNECT:[ UseTime:0.013571s ] mysql:host=127.0.0.1;port=3306;dbname=babadaohk;charset=utf8
[ sql ] [ SQL ] SHOW COLUMNS FROM `cc_img` [ RunTime:0.001015s ]
[ sql ] [ SQL ] SELECT * FROM `cc_img` WHERE  `img_start_switch` = 1  AND `img_type` = 2 ORDER BY `img_sort` ASC [ RunTime:0.000502s ]
---------------------------------------------------------------
[ 2019-01-31T19:42:21+08:00 ] 223.104.109.158 POST app.babadao.com/api/my/info
[运行时间：0.088072s] [吞吐率：11.35req/s] [内存消耗：4,748.17kb] [文件加载：80]
[ info ] [ LANG ] /www/wwwroot/huanka/thinkphp/lang/zh-cn.php
[ info ] [ ROUTE ] array (
)
[ info ] [ HEADER ] array (
  'host' => 'app.babadao.com',
  'origin' => 'file://',
  'connection' => 'keep-alive',
  'accept' => 'application/json, text/javascript, */*; q=0.01',
  'user-agent' => 'Mozilla/5.0 (iPhone; CPU iPhone OS 12_1_2 like Mac OS X) AppleWebKit/605.1.15 (KHTML, like Gecko) Mobile/16C101 Html5Plus/1.0 (Immersed/20)',
  'accept-language' => 'zh-cn',
  'accept-encoding' => 'gzip, deflate',
  'content-type' => 'application/x-www-form-urlencoded; charset=UTF-8',
  'content-length' => '38',
)
[ info ] [ PARAM ] array (
  '/api/my/info' => '',
  'token' => '0a31b3f0e003eb4663c50ea860a2646f',
)
[ info ] [ DB ] INIT mysql
[ sql ] [ DB ] CONNECT:[ UseTime:0.001506s ] mysql:host=127.0.0.1;port=3306;dbname=babadaohk;charset=utf8
[ sql ] [ SQL ] SHOW COLUMNS FROM `cc_user` [ RunTime:0.001096s ]
[ sql ] [ SQL ] SELECT * FROM `cc_user` WHERE  `user_token` = '0a31b3f0e003eb4663c50ea860a2646f' LIMIT 1 [ RunTime:0.000556s ]
[ sql ] [ SQL ] SELECT * FROM cc_user as u INNER JOIN `cc_user_type` `t` ON `u`.`user_type_id`=`t`.`type_id` WHERE  `u`.`user_id` = '408' LIMIT 1 [ RunTime:0.000576s ]
---------------------------------------------------------------
[ 2019-01-31T19:42:21+08:00 ] 223.104.109.158 POST app.babadao.com/api/My/article
[运行时间：0.090470s] [吞吐率：11.05req/s] [内存消耗：4,919.16kb] [文件加载：82]
[ info ] [ LANG ] /www/wwwroot/huanka/thinkphp/lang/zh-cn.php
[ info ] [ ROUTE ] array (
)
[ info ] [ HEADER ] array (
  'host' => 'app.babadao.com',
  'origin' => 'file://',
  'connection' => 'keep-alive',
  'accept' => 'application/json, text/javascript, */*; q=0.01',
  'user-agent' => 'Mozilla/5.0 (iPhone; CPU iPhone OS 12_1_2 like Mac OS X) AppleWebKit/605.1.15 (KHTML, like Gecko) Mobile/16C101 Html5Plus/1.0 (Immersed/20)',
  'accept-language' => 'zh-cn',
  'accept-encoding' => 'gzip, deflate',
  'content-type' => 'application/x-www-form-urlencoded; charset=UTF-8',
  'content-length' => '52',
)
[ info ] [ PARAM ] array (
  '/api/My/article' => '',
  'token' => '0a31b3f0e003eb4663c50ea860a2646f',
  'type' => '1',
  'page' => '1',
)
[ info ] [ DB ] INIT mysql
[ sql ] [ DB ] CONNECT:[ UseTime:0.001280s ] mysql:host=127.0.0.1;port=3306;dbname=babadaohk;charset=utf8
[ sql ] [ SQL ] SHOW COLUMNS FROM `cc_user` [ RunTime:0.000837s ]
[ sql ] [ SQL ] SELECT * FROM `cc_user` WHERE  `user_token` = '0a31b3f0e003eb4663c50ea860a2646f' LIMIT 1 [ RunTime:0.000452s ]
[ sql ] [ SQL ] SHOW COLUMNS FROM `cc_article` [ RunTime:0.000567s ]
[ sql ] [ SQL ] SELECT COUNT(*) AS tp_count FROM `cc_article` WHERE  `article_type` = 1  AND `article_use` = 1 LIMIT 1 [ RunTime:0.000341s ]
[ sql ] [ SQL ] SELECT `article_id`,`article_title`,`article_type`,`article_img`,`article_time` FROM `cc_article` WHERE  `article_type` = 1  AND `article_use` = 1 LIMIT 0,10 [ RunTime:0.000301s ]
---------------------------------------------------------------
[ 2019-01-31T19:42:21+08:00 ] 223.104.109.158 POST app.babadao.com/api/my/info
[运行时间：0.062456s] [吞吐率：16.01req/s] [内存消耗：4,748.17kb] [文件加载：80]
[ info ] [ LANG ] /www/wwwroot/huanka/thinkphp/lang/zh-cn.php
[ info ] [ ROUTE ] array (
)
[ info ] [ HEADER ] array (
  'host' => 'app.babadao.com',
  'origin' => 'file://',
  'connection' => 'keep-alive',
  'accept' => 'application/json, text/javascript, */*; q=0.01',
  'user-agent' => 'Mozilla/5.0 (iPhone; CPU iPhone OS 12_1_2 like Mac OS X) AppleWebKit/605.1.15 (KHTML, like Gecko) Mobile/16C101 Html5Plus/1.0 (Immersed/20)',
  'accept-language' => 'zh-cn',
  'accept-encoding' => 'gzip, deflate',
  'content-type' => 'application/x-www-form-urlencoded; charset=UTF-8',
  'content-length' => '38',
)
[ info ] [ PARAM ] array (
  '/api/my/info' => '',
  'token' => '0a31b3f0e003eb4663c50ea860a2646f',
)
[ info ] [ DB ] INIT mysql
[ sql ] [ DB ] CONNECT:[ UseTime:0.002234s ] mysql:host=127.0.0.1;port=3306;dbname=babadaohk;charset=utf8
[ sql ] [ SQL ] SHOW COLUMNS FROM `cc_user` [ RunTime:0.001252s ]
[ sql ] [ SQL ] SELECT * FROM `cc_user` WHERE  `user_token` = '0a31b3f0e003eb4663c50ea860a2646f' LIMIT 1 [ RunTime:0.000559s ]
[ sql ] [ SQL ] SELECT * FROM cc_user as u INNER JOIN `cc_user_type` `t` ON `u`.`user_type_id`=`t`.`type_id` WHERE  `u`.`user_id` = '408' LIMIT 1 [ RunTime:0.000556s ]
---------------------------------------------------------------
[ 2019-01-31T19:42:21+08:00 ] 223.104.109.158 POST app.babadao.com/api/my/info
[运行时间：0.105133s] [吞吐率：9.51req/s] [内存消耗：4,748.17kb] [文件加载：80]
[ info ] [ LANG ] /www/wwwroot/huanka/thinkphp/lang/zh-cn.php
[ info ] [ ROUTE ] array (
)
[ info ] [ HEADER ] array (
  'host' => 'app.babadao.com',
  'origin' => 'file://',
  'connection' => 'keep-alive',
  'accept' => 'application/json, text/javascript, */*; q=0.01',
  'user-agent' => 'Mozilla/5.0 (iPhone; CPU iPhone OS 12_1_2 like Mac OS X) AppleWebKit/605.1.15 (KHTML, like Gecko) Mobile/16C101 Html5Plus/1.0 (Immersed/20)',
  'accept-language' => 'zh-cn',
  'accept-encoding' => 'gzip, deflate',
  'content-type' => 'application/x-www-form-urlencoded; charset=UTF-8',
  'content-length' => '38',
)
[ info ] [ PARAM ] array (
  '/api/my/info' => '',
  'token' => '0a31b3f0e003eb4663c50ea860a2646f',
)
[ info ] [ DB ] INIT mysql
[ sql ] [ DB ] CONNECT:[ UseTime:0.006975s ] mysql:host=127.0.0.1;port=3306;dbname=babadaohk;charset=utf8
[ sql ] [ SQL ] SHOW COLUMNS FROM `cc_user` [ RunTime:0.001252s ]
[ sql ] [ SQL ] SELECT * FROM `cc_user` WHERE  `user_token` = '0a31b3f0e003eb4663c50ea860a2646f' LIMIT 1 [ RunTime:0.000584s ]
[ sql ] [ SQL ] SELECT * FROM cc_user as u INNER JOIN `cc_user_type` `t` ON `u`.`user_type_id`=`t`.`type_id` WHERE  `u`.`user_id` = '408' LIMIT 1 [ RunTime:0.000560s ]
---------------------------------------------------------------
[ 2019-01-31T19:42:21+08:00 ] 223.104.109.158 POST app.babadao.com/api/my/index
[运行时间：0.061694s] [吞吐率：16.21req/s] [内存消耗：4,738.13kb] [文件加载：79]
[ info ] [ LANG ] /www/wwwroot/huanka/thinkphp/lang/zh-cn.php
[ info ] [ ROUTE ] array (
)
[ info ] [ HEADER ] array (
  'host' => 'app.babadao.com',
  'origin' => 'file://',
  'connection' => 'keep-alive',
  'accept' => 'application/json, text/javascript, */*; q=0.01',
  'user-agent' => 'Mozilla/5.0 (iPhone; CPU iPhone OS 12_1_2 like Mac OS X) AppleWebKit/605.1.15 (KHTML, like Gecko) Mobile/16C101 Html5Plus/1.0 (Immersed/20)',
  'accept-language' => 'zh-cn',
  'accept-encoding' => 'gzip, deflate',
  'content-type' => 'application/x-www-form-urlencoded; charset=UTF-8',
  'content-length' => '38',
)
[ info ] [ PARAM ] array (
  '/api/my/index' => '',
  'token' => '0a31b3f0e003eb4663c50ea860a2646f',
)
[ info ] [ DB ] INIT mysql
[ sql ] [ DB ] CONNECT:[ UseTime:0.001509s ] mysql:host=127.0.0.1;port=3306;dbname=babadaohk;charset=utf8
[ sql ] [ SQL ] SHOW COLUMNS FROM `cc_user` [ RunTime:0.001042s ]
[ sql ] [ SQL ] SELECT * FROM `cc_user` WHERE  `user_token` = '0a31b3f0e003eb4663c50ea860a2646f' LIMIT 1 [ RunTime:0.000494s ]
[ sql ] [ SQL ] SHOW COLUMNS FROM `cc_user_card` [ RunTime:0.000895s ]
[ sql ] [ SQL ] SELECT COUNT(*) AS tp_count FROM `cc_user_card` WHERE  `card_uid` = 408  AND `card_type` = 1  AND `card_blocked` = 0 ORDER BY `card_state` DESC LIMIT 1 [ RunTime:0.000388s ]
---------------------------------------------------------------
[ 2019-01-31T19:42:21+08:00 ] 223.104.109.158 POST app.babadao.com/api/Make/index
[运行时间：0.047567s] [吞吐率：21.02req/s] [内存消耗：4,492.27kb] [文件加载：83]
[ info ] [ LANG ] /www/wwwroot/huanka/thinkphp/lang/zh-cn.php
[ info ] [ ROUTE ] array (
)
[ info ] [ HEADER ] array (
  'host' => 'app.babadao.com',
  'origin' => 'file://',
  'connection' => 'keep-alive',
  'accept' => 'application/json, text/javascript, */*; q=0.01',
  'user-agent' => 'Mozilla/5.0 (iPhone; CPU iPhone OS 12_1_2 like Mac OS X) AppleWebKit/605.1.15 (KHTML, like Gecko) Mobile/16C101 Html5Plus/1.0 (Immersed/20)',
  'accept-language' => 'zh-cn',
  'accept-encoding' => 'gzip, deflate',
  'content-type' => 'application/x-www-form-urlencoded; charset=UTF-8',
  'content-length' => '38',
)
[ info ] [ PARAM ] array (
  '/api/Make/index' => '',
  'token' => '0a31b3f0e003eb4663c50ea860a2646f',
)
[ info ] [ DB ] INIT mysql
[ sql ] [ DB ] CONNECT:[ UseTime:0.001371s ] mysql:host=127.0.0.1;port=3306;dbname=babadaohk;charset=utf8
[ sql ] [ SQL ] SHOW COLUMNS FROM `cc_user` [ RunTime:0.000937s ]
[ sql ] [ SQL ] SELECT * FROM `cc_user` WHERE  `user_token` = '0a31b3f0e003eb4663c50ea860a2646f' LIMIT 1 [ RunTime:0.000460s ]
[ sql ] [ SQL ] SHOW COLUMNS FROM `cc_user_card` [ RunTime:0.000623s ]
[ sql ] [ SQL ] SELECT * FROM `cc_user_card` WHERE  `card_uid` = 408  AND `card_type` = 1 LIMIT 1 [ RunTime:0.000367s ]
[ sql ] [ SQL ] SHOW COLUMNS FROM `cc_mission` [ RunTime:0.000641s ]
[ sql ] [ SQL ] SELECT * FROM `cc_mission` WHERE  `mission_uid` = 408  AND `mission_state` = 2 LIMIT 1 [ RunTime:0.000389s ]
[ sql ] [ SQL ] SHOW COLUMNS FROM `cc_pay_records` [ RunTime:0.000605s ]
[ sql ] [ SQL ] SELECT * FROM `cc_pay_records` WHERE  `records_uid` = 408  AND `records_state` = 5 LIMIT 1 [ RunTime:0.000396s ]
[ sql ] [ SQL ] SHOW COLUMNS FROM `cc_user_type` [ RunTime:0.000590s ]
[ sql ] [ SQL ] SELECT * FROM `cc_user_type` WHERE  `type_fee` = 0  AND `type_state` = 0 ORDER BY `type_sort` ASC [ RunTime:0.000354s ]
[ sql ] [ SQL ] SELECT COUNT(*) AS tp_count FROM `cc_user` WHERE  `user_pid` = 408  AND `user_state` = 0 LIMIT 1 [ RunTime:0.000295s ]
[ sql ] [ SQL ] SELECT * FROM `cc_user_type` WHERE  `type_id` = 2 LIMIT 1 [ RunTime:0.000309s ]
[ sql ] [ SQL ] SHOW COLUMNS FROM `cc_rate` [ RunTime:0.000535s ]
[ sql ] [ SQL ] SELECT * FROM `cc_rate` WHERE  `rate_type_id` = 10  AND `rate_type` = 1 LIMIT 1 [ RunTime:0.000317s ]
[ sql ] [ SQL ] SELECT * FROM `cc_rate` WHERE  `rate_type_id` = 10  AND `rate_type` = 2 LIMIT 1 [ RunTime:0.000308s ]
[ error ] [8]未定义数组下标: 4[/www/wwwroot/huanka/application/api/controller/Make.php:197]
[ error ] [8]未定义数组下标: 4[/www/wwwroot/huanka/application/api/controller/Make.php:197]
[ error ] [8]未定义数组下标: 7[/www/wwwroot/huanka/application/api/controller/Make.php:197]
---------------------------------------------------------------
[ 2019-01-31T19:42:21+08:00 ] 223.104.109.158 GET app.babadao.com/api/Bank_Apply/getBank?_=1548934941010
[运行时间：0.392448s] [吞吐率：2.55req/s] [内存消耗：4,405.88kb] [文件加载：82]
[ info ] [ LANG ] /www/wwwroot/huanka/thinkphp/lang/zh-cn.php
[ info ] [ ROUTE ] array (
)
[ info ] [ HEADER ] array (
  'host' => 'app.babadao.com',
  'accept' => '*/*',
  'accept-language' => 'zh-cn',
  'connection' => 'keep-alive',
  'accept-encoding' => 'gzip, deflate',
  'user-agent' => 'Mozilla/5.0 (iPhone; CPU iPhone OS 12_1_2 like Mac OS X) AppleWebKit/605.1.15 (KHTML, like Gecko) Mobile/16C101 Html5Plus/1.0 (Immersed/20)',
)
[ info ] [ PARAM ] array (
  '/api/Bank_Apply/getBank' => '',
  '_' => '1548934941010',
)
[ info ] [ DB ] INIT mysql
[ sql ] [ DB ] CONNECT:[ UseTime:0.001021s ] mysql:host=127.0.0.1;port=3306;dbname=babadaohk;charset=utf8
[ sql ] [ SQL ] SHOW COLUMNS FROM `cc_bank_apply` [ RunTime:0.000639s ]
[ sql ] [ SQL ] SELECT * FROM `cc_bank_apply` WHERE  `apply_type` = 1  AND `apply_use` = 1 LIMIT 1 [ RunTime:0.000343s ]
---------------------------------------------------------------
[ 2019-01-31T19:42:22+08:00 ] 223.104.109.158 GET app.babadao.com/api/Bank_Apply/banklist?id=928519625187000320&page=1&_=1548934941869
[运行时间：0.450363s] [吞吐率：2.22req/s] [内存消耗：4,407.05kb] [文件加载：82]
[ info ] [ LANG ] /www/wwwroot/huanka/thinkphp/lang/zh-cn.php
[ info ] [ ROUTE ] array (
)
[ info ] [ HEADER ] array (
  'host' => 'app.babadao.com',
  'accept' => '*/*',
  'accept-language' => 'zh-cn',
  'connection' => 'keep-alive',
  'accept-encoding' => 'gzip, deflate',
  'user-agent' => 'Mozilla/5.0 (iPhone; CPU iPhone OS 12_1_2 like Mac OS X) AppleWebKit/605.1.15 (KHTML, like Gecko) Mobile/16C101 Html5Plus/1.0 (Immersed/20)',
)
[ info ] [ PARAM ] array (
  '/api/Bank_Apply/banklist' => '',
  'id' => '928519625187000320',
  'page' => '1',
  '_' => '1548934941869',
)
[ info ] [ DB ] INIT mysql
[ sql ] [ DB ] CONNECT:[ UseTime:0.001415s ] mysql:host=127.0.0.1;port=3306;dbname=babadaohk;charset=utf8
[ sql ] [ SQL ] SHOW COLUMNS FROM `cc_bank_apply` [ RunTime:0.000813s ]
[ sql ] [ SQL ] SELECT * FROM `cc_bank_apply` WHERE  `apply_type` = 1  AND `apply_use` = 1 LIMIT 1 [ RunTime:0.000425s ]
---------------------------------------------------------------
[ 2019-01-31T19:42:25+08:00 ] 223.104.109.158 GET app.babadao.com/api/Dai_Apply/getBank
[运行时间：0.522033s] [吞吐率：1.92req/s] [内存消耗：4,453.30kb] [文件加载：85]
[ info ] [ LANG ] /www/wwwroot/huanka/thinkphp/lang/zh-cn.php
[ info ] [ ROUTE ] array (
)
[ info ] [ HEADER ] array (
  'host' => 'app.babadao.com',
  'accept' => '*/*',
  'accept-language' => 'zh-cn',
  'connection' => 'keep-alive',
  'accept-encoding' => 'gzip, deflate',
  'user-agent' => 'Mozilla/5.0 (iPhone; CPU iPhone OS 12_1_2 like Mac OS X) AppleWebKit/605.1.15 (KHTML, like Gecko) Mobile/16C101 Html5Plus/1.0 (Immersed/20)',
)
[ info ] [ PARAM ] array (
  '/api/Dai_Apply/getBank' => '',
)
[ info ] [ DB ] INIT mysql
[ sql ] [ DB ] CONNECT:[ UseTime:0.001353s ] mysql:host=127.0.0.1;port=3306;dbname=babadaohk;charset=utf8
[ sql ] [ SQL ] SHOW COLUMNS FROM `cc_bank_apply` [ RunTime:0.000766s ]
[ sql ] [ SQL ] SELECT * FROM `cc_bank_apply` WHERE  `apply_type` = 2  AND `apply_use` = 1 LIMIT 1 [ RunTime:0.000404s ]
[ error ] [8]未定义数组索引: oemChannelId[/www/wwwroot/huanka/application/bank/controller/DaiZk.php:38]
[ error ] [8]未定义数组索引: oemChannelId[/www/wwwroot/huanka/application/bank/controller/DaiZk.php:38]
[ error ] [8]未定义数组索引: oemChannelId[/www/wwwroot/huanka/application/bank/controller/DaiZk.php:38]
[ error ] [8]未定义数组索引: oemChannelId[/www/wwwroot/huanka/application/bank/controller/DaiZk.php:38]
[ error ] [8]未定义数组索引: oemChannelId[/www/wwwroot/huanka/application/bank/controller/DaiZk.php:38]
[ error ] [8]未定义数组索引: oemChannelId[/www/wwwroot/huanka/application/bank/controller/DaiZk.php:38]
[ error ] [8]未定义数组索引: oemChannelId[/www/wwwroot/huanka/application/bank/controller/DaiZk.php:38]
[ error ] [8]未定义数组索引: oemChannelId[/www/wwwroot/huanka/application/bank/controller/DaiZk.php:38]
[ error ] [8]未定义数组索引: oemChannelId[/www/wwwroot/huanka/application/bank/controller/DaiZk.php:38]
[ error ] [8]未定义数组索引: oemChannelId[/www/wwwroot/huanka/application/bank/controller/DaiZk.php:38]
[ error ] [8]未定义数组索引: oemChannelId[/www/wwwroot/huanka/application/bank/controller/DaiZk.php:38]
---------------------------------------------------------------
[ 2019-01-31T19:50:59+08:00 ] 223.104.109.158 POST app.babadao.com/api/my/info
[运行时间：0.041002s] [吞吐率：24.39req/s] [内存消耗：4,748.17kb] [文件加载：80]
[ info ] [ LANG ] /www/wwwroot/huanka/thinkphp/lang/zh-cn.php
[ info ] [ ROUTE ] array (
)
[ info ] [ HEADER ] array (
  'host' => 'app.babadao.com',
  'origin' => 'file://',
  'connection' => 'keep-alive',
  'accept' => 'application/json, text/javascript, */*; q=0.01',
  'user-agent' => 'Mozilla/5.0 (iPhone; CPU iPhone OS 12_1_2 like Mac OS X) AppleWebKit/605.1.15 (KHTML, like Gecko) Mobile/16C101 Html5Plus/1.0 (Immersed/20)',
  'accept-language' => 'zh-cn',
  'accept-encoding' => 'gzip, deflate',
  'content-type' => 'application/x-www-form-urlencoded; charset=UTF-8',
  'content-length' => '38',
)
[ info ] [ PARAM ] array (
  '/api/my/info' => '',
  'token' => '0a31b3f0e003eb4663c50ea860a2646f',
)
[ info ] [ DB ] INIT mysql
[ sql ] [ DB ] CONNECT:[ UseTime:0.001366s ] mysql:host=127.0.0.1;port=3306;dbname=babadaohk;charset=utf8
[ sql ] [ SQL ] SHOW COLUMNS FROM `cc_user` [ RunTime:0.000915s ]
[ sql ] [ SQL ] SELECT * FROM `cc_user` WHERE  `user_token` = '0a31b3f0e003eb4663c50ea860a2646f' LIMIT 1 [ RunTime:0.000486s ]
[ sql ] [ SQL ] SELECT * FROM cc_user as u INNER JOIN `cc_user_type` `t` ON `u`.`user_type_id`=`t`.`type_id` WHERE  `u`.`user_id` = '408' LIMIT 1 [ RunTime:0.000461s ]
---------------------------------------------------------------
[ 2019-01-31T19:50:59+08:00 ] 223.104.109.158 POST app.babadao.com/api/my/card_list
[运行时间：0.043205s] [吞吐率：23.15req/s] [内存消耗：4,773.78kb] [文件加载：79]
[ info ] [ LANG ] /www/wwwroot/huanka/thinkphp/lang/zh-cn.php
[ info ] [ ROUTE ] array (
)
[ info ] [ HEADER ] array (
  'host' => 'app.babadao.com',
  'origin' => 'file://',
  'connection' => 'keep-alive',
  'accept' => 'application/json, text/javascript, */*; q=0.01',
  'user-agent' => 'Mozilla/5.0 (iPhone; CPU iPhone OS 12_1_2 like Mac OS X) AppleWebKit/605.1.15 (KHTML, like Gecko) Mobile/16C101 Html5Plus/1.0 (Immersed/20)',
  'accept-language' => 'zh-cn',
  'accept-encoding' => 'gzip, deflate',
  'content-type' => 'application/x-www-form-urlencoded; charset=UTF-8',
  'content-length' => '38',
)
[ info ] [ PARAM ] array (
  '/api/my/card_list' => '',
  'token' => '0a31b3f0e003eb4663c50ea860a2646f',
)
[ info ] [ DB ] INIT mysql
[ sql ] [ DB ] CONNECT:[ UseTime:0.001376s ] mysql:host=127.0.0.1;port=3306;dbname=babadaohk;charset=utf8
[ sql ] [ SQL ] SHOW COLUMNS FROM `cc_user` [ RunTime:0.000864s ]
[ sql ] [ SQL ] SELECT * FROM `cc_user` WHERE  `user_token` = '0a31b3f0e003eb4663c50ea860a2646f' LIMIT 1 [ RunTime:0.000473s ]
[ sql ] [ SQL ] SHOW COLUMNS FROM `cc_user_card` [ RunTime:0.000602s ]
[ sql ] [ SQL ] SELECT `card_id`,`card_uid`,`card_bank_id`,`card_no`,`card_repayment_day`,`card_state`,`list_name`,`list_code`,`list_logo` FROM `cc_user_card` `c` LEFT JOIN `cc_bank_list` `b` ON `b`.`list_id`=`c`.`card_bank_id` WHERE  `card_uid` = 408  AND `card_type` = 1  AND `card_blocked` = 0 ORDER BY `card_state` DESC [ RunTime:0.000433s ]
[ sql ] [ SQL ] SHOW COLUMNS FROM `cc_mission` [ RunTime:0.000650s ]
[ sql ] [ SQL ] SELECT * FROM `cc_mission` WHERE  `mission_cid` = 464  AND `mission_state` = 1 ORDER BY `mission_id` DESC LIMIT 1 [ RunTime:0.000402s ]
[ sql ] [ SQL ] SELECT * FROM `cc_mission` WHERE  `mission_cid` = 465  AND `mission_state` = 1 ORDER BY `mission_id` DESC LIMIT 1 [ RunTime:0.000373s ]
[ sql ] [ SQL ] SELECT * FROM `cc_mission` WHERE  `mission_cid` = 466  AND `mission_state` = 1 ORDER BY `mission_id` DESC LIMIT 1 [ RunTime:0.000367s ]
---------------------------------------------------------------
[ 2019-01-31T19:51:04+08:00 ] 223.104.109.158 POST app.babadao.com/api/my/card_info
[运行时间：0.041265s] [吞吐率：24.23req/s] [内存消耗：4,757.51kb] [文件加载：79]
[ info ] [ LANG ] /www/wwwroot/huanka/thinkphp/lang/zh-cn.php
[ info ] [ ROUTE ] array (
)
[ info ] [ HEADER ] array (
  'host' => 'app.babadao.com',
  'origin' => 'file://',
  'connection' => 'keep-alive',
  'accept' => 'application/json, text/javascript, */*; q=0.01',
  'user-agent' => 'Mozilla/5.0 (iPhone; CPU iPhone OS 12_1_2 like Mac OS X) AppleWebKit/605.1.15 (KHTML, like Gecko) Mobile/16C101 Html5Plus/1.0 (Immersed/20)',
  'accept-language' => 'zh-cn',
  'accept-encoding' => 'gzip, deflate',
  'content-type' => 'application/x-www-form-urlencoded; charset=UTF-8',
  'content-length' => '53',
)
[ info ] [ PARAM ] array (
  '/api/my/card_info' => '',
  'token' => '0a31b3f0e003eb4663c50ea860a2646f',
  'cid' => '464',
  'type' => '1',
)
[ info ] [ DB ] INIT mysql
[ sql ] [ DB ] CONNECT:[ UseTime:0.001384s ] mysql:host=127.0.0.1;port=3306;dbname=babadaohk;charset=utf8
[ sql ] [ SQL ] SHOW COLUMNS FROM `cc_user` [ RunTime:0.000892s ]
[ sql ] [ SQL ] SELECT * FROM `cc_user` WHERE  `user_token` = '0a31b3f0e003eb4663c50ea860a2646f' LIMIT 1 [ RunTime:0.000484s ]
[ sql ] [ SQL ] SHOW COLUMNS FROM `cc_user_card` [ RunTime:0.000615s ]
[ sql ] [ SQL ] SELECT * FROM `cc_user_card` `c` LEFT JOIN `cc_bank_list` `b` ON `b`.`list_id`=`c`.`card_bank_id` WHERE  `card_id` = 464  AND `card_uid` = 408 LIMIT 1 [ RunTime:0.000451s ]
---------------------------------------------------------------
[ 2019-01-31T19:51:04+08:00 ] 223.104.109.158 POST app.babadao.com/api/repayment/index
[运行时间：0.042703s] [吞吐率：23.42req/s] [内存消耗：4,882.72kb] [文件加载：82]
[ info ] [ LANG ] /www/wwwroot/huanka/thinkphp/lang/zh-cn.php
[ info ] [ ROUTE ] array (
)
[ info ] [ HEADER ] array (
  'host' => 'app.babadao.com',
  'origin' => 'file://',
  'connection' => 'keep-alive',
  'accept' => 'application/json, text/javascript, */*; q=0.01',
  'user-agent' => 'Mozilla/5.0 (iPhone; CPU iPhone OS 12_1_2 like Mac OS X) AppleWebKit/605.1.15 (KHTML, like Gecko) Mobile/16C101 Html5Plus/1.0 (Immersed/20)',
  'accept-language' => 'zh-cn',
  'accept-encoding' => 'gzip, deflate',
  'content-type' => 'application/x-www-form-urlencoded; charset=UTF-8',
  'content-length' => '53',
)
[ info ] [ PARAM ] array (
  '/api/repayment/index' => '',
  'token' => '0a31b3f0e003eb4663c50ea860a2646f',
  'cid' => '464',
  'page' => '1',
)
[ info ] [ DB ] INIT mysql
[ sql ] [ DB ] CONNECT:[ UseTime:0.001393s ] mysql:host=127.0.0.1;port=3306;dbname=babadaohk;charset=utf8
[ sql ] [ SQL ] SHOW COLUMNS FROM `cc_user` [ RunTime:0.000877s ]
[ sql ] [ SQL ] SELECT * FROM `cc_user` WHERE  `user_token` = '0a31b3f0e003eb4663c50ea860a2646f' LIMIT 1 [ RunTime:0.000464s ]
[ sql ] [ SQL ] SHOW COLUMNS FROM `cc_mission` [ RunTime:0.000702s ]
[ sql ] [ SQL ] SELECT COUNT(*) AS tp_count FROM `cc_mission` WHERE  `mission_uid` = 408  AND `mission_cid` = 464 LIMIT 1 [ RunTime:0.000337s ]
[ sql ] [ SQL ] SELECT * FROM `cc_mission` WHERE  `mission_uid` = 408  AND `mission_cid` = 464 ORDER BY `mission_id` DESC LIMIT 0,10 [ RunTime:0.000384s ]
---------------------------------------------------------------
[ 2019-01-31T19:51:08+08:00 ] 223.104.109.158 POST app.babadao.com/api/my/card_info
[运行时间：0.064611s] [吞吐率：15.48req/s] [内存消耗：4,830.05kb] [文件加载：82]
[ info ] [ LANG ] /www/wwwroot/huanka/thinkphp/lang/zh-cn.php
[ info ] [ ROUTE ] array (
)
[ info ] [ HEADER ] array (
  'host' => 'app.babadao.com',
  'origin' => 'file://',
  'connection' => 'keep-alive',
  'accept' => 'application/json, text/javascript, */*; q=0.01',
  'user-agent' => 'Mozilla/5.0 (iPhone; CPU iPhone OS 12_1_2 like Mac OS X) AppleWebKit/605.1.15 (KHTML, like Gecko) Mobile/16C101 Html5Plus/1.0 (Immersed/20)',
  'accept-language' => 'zh-cn',
  'accept-encoding' => 'gzip, deflate',
  'content-type' => 'application/x-www-form-urlencoded; charset=UTF-8',
  'content-length' => '45',
)
[ info ] [ PARAM ] array (
  '/api/my/card_info' => '',
  'token' => '0a31b3f0e003eb4663c50ea860a2646f',
  'type' => '2',
)
[ info ] [ DB ] INIT mysql
[ sql ] [ DB ] CONNECT:[ UseTime:0.001716s ] mysql:host=127.0.0.1;port=3306;dbname=babadaohk;charset=utf8
[ sql ] [ SQL ] SHOW COLUMNS FROM `cc_user` [ RunTime:0.001276s ]
[ sql ] [ SQL ] SELECT * FROM `cc_user` WHERE  `user_token` = '0a31b3f0e003eb4663c50ea860a2646f' LIMIT 1 [ RunTime:0.000580s ]
[ sql ] [ SQL ] SHOW COLUMNS FROM `cc_user_card` [ RunTime:0.000860s ]
[ sql ] [ SQL ] SELECT `card_id` FROM `cc_user_card` WHERE  `card_blocked` = 0  AND `card_uid` = 408  AND `card_type` = 2 ORDER BY `card_id` DESC LIMIT 1 [ RunTime:0.000327s ]
[ sql ] [ SQL ] SELECT * FROM `cc_user_card` `c` LEFT JOIN `cc_bank_list` `b` ON `b`.`list_id`=`c`.`card_bank_id` WHERE  `card_id` = 463  AND `card_uid` = 408 LIMIT 1 [ RunTime:0.000469s ]
[ error ] [8]未定义数组索引: cid[/www/wwwroot/huanka/application/api/controller/My.php:497]
---------------------------------------------------------------
[ 2019-01-31T19:51:08+08:00 ] 223.104.109.158 POST app.babadao.com/api/payrecords/bankinfo
[运行时间：0.060995s] [吞吐率：16.39req/s] [内存消耗：4,552.80kb] [文件加载：79]
[ info ] [ LANG ] /www/wwwroot/huanka/thinkphp/lang/zh-cn.php
[ info ] [ ROUTE ] array (
)
[ info ] [ HEADER ] array (
  'host' => 'app.babadao.com',
  'origin' => 'file://',
  'connection' => 'keep-alive',
  'accept' => 'application/json, text/javascript, */*; q=0.01',
  'user-agent' => 'Mozilla/5.0 (iPhone; CPU iPhone OS 12_1_2 like Mac OS X) AppleWebKit/605.1.15 (KHTML, like Gecko) Mobile/16C101 Html5Plus/1.0 (Immersed/20)',
  'accept-language' => 'zh-cn',
  'accept-encoding' => 'gzip, deflate',
  'content-type' => 'application/x-www-form-urlencoded; charset=UTF-8',
  'content-length' => '46',
)
[ info ] [ PARAM ] array (
  '/api/payrecords/bankinfo' => '',
  'token' => '0a31b3f0e003eb4663c50ea860a2646f',
  'cid' => '464',
)
[ info ] [ DB ] INIT mysql
[ sql ] [ DB ] CONNECT:[ UseTime:0.001308s ] mysql:host=127.0.0.1;port=3306;dbname=babadaohk;charset=utf8
[ sql ] [ SQL ] SHOW COLUMNS FROM `cc_user` [ RunTime:0.001010s ]
[ sql ] [ SQL ] SELECT * FROM `cc_user` WHERE  `user_token` = '0a31b3f0e003eb4663c50ea860a2646f' LIMIT 1 [ RunTime:0.000458s ]
[ sql ] [ SQL ] SHOW COLUMNS FROM `cc_user_card` [ RunTime:0.000841s ]
[ sql ] [ SQL ] SELECT `card_id`,`card_uid`,`card_type`,`list_name`,`list_code`,`list_logo`,`card_no` FROM `cc_user_card` `c` LEFT JOIN `cc_bank_list` `b` ON `b`.`list_id`=`c`.`card_bank_id` WHERE  `card_uid` = 408  AND `card_blocked` = 0  AND `card_type` = 1  AND `card_id` = 464 LIMIT 1 [ RunTime:0.000385s ]
[ sql ] [ SQL ] SHOW COLUMNS FROM `cc_pay_records` [ RunTime:0.000813s ]
[ sql ] [ SQL ] SELECT SUM(`records_money`) AS tp_sum FROM `cc_pay_records` WHERE  `records_pay_time` BETWEEN 1548864000 AND 1548950400  AND `records_pay_cid` = 464  AND `records_state` = 1 LIMIT 1 [ RunTime:0.000330s ]
---------------------------------------------------------------
[ 2019-01-31T19:51:08+08:00 ] 223.104.109.158 POST app.babadao.com/api/payrecords/getpayment
[运行时间：0.039420s] [吞吐率：25.37req/s] [内存消耗：4,571.32kb] [文件加载：79]
[ info ] [ LANG ] /www/wwwroot/huanka/thinkphp/lang/zh-cn.php
[ info ] [ ROUTE ] array (
)
[ info ] [ HEADER ] array (
  'host' => 'app.babadao.com',
  'origin' => 'file://',
  'connection' => 'keep-alive',
  'accept' => 'application/json, text/javascript, */*; q=0.01',
  'user-agent' => 'Mozilla/5.0 (iPhone; CPU iPhone OS 12_1_2 like Mac OS X) AppleWebKit/605.1.15 (KHTML, like Gecko) Mobile/16C101 Html5Plus/1.0 (Immersed/20)',
  'accept-language' => 'zh-cn',
  'accept-encoding' => 'gzip, deflate',
  'content-type' => 'application/x-www-form-urlencoded; charset=UTF-8',
  'content-length' => '46',
)
[ info ] [ PARAM ] array (
  '/api/payrecords/getpayment' => '',
  'token' => '0a31b3f0e003eb4663c50ea860a2646f',
  'cid' => '464',
)
[ info ] [ DB ] INIT mysql
[ sql ] [ DB ] CONNECT:[ UseTime:0.000417s ] mysql:host=127.0.0.1;port=3306;dbname=babadaohk;charset=utf8
[ sql ] [ SQL ] SHOW COLUMNS FROM `cc_user` [ RunTime:0.000858s ]
[ sql ] [ SQL ] SELECT * FROM `cc_user` WHERE  `user_token` = '0a31b3f0e003eb4663c50ea860a2646f' LIMIT 1 [ RunTime:0.000475s ]
[ sql ] [ SQL ] SHOW COLUMNS FROM `cc_user_card` [ RunTime:0.000609s ]
[ sql ] [ SQL ] SELECT `card_bank_id` FROM `cc_user_card` WHERE  `card_id` = 464  AND `card_uid` = 408 LIMIT 1 [ RunTime:0.000329s ]
[ sql ] [ SQL ] SHOW COLUMNS FROM `cc_payment` [ RunTime:0.000663s ]
[ sql ] [ SQL ] SELECT `payment_id`,`payment_name`,`payment_bind`,`payment_bind_way`,`payment_day_num`,`payment_min_money`,`payment_max_money`,`paymentst_entime`,`paymentst_money`,`payment_region`,`payment_mcc` FROM `cc_payment` WHERE  `payment_type` = 1  AND `payment_use` = 1 [ RunTime:0.000368s ]
[ sql ] [ SQL ] SHOW COLUMNS FROM `cc_bank` [ RunTime:0.000567s ]
[ sql ] [ SQL ] SELECT * FROM `cc_bank` WHERE  `bank_bid` = 13  AND `bank_pay_id` = 3 LIMIT 1 [ RunTime:0.000362s ]
[ sql ] [ SQL ] SELECT * FROM `cc_bank` WHERE  `bank_bid` = 13  AND `bank_pay_id` = 4 LIMIT 1 [ RunTime:0.000348s ]
---------------------------------------------------------------
[ 2019-01-31T19:51:26+08:00 ] 223.104.109.158 POST app.babadao.com/api/my/card_info
[运行时间：0.041261s] [吞吐率：24.24req/s] [内存消耗：4,757.67kb] [文件加载：79]
[ info ] [ LANG ] /www/wwwroot/huanka/thinkphp/lang/zh-cn.php
[ info ] [ ROUTE ] array (
)
[ info ] [ HEADER ] array (
  'host' => 'app.babadao.com',
  'origin' => 'file://',
  'connection' => 'keep-alive',
  'accept' => 'application/json, text/javascript, */*; q=0.01',
  'user-agent' => 'Mozilla/5.0 (iPhone; CPU iPhone OS 12_1_2 like Mac OS X) AppleWebKit/605.1.15 (KHTML, like Gecko) Mobile/16C101 Html5Plus/1.0 (Immersed/20)',
  'accept-language' => 'zh-cn',
  'cache-control' => 'max-age=0',
  'accept-encoding' => 'gzip, deflate',
  'content-type' => 'application/x-www-form-urlencoded; charset=UTF-8',
  'content-length' => '53',
)
[ info ] [ PARAM ] array (
  '/api/my/card_info' => '',
  'token' => '0a31b3f0e003eb4663c50ea860a2646f',
  'cid' => '464',
  'type' => '1',
)
[ info ] [ DB ] INIT mysql
[ sql ] [ DB ] CONNECT:[ UseTime:0.000464s ] mysql:host=127.0.0.1;port=3306;dbname=babadaohk;charset=utf8
[ sql ] [ SQL ] SHOW COLUMNS FROM `cc_user` [ RunTime:0.000899s ]
[ sql ] [ SQL ] SELECT * FROM `cc_user` WHERE  `user_token` = '0a31b3f0e003eb4663c50ea860a2646f' LIMIT 1 [ RunTime:0.000503s ]
[ sql ] [ SQL ] SHOW COLUMNS FROM `cc_user_card` [ RunTime:0.000640s ]
[ sql ] [ SQL ] SELECT * FROM `cc_user_card` `c` LEFT JOIN `cc_bank_list` `b` ON `b`.`list_id`=`c`.`card_bank_id` WHERE  `card_id` = 464  AND `card_uid` = 408 LIMIT 1 [ RunTime:0.000447s ]
---------------------------------------------------------------
[ 2019-01-31T19:51:26+08:00 ] 223.104.109.158 POST app.babadao.com/api/repayment/index
[运行时间：0.042093s] [吞吐率：23.76req/s] [内存消耗：4,882.88kb] [文件加载：82]
[ info ] [ LANG ] /www/wwwroot/huanka/thinkphp/lang/zh-cn.php
[ info ] [ ROUTE ] array (
)
[ info ] [ HEADER ] array (
  'host' => 'app.babadao.com',
  'origin' => 'file://',
  'connection' => 'keep-alive',
  'accept' => 'application/json, text/javascript, */*; q=0.01',
  'user-agent' => 'Mozilla/5.0 (iPhone; CPU iPhone OS 12_1_2 like Mac OS X) AppleWebKit/605.1.15 (KHTML, like Gecko) Mobile/16C101 Html5Plus/1.0 (Immersed/20)',
  'accept-language' => 'zh-cn',
  'cache-control' => 'max-age=0',
  'accept-encoding' => 'gzip, deflate',
  'content-type' => 'application/x-www-form-urlencoded; charset=UTF-8',
  'content-length' => '53',
)
[ info ] [ PARAM ] array (
  '/api/repayment/index' => '',
  'token' => '0a31b3f0e003eb4663c50ea860a2646f',
  'cid' => '464',
  'page' => '1',
)
[ info ] [ DB ] INIT mysql
[ sql ] [ DB ] CONNECT:[ UseTime:0.000452s ] mysql:host=127.0.0.1;port=3306;dbname=babadaohk;charset=utf8
[ sql ] [ SQL ] SHOW COLUMNS FROM `cc_user` [ RunTime:0.000887s ]
[ sql ] [ SQL ] SELECT * FROM `cc_user` WHERE  `user_token` = '0a31b3f0e003eb4663c50ea860a2646f' LIMIT 1 [ RunTime:0.000489s ]
[ sql ] [ SQL ] SHOW COLUMNS FROM `cc_mission` [ RunTime:0.000691s ]
[ sql ] [ SQL ] SELECT COUNT(*) AS tp_count FROM `cc_mission` WHERE  `mission_uid` = 408  AND `mission_cid` = 464 LIMIT 1 [ RunTime:0.000375s ]
[ sql ] [ SQL ] SELECT * FROM `cc_mission` WHERE  `mission_uid` = 408  AND `mission_cid` = 464 ORDER BY `mission_id` DESC LIMIT 0,10 [ RunTime:0.000398s ]
---------------------------------------------------------------
[ 2019-01-31T19:52:28+08:00 ] 223.104.109.158 POST app.babadao.com/api/my/UserRate
[运行时间：0.038350s] [吞吐率：26.08req/s] [内存消耗：4,731.40kb] [文件加载：79]
[ info ] [ LANG ] /www/wwwroot/huanka/thinkphp/lang/zh-cn.php
[ info ] [ ROUTE ] array (
)
[ info ] [ HEADER ] array (
  'host' => 'app.babadao.com',
  'origin' => 'file://',
  'connection' => 'keep-alive',
  'accept' => 'application/json, text/javascript, */*; q=0.01',
  'user-agent' => 'Mozilla/5.0 (iPhone; CPU iPhone OS 12_1_2 like Mac OS X) AppleWebKit/605.1.15 (KHTML, like Gecko) Mobile/16C101 Html5Plus/1.0 (Immersed/20)',
  'accept-language' => 'zh-cn',
  'accept-encoding' => 'gzip, deflate',
  'content-type' => 'application/x-www-form-urlencoded; charset=UTF-8',
  'content-length' => '38',
)
[ info ] [ PARAM ] array (
  '/api/my/UserRate' => '',
  'token' => '0a31b3f0e003eb4663c50ea860a2646f',
)
[ info ] [ DB ] INIT mysql
[ sql ] [ DB ] CONNECT:[ UseTime:0.000504s ] mysql:host=127.0.0.1;port=3306;dbname=babadaohk;charset=utf8
[ sql ] [ SQL ] SHOW COLUMNS FROM `cc_user` [ RunTime:0.000935s ]
[ sql ] [ SQL ] SELECT * FROM `cc_user` WHERE  `user_token` = '0a31b3f0e003eb4663c50ea860a2646f' LIMIT 1 [ RunTime:0.000484s ]
[ sql ] [ SQL ] SHOW COLUMNS FROM `cc_user_rate` [ RunTime:0.000601s ]
[ sql ] [ SQL ] SELECT * FROM `cc_user_rate` WHERE  `rate_uid` = 408 [ RunTime:0.000300s ]
---------------------------------------------------------------
[ 2019-01-31T19:52:31+08:00 ] 223.104.109.158 POST app.babadao.com/api/My/getbonus
[运行时间：0.039417s] [吞吐率：25.37req/s] [内存消耗：4,737.55kb] [文件加载：79]
[ info ] [ LANG ] /www/wwwroot/huanka/thinkphp/lang/zh-cn.php
[ info ] [ ROUTE ] array (
)
[ info ] [ HEADER ] array (
  'host' => 'app.babadao.com',
  'origin' => 'file://',
  'connection' => 'keep-alive',
  'accept' => 'application/json, text/javascript, */*; q=0.01',
  'user-agent' => 'Mozilla/5.0 (iPhone; CPU iPhone OS 12_1_2 like Mac OS X) AppleWebKit/605.1.15 (KHTML, like Gecko) Mobile/16C101 Html5Plus/1.0 (Immersed/20)',
  'accept-language' => 'zh-cn',
  'accept-encoding' => 'gzip, deflate',
  'content-type' => 'application/x-www-form-urlencoded; charset=UTF-8',
  'content-length' => '38',
)
[ info ] [ PARAM ] array (
  '/api/My/getbonus' => '',
  'token' => '0a31b3f0e003eb4663c50ea860a2646f',
)
[ info ] [ DB ] INIT mysql
[ sql ] [ DB ] CONNECT:[ UseTime:0.000486s ] mysql:host=127.0.0.1;port=3306;dbname=babadaohk;charset=utf8
[ sql ] [ SQL ] SHOW COLUMNS FROM `cc_user` [ RunTime:0.000860s ]
[ sql ] [ SQL ] SELECT * FROM `cc_user` WHERE  `user_token` = '0a31b3f0e003eb4663c50ea860a2646f' LIMIT 1 [ RunTime:0.000468s ]
[ sql ] [ SQL ] SELECT * FROM `cc_user` WHERE  `user_pid` = 408 [ RunTime:0.000378s ]
[ sql ] [ SQL ] SELECT `user_id` FROM `cc_user` WHERE  `user_pid` IN (408) [ RunTime:0.000299s ]
[ sql ] [ SQL ] SELECT `user_id` FROM `cc_user` WHERE  `user_pid` IN (412) [ RunTime:0.000283s ]
[ sql ] [ SQL ] SHOW COLUMNS FROM `cc_user_bonuslog` [ RunTime:0.000576s ]
[ sql ] [ SQL ] SELECT * FROM `cc_user_bonuslog` WHERE  `blog_user` = '408'  AND `blog_state` = 0 [ RunTime:0.000331s ]
---------------------------------------------------------------
[ 2019-01-31T19:53:40+08:00 ] 223.104.109.158 POST app.babadao.com/api/my/info
[运行时间：0.065599s] [吞吐率：15.24req/s] [内存消耗：4,748.17kb] [文件加载：80]
[ info ] [ LANG ] /www/wwwroot/huanka/thinkphp/lang/zh-cn.php
[ info ] [ ROUTE ] array (
)
[ info ] [ HEADER ] array (
  'host' => 'app.babadao.com',
  'origin' => 'file://',
  'connection' => 'keep-alive',
  'accept' => 'application/json, text/javascript, */*; q=0.01',
  'user-agent' => 'Mozilla/5.0 (iPhone; CPU iPhone OS 12_1_2 like Mac OS X) AppleWebKit/605.1.15 (KHTML, like Gecko) Mobile/16C101 Html5Plus/1.0 (Immersed/20)',
  'accept-language' => 'zh-cn',
  'accept-encoding' => 'gzip, deflate',
  'content-type' => 'application/x-www-form-urlencoded; charset=UTF-8',
  'content-length' => '38',
)
[ info ] [ PARAM ] array (
  '/api/my/info' => '',
  'token' => '0a31b3f0e003eb4663c50ea860a2646f',
)
[ info ] [ DB ] INIT mysql
[ sql ] [ DB ] CONNECT:[ UseTime:0.006421s ] mysql:host=127.0.0.1;port=3306;dbname=babadaohk;charset=utf8
[ sql ] [ SQL ] SHOW COLUMNS FROM `cc_user` [ RunTime:0.001261s ]
[ sql ] [ SQL ] SELECT * FROM `cc_user` WHERE  `user_token` = '0a31b3f0e003eb4663c50ea860a2646f' LIMIT 1 [ RunTime:0.000572s ]
[ sql ] [ SQL ] SELECT * FROM cc_user as u INNER JOIN `cc_user_type` `t` ON `u`.`user_type_id`=`t`.`type_id` WHERE  `u`.`user_id` = '408' LIMIT 1 [ RunTime:0.000561s ]
---------------------------------------------------------------
[ 2019-01-31T19:53:40+08:00 ] 223.104.109.158 POST app.babadao.com/api/my/Membership
[运行时间：0.061542s] [吞吐率：16.25req/s] [内存消耗：4,825.42kb] [文件加载：83]
[ info ] [ LANG ] /www/wwwroot/huanka/thinkphp/lang/zh-cn.php
[ info ] [ ROUTE ] array (
)
[ info ] [ HEADER ] array (
  'host' => 'app.babadao.com',
  'origin' => 'file://',
  'connection' => 'keep-alive',
  'accept' => 'application/json, text/javascript, */*; q=0.01',
  'user-agent' => 'Mozilla/5.0 (iPhone; CPU iPhone OS 12_1_2 like Mac OS X) AppleWebKit/605.1.15 (KHTML, like Gecko) Mobile/16C101 Html5Plus/1.0 (Immersed/20)',
  'accept-language' => 'zh-cn',
  'accept-encoding' => 'gzip, deflate',
  'content-type' => 'application/x-www-form-urlencoded; charset=UTF-8',
  'content-length' => '38',
)
[ info ] [ PARAM ] array (
  '/api/my/Membership' => '',
  'token' => '0a31b3f0e003eb4663c50ea860a2646f',
)
[ info ] [ DB ] INIT mysql
[ sql ] [ DB ] CONNECT:[ UseTime:0.000350s ] mysql:host=127.0.0.1;port=3306;dbname=babadaohk;charset=utf8
[ sql ] [ SQL ] SHOW COLUMNS FROM `cc_user` [ RunTime:0.001004s ]
[ sql ] [ SQL ] SELECT * FROM `cc_user` WHERE  `user_token` = '0a31b3f0e003eb4663c50ea860a2646f' LIMIT 1 [ RunTime:0.000512s ]
[ sql ] [ SQL ] SHOW COLUMNS FROM `cc_user_type` [ RunTime:0.000790s ]
[ sql ] [ SQL ] SELECT * FROM cc_user_type as u INNER JOIN `cc_rate` `r` ON `u`.`type_id`=`r`.`rate_type_id` WHERE  `u`.`type_state` = '0' [ RunTime:0.000552s ]
[ error ] [8]未定义变量: val[/www/wwwroot/huanka/application/api/controller/My.php:1469]
[ error ] [8]未定义变量: val[/www/wwwroot/huanka/application/api/controller/My.php:1470]
[ error ] [8]未定义变量: val[/www/wwwroot/huanka/application/api/controller/My.php:1474]
[ error ] [8]未定义变量: val[/www/wwwroot/huanka/application/api/controller/My.php:1555]
[ error ] [8]未定义变量: val[/www/wwwroot/huanka/application/api/controller/My.php:1635]
[ error ] [8]未定义数组索引: rate_type[/www/wwwroot/huanka/application/api/controller/My.php:1966]
[ error ] [8]未定义数组索引: rate_type[/www/wwwroot/huanka/application/api/controller/My.php:1970]
[ error ] [8]未定义变量: val[/www/wwwroot/huanka/application/api/controller/My.php:1469]
[ error ] [8]未定义变量: val[/www/wwwroot/huanka/application/api/controller/My.php:1470]
[ error ] [8]未定义变量: val[/www/wwwroot/huanka/application/api/controller/My.php:1474]
[ error ] [8]未定义变量: val[/www/wwwroot/huanka/application/api/controller/My.php:1555]
[ error ] [8]未定义变量: val[/www/wwwroot/huanka/application/api/controller/My.php:1635]
[ error ] [8]未定义数组索引: rate_type[/www/wwwroot/huanka/application/api/controller/My.php:1966]
[ error ] [8]未定义数组索引: rate_type[/www/wwwroot/huanka/application/api/controller/My.php:1970]
---------------------------------------------------------------
[ 2019-01-31T19:53:40+08:00 ] 223.104.109.158 POST app.babadao.com/api/repayment/membergetchannel
[运行时间：0.060476s] [吞吐率：16.54req/s] [内存消耗：4,709.06kb] [文件加载：79]
[ info ] [ LANG ] /www/wwwroot/huanka/thinkphp/lang/zh-cn.php
[ info ] [ ROUTE ] array (
)
[ info ] [ HEADER ] array (
  'host' => 'app.babadao.com',
  'origin' => 'file://',
  'connection' => 'keep-alive',
  'accept' => 'application/json, text/javascript, */*; q=0.01',
  'user-agent' => 'Mozilla/5.0 (iPhone; CPU iPhone OS 12_1_2 like Mac OS X) AppleWebKit/605.1.15 (KHTML, like Gecko) Mobile/16C101 Html5Plus/1.0 (Immersed/20)',
  'accept-language' => 'zh-cn',
  'accept-encoding' => 'gzip, deflate',
  'content-type' => 'application/x-www-form-urlencoded; charset=UTF-8',
  'content-length' => '38',
)
[ info ] [ PARAM ] array (
  '/api/repayment/membergetchannel' => '',
  'token' => '0a31b3f0e003eb4663c50ea860a2646f',
)
[ info ] [ DB ] INIT mysql
[ sql ] [ DB ] CONNECT:[ UseTime:0.000334s ] mysql:host=127.0.0.1;port=3306;dbname=babadaohk;charset=utf8
[ sql ] [ SQL ] SHOW COLUMNS FROM `cc_user` [ RunTime:0.000755s ]
[ sql ] [ SQL ] SELECT * FROM `cc_user` WHERE  `user_token` = '0a31b3f0e003eb4663c50ea860a2646f' LIMIT 1 [ RunTime:0.000418s ]
[ sql ] [ SQL ] SHOW COLUMNS FROM `cc_payment_channel` [ RunTime:0.000573s ]
[ sql ] [ SQL ] SELECT * FROM `cc_payment_channel` WHERE  `channel_use` = 1 [ RunTime:0.000295s ]
[ sql ] [ SQL ] SHOW COLUMNS FROM `cc_payment` [ RunTime:0.000649s ]
[ sql ] [ SQL ] SELECT * FROM `cc_payment` WHERE  `payment_channel_id` = 1  AND `payment_type` = 4  AND `payment_use` = 1 LIMIT 1 [ RunTime:0.000395s ]
[ sql ] [ SQL ] SELECT * FROM `cc_payment` WHERE  `payment_channel_id` = 2  AND `payment_type` = 4  AND `payment_use` = 1 LIMIT 1 [ RunTime:0.000389s ]
[ sql ] [ SQL ] SELECT * FROM `cc_payment` WHERE  `payment_channel_id` = 3  AND `payment_type` = 4  AND `payment_use` = 1 LIMIT 1 [ RunTime:0.000383s ]
---------------------------------------------------------------
[ 2019-01-31T19:53:51+08:00 ] 223.104.109.158 POST app.babadao.com/api/payrecords/memberupgrade
[运行时间：0.327792s] [吞吐率：3.05req/s] [内存消耗：4,878.30kb] [文件加载：82]
[ info ] [ LANG ] /www/wwwroot/huanka/thinkphp/lang/zh-cn.php
[ info ] [ ROUTE ] array (
)
[ info ] [ HEADER ] array (
  'host' => 'app.babadao.com',
  'origin' => 'file://',
  'connection' => 'keep-alive',
  'accept' => 'application/json, text/javascript, */*; q=0.01',
  'user-agent' => 'Mozilla/5.0 (iPhone; CPU iPhone OS 12_1_2 like Mac OS X) AppleWebKit/605.1.15 (KHTML, like Gecko) Mobile/16C101 Html5Plus/1.0 (Immersed/20)',
  'accept-language' => 'zh-cn',
  'accept-encoding' => 'gzip, deflate',
  'content-type' => 'application/x-www-form-urlencoded; charset=UTF-8',
  'content-length' => '73',
)
[ info ] [ PARAM ] array (
  '/api/payrecords/memberupgrade' => '',
  'token' => '0a31b3f0e003eb4663c50ea860a2646f',
  'price' => '88.00',
  'chennel_id' => '3',
  'type_id' => '1',
)
[ info ] [ DB ] INIT mysql
[ sql ] [ DB ] CONNECT:[ UseTime:0.000445s ] mysql:host=127.0.0.1;port=3306;dbname=babadaohk;charset=utf8
[ sql ] [ SQL ] SHOW COLUMNS FROM `cc_user` [ RunTime:0.000885s ]
[ sql ] [ SQL ] SELECT * FROM `cc_user` WHERE  `user_token` = '0a31b3f0e003eb4663c50ea860a2646f' LIMIT 1 [ RunTime:0.000471s ]
[ sql ] [ SQL ] SHOW COLUMNS FROM `cc_user_type` [ RunTime:0.000547s ]
[ sql ] [ SQL ] SELECT * FROM `cc_user_type` WHERE  `type_id` = 1 LIMIT 1 [ RunTime:0.000301s ]
[ sql ] [ SQL ] SHOW COLUMNS FROM `cc_payment` [ RunTime:0.000654s ]
[ sql ] [ SQL ] SELECT * FROM `cc_payment` WHERE  `payment_type` = 4  AND `payment_use` = 1  AND `payment_channel_id` = 3 LIMIT 1 [ RunTime:0.000419s ]
[ sql ] [ SQL ] SHOW COLUMNS FROM `cc_pay_upgrade` [ RunTime:0.000572s ]
[ sql ] [ SQL ] INSERT INTO `cc_pay_upgrade` (`upgrade_uid` , `upgrade_pay_id` , `upgrade_form_no` , `upgrade_money` , `upgrade_type_id` , `upgrade_state` , `upgrade_time`) VALUES (408 , 5 , '40821371548935631' , 88 , 1 , 0 , 1548935631) [ RunTime:0.000341s ]
[ sql ] [ SQL ] SELECT * FROM `cc_pay_upgrade` WHERE  `upgrade_form_no` = '40821371548935631'  AND `upgrade_state` = 0 LIMIT 1 [ RunTime:0.000408s ]
[ sql ] [ SQL ] SELECT * FROM `cc_payment` WHERE  `payment_id` = 5 LIMIT 1 [ RunTime:0.000376s ]
---------------------------------------------------------------
[ 2019-01-31T19:54:41+08:00 ] 223.104.109.158 POST app.babadao.com/api/my/info
[运行时间：0.044993s] [吞吐率：22.23req/s] [内存消耗：4,748.63kb] [文件加载：80]
[ info ] [ LANG ] /www/wwwroot/huanka/thinkphp/lang/zh-cn.php
[ info ] [ ROUTE ] array (
)
[ info ] [ HEADER ] array (
  'host' => 'app.babadao.com',
  'origin' => 'file://',
  'connection' => 'keep-alive',
  'accept' => 'application/json, text/javascript, */*; q=0.01',
  'user-agent' => 'Mozilla/5.0 (iPhone; CPU iPhone OS 12_1_2 like Mac OS X) AppleWebKit/605.1.15 (KHTML, like Gecko) Mobile/16C101 Html5Plus/1.0 (Immersed/20)',
  'accept-language' => 'zh-cn',
  'cache-control' => 'max-age=0',
  'accept-encoding' => 'gzip, deflate',
  'content-type' => 'application/x-www-form-urlencoded; charset=UTF-8',
  'content-length' => '38',
)
[ info ] [ PARAM ] array (
  '/api/my/info' => '',
  'token' => '0a31b3f0e003eb4663c50ea860a2646f',
)
[ info ] [ DB ] INIT mysql
[ sql ] [ DB ] CONNECT:[ UseTime:0.003880s ] mysql:host=127.0.0.1;port=3306;dbname=babadaohk;charset=utf8
[ sql ] [ SQL ] SHOW COLUMNS FROM `cc_user` [ RunTime:0.001274s ]
[ sql ] [ SQL ] SELECT * FROM `cc_user` WHERE  `user_token` = '0a31b3f0e003eb4663c50ea860a2646f' LIMIT 1 [ RunTime:0.000573s ]
[ sql ] [ SQL ] SELECT * FROM cc_user as u INNER JOIN `cc_user_type` `t` ON `u`.`user_type_id`=`t`.`type_id` WHERE  `u`.`user_id` = '408' LIMIT 1 [ RunTime:0.000538s ]
---------------------------------------------------------------
[ 2019-01-31T19:54:41+08:00 ] 223.104.109.158 POST app.babadao.com/api/my/index
[运行时间：0.041440s] [吞吐率：24.13req/s] [内存消耗：4,738.39kb] [文件加载：79]
[ info ] [ LANG ] /www/wwwroot/huanka/thinkphp/lang/zh-cn.php
[ info ] [ ROUTE ] array (
)
[ info ] [ HEADER ] array (
  'host' => 'app.babadao.com',
  'origin' => 'file://',
  'connection' => 'keep-alive',
  'accept' => 'application/json, text/javascript, */*; q=0.01',
  'user-agent' => 'Mozilla/5.0 (iPhone; CPU iPhone OS 12_1_2 like Mac OS X) AppleWebKit/605.1.15 (KHTML, like Gecko) Mobile/16C101 Html5Plus/1.0 (Immersed/20)',
  'accept-language' => 'zh-cn',
  'cache-control' => 'max-age=0',
  'accept-encoding' => 'gzip, deflate',
  'content-type' => 'application/x-www-form-urlencoded; charset=UTF-8',
  'content-length' => '38',
)
[ info ] [ PARAM ] array (
  '/api/my/index' => '',
  'token' => '0a31b3f0e003eb4663c50ea860a2646f',
)
[ info ] [ DB ] INIT mysql
[ sql ] [ DB ] CONNECT:[ UseTime:0.000434s ] mysql:host=127.0.0.1;port=3306;dbname=babadaohk;charset=utf8
[ sql ] [ SQL ] SHOW COLUMNS FROM `cc_user` [ RunTime:0.000876s ]
[ sql ] [ SQL ] SELECT * FROM `cc_user` WHERE  `user_token` = '0a31b3f0e003eb4663c50ea860a2646f' LIMIT 1 [ RunTime:0.000463s ]
[ sql ] [ SQL ] SHOW COLUMNS FROM `cc_user_card` [ RunTime:0.000624s ]
[ sql ] [ SQL ] SELECT COUNT(*) AS tp_count FROM `cc_user_card` WHERE  `card_uid` = 408  AND `card_type` = 1  AND `card_blocked` = 0 ORDER BY `card_state` DESC LIMIT 1 [ RunTime:0.000355s ]
---------------------------------------------------------------
[ 2019-01-31T19:54:56+08:00 ] 223.104.109.158 POST app.babadao.com/api/my/Membership
[运行时间：0.061766s] [吞吐率：16.19req/s] [内存消耗：4,823.34kb] [文件加载：83]
[ info ] [ LANG ] /www/wwwroot/huanka/thinkphp/lang/zh-cn.php
[ info ] [ ROUTE ] array (
)
[ info ] [ HEADER ] array (
  'host' => 'app.babadao.com',
  'origin' => 'file://',
  'connection' => 'keep-alive',
  'accept' => 'application/json, text/javascript, */*; q=0.01',
  'user-agent' => 'Mozilla/5.0 (iPhone; CPU iPhone OS 12_1_2 like Mac OS X) AppleWebKit/605.1.15 (KHTML, like Gecko) Mobile/16C101 Html5Plus/1.0 (Immersed/20)',
  'accept-language' => 'zh-cn',
  'accept-encoding' => 'gzip, deflate',
  'content-type' => 'application/x-www-form-urlencoded; charset=UTF-8',
  'content-length' => '38',
)
[ info ] [ PARAM ] array (
  '/api/my/Membership' => '',
  'token' => '0a31b3f0e003eb4663c50ea860a2646f',
)
[ info ] [ DB ] INIT mysql
[ sql ] [ DB ] CONNECT:[ UseTime:0.001800s ] mysql:host=127.0.0.1;port=3306;dbname=babadaohk;charset=utf8
[ sql ] [ SQL ] SHOW COLUMNS FROM `cc_user` [ RunTime:0.001268s ]
[ sql ] [ SQL ] SELECT * FROM `cc_user` WHERE  `user_token` = '0a31b3f0e003eb4663c50ea860a2646f' LIMIT 1 [ RunTime:0.000559s ]
[ error ] [8]未定义变量: val[/www/wwwroot/huanka/application/api/controller/My.php:1469]
[ error ] [8]未定义变量: val[/www/wwwroot/huanka/application/api/controller/My.php:1470]
[ error ] [8]未定义变量: val[/www/wwwroot/huanka/application/api/controller/My.php:1474]
[ error ] [8]未定义变量: val[/www/wwwroot/huanka/application/api/controller/My.php:1555]
[ error ] [8]未定义变量: val[/www/wwwroot/huanka/application/api/controller/My.php:1635]
[ error ] [8]未定义数组索引: rate_type[/www/wwwroot/huanka/application/api/controller/My.php:1966]
[ error ] [8]未定义数组索引: rate_type[/www/wwwroot/huanka/application/api/controller/My.php:1970]
[ error ] [8]未定义变量: val[/www/wwwroot/huanka/application/api/controller/My.php:1469]
[ error ] [8]未定义变量: val[/www/wwwroot/huanka/application/api/controller/My.php:1470]
[ error ] [8]未定义变量: val[/www/wwwroot/huanka/application/api/controller/My.php:1474]
[ error ] [8]未定义变量: val[/www/wwwroot/huanka/application/api/controller/My.php:1555]
[ error ] [8]未定义变量: val[/www/wwwroot/huanka/application/api/controller/My.php:1635]
[ error ] [8]未定义数组索引: rate_type[/www/wwwroot/huanka/application/api/controller/My.php:1966]
[ error ] [8]未定义数组索引: rate_type[/www/wwwroot/huanka/application/api/controller/My.php:1970]
---------------------------------------------------------------
[ 2019-01-31T19:54:56+08:00 ] 223.104.109.158 POST app.babadao.com/api/my/info
[运行时间：0.086625s] [吞吐率：11.54req/s] [内存消耗：4,748.17kb] [文件加载：80]
[ info ] [ LANG ] /www/wwwroot/huanka/thinkphp/lang/zh-cn.php
[ info ] [ ROUTE ] array (
)
[ info ] [ HEADER ] array (
  'host' => 'app.babadao.com',
  'origin' => 'file://',
  'connection' => 'keep-alive',
  'accept' => 'application/json, text/javascript, */*; q=0.01',
  'user-agent' => 'Mozilla/5.0 (iPhone; CPU iPhone OS 12_1_2 like Mac OS X) AppleWebKit/605.1.15 (KHTML, like Gecko) Mobile/16C101 Html5Plus/1.0 (Immersed/20)',
  'accept-language' => 'zh-cn',
  'accept-encoding' => 'gzip, deflate',
  'content-type' => 'application/x-www-form-urlencoded; charset=UTF-8',
  'content-length' => '38',
)
[ info ] [ PARAM ] array (
  '/api/my/info' => '',
  'token' => '0a31b3f0e003eb4663c50ea860a2646f',
)
[ info ] [ DB ] INIT mysql
[ sql ] [ DB ] CONNECT:[ UseTime:0.000384s ] mysql:host=127.0.0.1;port=3306;dbname=babadaohk;charset=utf8
[ sql ] [ SQL ] SHOW COLUMNS FROM `cc_user` [ RunTime:0.001157s ]
[ sql ] [ SQL ] SELECT * FROM `cc_user` WHERE  `user_token` = '0a31b3f0e003eb4663c50ea860a2646f' LIMIT 1 [ RunTime:0.000548s ]
[ sql ] [ SQL ] SELECT * FROM cc_user as u INNER JOIN `cc_user_type` `t` ON `u`.`user_type_id`=`t`.`type_id` WHERE  `u`.`user_id` = '408' LIMIT 1 [ RunTime:0.000563s ]
---------------------------------------------------------------
[ 2019-01-31T19:54:56+08:00 ] 223.104.109.158 POST app.babadao.com/api/repayment/membergetchannel
[运行时间：0.079191s] [吞吐率：12.63req/s] [内存消耗：4,709.06kb] [文件加载：79]
[ info ] [ LANG ] /www/wwwroot/huanka/thinkphp/lang/zh-cn.php
[ info ] [ ROUTE ] array (
)
[ info ] [ HEADER ] array (
  'host' => 'app.babadao.com',
  'origin' => 'file://',
  'connection' => 'keep-alive',
  'accept' => 'application/json, text/javascript, */*; q=0.01',
  'user-agent' => 'Mozilla/5.0 (iPhone; CPU iPhone OS 12_1_2 like Mac OS X) AppleWebKit/605.1.15 (KHTML, like Gecko) Mobile/16C101 Html5Plus/1.0 (Immersed/20)',
  'accept-language' => 'zh-cn',
  'accept-encoding' => 'gzip, deflate',
  'content-type' => 'application/x-www-form-urlencoded; charset=UTF-8',
  'content-length' => '38',
)
[ info ] [ PARAM ] array (
  '/api/repayment/membergetchannel' => '',
  'token' => '0a31b3f0e003eb4663c50ea860a2646f',
)
[ info ] [ DB ] INIT mysql
[ sql ] [ DB ] CONNECT:[ UseTime:0.001320s ] mysql:host=127.0.0.1;port=3306;dbname=babadaohk;charset=utf8
[ sql ] [ SQL ] SHOW COLUMNS FROM `cc_user` [ RunTime:0.000807s ]
[ sql ] [ SQL ] SELECT * FROM `cc_user` WHERE  `user_token` = '0a31b3f0e003eb4663c50ea860a2646f' LIMIT 1 [ RunTime:0.000457s ]
[ sql ] [ SQL ] SHOW COLUMNS FROM `cc_payment_channel` [ RunTime:0.000574s ]
[ sql ] [ SQL ] SELECT * FROM `cc_payment_channel` WHERE  `channel_use` = 1 [ RunTime:0.000299s ]
[ sql ] [ SQL ] SHOW COLUMNS FROM `cc_payment` [ RunTime:0.000670s ]
[ sql ] [ SQL ] SELECT * FROM `cc_payment` WHERE  `payment_channel_id` = 1  AND `payment_type` = 4  AND `payment_use` = 1 LIMIT 1 [ RunTime:0.000432s ]
[ sql ] [ SQL ] SELECT * FROM `cc_payment` WHERE  `payment_channel_id` = 2  AND `payment_type` = 4  AND `payment_use` = 1 LIMIT 1 [ RunTime:0.000374s ]
[ sql ] [ SQL ] SELECT * FROM `cc_payment` WHERE  `payment_channel_id` = 3  AND `payment_type` = 4  AND `payment_use` = 1 LIMIT 1 [ RunTime:0.000395s ]
