---------------------------------------------------------------
[ 2018-12-18T17:38:16+08:00 ] 101.227.139.164 GET baba.sdshengyixing.com/
[运行时间：0.094038s] [吞吐率：10.63req/s] [内存消耗：3,050.30kb] [文件加载：77]
[ info ] [ LANG ] /www/wwwroot/baba/thinkphp/lang/zh-cn.php
[ info ] [ ROUTE ] array (
)
[ info ] [ HEADER ] array (
  'user-agent' => 'Mozilla/5.0 (iPhone; CPU iPhone OS 8_3 like Mac OS X) AppleWebKit/600.1.4 (KHTML; like Gecko) Mobile/12F70 MicroMessenger/6.1.5 NetType/WIFI',
  'accept' => '*/*',
  'host' => 'baba.sdshengyixing.com',
  'pragma' => 'no-cache',
  'connection' => 'Keep-Alive',
  'content-type' => '',
  'content-length' => '',
)
[ info ] [ PARAM ] array (
)
[ info ] [ VIEW ] ../Theme/index/index/register.html [ array (
  0 => 'id',
) ]
---------------------------------------------------------------
[ 2018-12-18T17:38:29+08:00 ] 140.250.240.214 GET baba.sdshengyixing.com/
[运行时间：0.029267s] [吞吐率：34.17req/s] [内存消耗：3,051.22kb] [文件加载：77]
[ info ] [ LANG ] /www/wwwroot/baba/thinkphp/lang/zh-cn.php
[ info ] [ ROUTE ] array (
)
[ info ] [ HEADER ] array (
  'host' => 'baba.sdshengyixing.com',
  'connection' => 'keep-alive',
  'upgrade-insecure-requests' => '1',
  'user-agent' => 'Mozilla/5.0 (Windows NT 10.0; Win64; x64) AppleWebKit/537.36 (KHTML, like Gecko) Chrome/71.0.3578.98 Safari/537.36',
  'accept' => 'text/html,application/xhtml+xml,application/xml;q=0.9,image/webp,image/apng,*/*;q=0.8',
  'accept-encoding' => 'gzip, deflate',
  'accept-language' => 'zh-CN,zh;q=0.9',
  'content-type' => '',
  'content-length' => '',
)
[ info ] [ PARAM ] array (
)
[ info ] [ VIEW ] ../Theme/index/index/register.html [ array (
  0 => 'id',
) ]
---------------------------------------------------------------
[ 2018-12-18T17:38:30+08:00 ] 140.250.240.214 GET baba.sdshengyixing.com/static/index/js/jquery-1.8.3.min.js
[运行时间：0.075187s] [吞吐率：13.30req/s] [内存消耗：2,382.20kb] [文件加载：61]
[ info ] [ LANG ] /www/wwwroot/baba/thinkphp/lang/zh-cn.php
---------------------------------------------------------------
[ 2018-12-18T17:38:31+08:00 ] 140.250.240.214 GET baba.sdshengyixing.com/static/index/js/jquery-1.8.3.min.js
[运行时间：0.022437s] [吞吐率：44.57req/s] [内存消耗：2,382.20kb] [文件加载：61]
[ info ] [ LANG ] /www/wwwroot/baba/thinkphp/lang/zh-cn.php
---------------------------------------------------------------
[ 2018-12-18T17:39:13+08:00 ] 140.250.240.214 GET baba.sdshengyixing.com/_login
[运行时间：0.022276s] [吞吐率：44.89req/s] [内存消耗：2,382.17kb] [文件加载：61]
[ info ] [ LANG ] /www/wwwroot/baba/thinkphp/lang/zh-cn.php
---------------------------------------------------------------
[ 2018-12-18T17:39:13+08:00 ] 140.250.240.214 GET baba.sdshengyixing.com/_login
[运行时间：0.019648s] [吞吐率：50.90req/s] [内存消耗：2,382.13kb] [文件加载：61]
[ info ] [ LANG ] /www/wwwroot/baba/thinkphp/lang/zh-cn.php
---------------------------------------------------------------
[ 2018-12-18T17:39:16+08:00 ] 140.250.240.214 GET baba.sdshengyixing.com/_logins
[运行时间：0.021210s] [吞吐率：47.15req/s] [内存消耗：2,349.10kb] [文件加载：60]
[ info ] [ LANG ] /www/wwwroot/baba/thinkphp/lang/zh-cn.php
---------------------------------------------------------------
[ 2018-12-18T17:39:16+08:00 ] 140.250.240.214 GET baba.sdshengyixing.com/_logins
[运行时间：0.021184s] [吞吐率：47.21req/s] [内存消耗：2,382.11kb] [文件加载：61]
[ info ] [ LANG ] /www/wwwroot/baba/thinkphp/lang/zh-cn.php
---------------------------------------------------------------
[ 2018-12-18T17:39:17+08:00 ] 61.151.178.164 GET baba.sdshengyixing.com/
[运行时间：0.034688s] [吞吐率：28.83req/s] [内存消耗：3,050.84kb] [文件加载：77]
[ info ] [ LANG ] /www/wwwroot/baba/thinkphp/lang/zh-cn.php
[ info ] [ ROUTE ] array (
)
[ info ] [ HEADER ] array (
  'user-agent' => 'Mozilla/5.0 (Linux; Android 4.4.4; HUAWEI ALE-CL00 Build/HuaweiALE-CL00; wv) AppleWebKit/537.36 (KHTML, like Gecko) Version/4.0 Chrome/53.0.2785.49 Mobile MQQBrowser/6.2 TBS/043024 Safari/537.36 MicroMessenger/6.5.4.1000 NetType/4G Language/zh_CN',
  'accept' => '*/*',
  'accept-language' => 'zh-CN,zh;q=0.8,en-US;q=0.6,en;q=0.4',
  'host' => 'baba.sdshengyixing.com',
  'connection' => 'keep-alive',
  'content-type' => '',
  'content-length' => '',
)
[ info ] [ PARAM ] array (
)
[ info ] [ VIEW ] ../Theme/index/index/register.html [ array (
  0 => 'id',
) ]
---------------------------------------------------------------
[ 2018-12-18T17:39:19+08:00 ] 140.250.240.214 GET baba.sdshengyixing.com/_login
[运行时间：0.023857s] [吞吐率：41.92req/s] [内存消耗：2,382.17kb] [文件加载：61]
[ info ] [ LANG ] /www/wwwroot/baba/thinkphp/lang/zh-cn.php
---------------------------------------------------------------
[ 2018-12-18T17:39:19+08:00 ] 140.250.240.214 GET baba.sdshengyixing.com/_login
[运行时间：0.019914s] [吞吐率：50.22req/s] [内存消耗：2,382.13kb] [文件加载：61]
[ info ] [ LANG ] /www/wwwroot/baba/thinkphp/lang/zh-cn.php
---------------------------------------------------------------
[ 2018-12-18T17:39:22+08:00 ] 61.151.178.164 GET baba.sdshengyixing.com/static/index/js/jquery-1.8.3.min.js
[运行时间：0.020406s] [吞吐率：49.01req/s] [内存消耗：2,382.40kb] [文件加载：61]
[ info ] [ LANG ] /www/wwwroot/baba/thinkphp/lang/zh-cn.php
---------------------------------------------------------------
[ 2018-12-18T17:47:59+08:00 ] 140.250.240.214 GET baba.sdshengyixing.com/_login_ba
[运行时间：0.042288s] [吞吐率：23.65req/s] [内存消耗：3,019.24kb] [文件加载：76]
[ info ] [ LANG ] /www/wwwroot/baba/thinkphp/lang/zh-cn.php
[ info ] [ ROUTE ] array (
  'rule' => '_login_ba',
  'route' => 'Admin/Main/login',
  'option' => 
  array (
    'merge_rule_regex' => false,
  ),
  'var' => 
  array (
  ),
)
[ info ] [ HEADER ] array (
  'host' => 'baba.sdshengyixing.com',
  'connection' => 'keep-alive',
  'upgrade-insecure-requests' => '1',
  'user-agent' => 'Mozilla/5.0 (Windows NT 10.0; Win64; x64) AppleWebKit/537.36 (KHTML, like Gecko) Chrome/71.0.3578.98 Safari/537.36',
  'accept' => 'text/html,application/xhtml+xml,application/xml;q=0.9,image/webp,image/apng,*/*;q=0.8',
  'accept-encoding' => 'gzip, deflate',
  'accept-language' => 'zh-CN,zh;q=0.9',
  'content-type' => '',
  'content-length' => '',
)
[ info ] [ PARAM ] array (
)
[ info ] [ VIEW ] ../Theme/adminsys/main/login.html [ array (
  0 => 'config',
) ]
---------------------------------------------------------------
[ 2018-12-18T17:48:00+08:00 ] 140.250.240.214 GET baba.sdshengyixing.com/captcha.html
[运行时间：0.024176s] [吞吐率：41.36req/s] [内存消耗：2,360.15kb] [文件加载：61]
[ info ] [ LANG ] /www/wwwroot/baba/thinkphp/lang/zh-cn.php
[ info ] [ ROUTE ] array (
  'rule' => 'captcha/<id?>',
  'route' => '\\think\\captcha\\CaptchaController@index',
  'option' => 
  array (
    'merge_rule_regex' => false,
  ),
  'var' => 
  array (
  ),
)
[ info ] [ HEADER ] array (
  'host' => 'baba.sdshengyixing.com',
  'connection' => 'keep-alive',
  'user-agent' => 'Mozilla/5.0 (Windows NT 10.0; Win64; x64) AppleWebKit/537.36 (KHTML, like Gecko) Chrome/71.0.3578.98 Safari/537.36',
  'accept' => 'image/webp,image/apng,image/*,*/*;q=0.8',
  'referer' => 'http://baba.sdshengyixing.com/_login_ba',
  'accept-encoding' => 'gzip, deflate',
  'accept-language' => 'zh-CN,zh;q=0.9',
  'cookie' => 'PHPSESSID=l69dnktl473rld9518j7up9vn5',
  'content-type' => '',
  'content-length' => '',
)
[ info ] [ PARAM ] array (
)
---------------------------------------------------------------
[ 2018-12-18T17:48:00+08:00 ] 140.250.240.214 GET baba.sdshengyixing.com/static/admin/images/loginsj.png
[运行时间：0.020135s] [吞吐率：49.66req/s] [内存消耗：2,382.43kb] [文件加载：61]
[ info ] [ LANG ] /www/wwwroot/baba/thinkphp/lang/zh-cn.php
---------------------------------------------------------------
[ 2018-12-18T17:48:25+08:00 ] 140.250.240.214 POST baba.sdshengyixing.com/_login_ba
[运行时间：0.027256s] [吞吐率：36.69req/s] [内存消耗：3,019.86kb] [文件加载：76]
[ info ] [ LANG ] /www/wwwroot/baba/thinkphp/lang/zh-cn.php
[ info ] [ ROUTE ] array (
  'rule' => '_login_ba',
  'route' => 'Admin/Main/login',
  'option' => 
  array (
    'merge_rule_regex' => false,
  ),
  'var' => 
  array (
  ),
)
[ info ] [ HEADER ] array (
  'host' => 'baba.sdshengyixing.com',
  'connection' => 'keep-alive',
  'content-length' => '41',
  'accept' => 'application/json, text/javascript, */*; q=0.01',
  'origin' => 'http://baba.sdshengyixing.com',
  'x-requested-with' => 'XMLHttpRequest',
  'user-agent' => 'Mozilla/5.0 (Windows NT 10.0; Win64; x64) AppleWebKit/537.36 (KHTML, like Gecko) Chrome/71.0.3578.98 Safari/537.36',
  'content-type' => 'application/x-www-form-urlencoded; charset=UTF-8',
  'referer' => 'http://baba.sdshengyixing.com/_login_ba',
  'accept-encoding' => 'gzip, deflate',
  'accept-language' => 'zh-CN,zh;q=0.9',
  'cookie' => 'PHPSESSID=l69dnktl473rld9518j7up9vn5',
)
[ info ] [ PARAM ] array (
  'login_name' => 'admin',
  'password' => '123456',
  'code' => '808',
)
---------------------------------------------------------------
[ 2018-12-18T17:48:29+08:00 ] 140.250.240.214 POST baba.sdshengyixing.com/_login_ba
[运行时间：0.098519s] [吞吐率：10.15req/s] [内存消耗：4,857.84kb] [文件加载：90]
[ info ] [ LANG ] /www/wwwroot/baba/thinkphp/lang/zh-cn.php
[ info ] [ ROUTE ] array (
  'rule' => '_login_ba',
  'route' => 'Admin/Main/login',
  'option' => 
  array (
    'merge_rule_regex' => false,
  ),
  'var' => 
  array (
  ),
)
[ info ] [ HEADER ] array (
  'host' => 'baba.sdshengyixing.com',
  'connection' => 'keep-alive',
  'content-length' => '41',
  'accept' => 'application/json, text/javascript, */*; q=0.01',
  'origin' => 'http://baba.sdshengyixing.com',
  'x-requested-with' => 'XMLHttpRequest',
  'user-agent' => 'Mozilla/5.0 (Windows NT 10.0; Win64; x64) AppleWebKit/537.36 (KHTML, like Gecko) Chrome/71.0.3578.98 Safari/537.36',
  'content-type' => 'application/x-www-form-urlencoded; charset=UTF-8',
  'referer' => 'http://baba.sdshengyixing.com/_login_ba',
  'accept-encoding' => 'gzip, deflate',
  'accept-language' => 'zh-CN,zh;q=0.9',
  'cookie' => 'PHPSESSID=l69dnktl473rld9518j7up9vn5',
)
[ info ] [ PARAM ] array (
  'login_name' => 'admin',
  'password' => '123456',
  'code' => '809',
)
[ info ] [ DB ] INIT mysql
[ sql ] [ DB ] CONNECT:[ UseTime:0.000605s ] mysql:host=127.0.0.1;port=3306;dbname=baba2018;charset=utf8
[ sql ] [ SQL ] SHOW COLUMNS FROM `cc_admin` [ RunTime:0.001808s ]
[ sql ] [ SQL ] SELECT * FROM `cc_admin` WHERE  `admin_name` = 'admin' LIMIT 1 [ RunTime:0.000422s ]
[ sql ] [ SQL ] UPDATE `cc_admin`  SET `admin_time` = 1545126509  WHERE  `admin_id` = 16 [ RunTime:0.000535s ]
---------------------------------------------------------------
[ 2018-12-18T17:48:30+08:00 ] 140.250.240.214 GET baba.sdshengyixing.com/Admin/index/index.html
[运行时间：0.050694s] [吞吐率：19.73req/s] [内存消耗：4,338.29kb] [文件加载：83]
[ info ] [ LANG ] /www/wwwroot/baba/thinkphp/lang/zh-cn.php
[ info ] [ ROUTE ] array (
)
[ info ] [ HEADER ] array (
  'host' => 'baba.sdshengyixing.com',
  'connection' => 'keep-alive',
  'upgrade-insecure-requests' => '1',
  'user-agent' => 'Mozilla/5.0 (Windows NT 10.0; Win64; x64) AppleWebKit/537.36 (KHTML, like Gecko) Chrome/71.0.3578.98 Safari/537.36',
  'accept' => 'text/html,application/xhtml+xml,application/xml;q=0.9,image/webp,image/apng,*/*;q=0.8',
  'referer' => 'http://baba.sdshengyixing.com/_login_ba',
  'accept-encoding' => 'gzip, deflate',
  'accept-language' => 'zh-CN,zh;q=0.9',
  'cookie' => 'PHPSESSID=l69dnktl473rld9518j7up9vn5',
  'content-type' => '',
  'content-length' => '',
)
[ info ] [ PARAM ] array (
)
[ info ] [ DB ] INIT mysql
[ info ] [ VIEW ] ../Theme/adminsys/index/index.html [ array (
  0 => 'contrname',
  1 => 'actionname',
  2 => 'leftType',
  3 => 'contractionname',
  4 => 'config',
  5 => 'admin',
) ]
[ sql ] [ DB ] CONNECT:[ UseTime:0.000549s ] mysql:host=127.0.0.1;port=3306;dbname=baba2018;charset=utf8
[ sql ] [ SQL ] SHOW COLUMNS FROM `cc_admin` [ RunTime:0.000708s ]
[ sql ] [ SQL ] SELECT * FROM `cc_admin` WHERE  `admin_id` = 16 LIMIT 1 [ RunTime:0.000308s ]
---------------------------------------------------------------
[ 2018-12-18T17:48:30+08:00 ] 140.250.240.214 GET baba.sdshengyixing.com/Admin/index/home.html
[运行时间：0.073948s] [吞吐率：13.52req/s] [内存消耗：4,403.46kb] [文件加载：83]
[ info ] [ LANG ] /www/wwwroot/baba/thinkphp/lang/zh-cn.php
[ info ] [ ROUTE ] array (
)
[ info ] [ HEADER ] array (
  'host' => 'baba.sdshengyixing.com',
  'connection' => 'keep-alive',
  'upgrade-insecure-requests' => '1',
  'user-agent' => 'Mozilla/5.0 (Windows NT 10.0; Win64; x64) AppleWebKit/537.36 (KHTML, like Gecko) Chrome/71.0.3578.98 Safari/537.36',
  'accept' => 'text/html,application/xhtml+xml,application/xml;q=0.9,image/webp,image/apng,*/*;q=0.8',
  'referer' => 'http://baba.sdshengyixing.com/Admin/index/index.html',
  'accept-encoding' => 'gzip, deflate',
  'accept-language' => 'zh-CN,zh;q=0.9',
  'cookie' => 'PHPSESSID=l69dnktl473rld9518j7up9vn5',
  'content-type' => '',
  'content-length' => '',
)
[ info ] [ PARAM ] array (
)
[ info ] [ DB ] INIT mysql
[ info ] [ VIEW ] ../Theme/adminsys/index/home.html [ array (
  0 => 'contrname',
  1 => 'actionname',
  2 => 'leftType',
  3 => 'contractionname',
  4 => 'config',
  5 => 'admin',
  6 => 'count',
  7 => 'feedback',
  8 => 'usertype',
) ]
[ sql ] [ DB ] CONNECT:[ UseTime:0.000526s ] mysql:host=127.0.0.1;port=3306;dbname=baba2018;charset=utf8
[ sql ] [ SQL ] SHOW COLUMNS FROM `cc_admin` [ RunTime:0.000750s ]
[ sql ] [ SQL ] SELECT * FROM `cc_admin` WHERE  `admin_id` = 16 LIMIT 1 [ RunTime:0.000322s ]
[ sql ] [ SQL ] SHOW COLUMNS FROM `cc_user` [ RunTime:0.001592s ]
[ sql ] [ SQL ] SELECT COUNT(*) AS tp_count FROM `cc_user` LIMIT 1 [ RunTime:0.000323s ]
[ sql ] [ SQL ] SHOW COLUMNS FROM `cc_agent` [ RunTime:0.001354s ]
[ sql ] [ SQL ] SELECT COUNT(*) AS tp_count FROM `cc_agent` LIMIT 1 [ RunTime:0.000337s ]
[ sql ] [ SQL ] SHOW COLUMNS FROM `cc_agent_benefit` [ RunTime:0.001753s ]
[ sql ] [ SQL ] SELECT COUNT(*) AS tp_count FROM `cc_agent_benefit` WHERE  `benefit_type` = 0 LIMIT 1 [ RunTime:0.000284s ]
[ sql ] [ SQL ] SHOW COLUMNS FROM `cc_pay_upgrade` [ RunTime:0.001272s ]
[ sql ] [ SQL ] SELECT COUNT(*) AS tp_count FROM `cc_pay_upgrade` WHERE  `upgrade_state` = 1 LIMIT 1 [ RunTime:0.000279s ]
[ sql ] [ SQL ] SHOW COLUMNS FROM `cc_feedback` [ RunTime:0.001299s ]
[ sql ] [ SQL ] SELECT * FROM `cc_feedback` WHERE  `feedback_state` = 1 LIMIT 5 [ RunTime:0.000293s ]
[ sql ] [ SQL ] SHOW COLUMNS FROM `cc_user_type` [ RunTime:0.000921s ]
[ sql ] [ SQL ] SELECT * FROM `cc_user_type` [ RunTime:0.000254s ]
[ sql ] [ SQL ] SELECT COUNT(*) AS tp_count FROM `cc_user` WHERE  `user_type_id` = 1 LIMIT 1 [ RunTime:0.000446s ]
[ sql ] [ SQL ] SELECT COUNT(*) AS tp_count FROM `cc_user` WHERE  `user_type_id` = 2 LIMIT 1 [ RunTime:0.000676s ]
---------------------------------------------------------------
[ 2018-12-18T17:48:39+08:00 ] 140.250.240.214 GET baba.sdshengyixing.com/Admin/paymentchannel/index.html
[运行时间：0.124172s] [吞吐率：8.05req/s] [内存消耗：4,553.60kb] [文件加载：86]
[ info ] [ LANG ] /www/wwwroot/baba/thinkphp/lang/zh-cn.php
[ info ] [ ROUTE ] array (
)
[ info ] [ HEADER ] array (
  'host' => 'baba.sdshengyixing.com',
  'connection' => 'keep-alive',
  'upgrade-insecure-requests' => '1',
  'user-agent' => 'Mozilla/5.0 (Windows NT 10.0; Win64; x64) AppleWebKit/537.36 (KHTML, like Gecko) Chrome/71.0.3578.98 Safari/537.36',
  'accept' => 'text/html,application/xhtml+xml,application/xml;q=0.9,image/webp,image/apng,*/*;q=0.8',
  'referer' => 'http://baba.sdshengyixing.com/Admin/index/index.html',
  'accept-encoding' => 'gzip, deflate',
  'accept-language' => 'zh-CN,zh;q=0.9',
  'cookie' => 'PHPSESSID=l69dnktl473rld9518j7up9vn5',
  'content-type' => '',
  'content-length' => '',
)
[ info ] [ PARAM ] array (
)
[ info ] [ DB ] INIT mysql
[ info ] [ VIEW ] ../Theme/adminsys/paymentchannel/index.html [ array (
  0 => 'contrname',
  1 => 'actionname',
  2 => 'leftType',
  3 => 'contractionname',
  4 => 'config',
  5 => 'admin',
  6 => 'list',
  7 => 'getdata',
) ]
[ sql ] [ DB ] CONNECT:[ UseTime:0.000527s ] mysql:host=127.0.0.1;port=3306;dbname=baba2018;charset=utf8
[ sql ] [ SQL ] SHOW COLUMNS FROM `cc_admin` [ RunTime:0.000784s ]
[ sql ] [ SQL ] SELECT * FROM `cc_admin` WHERE  `admin_id` = 16 LIMIT 1 [ RunTime:0.000564s ]
[ sql ] [ SQL ] SHOW COLUMNS FROM `cc_payment_channel` [ RunTime:0.001717s ]
[ sql ] [ SQL ] SELECT COUNT(*) AS tp_count FROM `cc_payment_channel` LIMIT 1 [ RunTime:0.000243s ]
[ sql ] [ SQL ] SELECT * FROM `cc_payment_channel` ORDER BY `channel_id` DESC LIMIT 0,10 [ RunTime:0.015409s ]
---------------------------------------------------------------
[ 2018-12-18T17:48:42+08:00 ] 140.250.240.214 GET baba.sdshengyixing.com/Admin/paymentchannel/index.html
[运行时间：0.043305s] [吞吐率：23.09req/s] [内存消耗：4,553.60kb] [文件加载：86]
[ info ] [ LANG ] /www/wwwroot/baba/thinkphp/lang/zh-cn.php
[ info ] [ ROUTE ] array (
)
[ info ] [ HEADER ] array (
  'host' => 'baba.sdshengyixing.com',
  'connection' => 'keep-alive',
  'upgrade-insecure-requests' => '1',
  'user-agent' => 'Mozilla/5.0 (Windows NT 10.0; Win64; x64) AppleWebKit/537.36 (KHTML, like Gecko) Chrome/71.0.3578.98 Safari/537.36',
  'accept' => 'text/html,application/xhtml+xml,application/xml;q=0.9,image/webp,image/apng,*/*;q=0.8',
  'referer' => 'http://baba.sdshengyixing.com/Admin/index/index.html',
  'accept-encoding' => 'gzip, deflate',
  'accept-language' => 'zh-CN,zh;q=0.9',
  'cookie' => 'PHPSESSID=l69dnktl473rld9518j7up9vn5',
  'content-type' => '',
  'content-length' => '',
)
[ info ] [ PARAM ] array (
)
[ info ] [ DB ] INIT mysql
[ info ] [ VIEW ] ../Theme/adminsys/paymentchannel/index.html [ array (
  0 => 'contrname',
  1 => 'actionname',
  2 => 'leftType',
  3 => 'contractionname',
  4 => 'config',
  5 => 'admin',
  6 => 'list',
  7 => 'getdata',
) ]
[ sql ] [ DB ] CONNECT:[ UseTime:0.000547s ] mysql:host=127.0.0.1;port=3306;dbname=baba2018;charset=utf8
[ sql ] [ SQL ] SHOW COLUMNS FROM `cc_admin` [ RunTime:0.000707s ]
[ sql ] [ SQL ] SELECT * FROM `cc_admin` WHERE  `admin_id` = 16 LIMIT 1 [ RunTime:0.000483s ]
[ sql ] [ SQL ] SHOW COLUMNS FROM `cc_payment_channel` [ RunTime:0.000765s ]
[ sql ] [ SQL ] SELECT COUNT(*) AS tp_count FROM `cc_payment_channel` LIMIT 1 [ RunTime:0.000211s ]
[ sql ] [ SQL ] SELECT * FROM `cc_payment_channel` ORDER BY `channel_id` DESC LIMIT 0,10 [ RunTime:0.000248s ]
---------------------------------------------------------------
[ 2018-12-18T17:49:23+08:00 ] 140.250.240.214 GET baba.sdshengyixing.com/Admin/paymentchannel/index.html
[运行时间：0.039942s] [吞吐率：25.04req/s] [内存消耗：4,545.12kb] [文件加载：86]
[ info ] [ LANG ] /www/wwwroot/baba/thinkphp/lang/zh-cn.php
[ info ] [ ROUTE ] array (
)
[ info ] [ HEADER ] array (
  'host' => 'baba.sdshengyixing.com',
  'connection' => 'keep-alive',
  'upgrade-insecure-requests' => '1',
  'user-agent' => 'Mozilla/5.0 (Windows NT 10.0; Win64; x64) AppleWebKit/537.36 (KHTML, like Gecko) Chrome/71.0.3578.98 Safari/537.36',
  'accept' => 'text/html,application/xhtml+xml,application/xml;q=0.9,image/webp,image/apng,*/*;q=0.8',
  'referer' => 'http://baba.sdshengyixing.com/Admin/index/index.html',
  'accept-encoding' => 'gzip, deflate',
  'accept-language' => 'zh-CN,zh;q=0.9',
  'cookie' => 'PHPSESSID=l69dnktl473rld9518j7up9vn5',
  'content-type' => '',
  'content-length' => '',
)
[ info ] [ PARAM ] array (
)
[ info ] [ DB ] INIT mysql
[ info ] [ VIEW ] ../Theme/adminsys/paymentchannel/index.html [ array (
  0 => 'contrname',
  1 => 'actionname',
  2 => 'leftType',
  3 => 'contractionname',
  4 => 'config',
  5 => 'admin',
  6 => 'list',
  7 => 'getdata',
) ]
[ sql ] [ DB ] CONNECT:[ UseTime:0.000481s ] mysql:host=127.0.0.1;port=3306;dbname=baba2018;charset=utf8
[ sql ] [ SQL ] SHOW COLUMNS FROM `cc_admin` [ RunTime:0.000884s ]
[ sql ] [ SQL ] SELECT * FROM `cc_admin` WHERE  `admin_id` = 16 LIMIT 1 [ RunTime:0.000371s ]
[ sql ] [ SQL ] SHOW COLUMNS FROM `cc_payment_channel` [ RunTime:0.000649s ]
[ sql ] [ SQL ] SELECT COUNT(*) AS tp_count FROM `cc_payment_channel` LIMIT 1 [ RunTime:0.000168s ]
[ sql ] [ SQL ] SELECT * FROM `cc_payment_channel` ORDER BY `channel_id` DESC LIMIT 0,10 [ RunTime:0.000160s ]
---------------------------------------------------------------
[ 2018-12-18T17:49:24+08:00 ] 140.250.240.214 GET baba.sdshengyixing.com/admin/paymentchannel/addpmt.html
[运行时间：0.066190s] [吞吐率：15.11req/s] [内存消耗：4,548.49kb] [文件加载：85]
[ info ] [ LANG ] /www/wwwroot/baba/thinkphp/lang/zh-cn.php
[ info ] [ ROUTE ] array (
)
[ info ] [ HEADER ] array (
  'host' => 'baba.sdshengyixing.com',
  'connection' => 'keep-alive',
  'upgrade-insecure-requests' => '1',
  'user-agent' => 'Mozilla/5.0 (Windows NT 10.0; Win64; x64) AppleWebKit/537.36 (KHTML, like Gecko) Chrome/71.0.3578.98 Safari/537.36',
  'accept' => 'text/html,application/xhtml+xml,application/xml;q=0.9,image/webp,image/apng,*/*;q=0.8',
  'referer' => 'http://baba.sdshengyixing.com/Admin/paymentchannel/index.html',
  'accept-encoding' => 'gzip, deflate',
  'accept-language' => 'zh-CN,zh;q=0.9',
  'cookie' => 'PHPSESSID=l69dnktl473rld9518j7up9vn5',
  'content-type' => '',
  'content-length' => '',
)
[ info ] [ PARAM ] array (
)
[ info ] [ DB ] INIT mysql
[ info ] [ VIEW ] ../Theme/adminsys/paymentchannel/addpmt.html [ array (
  0 => 'contrname',
  1 => 'actionname',
  2 => 'leftType',
  3 => 'contractionname',
  4 => 'config',
  5 => 'admin',
) ]
[ sql ] [ DB ] CONNECT:[ UseTime:0.000558s ] mysql:host=127.0.0.1;port=3306;dbname=baba2018;charset=utf8
[ sql ] [ SQL ] SHOW COLUMNS FROM `cc_admin` [ RunTime:0.000805s ]
[ sql ] [ SQL ] SELECT * FROM `cc_admin` WHERE  `admin_id` = 16 LIMIT 1 [ RunTime:0.000341s ]
---------------------------------------------------------------
[ 2018-12-18T17:49:30+08:00 ] 140.250.240.214 POST baba.sdshengyixing.com/admin/paymentchannel/addpmt.html
[运行时间：0.036691s] [吞吐率：27.25req/s] [内存消耗：4,282.02kb] [文件加载：81]
[ info ] [ LANG ] /www/wwwroot/baba/thinkphp/lang/zh-cn.php
[ info ] [ ROUTE ] array (
)
[ info ] [ HEADER ] array (
  'host' => 'baba.sdshengyixing.com',
  'connection' => 'keep-alive',
  'content-length' => '39',
  'accept' => 'application/json, text/javascript, */*; q=0.01',
  'origin' => 'http://baba.sdshengyixing.com',
  'x-requested-with' => 'XMLHttpRequest',
  'user-agent' => 'Mozilla/5.0 (Windows NT 10.0; Win64; x64) AppleWebKit/537.36 (KHTML, like Gecko) Chrome/71.0.3578.98 Safari/537.36',
  'content-type' => 'application/x-www-form-urlencoded; charset=UTF-8',
  'referer' => 'http://baba.sdshengyixing.com/admin/paymentchannel/addpmt.html',
  'accept-encoding' => 'gzip, deflate',
  'accept-language' => 'zh-CN,zh;q=0.9',
  'cookie' => 'PHPSESSID=l69dnktl473rld9518j7up9vn5',
)
[ info ] [ PARAM ] array (
  'name' => '银生宝',
  'bind' => '1',
)
[ info ] [ DB ] INIT mysql
[ sql ] [ DB ] CONNECT:[ UseTime:0.000438s ] mysql:host=127.0.0.1;port=3306;dbname=baba2018;charset=utf8
[ sql ] [ SQL ] SHOW COLUMNS FROM `cc_admin` [ RunTime:0.000702s ]
[ sql ] [ SQL ] SELECT * FROM `cc_admin` WHERE  `admin_id` = 16 LIMIT 1 [ RunTime:0.000298s ]
[ sql ] [ SQL ] SHOW COLUMNS FROM `cc_payment_channel` [ RunTime:0.000465s ]
[ sql ] [ SQL ] SELECT * FROM `cc_payment_channel` WHERE  `channel_name` = '银生宝' LIMIT 1 [ RunTime:0.000205s ]
[ sql ] [ SQL ] INSERT INTO `cc_payment_channel` (`channel_name` , `channel_bind` , `channel_use` , `channel_time`) VALUES ('银生宝' , 1 , 1 , 1545126570) [ RunTime:0.000288s ]
---------------------------------------------------------------
[ 2018-12-18T17:49:34+08:00 ] 140.250.240.214 GET baba.sdshengyixing.com/Admin/paymentchannel/index.html
[运行时间：0.039704s] [吞吐率：25.19req/s] [内存消耗：4,546.84kb] [文件加载：86]
[ info ] [ LANG ] /www/wwwroot/baba/thinkphp/lang/zh-cn.php
[ info ] [ ROUTE ] array (
)
[ info ] [ HEADER ] array (
  'host' => 'baba.sdshengyixing.com',
  'connection' => 'keep-alive',
  'cache-control' => 'max-age=0',
  'upgrade-insecure-requests' => '1',
  'user-agent' => 'Mozilla/5.0 (Windows NT 10.0; Win64; x64) AppleWebKit/537.36 (KHTML, like Gecko) Chrome/71.0.3578.98 Safari/537.36',
  'accept' => 'text/html,application/xhtml+xml,application/xml;q=0.9,image/webp,image/apng,*/*;q=0.8',
  'referer' => 'http://baba.sdshengyixing.com/Admin/paymentchannel/index.html',
  'accept-encoding' => 'gzip, deflate',
  'accept-language' => 'zh-CN,zh;q=0.9',
  'cookie' => 'PHPSESSID=l69dnktl473rld9518j7up9vn5',
  'content-type' => '',
  'content-length' => '',
)
[ info ] [ PARAM ] array (
)
[ info ] [ DB ] INIT mysql
[ info ] [ VIEW ] ../Theme/adminsys/paymentchannel/index.html [ array (
  0 => 'contrname',
  1 => 'actionname',
  2 => 'leftType',
  3 => 'contractionname',
  4 => 'config',
  5 => 'admin',
  6 => 'list',
  7 => 'getdata',
) ]
[ sql ] [ DB ] CONNECT:[ UseTime:0.000723s ] mysql:host=127.0.0.1;port=3306;dbname=baba2018;charset=utf8
[ sql ] [ SQL ] SHOW COLUMNS FROM `cc_admin` [ RunTime:0.000696s ]
[ sql ] [ SQL ] SELECT * FROM `cc_admin` WHERE  `admin_id` = 16 LIMIT 1 [ RunTime:0.000309s ]
[ sql ] [ SQL ] SHOW COLUMNS FROM `cc_payment_channel` [ RunTime:0.000563s ]
[ sql ] [ SQL ] SELECT COUNT(*) AS tp_count FROM `cc_payment_channel` LIMIT 1 [ RunTime:0.000197s ]
[ sql ] [ SQL ] SELECT * FROM `cc_payment_channel` ORDER BY `channel_id` DESC LIMIT 0,10 [ RunTime:0.000239s ]
---------------------------------------------------------------
[ 2018-12-18T17:50:14+08:00 ] 140.250.240.214 GET baba.sdshengyixing.com/Admin/payment/addpayment.html?id=1
[运行时间：0.126154s] [吞吐率：7.93req/s] [内存消耗：4,688.95kb] [文件加载：88]
[ info ] [ LANG ] /www/wwwroot/baba/thinkphp/lang/zh-cn.php
[ info ] [ ROUTE ] array (
)
[ info ] [ HEADER ] array (
  'host' => 'baba.sdshengyixing.com',
  'connection' => 'keep-alive',
  'upgrade-insecure-requests' => '1',
  'user-agent' => 'Mozilla/5.0 (Windows NT 10.0; Win64; x64) AppleWebKit/537.36 (KHTML, like Gecko) Chrome/71.0.3578.98 Safari/537.36',
  'accept' => 'text/html,application/xhtml+xml,application/xml;q=0.9,image/webp,image/apng,*/*;q=0.8',
  'referer' => 'http://baba.sdshengyixing.com/Admin/paymentchannel/index.html',
  'accept-encoding' => 'gzip, deflate',
  'accept-language' => 'zh-CN,zh;q=0.9',
  'cookie' => 'PHPSESSID=l69dnktl473rld9518j7up9vn5',
  'content-type' => '',
  'content-length' => '',
)
[ info ] [ PARAM ] array (
  'id' => '1',
)
[ info ] [ DB ] INIT mysql
[ info ] [ VIEW ] ../Theme/adminsys/payment/addpayment.html [ array (
  0 => 'contrname',
  1 => 'actionname',
  2 => 'leftType',
  3 => 'contractionname',
  4 => 'config',
  5 => 'admin',
  6 => 'channel',
) ]
[ sql ] [ DB ] CONNECT:[ UseTime:0.000324s ] mysql:host=127.0.0.1;port=3306;dbname=baba2018;charset=utf8
[ sql ] [ SQL ] SHOW COLUMNS FROM `cc_admin` [ RunTime:0.000609s ]
[ sql ] [ SQL ] SELECT * FROM `cc_admin` WHERE  `admin_id` = 16 LIMIT 1 [ RunTime:0.000272s ]
[ sql ] [ SQL ] SHOW COLUMNS FROM `cc_payment_channel` [ RunTime:0.000558s ]
[ sql ] [ SQL ] SELECT * FROM `cc_payment_channel` WHERE  `channel_id` = 1 LIMIT 1 [ RunTime:0.000229s ]
[ error ] [8]未定义变量: info[/www/wwwroot/baba/runtime/temp/e7dc17e69560874ff61e4e9c3671c20b.php:104]
[ error ] [8]未定义变量: info[/www/wwwroot/baba/runtime/temp/e7dc17e69560874ff61e4e9c3671c20b.php:105]
[ error ] [8]未定义变量: info[/www/wwwroot/baba/runtime/temp/e7dc17e69560874ff61e4e9c3671c20b.php:132]
[ error ] [8]未定义变量: info[/www/wwwroot/baba/runtime/temp/e7dc17e69560874ff61e4e9c3671c20b.php:133]
---------------------------------------------------------------
[ 2018-12-18T17:52:07+08:00 ] 140.250.240.214 POST baba.sdshengyixing.com/Admin/payment/addpayment.html?id=1
[运行时间：0.049206s] [吞吐率：20.32req/s] [内存消耗：4,377.25kb] [文件加载：81]
[ info ] [ LANG ] /www/wwwroot/baba/thinkphp/lang/zh-cn.php
[ info ] [ ROUTE ] array (
)
[ info ] [ HEADER ] array (
  'host' => 'baba.sdshengyixing.com',
  'connection' => 'keep-alive',
  'content-length' => '485',
  'accept' => 'application/json, text/javascript, */*; q=0.01',
  'origin' => 'http://baba.sdshengyixing.com',
  'x-requested-with' => 'XMLHttpRequest',
  'user-agent' => 'Mozilla/5.0 (Windows NT 10.0; Win64; x64) AppleWebKit/537.36 (KHTML, like Gecko) Chrome/71.0.3578.98 Safari/537.36',
  'content-type' => 'application/x-www-form-urlencoded; charset=UTF-8',
  'referer' => 'http://baba.sdshengyixing.com/Admin/payment/addpayment.html?id=1',
  'accept-encoding' => 'gzip, deflate',
  'accept-language' => 'zh-CN,zh;q=0.9',
  'cookie' => 'PHPSESSID=l69dnktl473rld9518j7up9vn5',
)
[ info ] [ PARAM ] array (
  'id' => '1',
  'channel_name' => '银生宝',
  'name' => '测试',
  'rate' => '0.005',
  'close_fee' => '0.5',
  'type' => '2',
  'use' => '1',
  'day_num' => '5',
  'payment_num' => '30',
  'entime' => '0',
  'controller' => 'Payhkysb',
  'bind' => '1',
  'bind_way' => 'web',
  'min_money' => '10',
  'max_money' => '50',
  'money' => '999999',
  'risk_start' => '1',
  'risk_end' => '10',
  'money_mode' => '0',
  'pattern' => '1',
  'mode' => '2',
  'paynow' => '1',
  'region' => '0',
  'mcc' => '0',
  'pay_mode' => '0',
  'orders' => '1',
  'que' => '10',
  'interval_time' => '60',
  'config' => 'accountId:1120181218090613001|openKey:123456abc|payurl:http://180.166.114.151:28084/unspay-creditCardRepayment-business',
)
[ info ] [ DB ] INIT mysql
[ sql ] [ DB ] CONNECT:[ UseTime:0.000505s ] mysql:host=127.0.0.1;port=3306;dbname=baba2018;charset=utf8
[ sql ] [ SQL ] SHOW COLUMNS FROM `cc_admin` [ RunTime:0.000710s ]
[ sql ] [ SQL ] SELECT * FROM `cc_admin` WHERE  `admin_id` = 16 LIMIT 1 [ RunTime:0.000590s ]
[ sql ] [ SQL ] SHOW COLUMNS FROM `cc_payment_channel` [ RunTime:0.000636s ]
[ sql ] [ SQL ] SELECT * FROM `cc_payment_channel` WHERE  `channel_id` = 1 LIMIT 1 [ RunTime:0.000248s ]
[ sql ] [ SQL ] SHOW COLUMNS FROM `cc_payment` [ RunTime:0.000637s ]
[ sql ] [ SQL ] SELECT * FROM `cc_payment` WHERE  `payment_channel_id` = 1  AND `payment_type` = 2 LIMIT 1 [ RunTime:0.000401s ]
[ sql ] [ SQL ] INSERT INTO `cc_payment` (`payment_channel_id` , `payment_name` , `payment_bind` , `payment_bind_way` , `payment_rate` , `payment_close_fee` , `payment_type` , `payment_controller` , `payment_use` , `payment_day_num` , `payment_num` , `payment_min_money` , `payment_max_money` , `payment_time` , `payment_risk_start` , `payment_risk_end` , `paymentst_entime` , `paymentst_money` , `payment_mode` , `payment_pattern` , `payment_que` , `payment_region` , `payment_mcc` , `payment_interval_time` , `payment_pay_mode` , `payment_orders` , `payment_money_mode` , `payment_paynow` , `payment_config`) VALUES (1 , '测试' , 1 , 'web' , 0.005 , 0.5 , 2 , 'Payhkysb' , 1 , 5 , 30 , 10 , 50 , 1545126727 , 1 , 10 , '0' , 999999 , 2 , 1 , 10 , 0 , 0 , 60 , 0 , 1 , 0 , 1 , '[[\"accountId\",\"1120181218090613001\"],[\"openKey\",\"123456abc\"],[\"payurl\",\"http://180.166.114.151:28084/unspay-creditCardRepayment-business\"]]') [ RunTime:0.004476s ]
---------------------------------------------------------------
[ 2018-12-18T17:52:08+08:00 ] 140.250.240.214 GET baba.sdshengyixing.com/admin/payment/index.html?pid=1
[运行时间：0.055932s] [吞吐率：17.88req/s] [内存消耗：4,608.94kb] [文件加载：86]
[ info ] [ LANG ] /www/wwwroot/baba/thinkphp/lang/zh-cn.php
[ info ] [ ROUTE ] array (
)
[ info ] [ HEADER ] array (
  'host' => 'baba.sdshengyixing.com',
  'connection' => 'keep-alive',
  'upgrade-insecure-requests' => '1',
  'user-agent' => 'Mozilla/5.0 (Windows NT 10.0; Win64; x64) AppleWebKit/537.36 (KHTML, like Gecko) Chrome/71.0.3578.98 Safari/537.36',
  'accept' => 'text/html,application/xhtml+xml,application/xml;q=0.9,image/webp,image/apng,*/*;q=0.8',
  'referer' => 'http://baba.sdshengyixing.com/Admin/payment/addpayment.html?id=1',
  'accept-encoding' => 'gzip, deflate',
  'accept-language' => 'zh-CN,zh;q=0.9',
  'cookie' => 'PHPSESSID=l69dnktl473rld9518j7up9vn5',
  'content-type' => '',
  'content-length' => '',
)
[ info ] [ PARAM ] array (
  'pid' => '1',
)
[ info ] [ DB ] INIT mysql
[ info ] [ VIEW ] ../Theme/adminsys/payment/index.html [ array (
  0 => 'contrname',
  1 => 'actionname',
  2 => 'leftType',
  3 => 'contractionname',
  4 => 'config',
  5 => 'admin',
  6 => 'list',
  7 => 'getdata',
) ]
[ sql ] [ DB ] CONNECT:[ UseTime:0.000407s ] mysql:host=127.0.0.1;port=3306;dbname=baba2018;charset=utf8
[ sql ] [ SQL ] SHOW COLUMNS FROM `cc_admin` [ RunTime:0.000829s ]
[ sql ] [ SQL ] SELECT * FROM `cc_admin` WHERE  `admin_id` = 16 LIMIT 1 [ RunTime:0.000340s ]
[ sql ] [ SQL ] SHOW COLUMNS FROM `cc_payment` [ RunTime:0.000784s ]
[ sql ] [ SQL ] SELECT COUNT(*) AS tp_count FROM `cc_payment` WHERE  `payment_channel_id` = 1 LIMIT 1 [ RunTime:0.000553s ]
[ sql ] [ SQL ] SELECT * FROM `cc_payment` WHERE  `payment_channel_id` = 1 ORDER BY `payment_id` DESC LIMIT 0,10 [ RunTime:0.000364s ]
[ sql ] [ SQL ] SHOW COLUMNS FROM `cc_payment_channel` [ RunTime:0.000858s ]
[ sql ] [ SQL ] SELECT `channel_name` FROM `cc_payment_channel` WHERE  `channel_id` = 1 LIMIT 1 [ RunTime:0.000234s ]
---------------------------------------------------------------
[ 2018-12-18T17:52:09+08:00 ] 140.250.240.214 GET baba.sdshengyixing.com/admin/paymentbank/index/pay_id/1.html
[运行时间：0.123848s] [吞吐率：8.07req/s] [内存消耗：4,568.27kb] [文件加载：86]
[ info ] [ LANG ] /www/wwwroot/baba/thinkphp/lang/zh-cn.php
[ info ] [ ROUTE ] array (
)
[ info ] [ HEADER ] array (
  'host' => 'baba.sdshengyixing.com',
  'connection' => 'keep-alive',
  'upgrade-insecure-requests' => '1',
  'user-agent' => 'Mozilla/5.0 (Windows NT 10.0; Win64; x64) AppleWebKit/537.36 (KHTML, like Gecko) Chrome/71.0.3578.98 Safari/537.36',
  'accept' => 'text/html,application/xhtml+xml,application/xml;q=0.9,image/webp,image/apng,*/*;q=0.8',
  'referer' => 'http://baba.sdshengyixing.com/admin/payment/index.html?pid=1',
  'accept-encoding' => 'gzip, deflate',
  'accept-language' => 'zh-CN,zh;q=0.9',
  'cookie' => 'PHPSESSID=l69dnktl473rld9518j7up9vn5',
  'content-type' => '',
  'content-length' => '',
)
[ info ] [ PARAM ] array (
  'pay_id' => '1',
)
[ info ] [ DB ] INIT mysql
[ info ] [ VIEW ] ../Theme/adminsys/paymentbank/index.html [ array (
  0 => 'contrname',
  1 => 'actionname',
  2 => 'leftType',
  3 => 'contractionname',
  4 => 'config',
  5 => 'admin',
  6 => 'list',
  7 => 'getdata',
  8 => 'pay_id',
) ]
[ sql ] [ DB ] CONNECT:[ UseTime:0.000458s ] mysql:host=127.0.0.1;port=3306;dbname=baba2018;charset=utf8
[ sql ] [ SQL ] SHOW COLUMNS FROM `cc_admin` [ RunTime:0.000681s ]
[ sql ] [ SQL ] SELECT * FROM `cc_admin` WHERE  `admin_id` = 16 LIMIT 1 [ RunTime:0.000299s ]
[ sql ] [ SQL ] SHOW COLUMNS FROM `cc_bank` [ RunTime:0.000759s ]
[ sql ] [ SQL ] SELECT COUNT(*) AS tp_count FROM `cc_bank` `b` INNER JOIN `cc_bank_list` `bl` ON `bl`.`list_id`=`b`.`bank_bid` WHERE  `bank_pay_id` = 1 LIMIT 1 [ RunTime:0.018424s ]
[ sql ] [ SQL ] SELECT * FROM `cc_bank` `b` INNER JOIN `cc_bank_list` `bl` ON `bl`.`list_id`=`b`.`bank_bid` WHERE  `bank_pay_id` = 1 LIMIT 0,10 [ RunTime:0.000596s ]
---------------------------------------------------------------
[ 2018-12-18T17:52:11+08:00 ] 140.250.240.214 GET baba.sdshengyixing.com/admin/paymentbank/add.html?pay_id=1
[运行时间：0.071130s] [吞吐率：14.06req/s] [内存消耗：4,683.21kb] [文件加载：85]
[ info ] [ LANG ] /www/wwwroot/baba/thinkphp/lang/zh-cn.php
[ info ] [ ROUTE ] array (
)
[ info ] [ HEADER ] array (
  'host' => 'baba.sdshengyixing.com',
  'connection' => 'keep-alive',
  'upgrade-insecure-requests' => '1',
  'user-agent' => 'Mozilla/5.0 (Windows NT 10.0; Win64; x64) AppleWebKit/537.36 (KHTML, like Gecko) Chrome/71.0.3578.98 Safari/537.36',
  'accept' => 'text/html,application/xhtml+xml,application/xml;q=0.9,image/webp,image/apng,*/*;q=0.8',
  'referer' => 'http://baba.sdshengyixing.com/admin/paymentbank/index/pay_id/1.html',
  'accept-encoding' => 'gzip, deflate',
  'accept-language' => 'zh-CN,zh;q=0.9',
  'cookie' => 'PHPSESSID=l69dnktl473rld9518j7up9vn5',
  'content-type' => '',
  'content-length' => '',
)
[ info ] [ PARAM ] array (
  'pay_id' => '1',
)
[ info ] [ DB ] INIT mysql
[ info ] [ VIEW ] ../Theme/adminsys/paymentbank/add.html [ array (
  0 => 'contrname',
  1 => 'actionname',
  2 => 'leftType',
  3 => 'contractionname',
  4 => 'config',
  5 => 'admin',
  6 => 'bank_list',
  7 => 'payment',
  8 => 'pay_id',
) ]
[ sql ] [ DB ] CONNECT:[ UseTime:0.000805s ] mysql:host=127.0.0.1;port=3306;dbname=baba2018;charset=utf8
[ sql ] [ SQL ] SHOW COLUMNS FROM `cc_admin` [ RunTime:0.000706s ]
[ sql ] [ SQL ] SELECT * FROM `cc_admin` WHERE  `admin_id` = 16 LIMIT 1 [ RunTime:0.000331s ]
[ sql ] [ SQL ] SHOW COLUMNS FROM `cc_bank` [ RunTime:0.000845s ]
[ sql ] [ SQL ] SELECT `bank_bid` FROM `cc_bank` WHERE  `bank_pay_id` = 1 [ RunTime:0.000673s ]
[ sql ] [ SQL ] SHOW COLUMNS FROM `cc_payment` [ RunTime:0.000748s ]
[ sql ] [ SQL ] SELECT * FROM `cc_payment` WHERE  `payment_id` = 1 LIMIT 1 [ RunTime:0.000655s ]
[ sql ] [ SQL ] SHOW COLUMNS FROM `cc_bank_list` [ RunTime:0.000566s ]
[ sql ] [ SQL ] SELECT * FROM `cc_bank_list` WHERE  `list_id` NOT IN ('') [ RunTime:0.001369s ]
