---------------------------------------------------------------
[ 2019-02-06T11:58:52+08:00 ] 117.136.36.88 POST app.babadao.com/api/Common/version
[运行时间：0.034536s] [吞吐率：28.96req/s] [内存消耗：4,255.08kb] [文件加载：78]
[ info ] [ LANG ] /www/wwwroot/huanka/thinkphp/lang/zh-cn.php
[ info ] [ ROUTE ] array (
)
[ info ] [ HEADER ] array (
  'host' => 'app.babadao.com',
  'origin' => 'file://',
  'connection' => 'keep-alive',
  'accept' => '*/*',
  'user-agent' => 'Mozilla/5.0 (iPhone; CPU iPhone OS 12_1_2 like Mac OS X) AppleWebKit/605.1.15 (KHTML, like Gecko) Mobile/16C101 Html5Plus/1.0 (Immersed/20)',
  'accept-language' => 'zh-cn',
  'accept-encoding' => 'gzip, deflate',
  'x-requested-with' => 'XMLHttpRequest',
  'content-type' => 'application/x-www-form-urlencoded',
  'content-length' => '20',
)
[ info ] [ PARAM ] array (
  '/api/Common/version' => '',
  'os' => 'ios',
  'version' => '1.0.3',
)
[ info ] [ DB ] INIT mysql
[ sql ] [ DB ] CONNECT:[ UseTime:0.000429s ] mysql:host=127.0.0.1;port=3306;dbname=babadaohk;charset=utf8
[ sql ] [ SQL ] SHOW COLUMNS FROM `cc_app_versions` [ RunTime:0.000788s ]
[ sql ] [ SQL ] SELECT * FROM `cc_app_versions` ORDER BY `app_id` DESC LIMIT 1 [ RunTime:0.000329s ]
---------------------------------------------------------------
[ 2019-02-06T11:58:52+08:00 ] 117.136.36.88 POST app.babadao.com/api/Message/getnumber
[运行时间：0.076158s] [吞吐率：13.13req/s] [内存消耗：3,008.83kb] [文件加载：72]
[ info ] [ LANG ] /www/wwwroot/huanka/thinkphp/lang/zh-cn.php
[ info ] [ ROUTE ] array (
)
[ info ] [ HEADER ] array (
  'host' => 'app.babadao.com',
  'origin' => 'file://',
  'connection' => 'keep-alive',
  'accept' => 'application/json, text/javascript, */*; q=0.01',
  'user-agent' => 'Mozilla/5.0 (iPhone; CPU iPhone OS 12_1_2 like Mac OS X) AppleWebKit/605.1.15 (KHTML, like Gecko) Mobile/16C101 Html5Plus/1.0 (Immersed/20)',
  'accept-language' => 'zh-cn',
  'accept-encoding' => 'gzip, deflate',
  'content-type' => 'application/x-www-form-urlencoded; charset=UTF-8',
  'content-length' => '6',
)
[ info ] [ PARAM ] array (
  '/api/Message/getnumber' => '',
  'token' => '',
)
---------------------------------------------------------------
[ 2019-02-06T11:58:52+08:00 ] 117.136.36.88 POST app.babadao.com/api/My/article
[运行时间：0.073894s] [吞吐率：13.53req/s] [内存消耗：3,407.59kb] [文件加载：72]
[ info ] [ LANG ] /www/wwwroot/huanka/thinkphp/lang/zh-cn.php
[ info ] [ ROUTE ] array (
)
[ info ] [ HEADER ] array (
  'host' => 'app.babadao.com',
  'origin' => 'file://',
  'connection' => 'keep-alive',
  'accept' => 'application/json, text/javascript, */*; q=0.01',
  'user-agent' => 'Mozilla/5.0 (iPhone; CPU iPhone OS 12_1_2 like Mac OS X) AppleWebKit/605.1.15 (KHTML, like Gecko) Mobile/16C101 Html5Plus/1.0 (Immersed/20)',
  'accept-language' => 'zh-cn',
  'accept-encoding' => 'gzip, deflate',
  'content-type' => 'application/x-www-form-urlencoded; charset=UTF-8',
  'content-length' => '20',
)
[ info ] [ PARAM ] array (
  '/api/My/article' => '',
  'token' => '',
  'type' => '1',
  'page' => '1',
)
---------------------------------------------------------------
[ 2019-02-06T11:58:52+08:00 ] 117.136.36.88 POST app.babadao.com/api/my/info
[运行时间：0.076061s] [吞吐率：13.15req/s] [内存消耗：3,407.11kb] [文件加载：72]
[ info ] [ LANG ] /www/wwwroot/huanka/thinkphp/lang/zh-cn.php
[ info ] [ ROUTE ] array (
)
[ info ] [ HEADER ] array (
  'host' => 'app.babadao.com',
  'origin' => 'file://',
  'connection' => 'keep-alive',
  'accept' => 'application/json, text/javascript, */*; q=0.01',
  'user-agent' => 'Mozilla/5.0 (iPhone; CPU iPhone OS 12_1_2 like Mac OS X) AppleWebKit/605.1.15 (KHTML, like Gecko) Mobile/16C101 Html5Plus/1.0 (Immersed/20)',
  'accept-language' => 'zh-cn',
  'accept-encoding' => 'gzip, deflate',
  'content-type' => 'application/x-www-form-urlencoded; charset=UTF-8',
  'content-length' => '6',
)
[ info ] [ PARAM ] array (
  '/api/my/info' => '',
  'token' => '',
)
---------------------------------------------------------------
[ 2019-02-06T11:58:52+08:00 ] 117.136.36.88 GET app.babadao.com/api/Img/index?type=2
[运行时间：0.096765s] [吞吐率：10.33req/s] [内存消耗：4,242.70kb] [文件加载：78]
[ info ] [ LANG ] /www/wwwroot/huanka/thinkphp/lang/zh-cn.php
[ info ] [ ROUTE ] array (
)
[ info ] [ HEADER ] array (
  'host' => 'app.babadao.com',
  'accept' => 'application/json, text/javascript, */*; q=0.01',
  'accept-language' => 'zh-cn',
  'connection' => 'keep-alive',
  'accept-encoding' => 'gzip, deflate',
  'user-agent' => 'Mozilla/5.0 (iPhone; CPU iPhone OS 12_1_2 like Mac OS X) AppleWebKit/605.1.15 (KHTML, like Gecko) Mobile/16C101 Html5Plus/1.0 (Immersed/20)',
)
[ info ] [ PARAM ] array (
  '/api/Img/index' => '',
  'type' => '2',
)
[ info ] [ DB ] INIT mysql
[ sql ] [ DB ] CONNECT:[ UseTime:0.001326s ] mysql:host=127.0.0.1;port=3306;dbname=babadaohk;charset=utf8
[ sql ] [ SQL ] SHOW COLUMNS FROM `cc_img` [ RunTime:0.000734s ]
[ sql ] [ SQL ] SELECT * FROM `cc_img` WHERE  `img_start_switch` = 1  AND `img_type` = 2 ORDER BY `img_sort` ASC [ RunTime:0.000431s ]
---------------------------------------------------------------
[ 2019-02-06T11:58:52+08:00 ] 117.136.36.88 POST app.babadao.com/api/my/info
[运行时间：0.071550s] [吞吐率：13.98req/s] [内存消耗：3,407.11kb] [文件加载：72]
[ info ] [ LANG ] /www/wwwroot/huanka/thinkphp/lang/zh-cn.php
[ info ] [ ROUTE ] array (
)
[ info ] [ HEADER ] array (
  'host' => 'app.babadao.com',
  'origin' => 'file://',
  'connection' => 'keep-alive',
  'accept' => 'application/json, text/javascript, */*; q=0.01',
  'user-agent' => 'Mozilla/5.0 (iPhone; CPU iPhone OS 12_1_2 like Mac OS X) AppleWebKit/605.1.15 (KHTML, like Gecko) Mobile/16C101 Html5Plus/1.0 (Immersed/20)',
  'accept-language' => 'zh-cn',
  'accept-encoding' => 'gzip, deflate',
  'content-type' => 'application/x-www-form-urlencoded; charset=UTF-8',
  'content-length' => '6',
)
[ info ] [ PARAM ] array (
  '/api/my/info' => '',
  'token' => '',
)
---------------------------------------------------------------
[ 2019-02-06T11:58:52+08:00 ] 117.136.36.88 POST app.babadao.com/api/my/index
[运行时间：0.063515s] [吞吐率：15.74req/s] [内存消耗：3,407.13kb] [文件加载：72]
[ info ] [ LANG ] /www/wwwroot/huanka/thinkphp/lang/zh-cn.php
[ info ] [ ROUTE ] array (
)
[ info ] [ HEADER ] array (
  'host' => 'app.babadao.com',
  'origin' => 'file://',
  'connection' => 'keep-alive',
  'accept' => 'application/json, text/javascript, */*; q=0.01',
  'user-agent' => 'Mozilla/5.0 (iPhone; CPU iPhone OS 12_1_2 like Mac OS X) AppleWebKit/605.1.15 (KHTML, like Gecko) Mobile/16C101 Html5Plus/1.0 (Immersed/20)',
  'accept-language' => 'zh-cn',
  'accept-encoding' => 'gzip, deflate',
  'content-type' => 'application/x-www-form-urlencoded; charset=UTF-8',
  'content-length' => '6',
)
[ info ] [ PARAM ] array (
  '/api/my/index' => '',
  'token' => '',
)
---------------------------------------------------------------
[ 2019-02-06T11:58:53+08:00 ] 117.136.36.88 GET app.babadao.com/api/Bank_Apply/getBank?_=1549425532570
[运行时间：0.389369s] [吞吐率：2.57req/s] [内存消耗：4,405.88kb] [文件加载：82]
[ info ] [ LANG ] /www/wwwroot/huanka/thinkphp/lang/zh-cn.php
[ info ] [ ROUTE ] array (
)
[ info ] [ HEADER ] array (
  'host' => 'app.babadao.com',
  'accept' => '*/*',
  'accept-language' => 'zh-cn',
  'connection' => 'keep-alive',
  'accept-encoding' => 'gzip, deflate',
  'user-agent' => 'Mozilla/5.0 (iPhone; CPU iPhone OS 12_1_2 like Mac OS X) AppleWebKit/605.1.15 (KHTML, like Gecko) Mobile/16C101 Html5Plus/1.0 (Immersed/20)',
)
[ info ] [ PARAM ] array (
  '/api/Bank_Apply/getBank' => '',
  '_' => '1549425532570',
)
[ info ] [ DB ] INIT mysql
[ sql ] [ DB ] CONNECT:[ UseTime:0.005263s ] mysql:host=127.0.0.1;port=3306;dbname=babadaohk;charset=utf8
[ sql ] [ SQL ] SHOW COLUMNS FROM `cc_bank_apply` [ RunTime:0.000957s ]
[ sql ] [ SQL ] SELECT * FROM `cc_bank_apply` WHERE  `apply_type` = 1  AND `apply_use` = 1 LIMIT 1 [ RunTime:0.000428s ]
---------------------------------------------------------------
[ 2019-02-06T11:58:53+08:00 ] 117.136.36.88 GET app.babadao.com/api/Bank_Apply/banklist?id=928519625187000320&page=1&_=1549425533205
[运行时间：0.392508s] [吞吐率：2.55req/s] [内存消耗：4,407.05kb] [文件加载：82]
[ info ] [ LANG ] /www/wwwroot/huanka/thinkphp/lang/zh-cn.php
[ info ] [ ROUTE ] array (
)
[ info ] [ HEADER ] array (
  'host' => 'app.babadao.com',
  'accept' => '*/*',
  'accept-language' => 'zh-cn',
  'connection' => 'keep-alive',
  'accept-encoding' => 'gzip, deflate',
  'user-agent' => 'Mozilla/5.0 (iPhone; CPU iPhone OS 12_1_2 like Mac OS X) AppleWebKit/605.1.15 (KHTML, like Gecko) Mobile/16C101 Html5Plus/1.0 (Immersed/20)',
)
[ info ] [ PARAM ] array (
  '/api/Bank_Apply/banklist' => '',
  'id' => '928519625187000320',
  'page' => '1',
  '_' => '1549425533205',
)
[ info ] [ DB ] INIT mysql
[ sql ] [ DB ] CONNECT:[ UseTime:0.001299s ] mysql:host=127.0.0.1;port=3306;dbname=babadaohk;charset=utf8
[ sql ] [ SQL ] SHOW COLUMNS FROM `cc_bank_apply` [ RunTime:0.000762s ]
[ sql ] [ SQL ] SELECT * FROM `cc_bank_apply` WHERE  `apply_type` = 1  AND `apply_use` = 1 LIMIT 1 [ RunTime:0.000412s ]
---------------------------------------------------------------
[ 2019-02-06T11:58:57+08:00 ] 117.136.36.88 POST app.babadao.com/api/my/index
[运行时间：0.027590s] [吞吐率：36.24req/s] [内存消耗：3,407.48kb] [文件加载：72]
[ info ] [ LANG ] /www/wwwroot/huanka/thinkphp/lang/zh-cn.php
[ info ] [ ROUTE ] array (
)
[ info ] [ HEADER ] array (
  'host' => 'app.babadao.com',
  'origin' => 'file://',
  'connection' => 'keep-alive',
  'accept' => 'application/json, text/javascript, */*; q=0.01',
  'user-agent' => 'Mozilla/5.0 (iPhone; CPU iPhone OS 12_1_2 like Mac OS X) AppleWebKit/605.1.15 (KHTML, like Gecko) Mobile/16C101 Html5Plus/1.0 (Immersed/20)',
  'accept-language' => 'zh-cn',
  'cache-control' => 'max-age=0',
  'accept-encoding' => 'gzip, deflate',
  'content-type' => 'application/x-www-form-urlencoded; charset=UTF-8',
  'content-length' => '6',
)
[ info ] [ PARAM ] array (
  '/api/my/index' => '',
  'token' => '',
)
---------------------------------------------------------------
[ 2019-02-06T11:59:21+08:00 ] 117.136.36.88 POST app.babadao.com/api/Main/login
[运行时间：0.038809s] [吞吐率：25.77req/s] [内存消耗：4,353.35kb] [文件加载：78]
[ info ] [ LANG ] /www/wwwroot/huanka/thinkphp/lang/zh-cn.php
[ info ] [ ROUTE ] array (
)
[ info ] [ HEADER ] array (
  'host' => 'app.babadao.com',
  'origin' => 'file://',
  'connection' => 'keep-alive',
  'accept' => 'application/json, text/javascript, */*; q=0.01',
  'user-agent' => 'Mozilla/5.0 (iPhone; CPU iPhone OS 12_1_2 like Mac OS X) AppleWebKit/605.1.15 (KHTML, like Gecko) Mobile/16C101 Html5Plus/1.0 (Immersed/20)',
  'accept-language' => 'zh-cn',
  'accept-encoding' => 'gzip, deflate',
  'content-type' => 'application/x-www-form-urlencoded; charset=UTF-8',
  'content-length' => '43',
)
[ info ] [ PARAM ] array (
  '/api/Main/login' => '',
  'phone' => '15737708825',
  'password' => '012508wyw',
  'type' => '2',
)
[ info ] [ DB ] INIT mysql
[ sql ] [ DB ] CONNECT:[ UseTime:0.000405s ] mysql:host=127.0.0.1;port=3306;dbname=babadaohk;charset=utf8
[ sql ] [ SQL ] SHOW COLUMNS FROM `cc_user` [ RunTime:0.000880s ]
[ sql ] [ SQL ] SELECT * FROM `cc_user` WHERE  `user_phone` = '15737708825'  AND `user_state` = 0 LIMIT 1 [ RunTime:0.000482s ]
[ sql ] [ SQL ] UPDATE `cc_user`  SET `user_login_time` = 1549425561 , `user_token` = '0a31b3f0e003eb4663c50ea860a2646f'  WHERE  `user_id` = 408 [ RunTime:0.003519s ]
[ sql ] [ SQL ] SHOW COLUMNS FROM `cc_user_log` [ RunTime:0.000592s ]
[ sql ] [ SQL ] INSERT INTO `cc_user_log` (`log_uid` , `log_ip` , `log_time`) VALUES (408 , '117.136.36.88' , 1549425561) [ RunTime:0.000300s ]
---------------------------------------------------------------
[ 2019-02-06T11:59:21+08:00 ] 117.136.36.88 POST app.babadao.com/api/my/info
[运行时间：0.049540s] [吞吐率：20.19req/s] [内存消耗：4,748.05kb] [文件加载：80]
[ info ] [ LANG ] /www/wwwroot/huanka/thinkphp/lang/zh-cn.php
[ info ] [ ROUTE ] array (
)
[ info ] [ HEADER ] array (
  'host' => 'app.babadao.com',
  'origin' => 'file://',
  'connection' => 'keep-alive',
  'accept' => 'application/json, text/javascript, */*; q=0.01',
  'user-agent' => 'Mozilla/5.0 (iPhone; CPU iPhone OS 12_1_2 like Mac OS X) AppleWebKit/605.1.15 (KHTML, like Gecko) Mobile/16C101 Html5Plus/1.0 (Immersed/20)',
  'accept-language' => 'zh-cn',
  'cache-control' => 'max-age=0',
  'accept-encoding' => 'gzip, deflate',
  'content-type' => 'application/x-www-form-urlencoded; charset=UTF-8',
  'content-length' => '38',
)
[ info ] [ PARAM ] array (
  '/api/my/info' => '',
  'token' => '0a31b3f0e003eb4663c50ea860a2646f',
)
[ info ] [ DB ] INIT mysql
[ sql ] [ DB ] CONNECT:[ UseTime:0.000463s ] mysql:host=127.0.0.1;port=3306;dbname=babadaohk;charset=utf8
[ sql ] [ SQL ] SHOW COLUMNS FROM `cc_user` [ RunTime:0.001260s ]
[ sql ] [ SQL ] SELECT * FROM `cc_user` WHERE  `user_token` = '0a31b3f0e003eb4663c50ea860a2646f' LIMIT 1 [ RunTime:0.000584s ]
[ sql ] [ SQL ] SELECT * FROM cc_user as u INNER JOIN `cc_user_type` `t` ON `u`.`user_type_id`=`t`.`type_id` WHERE  `u`.`user_id` = '408' LIMIT 1 [ RunTime:0.000554s ]
---------------------------------------------------------------
[ 2019-02-06T11:59:21+08:00 ] 117.136.36.88 POST app.babadao.com/api/my/index
[运行时间：0.051274s] [吞吐率：19.50req/s] [内存消耗：4,738.91kb] [文件加载：79]
[ info ] [ LANG ] /www/wwwroot/huanka/thinkphp/lang/zh-cn.php
[ info ] [ ROUTE ] array (
)
[ info ] [ HEADER ] array (
  'host' => 'app.babadao.com',
  'origin' => 'file://',
  'connection' => 'keep-alive',
  'accept' => 'application/json, text/javascript, */*; q=0.01',
  'user-agent' => 'Mozilla/5.0 (iPhone; CPU iPhone OS 12_1_2 like Mac OS X) AppleWebKit/605.1.15 (KHTML, like Gecko) Mobile/16C101 Html5Plus/1.0 (Immersed/20)',
  'accept-language' => 'zh-cn',
  'cache-control' => 'max-age=0',
  'accept-encoding' => 'gzip, deflate',
  'content-type' => 'application/x-www-form-urlencoded; charset=UTF-8',
  'content-length' => '38',
)
[ info ] [ PARAM ] array (
  '/api/my/index' => '',
  'token' => '0a31b3f0e003eb4663c50ea860a2646f',
)
[ info ] [ DB ] INIT mysql
[ sql ] [ DB ] CONNECT:[ UseTime:0.001412s ] mysql:host=127.0.0.1;port=3306;dbname=babadaohk;charset=utf8
[ sql ] [ SQL ] SHOW COLUMNS FROM `cc_user` [ RunTime:0.000924s ]
[ sql ] [ SQL ] SELECT * FROM `cc_user` WHERE  `user_token` = '0a31b3f0e003eb4663c50ea860a2646f' LIMIT 1 [ RunTime:0.000487s ]
[ sql ] [ SQL ] SHOW COLUMNS FROM `cc_user_card` [ RunTime:0.000619s ]
[ sql ] [ SQL ] SELECT COUNT(*) AS tp_count FROM `cc_user_card` WHERE  `card_uid` = 408  AND `card_type` = 1  AND `card_blocked` = 0 ORDER BY `card_state` DESC LIMIT 1 [ RunTime:0.000339s ]
---------------------------------------------------------------
[ 2019-02-06T11:59:23+08:00 ] 117.136.36.88 POST app.babadao.com/api/my/info
[运行时间：0.066963s] [吞吐率：14.93req/s] [内存消耗：4,748.17kb] [文件加载：80]
[ info ] [ LANG ] /www/wwwroot/huanka/thinkphp/lang/zh-cn.php
[ info ] [ ROUTE ] array (
)
[ info ] [ HEADER ] array (
  'host' => 'app.babadao.com',
  'origin' => 'file://',
  'connection' => 'keep-alive',
  'accept' => 'application/json, text/javascript, */*; q=0.01',
  'user-agent' => 'Mozilla/5.0 (iPhone; CPU iPhone OS 12_1_2 like Mac OS X) AppleWebKit/605.1.15 (KHTML, like Gecko) Mobile/16C101 Html5Plus/1.0 (Immersed/20)',
  'accept-language' => 'zh-cn',
  'accept-encoding' => 'gzip, deflate',
  'content-type' => 'application/x-www-form-urlencoded; charset=UTF-8',
  'content-length' => '38',
)
[ info ] [ PARAM ] array (
  '/api/my/info' => '',
  'token' => '0a31b3f0e003eb4663c50ea860a2646f',
)
[ info ] [ DB ] INIT mysql
[ sql ] [ DB ] CONNECT:[ UseTime:0.006151s ] mysql:host=127.0.0.1;port=3306;dbname=babadaohk;charset=utf8
[ sql ] [ SQL ] SHOW COLUMNS FROM `cc_user` [ RunTime:0.001142s ]
[ sql ] [ SQL ] SELECT * FROM `cc_user` WHERE  `user_token` = '0a31b3f0e003eb4663c50ea860a2646f' LIMIT 1 [ RunTime:0.001469s ]
[ sql ] [ SQL ] SELECT * FROM cc_user as u INNER JOIN `cc_user_type` `t` ON `u`.`user_type_id`=`t`.`type_id` WHERE  `u`.`user_id` = '408' LIMIT 1 [ RunTime:0.001901s ]
---------------------------------------------------------------
[ 2019-02-06T11:59:23+08:00 ] 117.136.36.88 POST app.babadao.com/api/my/Membership
[运行时间：0.090369s] [吞吐率：11.07req/s] [内存消耗：4,825.36kb] [文件加载：83]
[ info ] [ LANG ] /www/wwwroot/huanka/thinkphp/lang/zh-cn.php
[ info ] [ ROUTE ] array (
)
[ info ] [ HEADER ] array (
  'host' => 'app.babadao.com',
  'origin' => 'file://',
  'connection' => 'keep-alive',
  'accept' => 'application/json, text/javascript, */*; q=0.01',
  'user-agent' => 'Mozilla/5.0 (iPhone; CPU iPhone OS 12_1_2 like Mac OS X) AppleWebKit/605.1.15 (KHTML, like Gecko) Mobile/16C101 Html5Plus/1.0 (Immersed/20)',
  'accept-language' => 'zh-cn',
  'accept-encoding' => 'gzip, deflate',
  'content-type' => 'application/x-www-form-urlencoded; charset=UTF-8',
  'content-length' => '38',
)
[ info ] [ PARAM ] array (
  '/api/my/Membership' => '',
  'token' => '0a31b3f0e003eb4663c50ea860a2646f',
)
[ info ] [ DB ] INIT mysql
[ sql ] [ DB ] CONNECT:[ UseTime:0.002501s ] mysql:host=127.0.0.1;port=3306;dbname=babadaohk;charset=utf8
[ sql ] [ SQL ] SHOW COLUMNS FROM `cc_user` [ RunTime:0.002422s ]
[ sql ] [ SQL ] SELECT * FROM `cc_user` WHERE  `user_token` = '0a31b3f0e003eb4663c50ea860a2646f' LIMIT 1 [ RunTime:0.002197s ]
[ sql ] [ SQL ] SHOW COLUMNS FROM `cc_user_type` [ RunTime:0.000799s ]
[ sql ] [ SQL ] SELECT * FROM cc_user_type as u INNER JOIN `cc_rate` `r` ON `u`.`type_id`=`r`.`rate_type_id` WHERE  `u`.`type_state` = '0' [ RunTime:0.000497s ]
[ error ] [8]未定义变量: val[/www/wwwroot/huanka/application/api/controller/My.php:1469]
[ error ] [8]未定义变量: val[/www/wwwroot/huanka/application/api/controller/My.php:1470]
[ error ] [8]未定义变量: val[/www/wwwroot/huanka/application/api/controller/My.php:1474]
[ error ] [8]未定义变量: val[/www/wwwroot/huanka/application/api/controller/My.php:1555]
[ error ] [8]未定义变量: val[/www/wwwroot/huanka/application/api/controller/My.php:1635]
[ error ] [8]未定义数组索引: rate_type[/www/wwwroot/huanka/application/api/controller/My.php:1966]
[ error ] [8]未定义数组索引: rate_type[/www/wwwroot/huanka/application/api/controller/My.php:1970]
[ error ] [8]未定义变量: val[/www/wwwroot/huanka/application/api/controller/My.php:1469]
[ error ] [8]未定义变量: val[/www/wwwroot/huanka/application/api/controller/My.php:1470]
[ error ] [8]未定义变量: val[/www/wwwroot/huanka/application/api/controller/My.php:1474]
[ error ] [8]未定义变量: val[/www/wwwroot/huanka/application/api/controller/My.php:1555]
[ error ] [8]未定义变量: val[/www/wwwroot/huanka/application/api/controller/My.php:1635]
[ error ] [8]未定义数组索引: rate_type[/www/wwwroot/huanka/application/api/controller/My.php:1966]
[ error ] [8]未定义数组索引: rate_type[/www/wwwroot/huanka/application/api/controller/My.php:1970]
---------------------------------------------------------------
[ 2019-02-06T11:59:23+08:00 ] 117.136.36.88 POST app.babadao.com/api/repayment/membergetchannel
[运行时间：0.086302s] [吞吐率：11.59req/s] [内存消耗：4,709.06kb] [文件加载：79]
[ info ] [ LANG ] /www/wwwroot/huanka/thinkphp/lang/zh-cn.php
[ info ] [ ROUTE ] array (
)
[ info ] [ HEADER ] array (
  'host' => 'app.babadao.com',
  'origin' => 'file://',
  'connection' => 'keep-alive',
  'accept' => 'application/json, text/javascript, */*; q=0.01',
  'user-agent' => 'Mozilla/5.0 (iPhone; CPU iPhone OS 12_1_2 like Mac OS X) AppleWebKit/605.1.15 (KHTML, like Gecko) Mobile/16C101 Html5Plus/1.0 (Immersed/20)',
  'accept-language' => 'zh-cn',
  'accept-encoding' => 'gzip, deflate',
  'content-type' => 'application/x-www-form-urlencoded; charset=UTF-8',
  'content-length' => '38',
)
[ info ] [ PARAM ] array (
  '/api/repayment/membergetchannel' => '',
  'token' => '0a31b3f0e003eb4663c50ea860a2646f',
)
[ info ] [ DB ] INIT mysql
[ sql ] [ DB ] CONNECT:[ UseTime:0.001239s ] mysql:host=127.0.0.1;port=3306;dbname=babadaohk;charset=utf8
[ sql ] [ SQL ] SHOW COLUMNS FROM `cc_user` [ RunTime:0.000801s ]
[ sql ] [ SQL ] SELECT * FROM `cc_user` WHERE  `user_token` = '0a31b3f0e003eb4663c50ea860a2646f' LIMIT 1 [ RunTime:0.000436s ]
[ sql ] [ SQL ] SHOW COLUMNS FROM `cc_payment_channel` [ RunTime:0.000577s ]
[ sql ] [ SQL ] SELECT * FROM `cc_payment_channel` WHERE  `channel_use` = 1 [ RunTime:0.000278s ]
[ sql ] [ SQL ] SHOW COLUMNS FROM `cc_payment` [ RunTime:0.000658s ]
[ sql ] [ SQL ] SELECT * FROM `cc_payment` WHERE  `payment_channel_id` = 1  AND `payment_type` = 4  AND `payment_use` = 1 LIMIT 1 [ RunTime:0.000432s ]
[ sql ] [ SQL ] SELECT * FROM `cc_payment` WHERE  `payment_channel_id` = 2  AND `payment_type` = 4  AND `payment_use` = 1 LIMIT 1 [ RunTime:0.000395s ]
[ sql ] [ SQL ] SELECT * FROM `cc_payment` WHERE  `payment_channel_id` = 3  AND `payment_type` = 4  AND `payment_use` = 1 LIMIT 1 [ RunTime:0.000369s ]
---------------------------------------------------------------
[ 2019-02-06T11:59:33+08:00 ] 117.136.36.88 POST app.babadao.com/api/my/info
[运行时间：0.042745s] [吞吐率：23.39req/s] [内存消耗：4,748.63kb] [文件加载：80]
[ info ] [ LANG ] /www/wwwroot/huanka/thinkphp/lang/zh-cn.php
[ info ] [ ROUTE ] array (
)
[ info ] [ HEADER ] array (
  'host' => 'app.babadao.com',
  'origin' => 'file://',
  'connection' => 'keep-alive',
  'accept' => 'application/json, text/javascript, */*; q=0.01',
  'user-agent' => 'Mozilla/5.0 (iPhone; CPU iPhone OS 12_1_2 like Mac OS X) AppleWebKit/605.1.15 (KHTML, like Gecko) Mobile/16C101 Html5Plus/1.0 (Immersed/20)',
  'accept-language' => 'zh-cn',
  'cache-control' => 'max-age=0',
  'accept-encoding' => 'gzip, deflate',
  'content-type' => 'application/x-www-form-urlencoded; charset=UTF-8',
  'content-length' => '38',
)
[ info ] [ PARAM ] array (
  '/api/my/info' => '',
  'token' => '0a31b3f0e003eb4663c50ea860a2646f',
)
[ info ] [ DB ] INIT mysql
[ sql ] [ DB ] CONNECT:[ UseTime:0.001524s ] mysql:host=127.0.0.1;port=3306;dbname=babadaohk;charset=utf8
[ sql ] [ SQL ] SHOW COLUMNS FROM `cc_user` [ RunTime:0.001233s ]
[ sql ] [ SQL ] SELECT * FROM `cc_user` WHERE  `user_token` = '0a31b3f0e003eb4663c50ea860a2646f' LIMIT 1 [ RunTime:0.000583s ]
[ sql ] [ SQL ] SELECT * FROM cc_user as u INNER JOIN `cc_user_type` `t` ON `u`.`user_type_id`=`t`.`type_id` WHERE  `u`.`user_id` = '408' LIMIT 1 [ RunTime:0.000562s ]
---------------------------------------------------------------
[ 2019-02-06T11:59:33+08:00 ] 117.136.36.88 POST app.babadao.com/api/my/index
[运行时间：0.039829s] [吞吐率：25.11req/s] [内存消耗：4,738.39kb] [文件加载：79]
[ info ] [ LANG ] /www/wwwroot/huanka/thinkphp/lang/zh-cn.php
[ info ] [ ROUTE ] array (
)
[ info ] [ HEADER ] array (
  'host' => 'app.babadao.com',
  'origin' => 'file://',
  'connection' => 'keep-alive',
  'accept' => 'application/json, text/javascript, */*; q=0.01',
  'user-agent' => 'Mozilla/5.0 (iPhone; CPU iPhone OS 12_1_2 like Mac OS X) AppleWebKit/605.1.15 (KHTML, like Gecko) Mobile/16C101 Html5Plus/1.0 (Immersed/20)',
  'accept-language' => 'zh-cn',
  'cache-control' => 'max-age=0',
  'accept-encoding' => 'gzip, deflate',
  'content-type' => 'application/x-www-form-urlencoded; charset=UTF-8',
  'content-length' => '38',
)
[ info ] [ PARAM ] array (
  '/api/my/index' => '',
  'token' => '0a31b3f0e003eb4663c50ea860a2646f',
)
[ info ] [ DB ] INIT mysql
[ sql ] [ DB ] CONNECT:[ UseTime:0.000447s ] mysql:host=127.0.0.1;port=3306;dbname=babadaohk;charset=utf8
[ sql ] [ SQL ] SHOW COLUMNS FROM `cc_user` [ RunTime:0.000872s ]
[ sql ] [ SQL ] SELECT * FROM `cc_user` WHERE  `user_token` = '0a31b3f0e003eb4663c50ea860a2646f' LIMIT 1 [ RunTime:0.000473s ]
[ sql ] [ SQL ] SHOW COLUMNS FROM `cc_user_card` [ RunTime:0.000632s ]
[ sql ] [ SQL ] SELECT COUNT(*) AS tp_count FROM `cc_user_card` WHERE  `card_uid` = 408  AND `card_type` = 1  AND `card_blocked` = 0 ORDER BY `card_state` DESC LIMIT 1 [ RunTime:0.000346s ]
---------------------------------------------------------------
[ 2019-02-06T11:59:36+08:00 ] 117.136.36.88 POST app.babadao.com/api/my/info
[运行时间：0.041632s] [吞吐率：24.02req/s] [内存消耗：4,748.17kb] [文件加载：80]
[ info ] [ LANG ] /www/wwwroot/huanka/thinkphp/lang/zh-cn.php
[ info ] [ ROUTE ] array (
)
[ info ] [ HEADER ] array (
  'host' => 'app.babadao.com',
  'origin' => 'file://',
  'connection' => 'keep-alive',
  'accept' => 'application/json, text/javascript, */*; q=0.01',
  'user-agent' => 'Mozilla/5.0 (iPhone; CPU iPhone OS 12_1_2 like Mac OS X) AppleWebKit/605.1.15 (KHTML, like Gecko) Mobile/16C101 Html5Plus/1.0 (Immersed/20)',
  'accept-language' => 'zh-cn',
  'accept-encoding' => 'gzip, deflate',
  'content-type' => 'application/x-www-form-urlencoded; charset=UTF-8',
  'content-length' => '38',
)
[ info ] [ PARAM ] array (
  '/api/my/info' => '',
  'token' => '0a31b3f0e003eb4663c50ea860a2646f',
)
[ info ] [ DB ] INIT mysql
[ sql ] [ DB ] CONNECT:[ UseTime:0.001393s ] mysql:host=127.0.0.1;port=3306;dbname=babadaohk;charset=utf8
[ sql ] [ SQL ] SHOW COLUMNS FROM `cc_user` [ RunTime:0.001135s ]
[ sql ] [ SQL ] SELECT * FROM `cc_user` WHERE  `user_token` = '0a31b3f0e003eb4663c50ea860a2646f' LIMIT 1 [ RunTime:0.000572s ]
[ sql ] [ SQL ] SELECT * FROM cc_user as u INNER JOIN `cc_user_type` `t` ON `u`.`user_type_id`=`t`.`type_id` WHERE  `u`.`user_id` = '408' LIMIT 1 [ RunTime:0.001114s ]
---------------------------------------------------------------
[ 2019-02-06T11:59:36+08:00 ] 117.136.36.88 POST app.babadao.com/api/repayment/membergetchannel
[运行时间：0.060432s] [吞吐率：16.55req/s] [内存消耗：4,709.06kb] [文件加载：79]
[ info ] [ LANG ] /www/wwwroot/huanka/thinkphp/lang/zh-cn.php
[ info ] [ ROUTE ] array (
)
[ info ] [ HEADER ] array (
  'host' => 'app.babadao.com',
  'origin' => 'file://',
  'connection' => 'keep-alive',
  'accept' => 'application/json, text/javascript, */*; q=0.01',
  'user-agent' => 'Mozilla/5.0 (iPhone; CPU iPhone OS 12_1_2 like Mac OS X) AppleWebKit/605.1.15 (KHTML, like Gecko) Mobile/16C101 Html5Plus/1.0 (Immersed/20)',
  'accept-language' => 'zh-cn',
  'accept-encoding' => 'gzip, deflate',
  'content-type' => 'application/x-www-form-urlencoded; charset=UTF-8',
  'content-length' => '38',
)
[ info ] [ PARAM ] array (
  '/api/repayment/membergetchannel' => '',
  'token' => '0a31b3f0e003eb4663c50ea860a2646f',
)
[ info ] [ DB ] INIT mysql
[ sql ] [ DB ] CONNECT:[ UseTime:0.001803s ] mysql:host=127.0.0.1;port=3306;dbname=babadaohk;charset=utf8
[ sql ] [ SQL ] SHOW COLUMNS FROM `cc_user` [ RunTime:0.001243s ]
[ sql ] [ SQL ] SELECT * FROM `cc_user` WHERE  `user_token` = '0a31b3f0e003eb4663c50ea860a2646f' LIMIT 1 [ RunTime:0.000570s ]
[ sql ] [ SQL ] SHOW COLUMNS FROM `cc_payment_channel` [ RunTime:0.000773s ]
[ sql ] [ SQL ] SELECT * FROM `cc_payment_channel` WHERE  `channel_use` = 1 [ RunTime:0.000313s ]
[ sql ] [ SQL ] SHOW COLUMNS FROM `cc_payment` [ RunTime:0.000965s ]
[ sql ] [ SQL ] SELECT * FROM `cc_payment` WHERE  `payment_channel_id` = 1  AND `payment_type` = 4  AND `payment_use` = 1 LIMIT 1 [ RunTime:0.000503s ]
[ sql ] [ SQL ] SELECT * FROM `cc_payment` WHERE  `payment_channel_id` = 2  AND `payment_type` = 4  AND `payment_use` = 1 LIMIT 1 [ RunTime:0.000442s ]
[ sql ] [ SQL ] SELECT * FROM `cc_payment` WHERE  `payment_channel_id` = 3  AND `payment_type` = 4  AND `payment_use` = 1 LIMIT 1 [ RunTime:0.000461s ]
---------------------------------------------------------------
[ 2019-02-06T11:59:36+08:00 ] 117.136.36.88 POST app.babadao.com/api/my/Membership
[运行时间：0.057384s] [吞吐率：17.43req/s] [内存消耗：4,823.31kb] [文件加载：83]
[ info ] [ LANG ] /www/wwwroot/huanka/thinkphp/lang/zh-cn.php
[ info ] [ ROUTE ] array (
)
[ info ] [ HEADER ] array (
  'host' => 'app.babadao.com',
  'origin' => 'file://',
  'connection' => 'keep-alive',
  'accept' => 'application/json, text/javascript, */*; q=0.01',
  'user-agent' => 'Mozilla/5.0 (iPhone; CPU iPhone OS 12_1_2 like Mac OS X) AppleWebKit/605.1.15 (KHTML, like Gecko) Mobile/16C101 Html5Plus/1.0 (Immersed/20)',
  'accept-language' => 'zh-cn',
  'accept-encoding' => 'gzip, deflate',
  'content-type' => 'application/x-www-form-urlencoded; charset=UTF-8',
  'content-length' => '38',
)
[ info ] [ PARAM ] array (
  '/api/my/Membership' => '',
  'token' => '0a31b3f0e003eb4663c50ea860a2646f',
)
[ info ] [ DB ] INIT mysql
[ sql ] [ DB ] CONNECT:[ UseTime:0.001238s ] mysql:host=127.0.0.1;port=3306;dbname=babadaohk;charset=utf8
[ sql ] [ SQL ] SHOW COLUMNS FROM `cc_user` [ RunTime:0.000768s ]
[ sql ] [ SQL ] SELECT * FROM `cc_user` WHERE  `user_token` = '0a31b3f0e003eb4663c50ea860a2646f' LIMIT 1 [ RunTime:0.000449s ]
[ error ] [8]未定义变量: val[/www/wwwroot/huanka/application/api/controller/My.php:1469]
[ error ] [8]未定义变量: val[/www/wwwroot/huanka/application/api/controller/My.php:1470]
[ error ] [8]未定义变量: val[/www/wwwroot/huanka/application/api/controller/My.php:1474]
[ error ] [8]未定义变量: val[/www/wwwroot/huanka/application/api/controller/My.php:1555]
[ error ] [8]未定义变量: val[/www/wwwroot/huanka/application/api/controller/My.php:1635]
[ error ] [8]未定义数组索引: rate_type[/www/wwwroot/huanka/application/api/controller/My.php:1966]
[ error ] [8]未定义数组索引: rate_type[/www/wwwroot/huanka/application/api/controller/My.php:1970]
[ error ] [8]未定义变量: val[/www/wwwroot/huanka/application/api/controller/My.php:1469]
[ error ] [8]未定义变量: val[/www/wwwroot/huanka/application/api/controller/My.php:1470]
[ error ] [8]未定义变量: val[/www/wwwroot/huanka/application/api/controller/My.php:1474]
[ error ] [8]未定义变量: val[/www/wwwroot/huanka/application/api/controller/My.php:1555]
[ error ] [8]未定义变量: val[/www/wwwroot/huanka/application/api/controller/My.php:1635]
[ error ] [8]未定义数组索引: rate_type[/www/wwwroot/huanka/application/api/controller/My.php:1966]
[ error ] [8]未定义数组索引: rate_type[/www/wwwroot/huanka/application/api/controller/My.php:1970]
---------------------------------------------------------------
[ 2019-02-06T11:59:40+08:00 ] 117.136.36.88 POST app.babadao.com/api/my/info
[运行时间：0.061893s] [吞吐率：16.16req/s] [内存消耗：4,748.63kb] [文件加载：80]
[ info ] [ LANG ] /www/wwwroot/huanka/thinkphp/lang/zh-cn.php
[ info ] [ ROUTE ] array (
)
[ info ] [ HEADER ] array (
  'host' => 'app.babadao.com',
  'origin' => 'file://',
  'connection' => 'keep-alive',
  'accept' => 'application/json, text/javascript, */*; q=0.01',
  'user-agent' => 'Mozilla/5.0 (iPhone; CPU iPhone OS 12_1_2 like Mac OS X) AppleWebKit/605.1.15 (KHTML, like Gecko) Mobile/16C101 Html5Plus/1.0 (Immersed/20)',
  'accept-language' => 'zh-cn',
  'cache-control' => 'max-age=0',
  'accept-encoding' => 'gzip, deflate',
  'content-type' => 'application/x-www-form-urlencoded; charset=UTF-8',
  'content-length' => '38',
)
[ info ] [ PARAM ] array (
  '/api/my/info' => '',
  'token' => '0a31b3f0e003eb4663c50ea860a2646f',
)
[ info ] [ DB ] INIT mysql
[ sql ] [ DB ] CONNECT:[ UseTime:0.001793s ] mysql:host=127.0.0.1;port=3306;dbname=babadaohk;charset=utf8
[ sql ] [ SQL ] SHOW COLUMNS FROM `cc_user` [ RunTime:0.001274s ]
[ sql ] [ SQL ] SELECT * FROM `cc_user` WHERE  `user_token` = '0a31b3f0e003eb4663c50ea860a2646f' LIMIT 1 [ RunTime:0.000577s ]
[ sql ] [ SQL ] SELECT * FROM cc_user as u INNER JOIN `cc_user_type` `t` ON `u`.`user_type_id`=`t`.`type_id` WHERE  `u`.`user_id` = '408' LIMIT 1 [ RunTime:0.000533s ]
---------------------------------------------------------------
[ 2019-02-06T11:59:40+08:00 ] 117.136.36.88 POST app.babadao.com/api/my/index
[运行时间：0.060014s] [吞吐率：16.66req/s] [内存消耗：4,738.91kb] [文件加载：79]
[ info ] [ LANG ] /www/wwwroot/huanka/thinkphp/lang/zh-cn.php
[ info ] [ ROUTE ] array (
)
[ info ] [ HEADER ] array (
  'host' => 'app.babadao.com',
  'origin' => 'file://',
  'connection' => 'keep-alive',
  'accept' => 'application/json, text/javascript, */*; q=0.01',
  'user-agent' => 'Mozilla/5.0 (iPhone; CPU iPhone OS 12_1_2 like Mac OS X) AppleWebKit/605.1.15 (KHTML, like Gecko) Mobile/16C101 Html5Plus/1.0 (Immersed/20)',
  'accept-language' => 'zh-cn',
  'cache-control' => 'max-age=0',
  'accept-encoding' => 'gzip, deflate',
  'content-type' => 'application/x-www-form-urlencoded; charset=UTF-8',
  'content-length' => '38',
)
[ info ] [ PARAM ] array (
  '/api/my/index' => '',
  'token' => '0a31b3f0e003eb4663c50ea860a2646f',
)
[ info ] [ DB ] INIT mysql
[ sql ] [ DB ] CONNECT:[ UseTime:0.001275s ] mysql:host=127.0.0.1;port=3306;dbname=babadaohk;charset=utf8
[ sql ] [ SQL ] SHOW COLUMNS FROM `cc_user` [ RunTime:0.000949s ]
[ sql ] [ SQL ] SELECT * FROM `cc_user` WHERE  `user_token` = '0a31b3f0e003eb4663c50ea860a2646f' LIMIT 1 [ RunTime:0.000463s ]
[ sql ] [ SQL ] SHOW COLUMNS FROM `cc_user_card` [ RunTime:0.000854s ]
[ sql ] [ SQL ] SELECT COUNT(*) AS tp_count FROM `cc_user_card` WHERE  `card_uid` = 408  AND `card_type` = 1  AND `card_blocked` = 0 ORDER BY `card_state` DESC LIMIT 1 [ RunTime:0.000394s ]
---------------------------------------------------------------
[ 2019-02-06T11:59:45+08:00 ] 117.136.36.88 POST app.babadao.com/api/Common/version
[运行时间：0.036874s] [吞吐率：27.12req/s] [内存消耗：4,254.77kb] [文件加载：78]
[ info ] [ LANG ] /www/wwwroot/huanka/thinkphp/lang/zh-cn.php
[ info ] [ ROUTE ] array (
)
[ info ] [ HEADER ] array (
  'host' => 'app.babadao.com',
  'origin' => 'file://',
  'connection' => 'keep-alive',
  'accept' => '*/*',
  'user-agent' => 'Mozilla/5.0 (iPhone; CPU iPhone OS 12_1_2 like Mac OS X) AppleWebKit/605.1.15 (KHTML, like Gecko) Mobile/16C101 Html5Plus/1.0 (Immersed/20)',
  'accept-language' => 'zh-cn',
  'accept-encoding' => 'gzip, deflate',
  'x-requested-with' => 'XMLHttpRequest',
  'content-type' => 'application/x-www-form-urlencoded',
  'content-length' => '20',
)
[ info ] [ PARAM ] array (
  '/api/Common/version' => '',
  'os' => 'ios',
  'version' => '1.0.3',
)
[ info ] [ DB ] INIT mysql
[ sql ] [ DB ] CONNECT:[ UseTime:0.001395s ] mysql:host=127.0.0.1;port=3306;dbname=babadaohk;charset=utf8
[ sql ] [ SQL ] SHOW COLUMNS FROM `cc_app_versions` [ RunTime:0.000763s ]
[ sql ] [ SQL ] SELECT * FROM `cc_app_versions` ORDER BY `app_id` DESC LIMIT 1 [ RunTime:0.000351s ]
---------------------------------------------------------------
[ 2019-02-06T11:59:46+08:00 ] 117.136.36.88 GET app.babadao.com/api/Img/index?type=2
[运行时间：0.107568s] [吞吐率：9.30req/s] [内存消耗：4,242.70kb] [文件加载：78]
[ info ] [ LANG ] /www/wwwroot/huanka/thinkphp/lang/zh-cn.php
[ info ] [ ROUTE ] array (
)
[ info ] [ HEADER ] array (
  'host' => 'app.babadao.com',
  'accept' => 'application/json, text/javascript, */*; q=0.01',
  'accept-language' => 'zh-cn',
  'connection' => 'keep-alive',
  'accept-encoding' => 'gzip, deflate',
  'user-agent' => 'Mozilla/5.0 (iPhone; CPU iPhone OS 12_1_2 like Mac OS X) AppleWebKit/605.1.15 (KHTML, like Gecko) Mobile/16C101 Html5Plus/1.0 (Immersed/20)',
)
[ info ] [ PARAM ] array (
  '/api/Img/index' => '',
  'type' => '2',
)
[ info ] [ DB ] INIT mysql
[ sql ] [ DB ] CONNECT:[ UseTime:0.004767s ] mysql:host=127.0.0.1;port=3306;dbname=babadaohk;charset=utf8
[ sql ] [ SQL ] SHOW COLUMNS FROM `cc_img` [ RunTime:0.001065s ]
[ sql ] [ SQL ] SELECT * FROM `cc_img` WHERE  `img_start_switch` = 1  AND `img_type` = 2 ORDER BY `img_sort` ASC [ RunTime:0.000501s ]
---------------------------------------------------------------
[ 2019-02-06T11:59:46+08:00 ] 117.136.36.88 POST app.babadao.com/api/Message/getnumber
[运行时间：0.113647s] [吞吐率：8.80req/s] [内存消耗：4,330.73kb] [文件加载：79]
[ info ] [ LANG ] /www/wwwroot/huanka/thinkphp/lang/zh-cn.php
[ info ] [ ROUTE ] array (
)
[ info ] [ HEADER ] array (
  'host' => 'app.babadao.com',
  'origin' => 'file://',
  'connection' => 'keep-alive',
  'accept' => 'application/json, text/javascript, */*; q=0.01',
  'user-agent' => 'Mozilla/5.0 (iPhone; CPU iPhone OS 12_1_2 like Mac OS X) AppleWebKit/605.1.15 (KHTML, like Gecko) Mobile/16C101 Html5Plus/1.0 (Immersed/20)',
  'accept-language' => 'zh-cn',
  'accept-encoding' => 'gzip, deflate',
  'content-type' => 'application/x-www-form-urlencoded; charset=UTF-8',
  'content-length' => '38',
)
[ info ] [ PARAM ] array (
  '/api/Message/getnumber' => '',
  'token' => '0a31b3f0e003eb4663c50ea860a2646f',
)
[ info ] [ DB ] INIT mysql
[ sql ] [ DB ] CONNECT:[ UseTime:0.016968s ] mysql:host=127.0.0.1;port=3306;dbname=babadaohk;charset=utf8
[ sql ] [ SQL ] SHOW COLUMNS FROM `cc_user` [ RunTime:0.001013s ]
[ sql ] [ SQL ] SELECT * FROM `cc_user` WHERE  `user_token` = '0a31b3f0e003eb4663c50ea860a2646f' LIMIT 1 [ RunTime:0.000498s ]
[ sql ] [ SQL ] SHOW COLUMNS FROM `cc_message` [ RunTime:0.000740s ]
[ sql ] [ SQL ] SELECT COUNT(*) AS tp_count FROM `cc_message` WHERE  `message_uid` = 408  AND `message_read` = 0 LIMIT 1 [ RunTime:0.000288s ]
---------------------------------------------------------------
[ 2019-02-06T11:59:46+08:00 ] 117.136.36.88 POST app.babadao.com/api/my/info
[运行时间：0.114547s] [吞吐率：8.73req/s] [内存消耗：4,748.17kb] [文件加载：80]
[ info ] [ LANG ] /www/wwwroot/huanka/thinkphp/lang/zh-cn.php
[ info ] [ ROUTE ] array (
)
[ info ] [ HEADER ] array (
  'host' => 'app.babadao.com',
  'origin' => 'file://',
  'connection' => 'keep-alive',
  'accept' => 'application/json, text/javascript, */*; q=0.01',
  'user-agent' => 'Mozilla/5.0 (iPhone; CPU iPhone OS 12_1_2 like Mac OS X) AppleWebKit/605.1.15 (KHTML, like Gecko) Mobile/16C101 Html5Plus/1.0 (Immersed/20)',
  'accept-language' => 'zh-cn',
  'accept-encoding' => 'gzip, deflate',
  'content-type' => 'application/x-www-form-urlencoded; charset=UTF-8',
  'content-length' => '38',
)
[ info ] [ PARAM ] array (
  '/api/my/info' => '',
  'token' => '0a31b3f0e003eb4663c50ea860a2646f',
)
[ info ] [ DB ] INIT mysql
[ sql ] [ DB ] CONNECT:[ UseTime:0.002126s ] mysql:host=127.0.0.1;port=3306;dbname=babadaohk;charset=utf8
[ sql ] [ SQL ] SHOW COLUMNS FROM `cc_user` [ RunTime:0.000996s ]
[ sql ] [ SQL ] SELECT * FROM `cc_user` WHERE  `user_token` = '0a31b3f0e003eb4663c50ea860a2646f' LIMIT 1 [ RunTime:0.000487s ]
[ sql ] [ SQL ] SELECT * FROM cc_user as u INNER JOIN `cc_user_type` `t` ON `u`.`user_type_id`=`t`.`type_id` WHERE  `u`.`user_id` = '408' LIMIT 1 [ RunTime:0.000516s ]
---------------------------------------------------------------
[ 2019-02-06T11:59:46+08:00 ] 117.136.36.88 POST app.babadao.com/api/My/article
[运行时间：0.123104s] [吞吐率：8.12req/s] [内存消耗：4,919.16kb] [文件加载：82]
[ info ] [ LANG ] /www/wwwroot/huanka/thinkphp/lang/zh-cn.php
[ info ] [ ROUTE ] array (
)
[ info ] [ HEADER ] array (
  'host' => 'app.babadao.com',
  'origin' => 'file://',
  'connection' => 'keep-alive',
  'accept' => 'application/json, text/javascript, */*; q=0.01',
  'user-agent' => 'Mozilla/5.0 (iPhone; CPU iPhone OS 12_1_2 like Mac OS X) AppleWebKit/605.1.15 (KHTML, like Gecko) Mobile/16C101 Html5Plus/1.0 (Immersed/20)',
  'accept-language' => 'zh-cn',
  'accept-encoding' => 'gzip, deflate',
  'content-type' => 'application/x-www-form-urlencoded; charset=UTF-8',
  'content-length' => '52',
)
[ info ] [ PARAM ] array (
  '/api/My/article' => '',
  'token' => '0a31b3f0e003eb4663c50ea860a2646f',
  'type' => '1',
  'page' => '1',
)
[ info ] [ DB ] INIT mysql
[ sql ] [ DB ] CONNECT:[ UseTime:0.001648s ] mysql:host=127.0.0.1;port=3306;dbname=babadaohk;charset=utf8
[ sql ] [ SQL ] SHOW COLUMNS FROM `cc_user` [ RunTime:0.000982s ]
[ sql ] [ SQL ] SELECT * FROM `cc_user` WHERE  `user_token` = '0a31b3f0e003eb4663c50ea860a2646f' LIMIT 1 [ RunTime:0.000508s ]
[ sql ] [ SQL ] SHOW COLUMNS FROM `cc_article` [ RunTime:0.000856s ]
[ sql ] [ SQL ] SELECT COUNT(*) AS tp_count FROM `cc_article` WHERE  `article_type` = 1  AND `article_use` = 1 LIMIT 1 [ RunTime:0.000366s ]
[ sql ] [ SQL ] SELECT `article_id`,`article_title`,`article_type`,`article_img`,`article_time` FROM `cc_article` WHERE  `article_type` = 1  AND `article_use` = 1 LIMIT 0,10 [ RunTime:0.000484s ]
---------------------------------------------------------------
[ 2019-02-06T11:59:46+08:00 ] 117.136.36.88 POST app.babadao.com/api/my/info
[运行时间：0.126356s] [吞吐率：7.91req/s] [内存消耗：4,748.17kb] [文件加载：80]
[ info ] [ LANG ] /www/wwwroot/huanka/thinkphp/lang/zh-cn.php
[ info ] [ ROUTE ] array (
)
[ info ] [ HEADER ] array (
  'host' => 'app.babadao.com',
  'origin' => 'file://',
  'connection' => 'keep-alive',
  'accept' => 'application/json, text/javascript, */*; q=0.01',
  'user-agent' => 'Mozilla/5.0 (iPhone; CPU iPhone OS 12_1_2 like Mac OS X) AppleWebKit/605.1.15 (KHTML, like Gecko) Mobile/16C101 Html5Plus/1.0 (Immersed/20)',
  'accept-language' => 'zh-cn',
  'accept-encoding' => 'gzip, deflate',
  'content-type' => 'application/x-www-form-urlencoded; charset=UTF-8',
  'content-length' => '38',
)
[ info ] [ PARAM ] array (
  '/api/my/info' => '',
  'token' => '0a31b3f0e003eb4663c50ea860a2646f',
)
[ info ] [ DB ] INIT mysql
[ sql ] [ DB ] CONNECT:[ UseTime:0.010156s ] mysql:host=127.0.0.1;port=3306;dbname=babadaohk;charset=utf8
[ sql ] [ SQL ] SHOW COLUMNS FROM `cc_user` [ RunTime:0.001001s ]
[ sql ] [ SQL ] SELECT * FROM `cc_user` WHERE  `user_token` = '0a31b3f0e003eb4663c50ea860a2646f' LIMIT 1 [ RunTime:0.000466s ]
[ sql ] [ SQL ] SELECT * FROM cc_user as u INNER JOIN `cc_user_type` `t` ON `u`.`user_type_id`=`t`.`type_id` WHERE  `u`.`user_id` = '408' LIMIT 1 [ RunTime:0.000528s ]
---------------------------------------------------------------
[ 2019-02-06T11:59:46+08:00 ] 117.136.36.88 POST app.babadao.com/api/my/info
[运行时间：0.113434s] [吞吐率：8.82req/s] [内存消耗：4,748.17kb] [文件加载：80]
[ info ] [ LANG ] /www/wwwroot/huanka/thinkphp/lang/zh-cn.php
[ info ] [ ROUTE ] array (
)
[ info ] [ HEADER ] array (
  'host' => 'app.babadao.com',
  'origin' => 'file://',
  'connection' => 'keep-alive',
  'accept' => 'application/json, text/javascript, */*; q=0.01',
  'user-agent' => 'Mozilla/5.0 (iPhone; CPU iPhone OS 12_1_2 like Mac OS X) AppleWebKit/605.1.15 (KHTML, like Gecko) Mobile/16C101 Html5Plus/1.0 (Immersed/20)',
  'accept-language' => 'zh-cn',
  'accept-encoding' => 'gzip, deflate',
  'content-type' => 'application/x-www-form-urlencoded; charset=UTF-8',
  'content-length' => '38',
)
[ info ] [ PARAM ] array (
  '/api/my/info' => '',
  'token' => '0a31b3f0e003eb4663c50ea860a2646f',
)
[ info ] [ DB ] INIT mysql
[ sql ] [ DB ] CONNECT:[ UseTime:0.001287s ] mysql:host=127.0.0.1;port=3306;dbname=babadaohk;charset=utf8
[ sql ] [ SQL ] SHOW COLUMNS FROM `cc_user` [ RunTime:0.000949s ]
[ sql ] [ SQL ] SELECT * FROM `cc_user` WHERE  `user_token` = '0a31b3f0e003eb4663c50ea860a2646f' LIMIT 1 [ RunTime:0.000486s ]
[ sql ] [ SQL ] SELECT * FROM cc_user as u INNER JOIN `cc_user_type` `t` ON `u`.`user_type_id`=`t`.`type_id` WHERE  `u`.`user_id` = '408' LIMIT 1 [ RunTime:0.000503s ]
---------------------------------------------------------------
[ 2019-02-06T11:59:46+08:00 ] 117.136.36.88 POST app.babadao.com/api/my/index
[运行时间：0.120619s] [吞吐率：8.29req/s] [内存消耗：4,738.13kb] [文件加载：79]
[ info ] [ LANG ] /www/wwwroot/huanka/thinkphp/lang/zh-cn.php
[ info ] [ ROUTE ] array (
)
[ info ] [ HEADER ] array (
  'host' => 'app.babadao.com',
  'origin' => 'file://',
  'connection' => 'keep-alive',
  'accept' => 'application/json, text/javascript, */*; q=0.01',
  'user-agent' => 'Mozilla/5.0 (iPhone; CPU iPhone OS 12_1_2 like Mac OS X) AppleWebKit/605.1.15 (KHTML, like Gecko) Mobile/16C101 Html5Plus/1.0 (Immersed/20)',
  'accept-language' => 'zh-cn',
  'accept-encoding' => 'gzip, deflate',
  'content-type' => 'application/x-www-form-urlencoded; charset=UTF-8',
  'content-length' => '38',
)
[ info ] [ PARAM ] array (
  '/api/my/index' => '',
  'token' => '0a31b3f0e003eb4663c50ea860a2646f',
)
[ info ] [ DB ] INIT mysql
[ sql ] [ DB ] CONNECT:[ UseTime:0.001352s ] mysql:host=127.0.0.1;port=3306;dbname=babadaohk;charset=utf8
[ sql ] [ SQL ] SHOW COLUMNS FROM `cc_user` [ RunTime:0.001169s ]
[ sql ] [ SQL ] SELECT * FROM `cc_user` WHERE  `user_token` = '0a31b3f0e003eb4663c50ea860a2646f' LIMIT 1 [ RunTime:0.000473s ]
[ sql ] [ SQL ] SHOW COLUMNS FROM `cc_user_card` [ RunTime:0.000882s ]
[ sql ] [ SQL ] SELECT COUNT(*) AS tp_count FROM `cc_user_card` WHERE  `card_uid` = 408  AND `card_type` = 1  AND `card_blocked` = 0 ORDER BY `card_state` DESC LIMIT 1 [ RunTime:0.000365s ]
---------------------------------------------------------------
[ 2019-02-06T11:59:46+08:00 ] 117.136.36.88 GET app.babadao.com/api/Bank_Apply/getBank?_=1549425585952
[运行时间：0.419860s] [吞吐率：2.38req/s] [内存消耗：4,405.88kb] [文件加载：82]
[ info ] [ LANG ] /www/wwwroot/huanka/thinkphp/lang/zh-cn.php
[ info ] [ ROUTE ] array (
)
[ info ] [ HEADER ] array (
  'host' => 'app.babadao.com',
  'accept' => '*/*',
  'accept-language' => 'zh-cn',
  'connection' => 'keep-alive',
  'accept-encoding' => 'gzip, deflate',
  'user-agent' => 'Mozilla/5.0 (iPhone; CPU iPhone OS 12_1_2 like Mac OS X) AppleWebKit/605.1.15 (KHTML, like Gecko) Mobile/16C101 Html5Plus/1.0 (Immersed/20)',
)
[ info ] [ PARAM ] array (
  '/api/Bank_Apply/getBank' => '',
  '_' => '1549425585952',
)
[ info ] [ DB ] INIT mysql
[ sql ] [ DB ] CONNECT:[ UseTime:0.009548s ] mysql:host=127.0.0.1;port=3306;dbname=babadaohk;charset=utf8
[ sql ] [ SQL ] SHOW COLUMNS FROM `cc_bank_apply` [ RunTime:0.000829s ]
[ sql ] [ SQL ] SELECT * FROM `cc_bank_apply` WHERE  `apply_type` = 1  AND `apply_use` = 1 LIMIT 1 [ RunTime:0.000436s ]
---------------------------------------------------------------
[ 2019-02-06T11:59:46+08:00 ] 117.136.36.88 POST app.babadao.com/api/Make/index
[运行时间：0.045766s] [吞吐率：21.85req/s] [内存消耗：4,492.28kb] [文件加载：83]
[ info ] [ LANG ] /www/wwwroot/huanka/thinkphp/lang/zh-cn.php
[ info ] [ ROUTE ] array (
)
[ info ] [ HEADER ] array (
  'host' => 'app.babadao.com',
  'origin' => 'file://',
  'connection' => 'keep-alive',
  'accept' => 'application/json, text/javascript, */*; q=0.01',
  'user-agent' => 'Mozilla/5.0 (iPhone; CPU iPhone OS 12_1_2 like Mac OS X) AppleWebKit/605.1.15 (KHTML, like Gecko) Mobile/16C101 Html5Plus/1.0 (Immersed/20)',
  'accept-language' => 'zh-cn',
  'accept-encoding' => 'gzip, deflate',
  'content-type' => 'application/x-www-form-urlencoded; charset=UTF-8',
  'content-length' => '38',
)
[ info ] [ PARAM ] array (
  '/api/Make/index' => '',
  'token' => '0a31b3f0e003eb4663c50ea860a2646f',
)
[ info ] [ DB ] INIT mysql
[ sql ] [ DB ] CONNECT:[ UseTime:0.001347s ] mysql:host=127.0.0.1;port=3306;dbname=babadaohk;charset=utf8
[ sql ] [ SQL ] SHOW COLUMNS FROM `cc_user` [ RunTime:0.000863s ]
[ sql ] [ SQL ] SELECT * FROM `cc_user` WHERE  `user_token` = '0a31b3f0e003eb4663c50ea860a2646f' LIMIT 1 [ RunTime:0.000481s ]
[ sql ] [ SQL ] SHOW COLUMNS FROM `cc_user_card` [ RunTime:0.000610s ]
[ sql ] [ SQL ] SELECT * FROM `cc_user_card` WHERE  `card_uid` = 408  AND `card_type` = 1 LIMIT 1 [ RunTime:0.000361s ]
[ sql ] [ SQL ] SHOW COLUMNS FROM `cc_mission` [ RunTime:0.000663s ]
[ sql ] [ SQL ] SELECT * FROM `cc_mission` WHERE  `mission_uid` = 408  AND `mission_state` = 2 LIMIT 1 [ RunTime:0.000400s ]
[ sql ] [ SQL ] SHOW COLUMNS FROM `cc_pay_records` [ RunTime:0.000588s ]
[ sql ] [ SQL ] SELECT * FROM `cc_pay_records` WHERE  `records_uid` = 408  AND `records_state` = 5 LIMIT 1 [ RunTime:0.000357s ]
[ sql ] [ SQL ] SHOW COLUMNS FROM `cc_user_type` [ RunTime:0.000562s ]
[ sql ] [ SQL ] SELECT * FROM `cc_user_type` WHERE  `type_fee` = 0  AND `type_state` = 0 ORDER BY `type_sort` ASC [ RunTime:0.000343s ]
[ sql ] [ SQL ] SELECT COUNT(*) AS tp_count FROM `cc_user` WHERE  `user_pid` = 408  AND `user_state` = 0 LIMIT 1 [ RunTime:0.000318s ]
[ sql ] [ SQL ] SELECT * FROM `cc_user_type` WHERE  `type_id` = 2 LIMIT 1 [ RunTime:0.000305s ]
[ sql ] [ SQL ] SHOW COLUMNS FROM `cc_rate` [ RunTime:0.000567s ]
[ sql ] [ SQL ] SELECT * FROM `cc_rate` WHERE  `rate_type_id` = 10  AND `rate_type` = 1 LIMIT 1 [ RunTime:0.000316s ]
[ sql ] [ SQL ] SELECT * FROM `cc_rate` WHERE  `rate_type_id` = 10  AND `rate_type` = 2 LIMIT 1 [ RunTime:0.000323s ]
[ error ] [8]未定义数组下标: 4[/www/wwwroot/huanka/application/api/controller/Make.php:197]
[ error ] [8]未定义数组下标: 4[/www/wwwroot/huanka/application/api/controller/Make.php:197]
[ error ] [8]未定义数组下标: 4[/www/wwwroot/huanka/application/api/controller/Make.php:197]
---------------------------------------------------------------
[ 2019-02-06T11:59:47+08:00 ] 117.136.36.88 GET app.babadao.com/api/Bank_Apply/banklist?id=928519625187000320&page=1&_=1549425586808
[运行时间：0.482097s] [吞吐率：2.07req/s] [内存消耗：4,407.05kb] [文件加载：82]
[ info ] [ LANG ] /www/wwwroot/huanka/thinkphp/lang/zh-cn.php
[ info ] [ ROUTE ] array (
)
[ info ] [ HEADER ] array (
  'host' => 'app.babadao.com',
  'accept' => '*/*',
  'accept-language' => 'zh-cn',
  'connection' => 'keep-alive',
  'accept-encoding' => 'gzip, deflate',
  'user-agent' => 'Mozilla/5.0 (iPhone; CPU iPhone OS 12_1_2 like Mac OS X) AppleWebKit/605.1.15 (KHTML, like Gecko) Mobile/16C101 Html5Plus/1.0 (Immersed/20)',
)
[ info ] [ PARAM ] array (
  '/api/Bank_Apply/banklist' => '',
  'id' => '928519625187000320',
  'page' => '1',
  '_' => '1549425586808',
)
[ info ] [ DB ] INIT mysql
[ sql ] [ DB ] CONNECT:[ UseTime:0.000616s ] mysql:host=127.0.0.1;port=3306;dbname=babadaohk;charset=utf8
[ sql ] [ SQL ] SHOW COLUMNS FROM `cc_bank_apply` [ RunTime:0.000746s ]
[ sql ] [ SQL ] SELECT * FROM `cc_bank_apply` WHERE  `apply_type` = 1  AND `apply_use` = 1 LIMIT 1 [ RunTime:0.000409s ]
---------------------------------------------------------------
[ 2019-02-06T11:59:50+08:00 ] 117.136.36.88 POST app.babadao.com/api/my/info
[运行时间：0.079941s] [吞吐率：12.51req/s] [内存消耗：4,748.17kb] [文件加载：80]
[ info ] [ LANG ] /www/wwwroot/huanka/thinkphp/lang/zh-cn.php
[ info ] [ ROUTE ] array (
)
[ info ] [ HEADER ] array (
  'host' => 'app.babadao.com',
  'origin' => 'file://',
  'connection' => 'keep-alive',
  'accept' => 'application/json, text/javascript, */*; q=0.01',
  'user-agent' => 'Mozilla/5.0 (iPhone; CPU iPhone OS 12_1_2 like Mac OS X) AppleWebKit/605.1.15 (KHTML, like Gecko) Mobile/16C101 Html5Plus/1.0 (Immersed/20)',
  'accept-language' => 'zh-cn',
  'accept-encoding' => 'gzip, deflate',
  'content-type' => 'application/x-www-form-urlencoded; charset=UTF-8',
  'content-length' => '38',
)
[ info ] [ PARAM ] array (
  '/api/my/info' => '',
  'token' => '0a31b3f0e003eb4663c50ea860a2646f',
)
[ info ] [ DB ] INIT mysql
[ sql ] [ DB ] CONNECT:[ UseTime:0.000455s ] mysql:host=127.0.0.1;port=3306;dbname=babadaohk;charset=utf8
[ sql ] [ SQL ] SHOW COLUMNS FROM `cc_user` [ RunTime:0.001230s ]
[ sql ] [ SQL ] SELECT * FROM `cc_user` WHERE  `user_token` = '0a31b3f0e003eb4663c50ea860a2646f' LIMIT 1 [ RunTime:0.000565s ]
[ sql ] [ SQL ] SELECT * FROM cc_user as u INNER JOIN `cc_user_type` `t` ON `u`.`user_type_id`=`t`.`type_id` WHERE  `u`.`user_id` = '408' LIMIT 1 [ RunTime:0.000555s ]
---------------------------------------------------------------
[ 2019-02-06T11:59:50+08:00 ] 117.136.36.88 POST app.babadao.com/api/my/Membership
[运行时间：0.058970s] [吞吐率：16.96req/s] [内存消耗：4,823.34kb] [文件加载：83]
[ info ] [ LANG ] /www/wwwroot/huanka/thinkphp/lang/zh-cn.php
[ info ] [ ROUTE ] array (
)
[ info ] [ HEADER ] array (
  'host' => 'app.babadao.com',
  'origin' => 'file://',
  'connection' => 'keep-alive',
  'accept' => 'application/json, text/javascript, */*; q=0.01',
  'user-agent' => 'Mozilla/5.0 (iPhone; CPU iPhone OS 12_1_2 like Mac OS X) AppleWebKit/605.1.15 (KHTML, like Gecko) Mobile/16C101 Html5Plus/1.0 (Immersed/20)',
  'accept-language' => 'zh-cn',
  'accept-encoding' => 'gzip, deflate',
  'content-type' => 'application/x-www-form-urlencoded; charset=UTF-8',
  'content-length' => '38',
)
[ info ] [ PARAM ] array (
  '/api/my/Membership' => '',
  'token' => '0a31b3f0e003eb4663c50ea860a2646f',
)
[ info ] [ DB ] INIT mysql
[ sql ] [ DB ] CONNECT:[ UseTime:0.000254s ] mysql:host=127.0.0.1;port=3306;dbname=babadaohk;charset=utf8
[ sql ] [ SQL ] SHOW COLUMNS FROM `cc_user` [ RunTime:0.000959s ]
[ sql ] [ SQL ] SELECT * FROM `cc_user` WHERE  `user_token` = '0a31b3f0e003eb4663c50ea860a2646f' LIMIT 1 [ RunTime:0.000499s ]
[ error ] [8]未定义变量: val[/www/wwwroot/huanka/application/api/controller/My.php:1469]
[ error ] [8]未定义变量: val[/www/wwwroot/huanka/application/api/controller/My.php:1470]
[ error ] [8]未定义变量: val[/www/wwwroot/huanka/application/api/controller/My.php:1474]
[ error ] [8]未定义变量: val[/www/wwwroot/huanka/application/api/controller/My.php:1555]
[ error ] [8]未定义变量: val[/www/wwwroot/huanka/application/api/controller/My.php:1635]
[ error ] [8]未定义数组索引: rate_type[/www/wwwroot/huanka/application/api/controller/My.php:1966]
[ error ] [8]未定义数组索引: rate_type[/www/wwwroot/huanka/application/api/controller/My.php:1970]
[ error ] [8]未定义变量: val[/www/wwwroot/huanka/application/api/controller/My.php:1469]
[ error ] [8]未定义变量: val[/www/wwwroot/huanka/application/api/controller/My.php:1470]
[ error ] [8]未定义变量: val[/www/wwwroot/huanka/application/api/controller/My.php:1474]
[ error ] [8]未定义变量: val[/www/wwwroot/huanka/application/api/controller/My.php:1555]
[ error ] [8]未定义变量: val[/www/wwwroot/huanka/application/api/controller/My.php:1635]
[ error ] [8]未定义数组索引: rate_type[/www/wwwroot/huanka/application/api/controller/My.php:1966]
[ error ] [8]未定义数组索引: rate_type[/www/wwwroot/huanka/application/api/controller/My.php:1970]
---------------------------------------------------------------
[ 2019-02-06T11:59:50+08:00 ] 117.136.36.88 POST app.babadao.com/api/repayment/membergetchannel
[运行时间：0.077073s] [吞吐率：12.97req/s] [内存消耗：4,709.06kb] [文件加载：79]
[ info ] [ LANG ] /www/wwwroot/huanka/thinkphp/lang/zh-cn.php
[ info ] [ ROUTE ] array (
)
[ info ] [ HEADER ] array (
  'host' => 'app.babadao.com',
  'origin' => 'file://',
  'connection' => 'keep-alive',
  'accept' => 'application/json, text/javascript, */*; q=0.01',
  'user-agent' => 'Mozilla/5.0 (iPhone; CPU iPhone OS 12_1_2 like Mac OS X) AppleWebKit/605.1.15 (KHTML, like Gecko) Mobile/16C101 Html5Plus/1.0 (Immersed/20)',
  'accept-language' => 'zh-cn',
  'accept-encoding' => 'gzip, deflate',
  'content-type' => 'application/x-www-form-urlencoded; charset=UTF-8',
  'content-length' => '38',
)
[ info ] [ PARAM ] array (
  '/api/repayment/membergetchannel' => '',
  'token' => '0a31b3f0e003eb4663c50ea860a2646f',
)
[ info ] [ DB ] INIT mysql
[ sql ] [ DB ] CONNECT:[ UseTime:0.001311s ] mysql:host=127.0.0.1;port=3306;dbname=babadaohk;charset=utf8
[ sql ] [ SQL ] SHOW COLUMNS FROM `cc_user` [ RunTime:0.000846s ]
[ sql ] [ SQL ] SELECT * FROM `cc_user` WHERE  `user_token` = '0a31b3f0e003eb4663c50ea860a2646f' LIMIT 1 [ RunTime:0.000458s ]
[ sql ] [ SQL ] SHOW COLUMNS FROM `cc_payment_channel` [ RunTime:0.000563s ]
[ sql ] [ SQL ] SELECT * FROM `cc_payment_channel` WHERE  `channel_use` = 1 [ RunTime:0.000284s ]
[ sql ] [ SQL ] SHOW COLUMNS FROM `cc_payment` [ RunTime:0.000668s ]
[ sql ] [ SQL ] SELECT * FROM `cc_payment` WHERE  `payment_channel_id` = 1  AND `payment_type` = 4  AND `payment_use` = 1 LIMIT 1 [ RunTime:0.000436s ]
[ sql ] [ SQL ] SELECT * FROM `cc_payment` WHERE  `payment_channel_id` = 2  AND `payment_type` = 4  AND `payment_use` = 1 LIMIT 1 [ RunTime:0.000397s ]
[ sql ] [ SQL ] SELECT * FROM `cc_payment` WHERE  `payment_channel_id` = 3  AND `payment_type` = 4  AND `payment_use` = 1 LIMIT 1 [ RunTime:0.000409s ]
---------------------------------------------------------------
[ 2019-02-06T11:59:54+08:00 ] 117.136.36.88 POST app.babadao.com/api/my/index
[运行时间：0.061214s] [吞吐率：16.34req/s] [内存消耗：4,738.91kb] [文件加载：79]
[ info ] [ LANG ] /www/wwwroot/huanka/thinkphp/lang/zh-cn.php
[ info ] [ ROUTE ] array (
)
[ info ] [ HEADER ] array (
  'host' => 'app.babadao.com',
  'origin' => 'file://',
  'connection' => 'keep-alive',
  'accept' => 'application/json, text/javascript, */*; q=0.01',
  'user-agent' => 'Mozilla/5.0 (iPhone; CPU iPhone OS 12_1_2 like Mac OS X) AppleWebKit/605.1.15 (KHTML, like Gecko) Mobile/16C101 Html5Plus/1.0 (Immersed/20)',
  'accept-language' => 'zh-cn',
  'cache-control' => 'max-age=0',
  'accept-encoding' => 'gzip, deflate',
  'content-type' => 'application/x-www-form-urlencoded; charset=UTF-8',
  'content-length' => '38',
)
[ info ] [ PARAM ] array (
  '/api/my/index' => '',
  'token' => '0a31b3f0e003eb4663c50ea860a2646f',
)
[ info ] [ DB ] INIT mysql
[ sql ] [ DB ] CONNECT:[ UseTime:0.001725s ] mysql:host=127.0.0.1;port=3306;dbname=babadaohk;charset=utf8
[ sql ] [ SQL ] SHOW COLUMNS FROM `cc_user` [ RunTime:0.001271s ]
[ sql ] [ SQL ] SELECT * FROM `cc_user` WHERE  `user_token` = '0a31b3f0e003eb4663c50ea860a2646f' LIMIT 1 [ RunTime:0.000566s ]
[ sql ] [ SQL ] SHOW COLUMNS FROM `cc_user_card` [ RunTime:0.000870s ]
[ sql ] [ SQL ] SELECT COUNT(*) AS tp_count FROM `cc_user_card` WHERE  `card_uid` = 408  AND `card_type` = 1  AND `card_blocked` = 0 ORDER BY `card_state` DESC LIMIT 1 [ RunTime:0.000368s ]
---------------------------------------------------------------
[ 2019-02-06T11:59:54+08:00 ] 117.136.36.88 POST app.babadao.com/api/my/info
[运行时间：0.059378s] [吞吐率：16.84req/s] [内存消耗：4,748.63kb] [文件加载：80]
[ info ] [ LANG ] /www/wwwroot/huanka/thinkphp/lang/zh-cn.php
[ info ] [ ROUTE ] array (
)
[ info ] [ HEADER ] array (
  'host' => 'app.babadao.com',
  'origin' => 'file://',
  'connection' => 'keep-alive',
  'accept' => 'application/json, text/javascript, */*; q=0.01',
  'user-agent' => 'Mozilla/5.0 (iPhone; CPU iPhone OS 12_1_2 like Mac OS X) AppleWebKit/605.1.15 (KHTML, like Gecko) Mobile/16C101 Html5Plus/1.0 (Immersed/20)',
  'accept-language' => 'zh-cn',
  'cache-control' => 'max-age=0',
  'accept-encoding' => 'gzip, deflate',
  'content-type' => 'application/x-www-form-urlencoded; charset=UTF-8',
  'content-length' => '38',
)
[ info ] [ PARAM ] array (
  '/api/my/info' => '',
  'token' => '0a31b3f0e003eb4663c50ea860a2646f',
)
[ info ] [ DB ] INIT mysql
[ sql ] [ DB ] CONNECT:[ UseTime:0.001219s ] mysql:host=127.0.0.1;port=3306;dbname=babadaohk;charset=utf8
[ sql ] [ SQL ] SHOW COLUMNS FROM `cc_user` [ RunTime:0.000971s ]
[ sql ] [ SQL ] SELECT * FROM `cc_user` WHERE  `user_token` = '0a31b3f0e003eb4663c50ea860a2646f' LIMIT 1 [ RunTime:0.000485s ]
[ sql ] [ SQL ] SELECT * FROM cc_user as u INNER JOIN `cc_user_type` `t` ON `u`.`user_type_id`=`t`.`type_id` WHERE  `u`.`user_id` = '408' LIMIT 1 [ RunTime:0.000468s ]
---------------------------------------------------------------
[ 2019-02-06T12:18:15+08:00 ] 117.136.36.88 POST app.babadao.com/api/my/info
[运行时间：0.063688s] [吞吐率：15.70req/s] [内存消耗：4,748.17kb] [文件加载：80]
[ info ] [ LANG ] /www/wwwroot/huanka/thinkphp/lang/zh-cn.php
[ info ] [ ROUTE ] array (
)
[ info ] [ HEADER ] array (
  'host' => 'app.babadao.com',
  'origin' => 'file://',
  'connection' => 'keep-alive',
  'accept' => 'application/json, text/javascript, */*; q=0.01',
  'user-agent' => 'Mozilla/5.0 (iPhone; CPU iPhone OS 12_1_2 like Mac OS X) AppleWebKit/605.1.15 (KHTML, like Gecko) Mobile/16C101 Html5Plus/1.0 (Immersed/20)',
  'accept-language' => 'zh-cn',
  'accept-encoding' => 'gzip, deflate',
  'content-type' => 'application/x-www-form-urlencoded; charset=UTF-8',
  'content-length' => '38',
)
[ info ] [ PARAM ] array (
  '/api/my/info' => '',
  'token' => '0a31b3f0e003eb4663c50ea860a2646f',
)
[ info ] [ DB ] INIT mysql
[ sql ] [ DB ] CONNECT:[ UseTime:0.002549s ] mysql:host=127.0.0.1;port=3306;dbname=babadaohk;charset=utf8
[ sql ] [ SQL ] SHOW COLUMNS FROM `cc_user` [ RunTime:0.001177s ]
[ sql ] [ SQL ] SELECT * FROM `cc_user` WHERE  `user_token` = '0a31b3f0e003eb4663c50ea860a2646f' LIMIT 1 [ RunTime:0.000547s ]
[ sql ] [ SQL ] SELECT * FROM cc_user as u INNER JOIN `cc_user_type` `t` ON `u`.`user_type_id`=`t`.`type_id` WHERE  `u`.`user_id` = '408' LIMIT 1 [ RunTime:0.004466s ]
---------------------------------------------------------------
[ 2019-02-06T12:18:16+08:00 ] 117.136.36.88 POST app.babadao.com/api/my/Membership
[运行时间：0.079728s] [吞吐率：12.54req/s] [内存消耗：4,823.34kb] [文件加载：83]
[ info ] [ LANG ] /www/wwwroot/huanka/thinkphp/lang/zh-cn.php
[ info ] [ ROUTE ] array (
)
[ info ] [ HEADER ] array (
  'host' => 'app.babadao.com',
  'origin' => 'file://',
  'connection' => 'keep-alive',
  'accept' => 'application/json, text/javascript, */*; q=0.01',
  'user-agent' => 'Mozilla/5.0 (iPhone; CPU iPhone OS 12_1_2 like Mac OS X) AppleWebKit/605.1.15 (KHTML, like Gecko) Mobile/16C101 Html5Plus/1.0 (Immersed/20)',
  'accept-language' => 'zh-cn',
  'accept-encoding' => 'gzip, deflate',
  'content-type' => 'application/x-www-form-urlencoded; charset=UTF-8',
  'content-length' => '38',
)
[ info ] [ PARAM ] array (
  '/api/my/Membership' => '',
  'token' => '0a31b3f0e003eb4663c50ea860a2646f',
)
[ info ] [ DB ] INIT mysql
[ sql ] [ DB ] CONNECT:[ UseTime:0.000331s ] mysql:host=127.0.0.1;port=3306;dbname=babadaohk;charset=utf8
[ sql ] [ SQL ] SHOW COLUMNS FROM `cc_user` [ RunTime:0.001051s ]
[ sql ] [ SQL ] SELECT * FROM `cc_user` WHERE  `user_token` = '0a31b3f0e003eb4663c50ea860a2646f' LIMIT 1 [ RunTime:0.000512s ]
[ error ] [8]未定义变量: val[/www/wwwroot/huanka/application/api/controller/My.php:1469]
[ error ] [8]未定义变量: val[/www/wwwroot/huanka/application/api/controller/My.php:1470]
[ error ] [8]未定义变量: val[/www/wwwroot/huanka/application/api/controller/My.php:1474]
[ error ] [8]未定义变量: val[/www/wwwroot/huanka/application/api/controller/My.php:1555]
[ error ] [8]未定义变量: val[/www/wwwroot/huanka/application/api/controller/My.php:1635]
[ error ] [8]未定义数组索引: rate_type[/www/wwwroot/huanka/application/api/controller/My.php:1966]
[ error ] [8]未定义数组索引: rate_type[/www/wwwroot/huanka/application/api/controller/My.php:1970]
[ error ] [8]未定义变量: val[/www/wwwroot/huanka/application/api/controller/My.php:1469]
[ error ] [8]未定义变量: val[/www/wwwroot/huanka/application/api/controller/My.php:1470]
[ error ] [8]未定义变量: val[/www/wwwroot/huanka/application/api/controller/My.php:1474]
[ error ] [8]未定义变量: val[/www/wwwroot/huanka/application/api/controller/My.php:1555]
[ error ] [8]未定义变量: val[/www/wwwroot/huanka/application/api/controller/My.php:1635]
[ error ] [8]未定义数组索引: rate_type[/www/wwwroot/huanka/application/api/controller/My.php:1966]
[ error ] [8]未定义数组索引: rate_type[/www/wwwroot/huanka/application/api/controller/My.php:1970]
---------------------------------------------------------------
[ 2019-02-06T12:18:16+08:00 ] 117.136.36.88 POST app.babadao.com/api/repayment/membergetchannel
[运行时间：0.090443s] [吞吐率：11.06req/s] [内存消耗：4,709.06kb] [文件加载：79]
[ info ] [ LANG ] /www/wwwroot/huanka/thinkphp/lang/zh-cn.php
[ info ] [ ROUTE ] array (
)
[ info ] [ HEADER ] array (
  'host' => 'app.babadao.com',
  'origin' => 'file://',
  'connection' => 'keep-alive',
  'accept' => 'application/json, text/javascript, */*; q=0.01',
  'user-agent' => 'Mozilla/5.0 (iPhone; CPU iPhone OS 12_1_2 like Mac OS X) AppleWebKit/605.1.15 (KHTML, like Gecko) Mobile/16C101 Html5Plus/1.0 (Immersed/20)',
  'accept-language' => 'zh-cn',
  'accept-encoding' => 'gzip, deflate',
  'content-type' => 'application/x-www-form-urlencoded; charset=UTF-8',
  'content-length' => '38',
)
[ info ] [ PARAM ] array (
  '/api/repayment/membergetchannel' => '',
  'token' => '0a31b3f0e003eb4663c50ea860a2646f',
)
[ info ] [ DB ] INIT mysql
[ sql ] [ DB ] CONNECT:[ UseTime:0.000256s ] mysql:host=127.0.0.1;port=3306;dbname=babadaohk;charset=utf8
[ sql ] [ SQL ] SHOW COLUMNS FROM `cc_user` [ RunTime:0.000975s ]
[ sql ] [ SQL ] SELECT * FROM `cc_user` WHERE  `user_token` = '0a31b3f0e003eb4663c50ea860a2646f' LIMIT 1 [ RunTime:0.000472s ]
[ sql ] [ SQL ] SHOW COLUMNS FROM `cc_payment_channel` [ RunTime:0.000719s ]
[ sql ] [ SQL ] SELECT * FROM `cc_payment_channel` WHERE  `channel_use` = 1 [ RunTime:0.000294s ]
[ sql ] [ SQL ] SHOW COLUMNS FROM `cc_payment` [ RunTime:0.000926s ]
[ sql ] [ SQL ] SELECT * FROM `cc_payment` WHERE  `payment_channel_id` = 1  AND `payment_type` = 4  AND `payment_use` = 1 LIMIT 1 [ RunTime:0.000456s ]
[ sql ] [ SQL ] SELECT * FROM `cc_payment` WHERE  `payment_channel_id` = 2  AND `payment_type` = 4  AND `payment_use` = 1 LIMIT 1 [ RunTime:0.000418s ]
[ sql ] [ SQL ] SELECT * FROM `cc_payment` WHERE  `payment_channel_id` = 3  AND `payment_type` = 4  AND `payment_use` = 1 LIMIT 1 [ RunTime:0.000433s ]
---------------------------------------------------------------
[ 2019-02-06T12:18:25+08:00 ] 117.136.36.88 POST app.babadao.com/api/payrecords/memberupgrade
[运行时间：0.319394s] [吞吐率：3.13req/s] [内存消耗：4,878.30kb] [文件加载：82]
[ info ] [ LANG ] /www/wwwroot/huanka/thinkphp/lang/zh-cn.php
[ info ] [ ROUTE ] array (
)
[ info ] [ HEADER ] array (
  'host' => 'app.babadao.com',
  'origin' => 'file://',
  'connection' => 'keep-alive',
  'accept' => 'application/json, text/javascript, */*; q=0.01',
  'user-agent' => 'Mozilla/5.0 (iPhone; CPU iPhone OS 12_1_2 like Mac OS X) AppleWebKit/605.1.15 (KHTML, like Gecko) Mobile/16C101 Html5Plus/1.0 (Immersed/20)',
  'accept-language' => 'zh-cn',
  'accept-encoding' => 'gzip, deflate',
  'content-type' => 'application/x-www-form-urlencoded; charset=UTF-8',
  'content-length' => '73',
)
[ info ] [ PARAM ] array (
  '/api/payrecords/memberupgrade' => '',
  'token' => '0a31b3f0e003eb4663c50ea860a2646f',
  'price' => '88.00',
  'chennel_id' => '3',
  'type_id' => '1',
)
[ info ] [ DB ] INIT mysql
[ sql ] [ DB ] CONNECT:[ UseTime:0.000401s ] mysql:host=127.0.0.1;port=3306;dbname=babadaohk;charset=utf8
[ sql ] [ SQL ] SHOW COLUMNS FROM `cc_user` [ RunTime:0.000861s ]
[ sql ] [ SQL ] SELECT * FROM `cc_user` WHERE  `user_token` = '0a31b3f0e003eb4663c50ea860a2646f' LIMIT 1 [ RunTime:0.000469s ]
[ sql ] [ SQL ] SHOW COLUMNS FROM `cc_user_type` [ RunTime:0.000573s ]
[ sql ] [ SQL ] SELECT * FROM `cc_user_type` WHERE  `type_id` = 1 LIMIT 1 [ RunTime:0.000303s ]
[ sql ] [ SQL ] SHOW COLUMNS FROM `cc_payment` [ RunTime:0.000663s ]
[ sql ] [ SQL ] SELECT * FROM `cc_payment` WHERE  `payment_type` = 4  AND `payment_use` = 1  AND `payment_channel_id` = 3 LIMIT 1 [ RunTime:0.000422s ]
[ sql ] [ SQL ] SHOW COLUMNS FROM `cc_pay_upgrade` [ RunTime:0.000569s ]
[ sql ] [ SQL ] INSERT INTO `cc_pay_upgrade` (`upgrade_uid` , `upgrade_pay_id` , `upgrade_form_no` , `upgrade_money` , `upgrade_type_id` , `upgrade_state` , `upgrade_time`) VALUES (408 , 5 , '40855801549426705' , 88 , 1 , 0 , 1549426705) [ RunTime:0.000339s ]
[ sql ] [ SQL ] SELECT * FROM `cc_pay_upgrade` WHERE  `upgrade_form_no` = '40855801549426705'  AND `upgrade_state` = 0 LIMIT 1 [ RunTime:0.000413s ]
[ sql ] [ SQL ] SELECT * FROM `cc_payment` WHERE  `payment_id` = 5 LIMIT 1 [ RunTime:0.000354s ]
---------------------------------------------------------------
[ 2019-02-06T12:18:31+08:00 ] 117.136.36.88 POST app.babadao.com/api/my/info
[运行时间：0.058059s] [吞吐率：17.22req/s] [内存消耗：4,748.63kb] [文件加载：80]
[ info ] [ LANG ] /www/wwwroot/huanka/thinkphp/lang/zh-cn.php
[ info ] [ ROUTE ] array (
)
[ info ] [ HEADER ] array (
  'host' => 'app.babadao.com',
  'origin' => 'file://',
  'connection' => 'keep-alive',
  'accept' => 'application/json, text/javascript, */*; q=0.01',
  'user-agent' => 'Mozilla/5.0 (iPhone; CPU iPhone OS 12_1_2 like Mac OS X) AppleWebKit/605.1.15 (KHTML, like Gecko) Mobile/16C101 Html5Plus/1.0 (Immersed/20)',
  'accept-language' => 'zh-cn',
  'cache-control' => 'max-age=0',
  'accept-encoding' => 'gzip, deflate',
  'content-type' => 'application/x-www-form-urlencoded; charset=UTF-8',
  'content-length' => '38',
)
[ info ] [ PARAM ] array (
  '/api/my/info' => '',
  'token' => '0a31b3f0e003eb4663c50ea860a2646f',
)
[ info ] [ DB ] INIT mysql
[ sql ] [ DB ] CONNECT:[ UseTime:0.001809s ] mysql:host=127.0.0.1;port=3306;dbname=babadaohk;charset=utf8
[ sql ] [ SQL ] SHOW COLUMNS FROM `cc_user` [ RunTime:0.001244s ]
[ sql ] [ SQL ] SELECT * FROM `cc_user` WHERE  `user_token` = '0a31b3f0e003eb4663c50ea860a2646f' LIMIT 1 [ RunTime:0.000560s ]
[ sql ] [ SQL ] SELECT * FROM cc_user as u INNER JOIN `cc_user_type` `t` ON `u`.`user_type_id`=`t`.`type_id` WHERE  `u`.`user_id` = '408' LIMIT 1 [ RunTime:0.000565s ]
---------------------------------------------------------------
[ 2019-02-06T12:18:31+08:00 ] 117.136.36.88 POST app.babadao.com/api/my/index
[运行时间：0.056080s] [吞吐率：17.83req/s] [内存消耗：4,738.39kb] [文件加载：79]
[ info ] [ LANG ] /www/wwwroot/huanka/thinkphp/lang/zh-cn.php
[ info ] [ ROUTE ] array (
)
[ info ] [ HEADER ] array (
  'host' => 'app.babadao.com',
  'origin' => 'file://',
  'connection' => 'keep-alive',
  'accept' => 'application/json, text/javascript, */*; q=0.01',
  'user-agent' => 'Mozilla/5.0 (iPhone; CPU iPhone OS 12_1_2 like Mac OS X) AppleWebKit/605.1.15 (KHTML, like Gecko) Mobile/16C101 Html5Plus/1.0 (Immersed/20)',
  'accept-language' => 'zh-cn',
  'cache-control' => 'max-age=0',
  'accept-encoding' => 'gzip, deflate',
  'content-type' => 'application/x-www-form-urlencoded; charset=UTF-8',
  'content-length' => '38',
)
[ info ] [ PARAM ] array (
  '/api/my/index' => '',
  'token' => '0a31b3f0e003eb4663c50ea860a2646f',
)
[ info ] [ DB ] INIT mysql
[ sql ] [ DB ] CONNECT:[ UseTime:0.000293s ] mysql:host=127.0.0.1;port=3306;dbname=babadaohk;charset=utf8
[ sql ] [ SQL ] SHOW COLUMNS FROM `cc_user` [ RunTime:0.000731s ]
[ sql ] [ SQL ] SELECT * FROM `cc_user` WHERE  `user_token` = '0a31b3f0e003eb4663c50ea860a2646f' LIMIT 1 [ RunTime:0.000428s ]
[ sql ] [ SQL ] SHOW COLUMNS FROM `cc_user_card` [ RunTime:0.000615s ]
[ sql ] [ SQL ] SELECT COUNT(*) AS tp_count FROM `cc_user_card` WHERE  `card_uid` = 408  AND `card_type` = 1  AND `card_blocked` = 0 ORDER BY `card_state` DESC LIMIT 1 [ RunTime:0.000344s ]
---------------------------------------------------------------
[ 2019-02-06T12:18:34+08:00 ] 117.136.36.88 POST app.babadao.com/api/my/info
[运行时间：0.061956s] [吞吐率：16.14req/s] [内存消耗：4,748.17kb] [文件加载：80]
[ info ] [ LANG ] /www/wwwroot/huanka/thinkphp/lang/zh-cn.php
[ info ] [ ROUTE ] array (
)
[ info ] [ HEADER ] array (
  'host' => 'app.babadao.com',
  'origin' => 'file://',
  'connection' => 'keep-alive',
  'accept' => 'application/json, text/javascript, */*; q=0.01',
  'user-agent' => 'Mozilla/5.0 (iPhone; CPU iPhone OS 12_1_2 like Mac OS X) AppleWebKit/605.1.15 (KHTML, like Gecko) Mobile/16C101 Html5Plus/1.0 (Immersed/20)',
  'accept-language' => 'zh-cn',
  'accept-encoding' => 'gzip, deflate',
  'content-type' => 'application/x-www-form-urlencoded; charset=UTF-8',
  'content-length' => '38',
)
[ info ] [ PARAM ] array (
  '/api/my/info' => '',
  'token' => '0a31b3f0e003eb4663c50ea860a2646f',
)
[ info ] [ DB ] INIT mysql
[ sql ] [ DB ] CONNECT:[ UseTime:0.005588s ] mysql:host=127.0.0.1;port=3306;dbname=babadaohk;charset=utf8
[ sql ] [ SQL ] SHOW COLUMNS FROM `cc_user` [ RunTime:0.001148s ]
[ sql ] [ SQL ] SELECT * FROM `cc_user` WHERE  `user_token` = '0a31b3f0e003eb4663c50ea860a2646f' LIMIT 1 [ RunTime:0.000542s ]
[ sql ] [ SQL ] SELECT * FROM cc_user as u INNER JOIN `cc_user_type` `t` ON `u`.`user_type_id`=`t`.`type_id` WHERE  `u`.`user_id` = '408' LIMIT 1 [ RunTime:0.000523s ]
---------------------------------------------------------------
[ 2019-02-06T12:18:34+08:00 ] 117.136.36.88 POST app.babadao.com/api/my/Membership
[运行时间：0.083735s] [吞吐率：11.94req/s] [内存消耗：4,823.34kb] [文件加载：83]
[ info ] [ LANG ] /www/wwwroot/huanka/thinkphp/lang/zh-cn.php
[ info ] [ ROUTE ] array (
)
[ info ] [ HEADER ] array (
  'host' => 'app.babadao.com',
  'origin' => 'file://',
  'connection' => 'keep-alive',
  'accept' => 'application/json, text/javascript, */*; q=0.01',
  'user-agent' => 'Mozilla/5.0 (iPhone; CPU iPhone OS 12_1_2 like Mac OS X) AppleWebKit/605.1.15 (KHTML, like Gecko) Mobile/16C101 Html5Plus/1.0 (Immersed/20)',
  'accept-language' => 'zh-cn',
  'accept-encoding' => 'gzip, deflate',
  'content-type' => 'application/x-www-form-urlencoded; charset=UTF-8',
  'content-length' => '38',
)
[ info ] [ PARAM ] array (
  '/api/my/Membership' => '',
  'token' => '0a31b3f0e003eb4663c50ea860a2646f',
)
[ info ] [ DB ] INIT mysql
[ sql ] [ DB ] CONNECT:[ UseTime:0.000323s ] mysql:host=127.0.0.1;port=3306;dbname=babadaohk;charset=utf8
[ sql ] [ SQL ] SHOW COLUMNS FROM `cc_user` [ RunTime:0.001018s ]
[ sql ] [ SQL ] SELECT * FROM `cc_user` WHERE  `user_token` = '0a31b3f0e003eb4663c50ea860a2646f' LIMIT 1 [ RunTime:0.000514s ]
[ error ] [8]未定义变量: val[/www/wwwroot/huanka/application/api/controller/My.php:1469]
[ error ] [8]未定义变量: val[/www/wwwroot/huanka/application/api/controller/My.php:1470]
[ error ] [8]未定义变量: val[/www/wwwroot/huanka/application/api/controller/My.php:1474]
[ error ] [8]未定义变量: val[/www/wwwroot/huanka/application/api/controller/My.php:1555]
[ error ] [8]未定义变量: val[/www/wwwroot/huanka/application/api/controller/My.php:1635]
[ error ] [8]未定义数组索引: rate_type[/www/wwwroot/huanka/application/api/controller/My.php:1966]
[ error ] [8]未定义数组索引: rate_type[/www/wwwroot/huanka/application/api/controller/My.php:1970]
[ error ] [8]未定义变量: val[/www/wwwroot/huanka/application/api/controller/My.php:1469]
[ error ] [8]未定义变量: val[/www/wwwroot/huanka/application/api/controller/My.php:1470]
[ error ] [8]未定义变量: val[/www/wwwroot/huanka/application/api/controller/My.php:1474]
[ error ] [8]未定义变量: val[/www/wwwroot/huanka/application/api/controller/My.php:1555]
[ error ] [8]未定义变量: val[/www/wwwroot/huanka/application/api/controller/My.php:1635]
[ error ] [8]未定义数组索引: rate_type[/www/wwwroot/huanka/application/api/controller/My.php:1966]
[ error ] [8]未定义数组索引: rate_type[/www/wwwroot/huanka/application/api/controller/My.php:1970]
---------------------------------------------------------------
[ 2019-02-06T12:18:34+08:00 ] 117.136.36.88 POST app.babadao.com/api/repayment/membergetchannel
[运行时间：0.082769s] [吞吐率：12.08req/s] [内存消耗：4,709.06kb] [文件加载：79]
[ info ] [ LANG ] /www/wwwroot/huanka/thinkphp/lang/zh-cn.php
[ info ] [ ROUTE ] array (
)
[ info ] [ HEADER ] array (
  'host' => 'app.babadao.com',
  'origin' => 'file://',
  'connection' => 'keep-alive',
  'accept' => 'application/json, text/javascript, */*; q=0.01',
  'user-agent' => 'Mozilla/5.0 (iPhone; CPU iPhone OS 12_1_2 like Mac OS X) AppleWebKit/605.1.15 (KHTML, like Gecko) Mobile/16C101 Html5Plus/1.0 (Immersed/20)',
  'accept-language' => 'zh-cn',
  'accept-encoding' => 'gzip, deflate',
  'content-type' => 'application/x-www-form-urlencoded; charset=UTF-8',
  'content-length' => '38',
)
[ info ] [ PARAM ] array (
  '/api/repayment/membergetchannel' => '',
  'token' => '0a31b3f0e003eb4663c50ea860a2646f',
)
[ info ] [ DB ] INIT mysql
[ sql ] [ DB ] CONNECT:[ UseTime:0.000318s ] mysql:host=127.0.0.1;port=3306;dbname=babadaohk;charset=utf8
[ sql ] [ SQL ] SHOW COLUMNS FROM `cc_user` [ RunTime:0.000712s ]
[ sql ] [ SQL ] SELECT * FROM `cc_user` WHERE  `user_token` = '0a31b3f0e003eb4663c50ea860a2646f' LIMIT 1 [ RunTime:0.000413s ]
[ sql ] [ SQL ] SHOW COLUMNS FROM `cc_payment_channel` [ RunTime:0.000538s ]
[ sql ] [ SQL ] SELECT * FROM `cc_payment_channel` WHERE  `channel_use` = 1 [ RunTime:0.000290s ]
[ sql ] [ SQL ] SHOW COLUMNS FROM `cc_payment` [ RunTime:0.000648s ]
[ sql ] [ SQL ] SELECT * FROM `cc_payment` WHERE  `payment_channel_id` = 1  AND `payment_type` = 4  AND `payment_use` = 1 LIMIT 1 [ RunTime:0.000414s ]
[ sql ] [ SQL ] SELECT * FROM `cc_payment` WHERE  `payment_channel_id` = 2  AND `payment_type` = 4  AND `payment_use` = 1 LIMIT 1 [ RunTime:0.000396s ]
[ sql ] [ SQL ] SELECT * FROM `cc_payment` WHERE  `payment_channel_id` = 3  AND `payment_type` = 4  AND `payment_use` = 1 LIMIT 1 [ RunTime:0.000388s ]
---------------------------------------------------------------
[ 2019-02-06T12:18:36+08:00 ] 117.136.36.88 POST app.babadao.com/api/my/info
[运行时间：0.038977s] [吞吐率：25.66req/s] [内存消耗：4,748.05kb] [文件加载：80]
[ info ] [ LANG ] /www/wwwroot/huanka/thinkphp/lang/zh-cn.php
[ info ] [ ROUTE ] array (
)
[ info ] [ HEADER ] array (
  'host' => 'app.babadao.com',
  'origin' => 'file://',
  'connection' => 'keep-alive',
  'accept' => 'application/json, text/javascript, */*; q=0.01',
  'user-agent' => 'Mozilla/5.0 (iPhone; CPU iPhone OS 12_1_2 like Mac OS X) AppleWebKit/605.1.15 (KHTML, like Gecko) Mobile/16C101 Html5Plus/1.0 (Immersed/20)',
  'accept-language' => 'zh-cn',
  'cache-control' => 'max-age=0',
  'accept-encoding' => 'gzip, deflate',
  'content-type' => 'application/x-www-form-urlencoded; charset=UTF-8',
  'content-length' => '38',
)
[ info ] [ PARAM ] array (
  '/api/my/info' => '',
  'token' => '0a31b3f0e003eb4663c50ea860a2646f',
)
[ info ] [ DB ] INIT mysql
[ sql ] [ DB ] CONNECT:[ UseTime:0.000459s ] mysql:host=127.0.0.1;port=3306;dbname=babadaohk;charset=utf8
[ sql ] [ SQL ] SHOW COLUMNS FROM `cc_user` [ RunTime:0.002267s ]
[ sql ] [ SQL ] SELECT * FROM `cc_user` WHERE  `user_token` = '0a31b3f0e003eb4663c50ea860a2646f' LIMIT 1 [ RunTime:0.000517s ]
[ sql ] [ SQL ] SELECT * FROM cc_user as u INNER JOIN `cc_user_type` `t` ON `u`.`user_type_id`=`t`.`type_id` WHERE  `u`.`user_id` = '408' LIMIT 1 [ RunTime:0.000443s ]
---------------------------------------------------------------
[ 2019-02-06T12:18:36+08:00 ] 117.136.36.88 POST app.babadao.com/api/my/index
[运行时间：0.037717s] [吞吐率：26.51req/s] [内存消耗：4,738.39kb] [文件加载：79]
[ info ] [ LANG ] /www/wwwroot/huanka/thinkphp/lang/zh-cn.php
[ info ] [ ROUTE ] array (
)
[ info ] [ HEADER ] array (
  'host' => 'app.babadao.com',
  'origin' => 'file://',
  'connection' => 'keep-alive',
  'accept' => 'application/json, text/javascript, */*; q=0.01',
  'user-agent' => 'Mozilla/5.0 (iPhone; CPU iPhone OS 12_1_2 like Mac OS X) AppleWebKit/605.1.15 (KHTML, like Gecko) Mobile/16C101 Html5Plus/1.0 (Immersed/20)',
  'accept-language' => 'zh-cn',
  'cache-control' => 'max-age=0',
  'accept-encoding' => 'gzip, deflate',
  'content-type' => 'application/x-www-form-urlencoded; charset=UTF-8',
  'content-length' => '38',
)
[ info ] [ PARAM ] array (
  '/api/my/index' => '',
  'token' => '0a31b3f0e003eb4663c50ea860a2646f',
)
[ info ] [ DB ] INIT mysql
[ sql ] [ DB ] CONNECT:[ UseTime:0.000425s ] mysql:host=127.0.0.1;port=3306;dbname=babadaohk;charset=utf8
[ sql ] [ SQL ] SHOW COLUMNS FROM `cc_user` [ RunTime:0.000857s ]
[ sql ] [ SQL ] SELECT * FROM `cc_user` WHERE  `user_token` = '0a31b3f0e003eb4663c50ea860a2646f' LIMIT 1 [ RunTime:0.000469s ]
[ sql ] [ SQL ] SHOW COLUMNS FROM `cc_user_card` [ RunTime:0.000608s ]
[ sql ] [ SQL ] SELECT COUNT(*) AS tp_count FROM `cc_user_card` WHERE  `card_uid` = 408  AND `card_type` = 1  AND `card_blocked` = 0 ORDER BY `card_state` DESC LIMIT 1 [ RunTime:0.000352s ]
---------------------------------------------------------------
[ 2019-02-06T12:18:43+08:00 ] 117.136.36.88 POST app.babadao.com/api/my/info
[运行时间：0.041346s] [吞吐率：24.19req/s] [内存消耗：4,748.17kb] [文件加载：80]
[ info ] [ LANG ] /www/wwwroot/huanka/thinkphp/lang/zh-cn.php
[ info ] [ ROUTE ] array (
)
[ info ] [ HEADER ] array (
  'host' => 'app.babadao.com',
  'origin' => 'file://',
  'connection' => 'keep-alive',
  'accept' => 'application/json, text/javascript, */*; q=0.01',
  'user-agent' => 'Mozilla/5.0 (iPhone; CPU iPhone OS 12_1_2 like Mac OS X) AppleWebKit/605.1.15 (KHTML, like Gecko) Mobile/16C101 Html5Plus/1.0 (Immersed/20)',
  'accept-language' => 'zh-cn',
  'accept-encoding' => 'gzip, deflate',
  'content-type' => 'application/x-www-form-urlencoded; charset=UTF-8',
  'content-length' => '38',
)
[ info ] [ PARAM ] array (
  '/api/my/info' => '',
  'token' => '0a31b3f0e003eb4663c50ea860a2646f',
)
[ info ] [ DB ] INIT mysql
[ sql ] [ DB ] CONNECT:[ UseTime:0.000396s ] mysql:host=127.0.0.1;port=3306;dbname=babadaohk;charset=utf8
[ sql ] [ SQL ] SHOW COLUMNS FROM `cc_user` [ RunTime:0.001197s ]
[ sql ] [ SQL ] SELECT * FROM `cc_user` WHERE  `user_token` = '0a31b3f0e003eb4663c50ea860a2646f' LIMIT 1 [ RunTime:0.000544s ]
[ sql ] [ SQL ] SELECT * FROM cc_user as u INNER JOIN `cc_user_type` `t` ON `u`.`user_type_id`=`t`.`type_id` WHERE  `u`.`user_id` = '408' LIMIT 1 [ RunTime:0.000540s ]
---------------------------------------------------------------
[ 2019-02-06T12:18:43+08:00 ] 117.136.36.88 POST app.babadao.com/api/my/card_list
[运行时间：0.045187s] [吞吐率：22.13req/s] [内存消耗：4,773.81kb] [文件加载：79]
[ info ] [ LANG ] /www/wwwroot/huanka/thinkphp/lang/zh-cn.php
[ info ] [ ROUTE ] array (
)
[ info ] [ HEADER ] array (
  'host' => 'app.babadao.com',
  'origin' => 'file://',
  'connection' => 'keep-alive',
  'accept' => 'application/json, text/javascript, */*; q=0.01',
  'user-agent' => 'Mozilla/5.0 (iPhone; CPU iPhone OS 12_1_2 like Mac OS X) AppleWebKit/605.1.15 (KHTML, like Gecko) Mobile/16C101 Html5Plus/1.0 (Immersed/20)',
  'accept-language' => 'zh-cn',
  'accept-encoding' => 'gzip, deflate',
  'content-type' => 'application/x-www-form-urlencoded; charset=UTF-8',
  'content-length' => '38',
)
[ info ] [ PARAM ] array (
  '/api/my/card_list' => '',
  'token' => '0a31b3f0e003eb4663c50ea860a2646f',
)
[ info ] [ DB ] INIT mysql
[ sql ] [ DB ] CONNECT:[ UseTime:0.001314s ] mysql:host=127.0.0.1;port=3306;dbname=babadaohk;charset=utf8
[ sql ] [ SQL ] SHOW COLUMNS FROM `cc_user` [ RunTime:0.000839s ]
[ sql ] [ SQL ] SELECT * FROM `cc_user` WHERE  `user_token` = '0a31b3f0e003eb4663c50ea860a2646f' LIMIT 1 [ RunTime:0.000464s ]
[ sql ] [ SQL ] SHOW COLUMNS FROM `cc_user_card` [ RunTime:0.000637s ]
[ sql ] [ SQL ] SELECT `card_id`,`card_uid`,`card_bank_id`,`card_no`,`card_repayment_day`,`card_state`,`list_name`,`list_code`,`list_logo` FROM `cc_user_card` `c` LEFT JOIN `cc_bank_list` `b` ON `b`.`list_id`=`c`.`card_bank_id` WHERE  `card_uid` = 408  AND `card_type` = 1  AND `card_blocked` = 0 ORDER BY `card_state` DESC [ RunTime:0.000448s ]
[ sql ] [ SQL ] SHOW COLUMNS FROM `cc_mission` [ RunTime:0.000757s ]
[ sql ] [ SQL ] SELECT * FROM `cc_mission` WHERE  `mission_cid` = 464  AND `mission_state` = 1 ORDER BY `mission_id` DESC LIMIT 1 [ RunTime:0.000412s ]
[ sql ] [ SQL ] SELECT * FROM `cc_mission` WHERE  `mission_cid` = 465  AND `mission_state` = 1 ORDER BY `mission_id` DESC LIMIT 1 [ RunTime:0.000401s ]
[ sql ] [ SQL ] SELECT * FROM `cc_mission` WHERE  `mission_cid` = 466  AND `mission_state` = 1 ORDER BY `mission_id` DESC LIMIT 1 [ RunTime:0.000361s ]
---------------------------------------------------------------
[ 2019-02-06T12:18:46+08:00 ] 117.136.36.88 POST app.babadao.com/api/my/card_list
[运行时间：0.040195s] [吞吐率：24.88req/s] [内存消耗：4,773.81kb] [文件加载：79]
[ info ] [ LANG ] /www/wwwroot/huanka/thinkphp/lang/zh-cn.php
[ info ] [ ROUTE ] array (
)
[ info ] [ HEADER ] array (
  'host' => 'app.babadao.com',
  'origin' => 'file://',
  'connection' => 'keep-alive',
  'accept' => 'application/json, text/javascript, */*; q=0.01',
  'user-agent' => 'Mozilla/5.0 (iPhone; CPU iPhone OS 12_1_2 like Mac OS X) AppleWebKit/605.1.15 (KHTML, like Gecko) Mobile/16C101 Html5Plus/1.0 (Immersed/20)',
  'accept-language' => 'zh-cn',
  'accept-encoding' => 'gzip, deflate',
  'content-type' => 'application/x-www-form-urlencoded; charset=UTF-8',
  'content-length' => '38',
)
[ info ] [ PARAM ] array (
  '/api/my/card_list' => '',
  'token' => '0a31b3f0e003eb4663c50ea860a2646f',
)
[ info ] [ DB ] INIT mysql
[ sql ] [ DB ] CONNECT:[ UseTime:0.000417s ] mysql:host=127.0.0.1;port=3306;dbname=babadaohk;charset=utf8
[ sql ] [ SQL ] SHOW COLUMNS FROM `cc_user` [ RunTime:0.000870s ]
[ sql ] [ SQL ] SELECT * FROM `cc_user` WHERE  `user_token` = '0a31b3f0e003eb4663c50ea860a2646f' LIMIT 1 [ RunTime:0.000552s ]
[ sql ] [ SQL ] SHOW COLUMNS FROM `cc_user_card` [ RunTime:0.000641s ]
[ sql ] [ SQL ] SELECT `card_id`,`card_uid`,`card_bank_id`,`card_no`,`card_repayment_day`,`card_state`,`list_name`,`list_code`,`list_logo` FROM `cc_user_card` `c` LEFT JOIN `cc_bank_list` `b` ON `b`.`list_id`=`c`.`card_bank_id` WHERE  `card_uid` = 408  AND `card_type` = 1  AND `card_blocked` = 0 ORDER BY `card_state` DESC [ RunTime:0.000436s ]
[ sql ] [ SQL ] SHOW COLUMNS FROM `cc_mission` [ RunTime:0.000624s ]
[ sql ] [ SQL ] SELECT * FROM `cc_mission` WHERE  `mission_cid` = 464  AND `mission_state` = 1 ORDER BY `mission_id` DESC LIMIT 1 [ RunTime:0.000409s ]
[ sql ] [ SQL ] SELECT * FROM `cc_mission` WHERE  `mission_cid` = 465  AND `mission_state` = 1 ORDER BY `mission_id` DESC LIMIT 1 [ RunTime:0.000391s ]
[ sql ] [ SQL ] SELECT * FROM `cc_mission` WHERE  `mission_cid` = 466  AND `mission_state` = 1 ORDER BY `mission_id` DESC LIMIT 1 [ RunTime:0.000364s ]
---------------------------------------------------------------
[ 2019-02-06T12:18:48+08:00 ] 117.136.36.88 POST app.babadao.com/api/my/card_list
[运行时间：0.040463s] [吞吐率：24.71req/s] [内存消耗：4,773.81kb] [文件加载：79]
[ info ] [ LANG ] /www/wwwroot/huanka/thinkphp/lang/zh-cn.php
[ info ] [ ROUTE ] array (
)
[ info ] [ HEADER ] array (
  'host' => 'app.babadao.com',
  'origin' => 'file://',
  'connection' => 'keep-alive',
  'accept' => 'application/json, text/javascript, */*; q=0.01',
  'user-agent' => 'Mozilla/5.0 (iPhone; CPU iPhone OS 12_1_2 like Mac OS X) AppleWebKit/605.1.15 (KHTML, like Gecko) Mobile/16C101 Html5Plus/1.0 (Immersed/20)',
  'accept-language' => 'zh-cn',
  'accept-encoding' => 'gzip, deflate',
  'content-type' => 'application/x-www-form-urlencoded; charset=UTF-8',
  'content-length' => '38',
)
[ info ] [ PARAM ] array (
  '/api/my/card_list' => '',
  'token' => '0a31b3f0e003eb4663c50ea860a2646f',
)
[ info ] [ DB ] INIT mysql
[ sql ] [ DB ] CONNECT:[ UseTime:0.000428s ] mysql:host=127.0.0.1;port=3306;dbname=babadaohk;charset=utf8
[ sql ] [ SQL ] SHOW COLUMNS FROM `cc_user` [ RunTime:0.000861s ]
[ sql ] [ SQL ] SELECT * FROM `cc_user` WHERE  `user_token` = '0a31b3f0e003eb4663c50ea860a2646f' LIMIT 1 [ RunTime:0.000471s ]
[ sql ] [ SQL ] SHOW COLUMNS FROM `cc_user_card` [ RunTime:0.000669s ]
[ sql ] [ SQL ] SELECT `card_id`,`card_uid`,`card_bank_id`,`card_no`,`card_repayment_day`,`card_state`,`list_name`,`list_code`,`list_logo` FROM `cc_user_card` `c` LEFT JOIN `cc_bank_list` `b` ON `b`.`list_id`=`c`.`card_bank_id` WHERE  `card_uid` = 408  AND `card_type` = 1  AND `card_blocked` = 0 ORDER BY `card_state` DESC [ RunTime:0.000426s ]
[ sql ] [ SQL ] SHOW COLUMNS FROM `cc_mission` [ RunTime:0.000645s ]
[ sql ] [ SQL ] SELECT * FROM `cc_mission` WHERE  `mission_cid` = 464  AND `mission_state` = 1 ORDER BY `mission_id` DESC LIMIT 1 [ RunTime:0.000418s ]
[ sql ] [ SQL ] SELECT * FROM `cc_mission` WHERE  `mission_cid` = 465  AND `mission_state` = 1 ORDER BY `mission_id` DESC LIMIT 1 [ RunTime:0.000385s ]
[ sql ] [ SQL ] SELECT * FROM `cc_mission` WHERE  `mission_cid` = 466  AND `mission_state` = 1 ORDER BY `mission_id` DESC LIMIT 1 [ RunTime:0.000360s ]
